[4.073s] Invoking command in '/home/pi/emli_WS/src/plantsystem': PYTHONPATH=/home/pi/emli_WS/build/plantsystem/prefix_override:/home/pi/emli_WS/install/plantsystem/lib/python3.10/site-packages:${PYTHONPATH} /usr/bin/python3 setup.py egg_info --egg-base ../../build/plantsystem build --build-base /home/pi/emli_WS/build/plantsystem/build install --record /home/pi/emli_WS/build/plantsystem/install.log --single-version-externally-managed
[5.392s] running egg_info
[5.396s] writing ../../build/plantsystem/plantsystem.egg-info/PKG-INFO
[5.400s] writing dependency_links to ../../build/plantsystem/plantsystem.egg-info/dependency_links.txt
[5.400s] writing entry points to ../../build/plantsystem/plantsystem.egg-info/entry_points.txt
[5.404s] writing requirements to ../../build/plantsystem/plantsystem.egg-info/requires.txt
[5.405s] writing top-level names to ../../build/plantsystem/plantsystem.egg-info/top_level.txt
[5.416s] reading manifest file '../../build/plantsystem/plantsystem.egg-info/SOURCES.txt'
[5.424s] writing manifest file '../../build/plantsystem/plantsystem.egg-info/SOURCES.txt'
[5.429s] running build
[5.435s] running build_py
[5.439s] copying plantsystem/pi_node.py -> /home/pi/emli_WS/build/plantsystem/build/lib/plantsystem
[5.443s] running install
[5.447s] /usr/lib/python3/dist-packages/setuptools/command/install.py:34: SetuptoolsDeprecationWarning: setup.py install is deprecated. Use build and pip and other standards-based tools.
[5.452s]   warnings.warn(
[5.457s] running install_lib
[5.460s] copying /home/pi/emli_WS/build/plantsystem/build/lib/plantsystem/pi_node.py -> /home/pi/emli_WS/install/plantsystem/lib/python3.10/site-packages/plantsystem
[5.464s] byte-compiling /home/pi/emli_WS/install/plantsystem/lib/python3.10/site-packages/plantsystem/pi_node.py to pi_node.cpython-310.pyc
[5.467s] running install_data
[5.470s] running install_egg_info
[5.472s] removing '/home/pi/emli_WS/install/plantsystem/lib/python3.10/site-packages/plantsystem-0.0.0-py3.10.egg-info' (and everything under it)
[5.474s] Copying ../../build/plantsystem/plantsystem.egg-info to /home/pi/emli_WS/install/plantsystem/lib/python3.10/site-packages/plantsystem-0.0.0-py3.10.egg-info
[5.479s] running install_scripts
[5.565s] Installing farmer_node script to /home/pi/emli_WS/install/plantsystem/lib/plantsystem
[5.566s] Installing pi_node script to /home/pi/emli_WS/install/plantsystem/lib/plantsystem
[5.567s] Installing wateringsystem_node script to /home/pi/emli_WS/install/plantsystem/lib/plantsystem
[5.569s] writing list of installed files to '/home/pi/emli_WS/build/plantsystem/install.log'
[5.704s] Invoked command in '/home/pi/emli_WS/src/plantsystem' returned '0': PYTHONPATH=/home/pi/emli_WS/build/plantsystem/prefix_override:/home/pi/emli_WS/install/plantsystem/lib/python3.10/site-packages:${PYTHONPATH} /usr/bin/python3 setup.py egg_info --egg-base ../../build/plantsystem build --build-base /home/pi/emli_WS/build/plantsystem/build install --record /home/pi/emli_WS/build/plantsystem/install.log --single-version-externally-managed
