[1.481s] DEBUG:colcon:Command line arguments: ['/usr/bin/colcon', 'build']
[1.481s] DEBUG:colcon:Parsed command line arguments: Namespace(log_base=None, log_level=None, verb_name='build', build_base='build', install_base='install', merge_install=False, symlink_install=False, test_result_base=None, continue_on_error=False, executor='parallel', parallel_workers=4, event_handlers=None, ignore_user_meta=False, metas=['./colcon.meta'], base_paths=['.'], packages_ignore=None, packages_ignore_regex=None, paths=None, packages_up_to=None, packages_up_to_regex=None, packages_above=None, packages_above_and_dependencies=None, packages_above_depth=None, packages_select_by_dep=None, packages_skip_by_dep=None, packages_skip_up_to=None, packages_select_build_failed=False, packages_skip_build_finished=False, packages_select_test_failures=False, packages_skip_test_passed=False, packages_select=None, packages_skip=None, packages_select_regex=None, packages_skip_regex=None, packages_start=None, packages_end=None, allow_overriding=[], cmake_args=None, cmake_target=None, cmake_target_skip_unavailable=False, cmake_clean_cache=False, cmake_clean_first=False, cmake_force_configure=False, ament_cmake_args=None, catkin_cmake_args=None, catkin_skip_building_tests=False, verb_parser=<colcon_defaults.argument_parser.defaults.DefaultArgumentsDecorator object at 0xffff8bc91570>, verb_extension=<colcon_core.verb.build.BuildVerb object at 0xffff8c4f53f0>, main=<bound method BuildVerb.main of <colcon_core.verb.build.BuildVerb object at 0xffff8c4f53f0>>)
[1.627s] Level 1:colcon.colcon_core.package_discovery:discover_packages(colcon_meta) check parameters
[1.628s] Level 1:colcon.colcon_core.package_discovery:discover_packages(recursive) check parameters
[1.628s] Level 1:colcon.colcon_core.package_discovery:discover_packages(ignore) check parameters
[1.628s] Level 1:colcon.colcon_core.package_discovery:discover_packages(path) check parameters
[1.628s] Level 1:colcon.colcon_core.package_discovery:discover_packages(colcon_meta) discover
[1.629s] Level 1:colcon.colcon_core.package_discovery:discover_packages(recursive) discover
[1.629s] INFO:colcon.colcon_core.package_discovery:Crawling recursively for packages in '/home/pi/emli_WS'
[1.630s] Level 1:colcon.colcon_core.package_identification:_identify(.) by extensions ['ignore', 'ignore_ament_install']
[1.631s] Level 1:colcon.colcon_core.package_identification:_identify(.) by extension 'ignore'
[1.631s] Level 1:colcon.colcon_core.package_identification:_identify(.) by extension 'ignore_ament_install'
[1.632s] Level 1:colcon.colcon_core.package_identification:_identify(.) by extensions ['colcon_pkg']
[1.632s] Level 1:colcon.colcon_core.package_identification:_identify(.) by extension 'colcon_pkg'
[1.632s] Level 1:colcon.colcon_core.package_identification:_identify(.) by extensions ['colcon_meta']
[1.632s] Level 1:colcon.colcon_core.package_identification:_identify(.) by extension 'colcon_meta'
[1.633s] Level 1:colcon.colcon_core.package_identification:_identify(.) by extensions ['ros']
[1.633s] Level 1:colcon.colcon_core.package_identification:_identify(.) by extension 'ros'
[1.684s] Level 1:colcon.colcon_core.package_identification:_identify(.) by extensions ['cmake', 'python']
[1.684s] Level 1:colcon.colcon_core.package_identification:_identify(.) by extension 'cmake'
[1.684s] Level 1:colcon.colcon_core.package_identification:_identify(.) by extension 'python'
[1.684s] Level 1:colcon.colcon_core.package_identification:_identify(.) by extensions ['python_setup_py']
[1.685s] Level 1:colcon.colcon_core.package_identification:_identify(.) by extension 'python_setup_py'
[1.685s] Level 1:colcon.colcon_core.package_identification:_identify(build) by extensions ['ignore', 'ignore_ament_install']
[1.686s] Level 1:colcon.colcon_core.package_identification:_identify(build) by extension 'ignore'
[1.686s] Level 1:colcon.colcon_core.package_identification:_identify(build) ignored
[1.686s] Level 1:colcon.colcon_core.package_identification:_identify(install) by extensions ['ignore', 'ignore_ament_install']
[1.687s] Level 1:colcon.colcon_core.package_identification:_identify(install) by extension 'ignore'
[1.687s] Level 1:colcon.colcon_core.package_identification:_identify(install) ignored
[1.688s] Level 1:colcon.colcon_core.package_identification:_identify(log) by extensions ['ignore', 'ignore_ament_install']
[1.688s] Level 1:colcon.colcon_core.package_identification:_identify(log) by extension 'ignore'
[1.689s] Level 1:colcon.colcon_core.package_identification:_identify(log) ignored
[1.690s] Level 1:colcon.colcon_core.package_identification:_identify(src) by extensions ['ignore', 'ignore_ament_install']
[1.690s] Level 1:colcon.colcon_core.package_identification:_identify(src) by extension 'ignore'
[1.691s] Level 1:colcon.colcon_core.package_identification:_identify(src) by extension 'ignore_ament_install'
[1.691s] Level 1:colcon.colcon_core.package_identification:_identify(src) by extensions ['colcon_pkg']
[1.691s] Level 1:colcon.colcon_core.package_identification:_identify(src) by extension 'colcon_pkg'
[1.691s] Level 1:colcon.colcon_core.package_identification:_identify(src) by extensions ['colcon_meta']
[1.691s] Level 1:colcon.colcon_core.package_identification:_identify(src) by extension 'colcon_meta'
[1.692s] Level 1:colcon.colcon_core.package_identification:_identify(src) by extensions ['ros']
[1.692s] Level 1:colcon.colcon_core.package_identification:_identify(src) by extension 'ros'
[1.692s] Level 1:colcon.colcon_core.package_identification:_identify(src) by extensions ['cmake', 'python']
[1.692s] Level 1:colcon.colcon_core.package_identification:_identify(src) by extension 'cmake'
[1.692s] Level 1:colcon.colcon_core.package_identification:_identify(src) by extension 'python'
[1.692s] Level 1:colcon.colcon_core.package_identification:_identify(src) by extensions ['python_setup_py']
[1.693s] Level 1:colcon.colcon_core.package_identification:_identify(src) by extension 'python_setup_py'
[1.693s] Level 1:colcon.colcon_core.package_identification:_identify(src/plantsystem) by extensions ['ignore', 'ignore_ament_install']
[1.694s] Level 1:colcon.colcon_core.package_identification:_identify(src/plantsystem) by extension 'ignore'
[1.694s] Level 1:colcon.colcon_core.package_identification:_identify(src/plantsystem) by extension 'ignore_ament_install'
[1.694s] Level 1:colcon.colcon_core.package_identification:_identify(src/plantsystem) by extensions ['colcon_pkg']
[1.695s] Level 1:colcon.colcon_core.package_identification:_identify(src/plantsystem) by extension 'colcon_pkg'
[1.695s] Level 1:colcon.colcon_core.package_identification:_identify(src/plantsystem) by extensions ['colcon_meta']
[1.695s] Level 1:colcon.colcon_core.package_identification:_identify(src/plantsystem) by extension 'colcon_meta'
[1.695s] Level 1:colcon.colcon_core.package_identification:_identify(src/plantsystem) by extensions ['ros']
[1.695s] Level 1:colcon.colcon_core.package_identification:_identify(src/plantsystem) by extension 'ros'
[1.705s] DEBUG:colcon.colcon_core.package_identification:Package 'src/plantsystem' with type 'ros.ament_python' and name 'plantsystem'
[1.705s] Level 1:colcon.colcon_core.package_discovery:discover_packages(recursive) using defaults
[1.706s] Level 1:colcon.colcon_core.package_discovery:discover_packages(ignore) discover
[1.706s] Level 1:colcon.colcon_core.package_discovery:discover_packages(ignore) using defaults
[1.706s] Level 1:colcon.colcon_core.package_discovery:discover_packages(path) discover
[1.706s] Level 1:colcon.colcon_core.package_discovery:discover_packages(path) using defaults
[1.802s] Level 1:colcon.colcon_core.package_discovery:discover_packages(prefix_path) check parameters
[1.802s] Level 1:colcon.colcon_core.package_discovery:discover_packages(prefix_path) discover
[1.815s] DEBUG:colcon.colcon_installed_package_information.package_discovery:Found 1 installed packages in /home/pi/emli5_ws/install
[1.824s] DEBUG:colcon.colcon_installed_package_information.package_discovery:Found 198 installed packages in /opt/ros/humble
[1.832s] Level 1:colcon.colcon_core.package_discovery:discover_packages(prefix_path) using defaults
[2.037s] Level 5:colcon.colcon_core.verb:set package 'plantsystem' build argument 'cmake_args' from command line to 'None'
[2.038s] Level 5:colcon.colcon_core.verb:set package 'plantsystem' build argument 'cmake_target' from command line to 'None'
[2.038s] Level 5:colcon.colcon_core.verb:set package 'plantsystem' build argument 'cmake_target_skip_unavailable' from command line to 'False'
[2.038s] Level 5:colcon.colcon_core.verb:set package 'plantsystem' build argument 'cmake_clean_cache' from command line to 'False'
[2.038s] Level 5:colcon.colcon_core.verb:set package 'plantsystem' build argument 'cmake_clean_first' from command line to 'False'
[2.038s] Level 5:colcon.colcon_core.verb:set package 'plantsystem' build argument 'cmake_force_configure' from command line to 'False'
[2.038s] Level 5:colcon.colcon_core.verb:set package 'plantsystem' build argument 'ament_cmake_args' from command line to 'None'
[2.038s] Level 5:colcon.colcon_core.verb:set package 'plantsystem' build argument 'catkin_cmake_args' from command line to 'None'
[2.039s] Level 5:colcon.colcon_core.verb:set package 'plantsystem' build argument 'catkin_skip_building_tests' from command line to 'False'
[2.039s] DEBUG:colcon.colcon_core.verb:Building package 'plantsystem' with the following arguments: {'ament_cmake_args': None, 'build_base': '/home/pi/emli_WS/build/plantsystem', 'catkin_cmake_args': None, 'catkin_skip_building_tests': False, 'cmake_args': None, 'cmake_clean_cache': False, 'cmake_clean_first': False, 'cmake_force_configure': False, 'cmake_target': None, 'cmake_target_skip_unavailable': False, 'install_base': '/home/pi/emli_WS/install/plantsystem', 'merge_install': False, 'path': '/home/pi/emli_WS/src/plantsystem', 'symlink_install': False, 'test_result_base': None}
[2.042s] INFO:colcon.colcon_core.executor:Executing jobs using 'parallel' executor
[2.056s] DEBUG:colcon.colcon_parallel_executor.executor.parallel:run_until_complete
[2.057s] INFO:colcon.colcon_ros.task.ament_python.build:Building ROS package in '/home/pi/emli_WS/src/plantsystem' with build type 'ament_python'
[2.057s] Level 1:colcon.colcon_core.shell:create_environment_hook('plantsystem', 'ament_prefix_path')
[2.077s] INFO:colcon.colcon_core.plugin_system:Skipping extension 'colcon_core.shell.bat': Not used on non-Windows systems
[2.078s] INFO:colcon.colcon_core.shell:Creating environment hook '/home/pi/emli_WS/install/plantsystem/share/plantsystem/hook/ament_prefix_path.ps1'
[2.081s] INFO:colcon.colcon_core.shell:Creating environment descriptor '/home/pi/emli_WS/install/plantsystem/share/plantsystem/hook/ament_prefix_path.dsv'
[2.083s] INFO:colcon.colcon_core.shell:Creating environment hook '/home/pi/emli_WS/install/plantsystem/share/plantsystem/hook/ament_prefix_path.sh'
[2.091s] INFO:colcon.colcon_core.shell:Skip shell extension 'powershell' for command environment: Not usable outside of PowerShell
[2.091s] DEBUG:colcon.colcon_core.shell:Skip shell extension 'dsv' for command environment
[3.322s] INFO:colcon.colcon_core.task.python.build:Building Python package in '/home/pi/emli_WS/src/plantsystem'
[3.327s] INFO:colcon.colcon_core.shell:Skip shell extension 'powershell' for command environment: Not usable outside of PowerShell
[3.327s] DEBUG:colcon.colcon_core.shell:Skip shell extension 'dsv' for command environment
[4.901s] DEBUG:colcon.colcon_core.event_handler.log_command:Invoking command in '/home/pi/emli_WS/src/plantsystem': PYTHONPATH=/home/pi/emli_WS/build/plantsystem/prefix_override:/home/pi/emli_WS/install/plantsystem/lib/python3.10/site-packages:${PYTHONPATH} /usr/bin/python3 setup.py egg_info --egg-base ../../build/plantsystem build --build-base /home/pi/emli_WS/build/plantsystem/build install --record /home/pi/emli_WS/build/plantsystem/install.log --single-version-externally-managed
[6.292s] DEBUG:colcon.colcon_core.event_handler.log_command:Invoked command in '/home/pi/emli_WS/src/plantsystem' returned '0': PYTHONPATH=/home/pi/emli_WS/build/plantsystem/prefix_override:/home/pi/emli_WS/install/plantsystem/lib/python3.10/site-packages:${PYTHONPATH} /usr/bin/python3 setup.py egg_info --egg-base ../../build/plantsystem build --build-base /home/pi/emli_WS/build/plantsystem/build install --record /home/pi/emli_WS/build/plantsystem/install.log --single-version-externally-managed
[6.313s] Level 1:colcon.colcon_core.environment:checking '/home/pi/emli_WS/install/plantsystem' for CMake module files
[6.316s] Level 1:colcon.colcon_core.environment:checking '/home/pi/emli_WS/install/plantsystem' for CMake config files
[6.320s] Level 1:colcon.colcon_core.environment:checking '/home/pi/emli_WS/install/plantsystem/lib'
[6.321s] Level 1:colcon.colcon_core.environment:checking '/home/pi/emli_WS/install/plantsystem/bin'
[6.321s] Level 1:colcon.colcon_core.environment:checking '/home/pi/emli_WS/install/plantsystem/lib/pkgconfig/plantsystem.pc'
[6.322s] Level 1:colcon.colcon_core.environment:checking '/home/pi/emli_WS/install/plantsystem/lib/python3.10/site-packages'
[6.323s] Level 1:colcon.colcon_core.shell:create_environment_hook('plantsystem', 'pythonpath')
[6.328s] INFO:colcon.colcon_core.shell:Creating environment hook '/home/pi/emli_WS/install/plantsystem/share/plantsystem/hook/pythonpath.ps1'
[6.330s] INFO:colcon.colcon_core.shell:Creating environment descriptor '/home/pi/emli_WS/install/plantsystem/share/plantsystem/hook/pythonpath.dsv'
[6.332s] INFO:colcon.colcon_core.shell:Creating environment hook '/home/pi/emli_WS/install/plantsystem/share/plantsystem/hook/pythonpath.sh'
[6.335s] Level 1:colcon.colcon_core.environment:checking '/home/pi/emli_WS/install/plantsystem/bin'
[6.335s] Level 1:colcon.colcon_core.environment:create_environment_scripts_only(plantsystem)
[6.340s] INFO:colcon.colcon_core.shell:Creating package script '/home/pi/emli_WS/install/plantsystem/share/plantsystem/package.ps1'
[6.345s] INFO:colcon.colcon_core.shell:Creating package descriptor '/home/pi/emli_WS/install/plantsystem/share/plantsystem/package.dsv'
[6.348s] INFO:colcon.colcon_core.shell:Creating package script '/home/pi/emli_WS/install/plantsystem/share/plantsystem/package.sh'
[6.352s] INFO:colcon.colcon_core.shell:Creating package script '/home/pi/emli_WS/install/plantsystem/share/plantsystem/package.bash'
[6.355s] INFO:colcon.colcon_core.shell:Creating package script '/home/pi/emli_WS/install/plantsystem/share/plantsystem/package.zsh'
[6.359s] Level 1:colcon.colcon_core.environment:create_file_with_runtime_dependencies(/home/pi/emli_WS/install/plantsystem/share/colcon-core/packages/plantsystem)
[6.361s] DEBUG:colcon.colcon_parallel_executor.executor.parallel:closing loop
[6.362s] DEBUG:colcon.colcon_parallel_executor.executor.parallel:loop closed
[6.362s] DEBUG:colcon.colcon_parallel_executor.executor.parallel:run_until_complete finished with '0'
[6.363s] DEBUG:colcon.colcon_core.event_reactor:joining thread
[6.384s] INFO:colcon.colcon_core.plugin_system:Skipping extension 'colcon_notification.desktop_notification.terminal_notifier': Not used on non-Darwin systems
[6.385s] INFO:colcon.colcon_core.plugin_system:Skipping extension 'colcon_notification.desktop_notification.win32': Not used on non-Windows systems
[6.385s] INFO:colcon.colcon_notification.desktop_notification:Sending desktop notification using 'notify2'
[6.461s] DEBUG:colcon.colcon_core.event_reactor:joined thread
[6.468s] INFO:colcon.colcon_core.shell:Creating prefix script '/home/pi/emli_WS/install/local_setup.ps1'
[6.472s] INFO:colcon.colcon_core.shell:Creating prefix util module '/home/pi/emli_WS/install/_local_setup_util_ps1.py'
[6.479s] INFO:colcon.colcon_core.shell:Creating prefix chain script '/home/pi/emli_WS/install/setup.ps1'
[6.485s] INFO:colcon.colcon_core.shell:Creating prefix script '/home/pi/emli_WS/install/local_setup.sh'
[6.488s] INFO:colcon.colcon_core.shell:Creating prefix util module '/home/pi/emli_WS/install/_local_setup_util_sh.py'
[6.491s] INFO:colcon.colcon_core.shell:Creating prefix chain script '/home/pi/emli_WS/install/setup.sh'
[6.499s] INFO:colcon.colcon_core.shell:Creating prefix script '/home/pi/emli_WS/install/local_setup.bash'
[6.502s] INFO:colcon.colcon_core.shell:Creating prefix chain script '/home/pi/emli_WS/install/setup.bash'
[6.511s] INFO:colcon.colcon_core.shell:Creating prefix script '/home/pi/emli_WS/install/local_setup.zsh'
[6.516s] INFO:colcon.colcon_core.shell:Creating prefix chain script '/home/pi/emli_WS/install/setup.zsh'
