running egg_info
writing ../../build/plantsystem/plantsystem.egg-info/PKG-INFO
writing dependency_links to ../../build/plantsystem/plantsystem.egg-info/dependency_links.txt
writing entry points to ../../build/plantsystem/plantsystem.egg-info/entry_points.txt
writing requirements to ../../build/plantsystem/plantsystem.egg-info/requires.txt
writing top-level names to ../../build/plantsystem/plantsystem.egg-info/top_level.txt
package init file 'plantsystem/__init__.py' not found (or not a regular file)
reading manifest file '../../build/plantsystem/plantsystem.egg-info/SOURCES.txt'
writing manifest file '../../build/plantsystem/plantsystem.egg-info/SOURCES.txt'
running build
running build_py
running install
running install_lib
/usr/lib/python3/dist-packages/setuptools/command/install.py:34: SetuptoolsDeprecationWarning: setup.py install is deprecated. Use build and pip and other standards-based tools.
  warnings.warn(
running install_data
running install_egg_info
removing '/home/pi/emli5_ws/install/plantsystem/lib/python3.10/site-packages/plantsystem-0.0.0-py3.10.egg-info' (and everything under it)
Copying ../../build/plantsystem/plantsystem.egg-info to /home/pi/emli5_ws/install/plantsystem/lib/python3.10/site-packages/plantsystem-0.0.0-py3.10.egg-info
running install_scripts
Installing farmer_node script to /home/pi/emli5_ws/install/plantsystem/lib/plantsystem
Installing pi_node script to /home/pi/emli5_ws/install/plantsystem/lib/plantsystem
Installing wateringsystem_node script to /home/pi/emli5_ws/install/plantsystem/lib/plantsystem
writing list of installed files to '/home/pi/emli5_ws/build/plantsystem/install.log'
