[2.479s] Invoking command in '/home/pi/emli5_ws/src/plantsystem': PYTHONPATH=/home/pi/emli5_ws/build/plantsystem/prefix_override:/home/pi/emli5_ws/install/plantsystem/lib/python3.10/site-packages:${PYTHONPATH} /usr/bin/python3 setup.py egg_info --egg-base ../../build/plantsystem build --build-base /home/pi/emli5_ws/build/plantsystem/build install --record /home/pi/emli5_ws/build/plantsystem/install.log --single-version-externally-managed
[3.422s] running egg_info
[3.425s] writing ../../build/plantsystem/plantsystem.egg-info/PKG-INFO
[3.426s] writing dependency_links to ../../build/plantsystem/plantsystem.egg-info/dependency_links.txt
[3.427s] writing entry points to ../../build/plantsystem/plantsystem.egg-info/entry_points.txt
[3.429s] writing requirements to ../../build/plantsystem/plantsystem.egg-info/requires.txt
[3.431s] writing top-level names to ../../build/plantsystem/plantsystem.egg-info/top_level.txt
[3.435s] package init file 'plantsystem/__init__.py' not found (or not a regular file)
[3.437s] reading manifest file '../../build/plantsystem/plantsystem.egg-info/SOURCES.txt'
[3.440s] writing manifest file '../../build/plantsystem/plantsystem.egg-info/SOURCES.txt'
[3.442s] running build
[3.443s] running build_py
[3.443s] running install
[3.446s] running install_lib
[3.447s] /usr/lib/python3/dist-packages/setuptools/command/install.py:34: SetuptoolsDeprecationWarning: setup.py install is deprecated. Use build and pip and other standards-based tools.
[3.448s]   warnings.warn(
[3.450s] running install_data
[3.456s] running install_egg_info
[3.460s] removing '/home/pi/emli5_ws/install/plantsystem/lib/python3.10/site-packages/plantsystem-0.0.0-py3.10.egg-info' (and everything under it)
[3.467s] Copying ../../build/plantsystem/plantsystem.egg-info to /home/pi/emli5_ws/install/plantsystem/lib/python3.10/site-packages/plantsystem-0.0.0-py3.10.egg-info
[3.470s] running install_scripts
[3.548s] Installing farmer_node script to /home/pi/emli5_ws/install/plantsystem/lib/plantsystem
[3.554s] Installing pi_node script to /home/pi/emli5_ws/install/plantsystem/lib/plantsystem
[3.557s] Installing wateringsystem_node script to /home/pi/emli5_ws/install/plantsystem/lib/plantsystem
[3.560s] writing list of installed files to '/home/pi/emli5_ws/build/plantsystem/install.log'
[3.672s] Invoked command in '/home/pi/emli5_ws/src/plantsystem' returned '0': PYTHONPATH=/home/pi/emli5_ws/build/plantsystem/prefix_override:/home/pi/emli5_ws/install/plantsystem/lib/python3.10/site-packages:${PYTHONPATH} /usr/bin/python3 setup.py egg_info --egg-base ../../build/plantsystem build --build-base /home/pi/emli5_ws/build/plantsystem/build install --record /home/pi/emli5_ws/build/plantsystem/install.log --single-version-externally-managed
