[2.832s] Invoking command in '/home/pi/emli_WS/src/plantsystem': PYTHONPATH=/home/pi/emli_WS/build/plantsystem/prefix_override:/home/pi/emli_WS/install/plantsystem/lib/python3.10/site-packages:${PYTHONPATH} /usr/bin/python3 setup.py egg_info --egg-base ../../build/plantsystem build --build-base /home/pi/emli_WS/build/plantsystem/build install --record /home/pi/emli_WS/build/plantsystem/install.log --single-version-externally-managed
[3.953s] running egg_info
[3.956s] writing ../../build/plantsystem/plantsystem.egg-info/PKG-INFO
[3.958s] writing dependency_links to ../../build/plantsystem/plantsystem.egg-info/dependency_links.txt
[3.959s] writing entry points to ../../build/plantsystem/plantsystem.egg-info/entry_points.txt
[3.960s] writing requirements to ../../build/plantsystem/plantsystem.egg-info/requires.txt
[3.960s] writing top-level names to ../../build/plantsystem/plantsystem.egg-info/top_level.txt
[3.968s] reading manifest file '../../build/plantsystem/plantsystem.egg-info/SOURCES.txt'
[3.972s] writing manifest file '../../build/plantsystem/plantsystem.egg-info/SOURCES.txt'
[3.973s] running build
[3.973s] running build_py
[3.974s] copying plantsystem/pi_node.py -> /home/pi/emli_WS/build/plantsystem/build/lib/plantsystem
[3.976s] copying plantsystem/wateringsystem_node.py -> /home/pi/emli_WS/build/plantsystem/build/lib/plantsystem
[3.977s] running install
[3.978s] /usr/lib/python3/dist-packages/setuptools/command/install.py:34: SetuptoolsDeprecationWarning: setup.py install is deprecated. Use build and pip and other standards-based tools.
[3.978s]   warnings.warn(
[3.980s] running install_lib
[3.983s] copying /home/pi/emli_WS/build/plantsystem/build/lib/plantsystem/pi_node.py -> /home/pi/emli_WS/install/plantsystem/lib/python3.10/site-packages/plantsystem
[3.984s] copying /home/pi/emli_WS/build/plantsystem/build/lib/plantsystem/wateringsystem_node.py -> /home/pi/emli_WS/install/plantsystem/lib/python3.10/site-packages/plantsystem
[3.987s] byte-compiling /home/pi/emli_WS/install/plantsystem/lib/python3.10/site-packages/plantsystem/pi_node.py to pi_node.cpython-310.pyc
[3.991s] byte-compiling /home/pi/emli_WS/install/plantsystem/lib/python3.10/site-packages/plantsystem/wateringsystem_node.py to wateringsystem_node.cpython-310.pyc
[3.994s] running install_data
[3.996s] running install_egg_info
[4.003s] removing '/home/pi/emli_WS/install/plantsystem/lib/python3.10/site-packages/plantsystem-0.0.0-py3.10.egg-info' (and everything under it)
[4.004s] Copying ../../build/plantsystem/plantsystem.egg-info to /home/pi/emli_WS/install/plantsystem/lib/python3.10/site-packages/plantsystem-0.0.0-py3.10.egg-info
[4.011s] running install_scripts
[4.092s] Installing farmer_node script to /home/pi/emli_WS/install/plantsystem/lib/plantsystem
[4.094s] Installing pi_node script to /home/pi/emli_WS/install/plantsystem/lib/plantsystem
[4.094s] Installing wateringsystem_node script to /home/pi/emli_WS/install/plantsystem/lib/plantsystem
[4.096s] writing list of installed files to '/home/pi/emli_WS/build/plantsystem/install.log'
[4.223s] Invoked command in '/home/pi/emli_WS/src/plantsystem' returned '0': PYTHONPATH=/home/pi/emli_WS/build/plantsystem/prefix_override:/home/pi/emli_WS/install/plantsystem/lib/python3.10/site-packages:${PYTHONPATH} /usr/bin/python3 setup.py egg_info --egg-base ../../build/plantsystem build --build-base /home/pi/emli_WS/build/plantsystem/build install --record /home/pi/emli_WS/build/plantsystem/install.log --single-version-externally-managed
