[4.544s] Invoking command in '/home/pi/emli_WS/src/plantsystem': PYTHONPATH=/home/pi/emli_WS/build/plantsystem/prefix_override:/home/pi/emli_WS/install/plantsystem/lib/python3.10/site-packages:${PYTHONPATH} /usr/bin/python3 setup.py egg_info --egg-base ../../build/plantsystem build --build-base /home/pi/emli_WS/build/plantsystem/build install --record /home/pi/emli_WS/build/plantsystem/install.log --single-version-externally-managed
[6.300s] running egg_info
[6.312s] writing ../../build/plantsystem/plantsystem.egg-info/PKG-INFO
[6.320s] writing dependency_links to ../../build/plantsystem/plantsystem.egg-info/dependency_links.txt
[6.333s] writing entry points to ../../build/plantsystem/plantsystem.egg-info/entry_points.txt
[6.338s] writing requirements to ../../build/plantsystem/plantsystem.egg-info/requires.txt
[6.344s] writing top-level names to ../../build/plantsystem/plantsystem.egg-info/top_level.txt
[6.350s] reading manifest file '../../build/plantsystem/plantsystem.egg-info/SOURCES.txt'
[6.353s] writing manifest file '../../build/plantsystem/plantsystem.egg-info/SOURCES.txt'
[6.355s] running build
[6.358s] running build_py
[6.359s] copying plantsystem/pi_node.py -> /home/pi/emli_WS/build/plantsystem/build/lib/plantsystem
[6.361s] copying plantsystem/wateringsystem_node.py -> /home/pi/emli_WS/build/plantsystem/build/lib/plantsystem
[6.362s] running install
[6.364s] /usr/lib/python3/dist-packages/setuptools/command/install.py:34: SetuptoolsDeprecationWarning: setup.py install is deprecated. Use build and pip and other standards-based tools.
[6.366s]   warnings.warn(
[6.367s] running install_lib
[6.370s] copying /home/pi/emli_WS/build/plantsystem/build/lib/plantsystem/pi_node.py -> /home/pi/emli_WS/install/plantsystem/lib/python3.10/site-packages/plantsystem
[6.372s] copying /home/pi/emli_WS/build/plantsystem/build/lib/plantsystem/wateringsystem_node.py -> /home/pi/emli_WS/install/plantsystem/lib/python3.10/site-packages/plantsystem
[6.376s] byte-compiling /home/pi/emli_WS/install/plantsystem/lib/python3.10/site-packages/plantsystem/pi_node.py to pi_node.cpython-310.pyc
[6.379s] byte-compiling /home/pi/emli_WS/install/plantsystem/lib/python3.10/site-packages/plantsystem/wateringsystem_node.py to wateringsystem_node.cpython-310.pyc
[6.382s] running install_data
[6.382s] running install_egg_info
[6.383s] removing '/home/pi/emli_WS/install/plantsystem/lib/python3.10/site-packages/plantsystem-0.0.0-py3.10.egg-info' (and everything under it)
[6.384s] Copying ../../build/plantsystem/plantsystem.egg-info to /home/pi/emli_WS/install/plantsystem/lib/python3.10/site-packages/plantsystem-0.0.0-py3.10.egg-info
[6.393s] running install_scripts
[6.513s] Installing farmer_node script to /home/pi/emli_WS/install/plantsystem/lib/plantsystem
[6.514s] Installing pi_node script to /home/pi/emli_WS/install/plantsystem/lib/plantsystem
[6.515s] Installing wateringsystem_node script to /home/pi/emli_WS/install/plantsystem/lib/plantsystem
[6.518s] writing list of installed files to '/home/pi/emli_WS/build/plantsystem/install.log'
[6.709s] Invoked command in '/home/pi/emli_WS/src/plantsystem' returned '0': PYTHONPATH=/home/pi/emli_WS/build/plantsystem/prefix_override:/home/pi/emli_WS/install/plantsystem/lib/python3.10/site-packages:${PYTHONPATH} /usr/bin/python3 setup.py egg_info --egg-base ../../build/plantsystem build --build-base /home/pi/emli_WS/build/plantsystem/build install --record /home/pi/emli_WS/build/plantsystem/install.log --single-version-externally-managed
