[1.230s] DEBUG:colcon:Command line arguments: ['/usr/bin/colcon', 'build']
[1.230s] DEBUG:colcon:Parsed command line arguments: Namespace(log_base=None, log_level=None, verb_name='build', build_base='build', install_base='install', merge_install=False, symlink_install=False, test_result_base=None, continue_on_error=False, executor='parallel', parallel_workers=4, event_handlers=None, ignore_user_meta=False, metas=['./colcon.meta'], base_paths=['.'], packages_ignore=None, packages_ignore_regex=None, paths=None, packages_up_to=None, packages_up_to_regex=None, packages_above=None, packages_above_and_dependencies=None, packages_above_depth=None, packages_select_by_dep=None, packages_skip_by_dep=None, packages_skip_up_to=None, packages_select_build_failed=False, packages_skip_build_finished=False, packages_select_test_failures=False, packages_skip_test_passed=False, packages_select=None, packages_skip=None, packages_select_regex=None, packages_skip_regex=None, packages_start=None, packages_end=None, allow_overriding=[], cmake_args=None, cmake_target=None, cmake_target_skip_unavailable=False, cmake_clean_cache=False, cmake_clean_first=False, cmake_force_configure=False, ament_cmake_args=None, catkin_cmake_args=None, catkin_skip_building_tests=False, verb_parser=<colcon_defaults.argument_parser.defaults.DefaultArgumentsDecorator object at 0xffff9969fee0>, verb_extension=<colcon_core.verb.build.BuildVerb object at 0xffff99f35510>, main=<bound method BuildVerb.main of <colcon_core.verb.build.BuildVerb object at 0xffff99f35510>>)
[1.362s] Level 1:colcon.colcon_core.package_discovery:discover_packages(colcon_meta) check parameters
[1.363s] Level 1:colcon.colcon_core.package_discovery:discover_packages(recursive) check parameters
[1.363s] Level 1:colcon.colcon_core.package_discovery:discover_packages(ignore) check parameters
[1.363s] Level 1:colcon.colcon_core.package_discovery:discover_packages(path) check parameters
[1.363s] Level 1:colcon.colcon_core.package_discovery:discover_packages(colcon_meta) discover
[1.364s] Level 1:colcon.colcon_core.package_discovery:discover_packages(recursive) discover
[1.364s] INFO:colcon.colcon_core.package_discovery:Crawling recursively for packages in '/home/pi/emli5_ws'
[1.364s] Level 1:colcon.colcon_core.package_identification:_identify(.) by extensions ['ignore', 'ignore_ament_install']
[1.365s] Level 1:colcon.colcon_core.package_identification:_identify(.) by extension 'ignore'
[1.365s] Level 1:colcon.colcon_core.package_identification:_identify(.) by extension 'ignore_ament_install'
[1.366s] Level 1:colcon.colcon_core.package_identification:_identify(.) by extensions ['colcon_pkg']
[1.366s] Level 1:colcon.colcon_core.package_identification:_identify(.) by extension 'colcon_pkg'
[1.366s] Level 1:colcon.colcon_core.package_identification:_identify(.) by extensions ['colcon_meta']
[1.366s] Level 1:colcon.colcon_core.package_identification:_identify(.) by extension 'colcon_meta'
[1.366s] Level 1:colcon.colcon_core.package_identification:_identify(.) by extensions ['ros']
[1.366s] Level 1:colcon.colcon_core.package_identification:_identify(.) by extension 'ros'
[1.414s] Level 1:colcon.colcon_core.package_identification:_identify(.) by extensions ['cmake', 'python']
[1.414s] Level 1:colcon.colcon_core.package_identification:_identify(.) by extension 'cmake'
[1.414s] Level 1:colcon.colcon_core.package_identification:_identify(.) by extension 'python'
[1.414s] Level 1:colcon.colcon_core.package_identification:_identify(.) by extensions ['python_setup_py']
[1.415s] Level 1:colcon.colcon_core.package_identification:_identify(.) by extension 'python_setup_py'
[1.415s] Level 1:colcon.colcon_core.package_identification:_identify(build) by extensions ['ignore', 'ignore_ament_install']
[1.416s] Level 1:colcon.colcon_core.package_identification:_identify(build) by extension 'ignore'
[1.416s] Level 1:colcon.colcon_core.package_identification:_identify(build) ignored
[1.417s] Level 1:colcon.colcon_core.package_identification:_identify(install) by extensions ['ignore', 'ignore_ament_install']
[1.417s] Level 1:colcon.colcon_core.package_identification:_identify(install) by extension 'ignore'
[1.417s] Level 1:colcon.colcon_core.package_identification:_identify(install) ignored
[1.418s] Level 1:colcon.colcon_core.package_identification:_identify(log) by extensions ['ignore', 'ignore_ament_install']
[1.418s] Level 1:colcon.colcon_core.package_identification:_identify(log) by extension 'ignore'
[1.418s] Level 1:colcon.colcon_core.package_identification:_identify(log) ignored
[1.419s] Level 1:colcon.colcon_core.package_identification:_identify(src) by extensions ['ignore', 'ignore_ament_install']
[1.419s] Level 1:colcon.colcon_core.package_identification:_identify(src) by extension 'ignore'
[1.419s] Level 1:colcon.colcon_core.package_identification:_identify(src) by extension 'ignore_ament_install'
[1.419s] Level 1:colcon.colcon_core.package_identification:_identify(src) by extensions ['colcon_pkg']
[1.419s] Level 1:colcon.colcon_core.package_identification:_identify(src) by extension 'colcon_pkg'
[1.420s] Level 1:colcon.colcon_core.package_identification:_identify(src) by extensions ['colcon_meta']
[1.420s] Level 1:colcon.colcon_core.package_identification:_identify(src) by extension 'colcon_meta'
[1.420s] Level 1:colcon.colcon_core.package_identification:_identify(src) by extensions ['ros']
[1.420s] Level 1:colcon.colcon_core.package_identification:_identify(src) by extension 'ros'
[1.420s] Level 1:colcon.colcon_core.package_identification:_identify(src) by extensions ['cmake', 'python']
[1.420s] Level 1:colcon.colcon_core.package_identification:_identify(src) by extension 'cmake'
[1.421s] Level 1:colcon.colcon_core.package_identification:_identify(src) by extension 'python'
[1.421s] Level 1:colcon.colcon_core.package_identification:_identify(src) by extensions ['python_setup_py']
[1.421s] Level 1:colcon.colcon_core.package_identification:_identify(src) by extension 'python_setup_py'
[1.421s] Level 1:colcon.colcon_core.package_identification:_identify(src/my_package) by extensions ['ignore', 'ignore_ament_install']
[1.422s] Level 1:colcon.colcon_core.package_identification:_identify(src/my_package) by extension 'ignore'
[1.422s] Level 1:colcon.colcon_core.package_identification:_identify(src/my_package) by extension 'ignore_ament_install'
[1.422s] Level 1:colcon.colcon_core.package_identification:_identify(src/my_package) by extensions ['colcon_pkg']
[1.422s] Level 1:colcon.colcon_core.package_identification:_identify(src/my_package) by extension 'colcon_pkg'
[1.422s] Level 1:colcon.colcon_core.package_identification:_identify(src/my_package) by extensions ['colcon_meta']
[1.423s] Level 1:colcon.colcon_core.package_identification:_identify(src/my_package) by extension 'colcon_meta'
[1.423s] Level 1:colcon.colcon_core.package_identification:_identify(src/my_package) by extensions ['ros']
[1.423s] Level 1:colcon.colcon_core.package_identification:_identify(src/my_package) by extension 'ros'
[1.431s] DEBUG:colcon.colcon_core.package_identification:Package 'src/my_package' with type 'ros.ament_python' and name 'my_package'
[1.432s] Level 1:colcon.colcon_core.package_identification:_identify(src/plantsystem) by extensions ['ignore', 'ignore_ament_install']
[1.432s] Level 1:colcon.colcon_core.package_identification:_identify(src/plantsystem) by extension 'ignore'
[1.433s] Level 1:colcon.colcon_core.package_identification:_identify(src/plantsystem) by extension 'ignore_ament_install'
[1.433s] Level 1:colcon.colcon_core.package_identification:_identify(src/plantsystem) by extensions ['colcon_pkg']
[1.433s] Level 1:colcon.colcon_core.package_identification:_identify(src/plantsystem) by extension 'colcon_pkg'
[1.433s] Level 1:colcon.colcon_core.package_identification:_identify(src/plantsystem) by extensions ['colcon_meta']
[1.433s] Level 1:colcon.colcon_core.package_identification:_identify(src/plantsystem) by extension 'colcon_meta'
[1.434s] Level 1:colcon.colcon_core.package_identification:_identify(src/plantsystem) by extensions ['ros']
[1.434s] Level 1:colcon.colcon_core.package_identification:_identify(src/plantsystem) by extension 'ros'
[1.436s] DEBUG:colcon.colcon_core.package_identification:Package 'src/plantsystem' with type 'ros.ament_python' and name 'plantsystem'
[1.436s] Level 1:colcon.colcon_core.package_discovery:discover_packages(recursive) using defaults
[1.436s] Level 1:colcon.colcon_core.package_discovery:discover_packages(ignore) discover
[1.436s] Level 1:colcon.colcon_core.package_discovery:discover_packages(ignore) using defaults
[1.436s] Level 1:colcon.colcon_core.package_discovery:discover_packages(path) discover
[1.436s] Level 1:colcon.colcon_core.package_discovery:discover_packages(path) using defaults
[1.523s] Level 1:colcon.colcon_core.package_discovery:discover_packages(prefix_path) check parameters
[1.523s] Level 1:colcon.colcon_core.package_discovery:discover_packages(prefix_path) discover
[1.529s] WARNING:colcon.colcon_core.prefix_path.colcon:The path '/home/pi/emli_ws/install' in the environment variable COLCON_PREFIX_PATH doesn't exist
[1.530s] WARNING:colcon.colcon_ros.prefix_path.ament:The path '/home/pi/emli_ws/install/wateringsystem' in the environment variable AMENT_PREFIX_PATH doesn't exist
[1.530s] WARNING:colcon.colcon_ros.prefix_path.ament:The path '/home/pi/emli_ws/install/pi' in the environment variable AMENT_PREFIX_PATH doesn't exist
[1.530s] WARNING:colcon.colcon_ros.prefix_path.ament:The path '/home/pi/emli_ws/install/farmer' in the environment variable AMENT_PREFIX_PATH doesn't exist
[1.536s] DEBUG:colcon.colcon_installed_package_information.package_discovery:Found 2 installed packages in /home/pi/emli5_ws/install
[1.544s] DEBUG:colcon.colcon_installed_package_information.package_discovery:Found 180 installed packages in /opt/ros/humble
[1.548s] Level 1:colcon.colcon_core.package_discovery:discover_packages(prefix_path) using defaults
[1.715s] Level 5:colcon.colcon_core.verb:set package 'my_package' build argument 'cmake_args' from command line to 'None'
[1.715s] Level 5:colcon.colcon_core.verb:set package 'my_package' build argument 'cmake_target' from command line to 'None'
[1.715s] Level 5:colcon.colcon_core.verb:set package 'my_package' build argument 'cmake_target_skip_unavailable' from command line to 'False'
[1.716s] Level 5:colcon.colcon_core.verb:set package 'my_package' build argument 'cmake_clean_cache' from command line to 'False'
[1.716s] Level 5:colcon.colcon_core.verb:set package 'my_package' build argument 'cmake_clean_first' from command line to 'False'
[1.716s] Level 5:colcon.colcon_core.verb:set package 'my_package' build argument 'cmake_force_configure' from command line to 'False'
[1.716s] Level 5:colcon.colcon_core.verb:set package 'my_package' build argument 'ament_cmake_args' from command line to 'None'
[1.716s] Level 5:colcon.colcon_core.verb:set package 'my_package' build argument 'catkin_cmake_args' from command line to 'None'
[1.716s] Level 5:colcon.colcon_core.verb:set package 'my_package' build argument 'catkin_skip_building_tests' from command line to 'False'
[1.716s] DEBUG:colcon.colcon_core.verb:Building package 'my_package' with the following arguments: {'ament_cmake_args': None, 'build_base': '/home/pi/emli5_ws/build/my_package', 'catkin_cmake_args': None, 'catkin_skip_building_tests': False, 'cmake_args': None, 'cmake_clean_cache': False, 'cmake_clean_first': False, 'cmake_force_configure': False, 'cmake_target': None, 'cmake_target_skip_unavailable': False, 'install_base': '/home/pi/emli5_ws/install/my_package', 'merge_install': False, 'path': '/home/pi/emli5_ws/src/my_package', 'symlink_install': False, 'test_result_base': None}
[1.720s] Level 5:colcon.colcon_core.verb:set package 'plantsystem' build argument 'cmake_args' from command line to 'None'
[1.720s] Level 5:colcon.colcon_core.verb:set package 'plantsystem' build argument 'cmake_target' from command line to 'None'
[1.721s] Level 5:colcon.colcon_core.verb:set package 'plantsystem' build argument 'cmake_target_skip_unavailable' from command line to 'False'
[1.721s] Level 5:colcon.colcon_core.verb:set package 'plantsystem' build argument 'cmake_clean_cache' from command line to 'False'
[1.721s] Level 5:colcon.colcon_core.verb:set package 'plantsystem' build argument 'cmake_clean_first' from command line to 'False'
[1.721s] Level 5:colcon.colcon_core.verb:set package 'plantsystem' build argument 'cmake_force_configure' from command line to 'False'
[1.721s] Level 5:colcon.colcon_core.verb:set package 'plantsystem' build argument 'ament_cmake_args' from command line to 'None'
[1.721s] Level 5:colcon.colcon_core.verb:set package 'plantsystem' build argument 'catkin_cmake_args' from command line to 'None'
[1.721s] Level 5:colcon.colcon_core.verb:set package 'plantsystem' build argument 'catkin_skip_building_tests' from command line to 'False'
[1.721s] DEBUG:colcon.colcon_core.verb:Building package 'plantsystem' with the following arguments: {'ament_cmake_args': None, 'build_base': '/home/pi/emli5_ws/build/plantsystem', 'catkin_cmake_args': None, 'catkin_skip_building_tests': False, 'cmake_args': None, 'cmake_clean_cache': False, 'cmake_clean_first': False, 'cmake_force_configure': False, 'cmake_target': None, 'cmake_target_skip_unavailable': False, 'install_base': '/home/pi/emli5_ws/install/plantsystem', 'merge_install': False, 'path': '/home/pi/emli5_ws/src/plantsystem', 'symlink_install': False, 'test_result_base': None}
[1.724s] INFO:colcon.colcon_core.executor:Executing jobs using 'parallel' executor
[1.736s] DEBUG:colcon.colcon_parallel_executor.executor.parallel:run_until_complete
[1.737s] INFO:colcon.colcon_ros.task.ament_python.build:Building ROS package in '/home/pi/emli5_ws/src/my_package' with build type 'ament_python'
[1.738s] Level 1:colcon.colcon_core.shell:create_environment_hook('my_package', 'ament_prefix_path')
[1.756s] INFO:colcon.colcon_core.plugin_system:Skipping extension 'colcon_core.shell.bat': Not used on non-Windows systems
[1.757s] INFO:colcon.colcon_core.shell:Creating environment hook '/home/pi/emli5_ws/install/my_package/share/my_package/hook/ament_prefix_path.ps1'
[1.759s] INFO:colcon.colcon_core.shell:Creating environment descriptor '/home/pi/emli5_ws/install/my_package/share/my_package/hook/ament_prefix_path.dsv'
[1.761s] INFO:colcon.colcon_core.shell:Creating environment hook '/home/pi/emli5_ws/install/my_package/share/my_package/hook/ament_prefix_path.sh'
[1.768s] INFO:colcon.colcon_core.shell:Skip shell extension 'powershell' for command environment: Not usable outside of PowerShell
[1.769s] DEBUG:colcon.colcon_core.shell:Skip shell extension 'dsv' for command environment
[1.789s] INFO:colcon.colcon_ros.task.ament_python.build:Building ROS package in '/home/pi/emli5_ws/src/plantsystem' with build type 'ament_python'
[1.789s] Level 1:colcon.colcon_core.shell:create_environment_hook('plantsystem', 'ament_prefix_path')
[1.795s] INFO:colcon.colcon_core.shell:Creating environment hook '/home/pi/emli5_ws/install/plantsystem/share/plantsystem/hook/ament_prefix_path.ps1'
[1.798s] INFO:colcon.colcon_core.shell:Creating environment descriptor '/home/pi/emli5_ws/install/plantsystem/share/plantsystem/hook/ament_prefix_path.dsv'
[1.799s] INFO:colcon.colcon_core.shell:Creating environment hook '/home/pi/emli5_ws/install/plantsystem/share/plantsystem/hook/ament_prefix_path.sh'
[1.806s] INFO:colcon.colcon_core.shell:Skip shell extension 'powershell' for command environment: Not usable outside of PowerShell
[1.806s] DEBUG:colcon.colcon_core.shell:Skip shell extension 'dsv' for command environment
[2.823s] INFO:colcon.colcon_core.task.python.build:Building Python package in '/home/pi/emli5_ws/src/my_package'
[2.828s] INFO:colcon.colcon_core.shell:Skip shell extension 'powershell' for command environment: Not usable outside of PowerShell
[2.828s] DEBUG:colcon.colcon_core.shell:Skip shell extension 'dsv' for command environment
[3.850s] INFO:colcon.colcon_core.task.python.build:Building Python package in '/home/pi/emli5_ws/src/plantsystem'
[3.855s] INFO:colcon.colcon_core.shell:Skip shell extension 'powershell' for command environment: Not usable outside of PowerShell
[3.855s] DEBUG:colcon.colcon_core.shell:Skip shell extension 'dsv' for command environment
[5.399s] DEBUG:colcon.colcon_core.event_handler.log_command:Invoking command in '/home/pi/emli5_ws/src/my_package': PYTHONPATH=/home/pi/emli5_ws/build/my_package/prefix_override:/home/pi/emli5_ws/install/my_package/lib/python3.10/site-packages:${PYTHONPATH} /usr/bin/python3 setup.py egg_info --egg-base ../../build/my_package build --build-base /home/pi/emli5_ws/build/my_package/build install --record /home/pi/emli5_ws/build/my_package/install.log --single-version-externally-managed
[5.423s] DEBUG:colcon.colcon_core.event_handler.log_command:Invoking command in '/home/pi/emli5_ws/src/plantsystem': PYTHONPATH=/home/pi/emli5_ws/build/plantsystem/prefix_override:/home/pi/emli5_ws/install/plantsystem/lib/python3.10/site-packages:${PYTHONPATH} /usr/bin/python3 setup.py egg_info --egg-base ../../build/plantsystem build --build-base /home/pi/emli5_ws/build/plantsystem/build install --record /home/pi/emli5_ws/build/plantsystem/install.log --single-version-externally-managed
[6.773s] DEBUG:colcon.colcon_core.event_handler.log_command:Invoked command in '/home/pi/emli5_ws/src/my_package' returned '0': PYTHONPATH=/home/pi/emli5_ws/build/my_package/prefix_override:/home/pi/emli5_ws/install/my_package/lib/python3.10/site-packages:${PYTHONPATH} /usr/bin/python3 setup.py egg_info --egg-base ../../build/my_package build --build-base /home/pi/emli5_ws/build/my_package/build install --record /home/pi/emli5_ws/build/my_package/install.log --single-version-externally-managed
[6.794s] Level 1:colcon.colcon_core.environment:checking '/home/pi/emli5_ws/install/my_package' for CMake module files
[6.797s] Level 1:colcon.colcon_core.environment:checking '/home/pi/emli5_ws/install/my_package' for CMake config files
[6.802s] Level 1:colcon.colcon_core.environment:checking '/home/pi/emli5_ws/install/my_package/lib'
[6.803s] Level 1:colcon.colcon_core.environment:checking '/home/pi/emli5_ws/install/my_package/bin'
[6.803s] Level 1:colcon.colcon_core.environment:checking '/home/pi/emli5_ws/install/my_package/lib/pkgconfig/my_package.pc'
[6.804s] Level 1:colcon.colcon_core.environment:checking '/home/pi/emli5_ws/install/my_package/lib/python3.10/site-packages'
[6.804s] Level 1:colcon.colcon_core.shell:create_environment_hook('my_package', 'pythonpath')
[6.809s] INFO:colcon.colcon_core.shell:Creating environment hook '/home/pi/emli5_ws/install/my_package/share/my_package/hook/pythonpath.ps1'
[6.811s] INFO:colcon.colcon_core.shell:Creating environment descriptor '/home/pi/emli5_ws/install/my_package/share/my_package/hook/pythonpath.dsv'
[6.812s] INFO:colcon.colcon_core.shell:Creating environment hook '/home/pi/emli5_ws/install/my_package/share/my_package/hook/pythonpath.sh'
[6.815s] Level 1:colcon.colcon_core.environment:checking '/home/pi/emli5_ws/install/my_package/bin'
[6.815s] Level 1:colcon.colcon_core.environment:create_environment_scripts_only(my_package)
[6.820s] INFO:colcon.colcon_core.shell:Creating package script '/home/pi/emli5_ws/install/my_package/share/my_package/package.ps1'
[6.824s] INFO:colcon.colcon_core.shell:Creating package descriptor '/home/pi/emli5_ws/install/my_package/share/my_package/package.dsv'
[6.827s] INFO:colcon.colcon_core.shell:Creating package script '/home/pi/emli5_ws/install/my_package/share/my_package/package.sh'
[6.830s] INFO:colcon.colcon_core.shell:Creating package script '/home/pi/emli5_ws/install/my_package/share/my_package/package.bash'
[6.834s] INFO:colcon.colcon_core.shell:Creating package script '/home/pi/emli5_ws/install/my_package/share/my_package/package.zsh'
[6.837s] Level 1:colcon.colcon_core.environment:create_file_with_runtime_dependencies(/home/pi/emli5_ws/install/my_package/share/colcon-core/packages/my_package)
[6.847s] Level 1:colcon.colcon_core.environment:checking '/home/pi/emli5_ws/install/plantsystem' for CMake module files
[6.850s] DEBUG:colcon.colcon_core.event_handler.log_command:Invoked command in '/home/pi/emli5_ws/src/plantsystem' returned '0': PYTHONPATH=/home/pi/emli5_ws/build/plantsystem/prefix_override:/home/pi/emli5_ws/install/plantsystem/lib/python3.10/site-packages:${PYTHONPATH} /usr/bin/python3 setup.py egg_info --egg-base ../../build/plantsystem build --build-base /home/pi/emli5_ws/build/plantsystem/build install --record /home/pi/emli5_ws/build/plantsystem/install.log --single-version-externally-managed
[6.851s] Level 1:colcon.colcon_core.environment:checking '/home/pi/emli5_ws/install/plantsystem' for CMake config files
[6.854s] Level 1:colcon.colcon_core.environment:checking '/home/pi/emli5_ws/install/plantsystem/lib'
[6.855s] Level 1:colcon.colcon_core.environment:checking '/home/pi/emli5_ws/install/plantsystem/bin'
[6.855s] Level 1:colcon.colcon_core.environment:checking '/home/pi/emli5_ws/install/plantsystem/lib/pkgconfig/plantsystem.pc'
[6.856s] Level 1:colcon.colcon_core.environment:checking '/home/pi/emli5_ws/install/plantsystem/lib/python3.10/site-packages'
[6.856s] Level 1:colcon.colcon_core.shell:create_environment_hook('plantsystem', 'pythonpath')
[6.861s] INFO:colcon.colcon_core.shell:Creating environment hook '/home/pi/emli5_ws/install/plantsystem/share/plantsystem/hook/pythonpath.ps1'
[6.863s] INFO:colcon.colcon_core.shell:Creating environment descriptor '/home/pi/emli5_ws/install/plantsystem/share/plantsystem/hook/pythonpath.dsv'
[6.865s] INFO:colcon.colcon_core.shell:Creating environment hook '/home/pi/emli5_ws/install/plantsystem/share/plantsystem/hook/pythonpath.sh'
[6.868s] Level 1:colcon.colcon_core.environment:checking '/home/pi/emli5_ws/install/plantsystem/bin'
[6.868s] Level 1:colcon.colcon_core.environment:create_environment_scripts_only(plantsystem)
[6.873s] INFO:colcon.colcon_core.shell:Creating package script '/home/pi/emli5_ws/install/plantsystem/share/plantsystem/package.ps1'
[6.876s] INFO:colcon.colcon_core.shell:Creating package descriptor '/home/pi/emli5_ws/install/plantsystem/share/plantsystem/package.dsv'
[6.878s] INFO:colcon.colcon_core.shell:Creating package script '/home/pi/emli5_ws/install/plantsystem/share/plantsystem/package.sh'
[6.880s] INFO:colcon.colcon_core.shell:Creating package script '/home/pi/emli5_ws/install/plantsystem/share/plantsystem/package.bash'
[6.882s] INFO:colcon.colcon_core.shell:Creating package script '/home/pi/emli5_ws/install/plantsystem/share/plantsystem/package.zsh'
[6.884s] Level 1:colcon.colcon_core.environment:create_file_with_runtime_dependencies(/home/pi/emli5_ws/install/plantsystem/share/colcon-core/packages/plantsystem)
[6.885s] DEBUG:colcon.colcon_parallel_executor.executor.parallel:closing loop
[6.886s] DEBUG:colcon.colcon_parallel_executor.executor.parallel:loop closed
[6.886s] DEBUG:colcon.colcon_parallel_executor.executor.parallel:run_until_complete finished with '0'
[6.886s] DEBUG:colcon.colcon_core.event_reactor:joining thread
[6.907s] INFO:colcon.colcon_core.plugin_system:Skipping extension 'colcon_notification.desktop_notification.terminal_notifier': Not used on non-Darwin systems
[6.907s] INFO:colcon.colcon_core.plugin_system:Skipping extension 'colcon_notification.desktop_notification.win32': Not used on non-Windows systems
[6.907s] INFO:colcon.colcon_notification.desktop_notification:Sending desktop notification using 'notify2'
[6.912s] DEBUG:colcon.colcon_notification.desktop_notification.notify2:Failed to initialize notify2: org.freedesktop.DBus.Error.ServiceUnknown: The name org.freedesktop.Notifications was not provided by any .service files
[6.913s] DEBUG:colcon.colcon_core.event_reactor:joined thread
[6.918s] INFO:colcon.colcon_core.shell:Creating prefix script '/home/pi/emli5_ws/install/local_setup.ps1'
[6.922s] INFO:colcon.colcon_core.shell:Creating prefix util module '/home/pi/emli5_ws/install/_local_setup_util_ps1.py'
[6.929s] INFO:colcon.colcon_core.shell:Creating prefix chain script '/home/pi/emli5_ws/install/setup.ps1'
[6.935s] INFO:colcon.colcon_core.shell:Creating prefix script '/home/pi/emli5_ws/install/local_setup.sh'
[6.937s] INFO:colcon.colcon_core.shell:Creating prefix util module '/home/pi/emli5_ws/install/_local_setup_util_sh.py'
[6.940s] INFO:colcon.colcon_core.shell:Creating prefix chain script '/home/pi/emli5_ws/install/setup.sh'
[6.946s] INFO:colcon.colcon_core.shell:Creating prefix script '/home/pi/emli5_ws/install/local_setup.bash'
[6.948s] INFO:colcon.colcon_core.shell:Creating prefix chain script '/home/pi/emli5_ws/install/setup.bash'
[6.954s] INFO:colcon.colcon_core.shell:Creating prefix script '/home/pi/emli5_ws/install/local_setup.zsh'
[6.957s] INFO:colcon.colcon_core.shell:Creating prefix chain script '/home/pi/emli5_ws/install/setup.zsh'
