[2.634s] Invoking command in '/home/pi/emli5_ws/src/plantsystem': PYTHONPATH=/home/pi/emli5_ws/build/plantsystem/prefix_override:/home/pi/emli5_ws/install/plantsystem/lib/python3.10/site-packages:${PYTHONPATH} /usr/bin/python3 setup.py egg_info --egg-base ../../build/plantsystem build --build-base /home/pi/emli5_ws/build/plantsystem/build install --record /home/pi/emli5_ws/build/plantsystem/install.log --single-version-externally-managed
[3.685s] running egg_info
[3.687s] writing ../../build/plantsystem/plantsystem.egg-info/PKG-INFO
[3.689s] writing dependency_links to ../../build/plantsystem/plantsystem.egg-info/dependency_links.txt
[3.690s] writing entry points to ../../build/plantsystem/plantsystem.egg-info/entry_points.txt
[3.691s] writing requirements to ../../build/plantsystem/plantsystem.egg-info/requires.txt
[3.692s] writing top-level names to ../../build/plantsystem/plantsystem.egg-info/top_level.txt
[3.700s] reading manifest file '../../build/plantsystem/plantsystem.egg-info/SOURCES.txt'
[3.704s] writing manifest file '../../build/plantsystem/plantsystem.egg-info/SOURCES.txt'
[3.706s] running build
[3.707s] running build_py
[3.709s] copying plantsystem/wateringsystem_node.py -> /home/pi/emli5_ws/build/plantsystem/build/lib/plantsystem
[3.710s] running install
[3.712s] /usr/lib/python3/dist-packages/setuptools/command/install.py:34: SetuptoolsDeprecationWarning: setup.py install is deprecated. Use build and pip and other standards-based tools.
[3.714s]   warnings.warn(
[3.715s] running install_lib
[3.716s] copying /home/pi/emli5_ws/build/plantsystem/build/lib/plantsystem/wateringsystem_node.py -> /home/pi/emli5_ws/install/plantsystem/lib/python3.10/site-packages/plantsystem
[3.717s] byte-compiling /home/pi/emli5_ws/install/plantsystem/lib/python3.10/site-packages/plantsystem/wateringsystem_node.py to wateringsystem_node.cpython-310.pyc
[3.721s] running install_data
[3.723s] running install_egg_info
[3.729s] removing '/home/pi/emli5_ws/install/plantsystem/lib/python3.10/site-packages/plantsystem-0.0.0-py3.10.egg-info' (and everything under it)
[3.739s] Copying ../../build/plantsystem/plantsystem.egg-info to /home/pi/emli5_ws/install/plantsystem/lib/python3.10/site-packages/plantsystem-0.0.0-py3.10.egg-info
[3.740s] running install_scripts
[3.817s] Installing farmer_node script to /home/pi/emli5_ws/install/plantsystem/lib/plantsystem
[3.819s] Installing pi_node script to /home/pi/emli5_ws/install/plantsystem/lib/plantsystem
[3.821s] Installing wateringsystem_node script to /home/pi/emli5_ws/install/plantsystem/lib/plantsystem
[3.822s] writing list of installed files to '/home/pi/emli5_ws/build/plantsystem/install.log'
[3.943s] Invoked command in '/home/pi/emli5_ws/src/plantsystem' returned '0': PYTHONPATH=/home/pi/emli5_ws/build/plantsystem/prefix_override:/home/pi/emli5_ws/install/plantsystem/lib/python3.10/site-packages:${PYTHONPATH} /usr/bin/python3 setup.py egg_info --egg-base ../../build/plantsystem build --build-base /home/pi/emli5_ws/build/plantsystem/build install --record /home/pi/emli5_ws/build/plantsystem/install.log --single-version-externally-managed
