[5.305s] Invoking command in '/home/pi/emli_WS/src/plantsystem': PYTHONPATH=/home/pi/emli_WS/build/plantsystem/prefix_override:/home/pi/emli_WS/install/plantsystem/lib/python3.10/site-packages:${PYTHONPATH} /usr/bin/python3 setup.py egg_info --egg-base ../../build/plantsystem build --build-base /home/pi/emli_WS/build/plantsystem/build install --record /home/pi/emli_WS/build/plantsystem/install.log --single-version-externally-managed
[7.469s] running egg_info
[7.482s] writing ../../build/plantsystem/plantsystem.egg-info/PKG-INFO
[7.491s] writing dependency_links to ../../build/plantsystem/plantsystem.egg-info/dependency_links.txt
[7.502s] writing entry points to ../../build/plantsystem/plantsystem.egg-info/entry_points.txt
[7.522s] writing requirements to ../../build/plantsystem/plantsystem.egg-info/requires.txt
[7.537s] writing top-level names to ../../build/plantsystem/plantsystem.egg-info/top_level.txt
[7.539s] reading manifest file '../../build/plantsystem/plantsystem.egg-info/SOURCES.txt'
[7.541s] writing manifest file '../../build/plantsystem/plantsystem.egg-info/SOURCES.txt'
[7.544s] running build
[7.547s] running build_py
[7.548s] copying plantsystem/wateringsystem_node.py -> /home/pi/emli_WS/build/plantsystem/build/lib/plantsystem
[7.549s] running install
[7.550s] /usr/lib/python3/dist-packages/setuptools/command/install.py:34: SetuptoolsDeprecationWarning: setup.py install is deprecated. Use build and pip and other standards-based tools.
[7.551s]   warnings.warn(
[7.552s] running install_lib
[7.552s] copying /home/pi/emli_WS/build/plantsystem/build/lib/plantsystem/wateringsystem_node.py -> /home/pi/emli_WS/install/plantsystem/lib/python3.10/site-packages/plantsystem
[7.553s] byte-compiling /home/pi/emli_WS/install/plantsystem/lib/python3.10/site-packages/plantsystem/wateringsystem_node.py to wateringsystem_node.cpython-310.pyc
[7.554s] running install_data
[7.557s] running install_egg_info
[7.569s] removing '/home/pi/emli_WS/install/plantsystem/lib/python3.10/site-packages/plantsystem-0.0.0-py3.10.egg-info' (and everything under it)
[7.575s] Copying ../../build/plantsystem/plantsystem.egg-info to /home/pi/emli_WS/install/plantsystem/lib/python3.10/site-packages/plantsystem-0.0.0-py3.10.egg-info
[7.585s] running install_scripts
[7.757s] Installing farmer_node script to /home/pi/emli_WS/install/plantsystem/lib/plantsystem
[7.758s] Installing pi_node script to /home/pi/emli_WS/install/plantsystem/lib/plantsystem
[7.762s] Installing wateringsystem_node script to /home/pi/emli_WS/install/plantsystem/lib/plantsystem
[7.767s] writing list of installed files to '/home/pi/emli_WS/build/plantsystem/install.log'
[8.009s] Invoked command in '/home/pi/emli_WS/src/plantsystem' returned '0': PYTHONPATH=/home/pi/emli_WS/build/plantsystem/prefix_override:/home/pi/emli_WS/install/plantsystem/lib/python3.10/site-packages:${PYTHONPATH} /usr/bin/python3 setup.py egg_info --egg-base ../../build/plantsystem build --build-base /home/pi/emli_WS/build/plantsystem/build install --record /home/pi/emli_WS/build/plantsystem/install.log --single-version-externally-managed
