[2.331s] Invoking command in '/home/pi/emli5_ws/src/plantsystem': PYTHONPATH=/home/pi/emli5_ws/build/plantsystem/prefix_override:/home/pi/emli5_ws/install/plantsystem/lib/python3.10/site-packages:${PYTHONPATH} /usr/bin/python3 setup.py egg_info --egg-base ../../build/plantsystem build --build-base /home/pi/emli5_ws/build/plantsystem/build install --record /home/pi/emli5_ws/build/plantsystem/install.log --single-version-externally-managed
[3.232s] running egg_info
[3.235s] writing ../../build/plantsystem/plantsystem.egg-info/PKG-INFO
[3.236s] writing dependency_links to ../../build/plantsystem/plantsystem.egg-info/dependency_links.txt
[3.237s] writing entry points to ../../build/plantsystem/plantsystem.egg-info/entry_points.txt
[3.237s] writing requirements to ../../build/plantsystem/plantsystem.egg-info/requires.txt
[3.238s] writing top-level names to ../../build/plantsystem/plantsystem.egg-info/top_level.txt
[3.246s] reading manifest file '../../build/plantsystem/plantsystem.egg-info/SOURCES.txt'
[3.250s] writing manifest file '../../build/plantsystem/plantsystem.egg-info/SOURCES.txt'
[3.250s] running build
[3.251s] running build_py
[3.252s] running install
[3.252s] /usr/lib/python3/dist-packages/setuptools/command/install.py:34: SetuptoolsDeprecationWarning: setup.py install is deprecated. Use build and pip and other standards-based tools.
[3.253s]   warnings.warn(
[3.253s] running install_lib
[3.259s] running install_data
[3.261s] running install_egg_info
[3.267s] removing '/home/pi/emli5_ws/install/plantsystem/lib/python3.10/site-packages/plantsystem-0.0.0-py3.10.egg-info' (and everything under it)
[3.268s] Copying ../../build/plantsystem/plantsystem.egg-info to /home/pi/emli5_ws/install/plantsystem/lib/python3.10/site-packages/plantsystem-0.0.0-py3.10.egg-info
[3.273s] running install_scripts
[3.349s] writing list of installed files to '/home/pi/emli5_ws/build/plantsystem/install.log'
[3.465s] Invoked command in '/home/pi/emli5_ws/src/plantsystem' returned '0': PYTHONPATH=/home/pi/emli5_ws/build/plantsystem/prefix_override:/home/pi/emli5_ws/install/plantsystem/lib/python3.10/site-packages:${PYTHONPATH} /usr/bin/python3 setup.py egg_info --egg-base ../../build/plantsystem build --build-base /home/pi/emli5_ws/build/plantsystem/build install --record /home/pi/emli5_ws/build/plantsystem/install.log --single-version-externally-managed
