running egg_info
writing ../../build/plantsystem/plantsystem.egg-info/PKG-INFO
writing dependency_links to ../../build/plantsystem/plantsystem.egg-info/dependency_links.txt
writing entry points to ../../build/plantsystem/plantsystem.egg-info/entry_points.txt
writing requirements to ../../build/plantsystem/plantsystem.egg-info/requires.txt
writing top-level names to ../../build/plantsystem/plantsystem.egg-info/top_level.txt
reading manifest file '../../build/plantsystem/plantsystem.egg-info/SOURCES.txt'
writing manifest file '../../build/plantsystem/plantsystem.egg-info/SOURCES.txt'
running build
running build_py
running install
running install_lib
running install_data
copying package.xml -> /home/pi/emli5_ws/install/plantsystem/share/plantsystem
running install_egg_info
removing '/home/pi/emli5_ws/install/plantsystem/lib/python3.10/site-packages/plantsystem-0.0.0-py3.10.egg-info' (and everything under it)
Copying ../../build/plantsystem/plantsystem.egg-info to /home/pi/emli5_ws/install/plantsystem/lib/python3.10/site-packages/plantsystem-0.0.0-py3.10.egg-info
running install_scripts
Installing pi_node script to /home/pi/emli5_ws/install/plantsystem/lib/plantsystem
writing list of installed files to '/home/pi/emli5_ws/build/plantsystem/install.log'
