[3.660s] Invoking command in '/home/pi/emli5_ws/src/plantsystem': PYTHONPATH=/home/pi/emli5_ws/build/plantsystem/prefix_override:/home/pi/emli5_ws/install/plantsystem/lib/python3.10/site-packages:${PYTHONPATH} /usr/bin/python3 setup.py egg_info --egg-base ../../build/plantsystem build --build-base /home/pi/emli5_ws/build/plantsystem/build install --record /home/pi/emli5_ws/build/plantsystem/install.log --single-version-externally-managed
[4.742s] running egg_info
[4.751s] writing ../../build/plantsystem/plantsystem.egg-info/PKG-INFO
[4.751s] writing dependency_links to ../../build/plantsystem/plantsystem.egg-info/dependency_links.txt
[4.758s] writing entry points to ../../build/plantsystem/plantsystem.egg-info/entry_points.txt
[4.759s] writing requirements to ../../build/plantsystem/plantsystem.egg-info/requires.txt
[4.759s] writing top-level names to ../../build/plantsystem/plantsystem.egg-info/top_level.txt
[4.765s] reading manifest file '../../build/plantsystem/plantsystem.egg-info/SOURCES.txt'
[4.767s] writing manifest file '../../build/plantsystem/plantsystem.egg-info/SOURCES.txt'
[4.767s] running build
[4.768s] running build_py
[4.769s] running install
[4.784s] /usr/lib/python3/dist-packages/setuptools/command/install.py:34: SetuptoolsDeprecationWarning: setup.py install is deprecated. Use build and pip and other standards-based tools.
[4.786s]   warnings.warn(
[4.789s] running install_lib
[4.801s] running install_data
[4.806s] copying package.xml -> /home/pi/emli5_ws/install/plantsystem/share/plantsystem
[4.812s] running install_egg_info
[4.814s] removing '/home/pi/emli5_ws/install/plantsystem/lib/python3.10/site-packages/plantsystem-0.0.0-py3.10.egg-info' (and everything under it)
[4.814s] Copying ../../build/plantsystem/plantsystem.egg-info to /home/pi/emli5_ws/install/plantsystem/lib/python3.10/site-packages/plantsystem-0.0.0-py3.10.egg-info
[4.815s] running install_scripts
[4.879s] Installing pi_node script to /home/pi/emli5_ws/install/plantsystem/lib/plantsystem
[4.880s] writing list of installed files to '/home/pi/emli5_ws/build/plantsystem/install.log'
[5.070s] Invoked command in '/home/pi/emli5_ws/src/plantsystem' returned '0': PYTHONPATH=/home/pi/emli5_ws/build/plantsystem/prefix_override:/home/pi/emli5_ws/install/plantsystem/lib/python3.10/site-packages:${PYTHONPATH} /usr/bin/python3 setup.py egg_info --egg-base ../../build/plantsystem build --build-base /home/pi/emli5_ws/build/plantsystem/build install --record /home/pi/emli5_ws/build/plantsystem/install.log --single-version-externally-managed
