[2.472s] Invoking command in '/home/pi/emli5_ws/src/plantsystem': PYTHONPATH=/home/pi/emli5_ws/build/plantsystem/prefix_override:/home/pi/emli5_ws/install/plantsystem/lib/python3.10/site-packages:${PYTHONPATH} /usr/bin/python3 setup.py egg_info --egg-base ../../build/plantsystem build --build-base /home/pi/emli5_ws/build/plantsystem/build install --record /home/pi/emli5_ws/build/plantsystem/install.log --single-version-externally-managed
[3.426s] running egg_info
[3.429s] writing ../../build/plantsystem/plantsystem.egg-info/PKG-INFO
[3.430s] writing dependency_links to ../../build/plantsystem/plantsystem.egg-info/dependency_links.txt
[3.431s] writing entry points to ../../build/plantsystem/plantsystem.egg-info/entry_points.txt
[3.432s] writing requirements to ../../build/plantsystem/plantsystem.egg-info/requires.txt
[3.433s] writing top-level names to ../../build/plantsystem/plantsystem.egg-info/top_level.txt
[3.441s] reading manifest file '../../build/plantsystem/plantsystem.egg-info/SOURCES.txt'
[3.444s] writing manifest file '../../build/plantsystem/plantsystem.egg-info/SOURCES.txt'
[3.445s] running build
[3.446s] running build_py
[3.446s] copying plantsystem/wateringsystem_node.py -> /home/pi/emli5_ws/build/plantsystem/build/lib/plantsystem
[3.448s] running install
[3.449s] /usr/lib/python3/dist-packages/setuptools/command/install.py:34: SetuptoolsDeprecationWarning: setup.py install is deprecated. Use build and pip and other standards-based tools.
[3.450s]   warnings.warn(
[3.450s] running install_lib
[3.455s] copying /home/pi/emli5_ws/build/plantsystem/build/lib/plantsystem/wateringsystem_node.py -> /home/pi/emli5_ws/install/plantsystem/lib/python3.10/site-packages/plantsystem
[3.458s] byte-compiling /home/pi/emli5_ws/install/plantsystem/lib/python3.10/site-packages/plantsystem/wateringsystem_node.py to wateringsystem_node.cpython-310.pyc
[3.462s] running install_data
[3.465s] running install_egg_info
[3.472s] removing '/home/pi/emli5_ws/install/plantsystem/lib/python3.10/site-packages/plantsystem-0.0.0-py3.10.egg-info' (and everything under it)
[3.474s] Copying ../../build/plantsystem/plantsystem.egg-info to /home/pi/emli5_ws/install/plantsystem/lib/python3.10/site-packages/plantsystem-0.0.0-py3.10.egg-info
[3.480s] running install_scripts
[3.557s] Installing farmer_node script to /home/pi/emli5_ws/install/plantsystem/lib/plantsystem
[3.558s] Installing pi_node script to /home/pi/emli5_ws/install/plantsystem/lib/plantsystem
[3.559s] Installing wateringsystem_node script to /home/pi/emli5_ws/install/plantsystem/lib/plantsystem
[3.561s] writing list of installed files to '/home/pi/emli5_ws/build/plantsystem/install.log'
[3.676s] Invoked command in '/home/pi/emli5_ws/src/plantsystem' returned '0': PYTHONPATH=/home/pi/emli5_ws/build/plantsystem/prefix_override:/home/pi/emli5_ws/install/plantsystem/lib/python3.10/site-packages:${PYTHONPATH} /usr/bin/python3 setup.py egg_info --egg-base ../../build/plantsystem build --build-base /home/pi/emli5_ws/build/plantsystem/build install --record /home/pi/emli5_ws/build/plantsystem/install.log --single-version-externally-managed
