[2.368s] Invoking command in '/home/pi/emli5_ws/src/plantsystem': PYTHONPATH=/home/pi/emli5_ws/build/plantsystem/prefix_override:/home/pi/emli5_ws/install/plantsystem/lib/python3.10/site-packages:${PYTHONPATH} /usr/bin/python3 setup.py egg_info --egg-base ../../build/plantsystem build --build-base /home/pi/emli5_ws/build/plantsystem/build install --record /home/pi/emli5_ws/build/plantsystem/install.log --single-version-externally-managed
[3.272s] running egg_info
[3.275s] writing ../../build/plantsystem/plantsystem.egg-info/PKG-INFO
[3.276s] writing dependency_links to ../../build/plantsystem/plantsystem.egg-info/dependency_links.txt
[3.277s] writing entry points to ../../build/plantsystem/plantsystem.egg-info/entry_points.txt
[3.278s] writing requirements to ../../build/plantsystem/plantsystem.egg-info/requires.txt
[3.279s] writing top-level names to ../../build/plantsystem/plantsystem.egg-info/top_level.txt
[3.287s] reading manifest file '../../build/plantsystem/plantsystem.egg-info/SOURCES.txt'
[3.291s] writing manifest file '../../build/plantsystem/plantsystem.egg-info/SOURCES.txt'
[3.292s] running build
[3.293s] running build_py
[3.293s] copying plantsystem/pi_node.py -> /home/pi/emli5_ws/build/plantsystem/build/lib/plantsystem
[3.295s] running install
[3.296s] /usr/lib/python3/dist-packages/setuptools/command/install.py:34: SetuptoolsDeprecationWarning: setup.py install is deprecated. Use build and pip and other standards-based tools.
[3.296s]   warnings.warn(
[3.297s] running install_lib
[3.300s] copying /home/pi/emli5_ws/build/plantsystem/build/lib/plantsystem/pi_node.py -> /home/pi/emli5_ws/install/plantsystem/lib/python3.10/site-packages/plantsystem
[3.304s] byte-compiling /home/pi/emli5_ws/install/plantsystem/lib/python3.10/site-packages/plantsystem/pi_node.py to pi_node.cpython-310.pyc
[3.307s] running install_data
[3.310s] running install_egg_info
[3.316s] removing '/home/pi/emli5_ws/install/plantsystem/lib/python3.10/site-packages/plantsystem-0.0.0-py3.10.egg-info' (and everything under it)
[3.318s] Copying ../../build/plantsystem/plantsystem.egg-info to /home/pi/emli5_ws/install/plantsystem/lib/python3.10/site-packages/plantsystem-0.0.0-py3.10.egg-info
[3.325s] running install_scripts
[3.401s] Installing farmer_node script to /home/pi/emli5_ws/install/plantsystem/lib/plantsystem
[3.402s] Installing pi_node script to /home/pi/emli5_ws/install/plantsystem/lib/plantsystem
[3.403s] Installing wateringsystem_node script to /home/pi/emli5_ws/install/plantsystem/lib/plantsystem
[3.405s] writing list of installed files to '/home/pi/emli5_ws/build/plantsystem/install.log'
[3.524s] Invoked command in '/home/pi/emli5_ws/src/plantsystem' returned '0': PYTHONPATH=/home/pi/emli5_ws/build/plantsystem/prefix_override:/home/pi/emli5_ws/install/plantsystem/lib/python3.10/site-packages:${PYTHONPATH} /usr/bin/python3 setup.py egg_info --egg-base ../../build/plantsystem build --build-base /home/pi/emli5_ws/build/plantsystem/build install --record /home/pi/emli5_ws/build/plantsystem/install.log --single-version-externally-managed
