[2.552s] Invoking command in '/home/pi/emli_WS/src/plantsystem': PYTHONPATH=/home/pi/emli_WS/build/plantsystem/prefix_override:/home/pi/emli_WS/install/plantsystem/lib/python3.10/site-packages:${PYTHONPATH} /usr/bin/python3 setup.py egg_info --egg-base ../../build/plantsystem build --build-base /home/pi/emli_WS/build/plantsystem/build install --record /home/pi/emli_WS/build/plantsystem/install.log --single-version-externally-managed
[3.544s] running egg_info
[3.547s] creating ../../build/plantsystem/plantsystem.egg-info
[3.548s] writing ../../build/plantsystem/plantsystem.egg-info/PKG-INFO
[3.549s] writing dependency_links to ../../build/plantsystem/plantsystem.egg-info/dependency_links.txt
[3.550s] writing entry points to ../../build/plantsystem/plantsystem.egg-info/entry_points.txt
[3.551s] writing requirements to ../../build/plantsystem/plantsystem.egg-info/requires.txt
[3.552s] writing top-level names to ../../build/plantsystem/plantsystem.egg-info/top_level.txt
[3.552s] writing manifest file '../../build/plantsystem/plantsystem.egg-info/SOURCES.txt'
[3.560s] reading manifest file '../../build/plantsystem/plantsystem.egg-info/SOURCES.txt'
[3.563s] writing manifest file '../../build/plantsystem/plantsystem.egg-info/SOURCES.txt'
[3.563s] running build
[3.564s] running build_py
[3.565s] creating /home/pi/emli_WS/build/plantsystem/build
[3.565s] creating /home/pi/emli_WS/build/plantsystem/build/lib
[3.566s] creating /home/pi/emli_WS/build/plantsystem/build/lib/plantsystem
[3.566s] copying plantsystem/pi_node.py -> /home/pi/emli_WS/build/plantsystem/build/lib/plantsystem
[3.567s] copying plantsystem/__init__.py -> /home/pi/emli_WS/build/plantsystem/build/lib/plantsystem
[3.567s] running install
[3.569s] /usr/lib/python3/dist-packages/setuptools/command/install.py:34: SetuptoolsDeprecationWarning: setup.py install is deprecated. Use build and pip and other standards-based tools.
[3.570s]   warnings.warn(
[3.571s] running install_lib
[3.574s] creating /home/pi/emli_WS/install/plantsystem/lib/python3.10/site-packages/plantsystem
[3.574s] copying /home/pi/emli_WS/build/plantsystem/build/lib/plantsystem/pi_node.py -> /home/pi/emli_WS/install/plantsystem/lib/python3.10/site-packages/plantsystem
[3.575s] copying /home/pi/emli_WS/build/plantsystem/build/lib/plantsystem/__init__.py -> /home/pi/emli_WS/install/plantsystem/lib/python3.10/site-packages/plantsystem
[3.577s] byte-compiling /home/pi/emli_WS/install/plantsystem/lib/python3.10/site-packages/plantsystem/pi_node.py to pi_node.cpython-310.pyc
[3.579s] byte-compiling /home/pi/emli_WS/install/plantsystem/lib/python3.10/site-packages/plantsystem/__init__.py to __init__.cpython-310.pyc
[3.580s] running install_data
[3.582s] creating /home/pi/emli_WS/install/plantsystem/share/ament_index
[3.583s] creating /home/pi/emli_WS/install/plantsystem/share/ament_index/resource_index
[3.583s] creating /home/pi/emli_WS/install/plantsystem/share/ament_index/resource_index/packages
[3.584s] copying resource/plantsystem -> /home/pi/emli_WS/install/plantsystem/share/ament_index/resource_index/packages
[3.584s] copying package.xml -> /home/pi/emli_WS/install/plantsystem/share/plantsystem
[3.585s] running install_egg_info
[3.591s] Copying ../../build/plantsystem/plantsystem.egg-info to /home/pi/emli_WS/install/plantsystem/lib/python3.10/site-packages/plantsystem-0.0.0-py3.10.egg-info
[3.596s] running install_scripts
[3.676s] Installing pi_node script to /home/pi/emli_WS/install/plantsystem/lib/plantsystem
[3.678s] writing list of installed files to '/home/pi/emli_WS/build/plantsystem/install.log'
[3.800s] Invoked command in '/home/pi/emli_WS/src/plantsystem' returned '0': PYTHONPATH=/home/pi/emli_WS/build/plantsystem/prefix_override:/home/pi/emli_WS/install/plantsystem/lib/python3.10/site-packages:${PYTHONPATH} /usr/bin/python3 setup.py egg_info --egg-base ../../build/plantsystem build --build-base /home/pi/emli_WS/build/plantsystem/build install --record /home/pi/emli_WS/build/plantsystem/install.log --single-version-externally-managed
