[2.363s] Invoking command in '/home/pi/emli5_ws/src/plantsystem': PYTHONPATH=/home/pi/emli5_ws/build/plantsystem/prefix_override:/home/pi/emli5_ws/install/plantsystem/lib/python3.10/site-packages:${PYTHONPATH} /usr/bin/python3 setup.py egg_info --egg-base ../../build/plantsystem build --build-base /home/pi/emli5_ws/build/plantsystem/build install --record /home/pi/emli5_ws/build/plantsystem/install.log --single-version-externally-managed
[3.264s] running egg_info
[3.267s] writing ../../build/plantsystem/plantsystem.egg-info/PKG-INFO
[3.268s] writing dependency_links to ../../build/plantsystem/plantsystem.egg-info/dependency_links.txt
[3.269s] writing entry points to ../../build/plantsystem/plantsystem.egg-info/entry_points.txt
[3.270s] writing requirements to ../../build/plantsystem/plantsystem.egg-info/requires.txt
[3.271s] writing top-level names to ../../build/plantsystem/plantsystem.egg-info/top_level.txt
[3.279s] reading manifest file '../../build/plantsystem/plantsystem.egg-info/SOURCES.txt'
[3.283s] writing manifest file '../../build/plantsystem/plantsystem.egg-info/SOURCES.txt'
[3.284s] running build
[3.285s] running build_py
[3.285s] copying plantsystem/pi_node.py -> /home/pi/emli5_ws/build/plantsystem/build/lib/plantsystem
[3.287s] running install
[3.288s] /usr/lib/python3/dist-packages/setuptools/command/install.py:34: SetuptoolsDeprecationWarning: setup.py install is deprecated. Use build and pip and other standards-based tools.
[3.289s]   warnings.warn(
[3.290s] running install_lib
[3.293s] copying /home/pi/emli5_ws/build/plantsystem/build/lib/plantsystem/pi_node.py -> /home/pi/emli5_ws/install/plantsystem/lib/python3.10/site-packages/plantsystem
[3.296s] byte-compiling /home/pi/emli5_ws/install/plantsystem/lib/python3.10/site-packages/plantsystem/pi_node.py to pi_node.cpython-310.pyc
[3.299s] running install_data
[3.302s] running install_egg_info
[3.308s] removing '/home/pi/emli5_ws/install/plantsystem/lib/python3.10/site-packages/plantsystem-0.0.0-py3.10.egg-info' (and everything under it)
[3.310s] Copying ../../build/plantsystem/plantsystem.egg-info to /home/pi/emli5_ws/install/plantsystem/lib/python3.10/site-packages/plantsystem-0.0.0-py3.10.egg-info
[3.318s] running install_scripts
[3.394s] Installing farmer_node script to /home/pi/emli5_ws/install/plantsystem/lib/plantsystem
[3.395s] Installing pi_node script to /home/pi/emli5_ws/install/plantsystem/lib/plantsystem
[3.396s] Installing wateringsystem_node script to /home/pi/emli5_ws/install/plantsystem/lib/plantsystem
[3.398s] writing list of installed files to '/home/pi/emli5_ws/build/plantsystem/install.log'
[3.522s] Invoked command in '/home/pi/emli5_ws/src/plantsystem' returned '0': PYTHONPATH=/home/pi/emli5_ws/build/plantsystem/prefix_override:/home/pi/emli5_ws/install/plantsystem/lib/python3.10/site-packages:${PYTHONPATH} /usr/bin/python3 setup.py egg_info --egg-base ../../build/plantsystem build --build-base /home/pi/emli5_ws/build/plantsystem/build install --record /home/pi/emli5_ws/build/plantsystem/install.log --single-version-externally-managed
