[2.537s] Invoking command in '/home/pi/emli5_ws/src/plantsystem': PYTHONPATH=/home/pi/emli5_ws/build/plantsystem/prefix_override:/home/pi/emli5_ws/install/plantsystem/lib/python3.10/site-packages:${PYTHONPATH} /usr/bin/python3 setup.py egg_info --egg-base ../../build/plantsystem build --build-base /home/pi/emli5_ws/build/plantsystem/build install --record /home/pi/emli5_ws/build/plantsystem/install.log --single-version-externally-managed
[3.478s] running egg_info
[3.481s] writing ../../build/plantsystem/plantsystem.egg-info/PKG-INFO
[3.484s] writing dependency_links to ../../build/plantsystem/plantsystem.egg-info/dependency_links.txt
[3.487s] writing entry points to ../../build/plantsystem/plantsystem.egg-info/entry_points.txt
[3.487s] writing requirements to ../../build/plantsystem/plantsystem.egg-info/requires.txt
[3.488s] writing top-level names to ../../build/plantsystem/plantsystem.egg-info/top_level.txt
[3.494s] reading manifest file '../../build/plantsystem/plantsystem.egg-info/SOURCES.txt'
[3.499s] writing manifest file '../../build/plantsystem/plantsystem.egg-info/SOURCES.txt'
[3.500s] running build
[3.500s] running build_py
[3.502s] running install
[3.503s] /usr/lib/python3/dist-packages/setuptools/command/install.py:34: SetuptoolsDeprecationWarning: setup.py install is deprecated. Use build and pip and other standards-based tools.
[3.503s]   warnings.warn(
[3.504s] running install_lib
[3.510s] running install_data
[3.512s] running install_egg_info
[3.519s] removing '/home/pi/emli5_ws/install/plantsystem/lib/python3.10/site-packages/plantsystem-0.0.0-py3.10.egg-info' (and everything under it)
[3.526s] Copying ../../build/plantsystem/plantsystem.egg-info to /home/pi/emli5_ws/install/plantsystem/lib/python3.10/site-packages/plantsystem-0.0.0-py3.10.egg-info
[3.530s] running install_scripts
[3.610s] Installing farmer_node script to /home/pi/emli5_ws/install/plantsystem/lib/plantsystem
[3.611s] Installing pi_node script to /home/pi/emli5_ws/install/plantsystem/lib/plantsystem
[3.612s] Installing wateringsystem_node script to /home/pi/emli5_ws/install/plantsystem/lib/plantsystem
[3.614s] writing list of installed files to '/home/pi/emli5_ws/build/plantsystem/install.log'
[3.734s] Invoked command in '/home/pi/emli5_ws/src/plantsystem' returned '0': PYTHONPATH=/home/pi/emli5_ws/build/plantsystem/prefix_override:/home/pi/emli5_ws/install/plantsystem/lib/python3.10/site-packages:${PYTHONPATH} /usr/bin/python3 setup.py egg_info --egg-base ../../build/plantsystem build --build-base /home/pi/emli5_ws/build/plantsystem/build install --record /home/pi/emli5_ws/build/plantsystem/install.log --single-version-externally-managed
