[2.669s] DEBUG:colcon:Command line arguments: ['/usr/bin/colcon', 'build']
[2.670s] DEBUG:colcon:Parsed command line arguments: Namespace(log_base=None, log_level=None, verb_name='build', build_base='build', install_base='install', merge_install=False, symlink_install=False, test_result_base=None, continue_on_error=False, executor='parallel', parallel_workers=4, event_handlers=None, ignore_user_meta=False, metas=['./colcon.meta'], base_paths=['.'], packages_ignore=None, packages_ignore_regex=None, paths=None, packages_up_to=None, packages_up_to_regex=None, packages_above=None, packages_above_and_dependencies=None, packages_above_depth=None, packages_select_by_dep=None, packages_skip_by_dep=None, packages_skip_up_to=None, packages_select_build_failed=False, packages_skip_build_finished=False, packages_select_test_failures=False, packages_skip_test_passed=False, packages_select=None, packages_skip=None, packages_select_regex=None, packages_skip_regex=None, packages_start=None, packages_end=None, allow_overriding=[], cmake_args=None, cmake_target=None, cmake_target_skip_unavailable=False, cmake_clean_cache=False, cmake_clean_first=False, cmake_force_configure=False, ament_cmake_args=None, catkin_cmake_args=None, catkin_skip_building_tests=False, verb_parser=<colcon_defaults.argument_parser.defaults.DefaultArgumentsDecorator object at 0xffffa50d1180>, verb_extension=<colcon_core.verb.build.BuildVerb object at 0xffffa5207f40>, main=<bound method BuildVerb.main of <colcon_core.verb.build.BuildVerb object at 0xffffa5207f40>>)
[2.930s] Level 1:colcon.colcon_core.package_discovery:discover_packages(colcon_meta) check parameters
[2.930s] Level 1:colcon.colcon_core.package_discovery:discover_packages(recursive) check parameters
[2.931s] Level 1:colcon.colcon_core.package_discovery:discover_packages(ignore) check parameters
[2.931s] Level 1:colcon.colcon_core.package_discovery:discover_packages(path) check parameters
[2.931s] Level 1:colcon.colcon_core.package_discovery:discover_packages(colcon_meta) discover
[2.931s] Level 1:colcon.colcon_core.package_discovery:discover_packages(recursive) discover
[2.932s] INFO:colcon.colcon_core.package_discovery:Crawling recursively for packages in '/home/pi/emli_WS'
[2.932s] Level 1:colcon.colcon_core.package_identification:_identify(.) by extensions ['ignore', 'ignore_ament_install']
[2.933s] Level 1:colcon.colcon_core.package_identification:_identify(.) by extension 'ignore'
[2.933s] Level 1:colcon.colcon_core.package_identification:_identify(.) by extension 'ignore_ament_install'
[2.934s] Level 1:colcon.colcon_core.package_identification:_identify(.) by extensions ['colcon_pkg']
[2.934s] Level 1:colcon.colcon_core.package_identification:_identify(.) by extension 'colcon_pkg'
[2.934s] Level 1:colcon.colcon_core.package_identification:_identify(.) by extensions ['colcon_meta']
[2.935s] Level 1:colcon.colcon_core.package_identification:_identify(.) by extension 'colcon_meta'
[2.935s] Level 1:colcon.colcon_core.package_identification:_identify(.) by extensions ['ros']
[2.935s] Level 1:colcon.colcon_core.package_identification:_identify(.) by extension 'ros'
[3.028s] Level 1:colcon.colcon_core.package_identification:_identify(.) by extensions ['cmake', 'python']
[3.028s] Level 1:colcon.colcon_core.package_identification:_identify(.) by extension 'cmake'
[3.028s] Level 1:colcon.colcon_core.package_identification:_identify(.) by extension 'python'
[3.029s] Level 1:colcon.colcon_core.package_identification:_identify(.) by extensions ['python_setup_py']
[3.029s] Level 1:colcon.colcon_core.package_identification:_identify(.) by extension 'python_setup_py'
[3.029s] Level 1:colcon.colcon_core.package_identification:_identify(build) by extensions ['ignore', 'ignore_ament_install']
[3.030s] Level 1:colcon.colcon_core.package_identification:_identify(build) by extension 'ignore'
[3.030s] Level 1:colcon.colcon_core.package_identification:_identify(build) ignored
[3.031s] Level 1:colcon.colcon_core.package_identification:_identify(install) by extensions ['ignore', 'ignore_ament_install']
[3.032s] Level 1:colcon.colcon_core.package_identification:_identify(install) by extension 'ignore'
[3.033s] Level 1:colcon.colcon_core.package_identification:_identify(install) ignored
[3.033s] Level 1:colcon.colcon_core.package_identification:_identify(log) by extensions ['ignore', 'ignore_ament_install']
[3.034s] Level 1:colcon.colcon_core.package_identification:_identify(log) by extension 'ignore'
[3.034s] Level 1:colcon.colcon_core.package_identification:_identify(log) ignored
[3.035s] Level 1:colcon.colcon_core.package_identification:_identify(src) by extensions ['ignore', 'ignore_ament_install']
[3.035s] Level 1:colcon.colcon_core.package_identification:_identify(src) by extension 'ignore'
[3.036s] Level 1:colcon.colcon_core.package_identification:_identify(src) by extension 'ignore_ament_install'
[3.036s] Level 1:colcon.colcon_core.package_identification:_identify(src) by extensions ['colcon_pkg']
[3.037s] Level 1:colcon.colcon_core.package_identification:_identify(src) by extension 'colcon_pkg'
[3.037s] Level 1:colcon.colcon_core.package_identification:_identify(src) by extensions ['colcon_meta']
[3.037s] Level 1:colcon.colcon_core.package_identification:_identify(src) by extension 'colcon_meta'
[3.037s] Level 1:colcon.colcon_core.package_identification:_identify(src) by extensions ['ros']
[3.038s] Level 1:colcon.colcon_core.package_identification:_identify(src) by extension 'ros'
[3.038s] Level 1:colcon.colcon_core.package_identification:_identify(src) by extensions ['cmake', 'python']
[3.038s] Level 1:colcon.colcon_core.package_identification:_identify(src) by extension 'cmake'
[3.039s] Level 1:colcon.colcon_core.package_identification:_identify(src) by extension 'python'
[3.039s] Level 1:colcon.colcon_core.package_identification:_identify(src) by extensions ['python_setup_py']
[3.039s] Level 1:colcon.colcon_core.package_identification:_identify(src) by extension 'python_setup_py'
[3.040s] Level 1:colcon.colcon_core.package_identification:_identify(src/plantsystem) by extensions ['ignore', 'ignore_ament_install']
[3.041s] Level 1:colcon.colcon_core.package_identification:_identify(src/plantsystem) by extension 'ignore'
[3.042s] Level 1:colcon.colcon_core.package_identification:_identify(src/plantsystem) by extension 'ignore_ament_install'
[3.042s] Level 1:colcon.colcon_core.package_identification:_identify(src/plantsystem) by extensions ['colcon_pkg']
[3.043s] Level 1:colcon.colcon_core.package_identification:_identify(src/plantsystem) by extension 'colcon_pkg'
[3.043s] Level 1:colcon.colcon_core.package_identification:_identify(src/plantsystem) by extensions ['colcon_meta']
[3.044s] Level 1:colcon.colcon_core.package_identification:_identify(src/plantsystem) by extension 'colcon_meta'
[3.044s] Level 1:colcon.colcon_core.package_identification:_identify(src/plantsystem) by extensions ['ros']
[3.045s] Level 1:colcon.colcon_core.package_identification:_identify(src/plantsystem) by extension 'ros'
[3.061s] DEBUG:colcon.colcon_core.package_identification:Package 'src/plantsystem' with type 'ros.ament_python' and name 'plantsystem'
[3.062s] Level 1:colcon.colcon_core.package_discovery:discover_packages(recursive) using defaults
[3.062s] Level 1:colcon.colcon_core.package_discovery:discover_packages(ignore) discover
[3.062s] Level 1:colcon.colcon_core.package_discovery:discover_packages(ignore) using defaults
[3.063s] Level 1:colcon.colcon_core.package_discovery:discover_packages(path) discover
[3.063s] Level 1:colcon.colcon_core.package_discovery:discover_packages(path) using defaults
[3.223s] Level 1:colcon.colcon_core.package_discovery:discover_packages(prefix_path) check parameters
[3.224s] Level 1:colcon.colcon_core.package_discovery:discover_packages(prefix_path) discover
[3.241s] DEBUG:colcon.colcon_installed_package_information.package_discovery:Found 1 installed packages in /home/pi/emli5_ws/install
[3.251s] DEBUG:colcon.colcon_installed_package_information.package_discovery:Found 198 installed packages in /opt/ros/humble
[3.265s] Level 1:colcon.colcon_core.package_discovery:discover_packages(prefix_path) using defaults
[3.651s] Level 5:colcon.colcon_core.verb:set package 'plantsystem' build argument 'cmake_args' from command line to 'None'
[3.651s] Level 5:colcon.colcon_core.verb:set package 'plantsystem' build argument 'cmake_target' from command line to 'None'
[3.652s] Level 5:colcon.colcon_core.verb:set package 'plantsystem' build argument 'cmake_target_skip_unavailable' from command line to 'False'
[3.652s] Level 5:colcon.colcon_core.verb:set package 'plantsystem' build argument 'cmake_clean_cache' from command line to 'False'
[3.652s] Level 5:colcon.colcon_core.verb:set package 'plantsystem' build argument 'cmake_clean_first' from command line to 'False'
[3.652s] Level 5:colcon.colcon_core.verb:set package 'plantsystem' build argument 'cmake_force_configure' from command line to 'False'
[3.652s] Level 5:colcon.colcon_core.verb:set package 'plantsystem' build argument 'ament_cmake_args' from command line to 'None'
[3.653s] Level 5:colcon.colcon_core.verb:set package 'plantsystem' build argument 'catkin_cmake_args' from command line to 'None'
[3.653s] Level 5:colcon.colcon_core.verb:set package 'plantsystem' build argument 'catkin_skip_building_tests' from command line to 'False'
[3.653s] DEBUG:colcon.colcon_core.verb:Building package 'plantsystem' with the following arguments: {'ament_cmake_args': None, 'build_base': '/home/pi/emli_WS/build/plantsystem', 'catkin_cmake_args': None, 'catkin_skip_building_tests': False, 'cmake_args': None, 'cmake_clean_cache': False, 'cmake_clean_first': False, 'cmake_force_configure': False, 'cmake_target': None, 'cmake_target_skip_unavailable': False, 'install_base': '/home/pi/emli_WS/install/plantsystem', 'merge_install': False, 'path': '/home/pi/emli_WS/src/plantsystem', 'symlink_install': False, 'test_result_base': None}
[3.657s] INFO:colcon.colcon_core.executor:Executing jobs using 'parallel' executor
[3.681s] DEBUG:colcon.colcon_parallel_executor.executor.parallel:run_until_complete
[3.683s] INFO:colcon.colcon_ros.task.ament_python.build:Building ROS package in '/home/pi/emli_WS/src/plantsystem' with build type 'ament_python'
[3.684s] Level 1:colcon.colcon_core.shell:create_environment_hook('plantsystem', 'ament_prefix_path')
[3.713s] INFO:colcon.colcon_core.plugin_system:Skipping extension 'colcon_core.shell.bat': Not used on non-Windows systems
[3.715s] INFO:colcon.colcon_core.shell:Creating environment hook '/home/pi/emli_WS/install/plantsystem/share/plantsystem/hook/ament_prefix_path.ps1'
[3.723s] INFO:colcon.colcon_core.shell:Creating environment descriptor '/home/pi/emli_WS/install/plantsystem/share/plantsystem/hook/ament_prefix_path.dsv'
[3.731s] INFO:colcon.colcon_core.shell:Creating environment hook '/home/pi/emli_WS/install/plantsystem/share/plantsystem/hook/ament_prefix_path.sh'
[3.745s] INFO:colcon.colcon_core.shell:Skip shell extension 'powershell' for command environment: Not usable outside of PowerShell
[3.745s] DEBUG:colcon.colcon_core.shell:Skip shell extension 'dsv' for command environment
[5.504s] INFO:colcon.colcon_core.task.python.build:Building Python package in '/home/pi/emli_WS/src/plantsystem'
[5.511s] INFO:colcon.colcon_core.shell:Skip shell extension 'powershell' for command environment: Not usable outside of PowerShell
[5.513s] DEBUG:colcon.colcon_core.shell:Skip shell extension 'dsv' for command environment
[7.239s] DEBUG:colcon.colcon_core.event_handler.log_command:Invoking command in '/home/pi/emli_WS/src/plantsystem': PYTHONPATH=/home/pi/emli_WS/build/plantsystem/prefix_override:/home/pi/emli_WS/install/plantsystem/lib/python3.10/site-packages:${PYTHONPATH} /usr/bin/python3 setup.py egg_info --egg-base ../../build/plantsystem build --build-base /home/pi/emli_WS/build/plantsystem/build install --record /home/pi/emli_WS/build/plantsystem/install.log --single-version-externally-managed
[9.768s] DEBUG:colcon.colcon_core.event_handler.log_command:Invoked command in '/home/pi/emli_WS/src/plantsystem' returned '0': PYTHONPATH=/home/pi/emli_WS/build/plantsystem/prefix_override:/home/pi/emli_WS/install/plantsystem/lib/python3.10/site-packages:${PYTHONPATH} /usr/bin/python3 setup.py egg_info --egg-base ../../build/plantsystem build --build-base /home/pi/emli_WS/build/plantsystem/build install --record /home/pi/emli_WS/build/plantsystem/install.log --single-version-externally-managed
[9.795s] Level 1:colcon.colcon_core.environment:checking '/home/pi/emli_WS/install/plantsystem' for CMake module files
[9.798s] Level 1:colcon.colcon_core.environment:checking '/home/pi/emli_WS/install/plantsystem' for CMake config files
[9.803s] Level 1:colcon.colcon_core.environment:checking '/home/pi/emli_WS/install/plantsystem/lib'
[9.804s] Level 1:colcon.colcon_core.environment:checking '/home/pi/emli_WS/install/plantsystem/bin'
[9.805s] Level 1:colcon.colcon_core.environment:checking '/home/pi/emli_WS/install/plantsystem/lib/pkgconfig/plantsystem.pc'
[9.807s] Level 1:colcon.colcon_core.environment:checking '/home/pi/emli_WS/install/plantsystem/lib/python3.10/site-packages'
[9.807s] Level 1:colcon.colcon_core.shell:create_environment_hook('plantsystem', 'pythonpath')
[9.819s] INFO:colcon.colcon_core.shell:Creating environment hook '/home/pi/emli_WS/install/plantsystem/share/plantsystem/hook/pythonpath.ps1'
[9.823s] INFO:colcon.colcon_core.shell:Creating environment descriptor '/home/pi/emli_WS/install/plantsystem/share/plantsystem/hook/pythonpath.dsv'
[9.826s] INFO:colcon.colcon_core.shell:Creating environment hook '/home/pi/emli_WS/install/plantsystem/share/plantsystem/hook/pythonpath.sh'
[9.830s] Level 1:colcon.colcon_core.environment:checking '/home/pi/emli_WS/install/plantsystem/bin'
[9.831s] Level 1:colcon.colcon_core.environment:create_environment_scripts_only(plantsystem)
[9.837s] INFO:colcon.colcon_core.shell:Creating package script '/home/pi/emli_WS/install/plantsystem/share/plantsystem/package.ps1'
[9.843s] INFO:colcon.colcon_core.shell:Creating package descriptor '/home/pi/emli_WS/install/plantsystem/share/plantsystem/package.dsv'
[9.848s] INFO:colcon.colcon_core.shell:Creating package script '/home/pi/emli_WS/install/plantsystem/share/plantsystem/package.sh'
[9.857s] INFO:colcon.colcon_core.shell:Creating package script '/home/pi/emli_WS/install/plantsystem/share/plantsystem/package.bash'
[9.864s] INFO:colcon.colcon_core.shell:Creating package script '/home/pi/emli_WS/install/plantsystem/share/plantsystem/package.zsh'
[9.872s] Level 1:colcon.colcon_core.environment:create_file_with_runtime_dependencies(/home/pi/emli_WS/install/plantsystem/share/colcon-core/packages/plantsystem)
[9.879s] DEBUG:colcon.colcon_parallel_executor.executor.parallel:closing loop
[9.882s] DEBUG:colcon.colcon_parallel_executor.executor.parallel:loop closed
[9.884s] DEBUG:colcon.colcon_parallel_executor.executor.parallel:run_until_complete finished with '0'
[9.885s] DEBUG:colcon.colcon_core.event_reactor:joining thread
[9.914s] INFO:colcon.colcon_core.plugin_system:Skipping extension 'colcon_notification.desktop_notification.terminal_notifier': Not used on non-Darwin systems
[9.915s] INFO:colcon.colcon_core.plugin_system:Skipping extension 'colcon_notification.desktop_notification.win32': Not used on non-Windows systems
[9.915s] INFO:colcon.colcon_notification.desktop_notification:Sending desktop notification using 'notify2'
[9.988s] DEBUG:colcon.colcon_core.event_reactor:joined thread
[9.998s] INFO:colcon.colcon_core.shell:Creating prefix script '/home/pi/emli_WS/install/local_setup.ps1'
[10.011s] INFO:colcon.colcon_core.shell:Creating prefix util module '/home/pi/emli_WS/install/_local_setup_util_ps1.py'
[10.031s] INFO:colcon.colcon_core.shell:Creating prefix chain script '/home/pi/emli_WS/install/setup.ps1'
[10.050s] INFO:colcon.colcon_core.shell:Creating prefix script '/home/pi/emli_WS/install/local_setup.sh'
[10.060s] INFO:colcon.colcon_core.shell:Creating prefix util module '/home/pi/emli_WS/install/_local_setup_util_sh.py'
[10.069s] INFO:colcon.colcon_core.shell:Creating prefix chain script '/home/pi/emli_WS/install/setup.sh'
[10.081s] INFO:colcon.colcon_core.shell:Creating prefix script '/home/pi/emli_WS/install/local_setup.bash'
[10.088s] INFO:colcon.colcon_core.shell:Creating prefix chain script '/home/pi/emli_WS/install/setup.bash'
[10.100s] INFO:colcon.colcon_core.shell:Creating prefix script '/home/pi/emli_WS/install/local_setup.zsh'
[10.105s] INFO:colcon.colcon_core.shell:Creating prefix chain script '/home/pi/emli_WS/install/setup.zsh'
