[4.499s] Invoking command in '/home/pi/emli_WS/src/plantsystem': PYTHONPATH=/home/pi/emli_WS/build/plantsystem/prefix_override:/home/pi/emli_WS/install/plantsystem/lib/python3.10/site-packages:${PYTHONPATH} /usr/bin/python3 setup.py egg_info --egg-base ../../build/plantsystem build --build-base /home/pi/emli_WS/build/plantsystem/build install --record /home/pi/emli_WS/build/plantsystem/install.log --single-version-externally-managed
[6.051s] running egg_info
[6.055s] writing ../../build/plantsystem/plantsystem.egg-info/PKG-INFO
[6.056s] writing dependency_links to ../../build/plantsystem/plantsystem.egg-info/dependency_links.txt
[6.057s] writing entry points to ../../build/plantsystem/plantsystem.egg-info/entry_points.txt
[6.058s] writing requirements to ../../build/plantsystem/plantsystem.egg-info/requires.txt
[6.058s] writing top-level names to ../../build/plantsystem/plantsystem.egg-info/top_level.txt
[6.068s] reading manifest file '../../build/plantsystem/plantsystem.egg-info/SOURCES.txt'
[6.073s] writing manifest file '../../build/plantsystem/plantsystem.egg-info/SOURCES.txt'
[6.074s] running build
[6.074s] running build_py
[6.075s] copying plantsystem/pi_node.py -> /home/pi/emli_WS/build/plantsystem/build/lib/plantsystem
[6.077s] running install
[6.077s] /usr/lib/python3/dist-packages/setuptools/command/install.py:34: SetuptoolsDeprecationWarning: setup.py install is deprecated. Use build and pip and other standards-based tools.
[6.078s]   warnings.warn(
[6.079s] running install_lib
[6.082s] copying /home/pi/emli_WS/build/plantsystem/build/lib/plantsystem/pi_node.py -> /home/pi/emli_WS/install/plantsystem/lib/python3.10/site-packages/plantsystem
[6.086s] byte-compiling /home/pi/emli_WS/install/plantsystem/lib/python3.10/site-packages/plantsystem/pi_node.py to pi_node.cpython-310.pyc
[6.091s] running install_data
[6.095s] running install_egg_info
[6.100s] removing '/home/pi/emli_WS/install/plantsystem/lib/python3.10/site-packages/plantsystem-0.0.0-py3.10.egg-info' (and everything under it)
[6.103s] Copying ../../build/plantsystem/plantsystem.egg-info to /home/pi/emli_WS/install/plantsystem/lib/python3.10/site-packages/plantsystem-0.0.0-py3.10.egg-info
[6.109s] running install_scripts
[6.194s] Installing farmer_node script to /home/pi/emli_WS/install/plantsystem/lib/plantsystem
[6.195s] Installing pi_node script to /home/pi/emli_WS/install/plantsystem/lib/plantsystem
[6.196s] Installing wateringsystem_node script to /home/pi/emli_WS/install/plantsystem/lib/plantsystem
[6.197s] writing list of installed files to '/home/pi/emli_WS/build/plantsystem/install.log'
[6.339s] Invoked command in '/home/pi/emli_WS/src/plantsystem' returned '0': PYTHONPATH=/home/pi/emli_WS/build/plantsystem/prefix_override:/home/pi/emli_WS/install/plantsystem/lib/python3.10/site-packages:${PYTHONPATH} /usr/bin/python3 setup.py egg_info --egg-base ../../build/plantsystem build --build-base /home/pi/emli_WS/build/plantsystem/build install --record /home/pi/emli_WS/build/plantsystem/install.log --single-version-externally-managed
