[2.888s] Invoking command in '/home/pi/emli_WS/src/plantsystem': PYTHONPATH=/home/pi/emli_WS/build/plantsystem/prefix_override:/home/pi/emli_WS/install/plantsystem/lib/python3.10/site-packages:${PYTHONPATH} /usr/bin/python3 setup.py egg_info --egg-base ../../build/plantsystem build --build-base /home/pi/emli_WS/build/plantsystem/build install --record /home/pi/emli_WS/build/plantsystem/install.log --single-version-externally-managed
[4.038s] running egg_info
[4.042s] writing ../../build/plantsystem/plantsystem.egg-info/PKG-INFO
[4.043s] writing dependency_links to ../../build/plantsystem/plantsystem.egg-info/dependency_links.txt
[4.044s] writing entry points to ../../build/plantsystem/plantsystem.egg-info/entry_points.txt
[4.045s] writing requirements to ../../build/plantsystem/plantsystem.egg-info/requires.txt
[4.046s] writing top-level names to ../../build/plantsystem/plantsystem.egg-info/top_level.txt
[4.056s] reading manifest file '../../build/plantsystem/plantsystem.egg-info/SOURCES.txt'
[4.061s] writing manifest file '../../build/plantsystem/plantsystem.egg-info/SOURCES.txt'
[4.063s] running build
[4.064s] running build_py
[4.066s] running install
[4.067s] /usr/lib/python3/dist-packages/setuptools/command/install.py:34: SetuptoolsDeprecationWarning: setup.py install is deprecated. Use build and pip and other standards-based tools.
[4.069s]   warnings.warn(
[4.069s] running install_lib
[4.075s] running install_data
[4.077s] running install_egg_info
[4.085s] removing '/home/pi/emli_WS/install/plantsystem/lib/python3.10/site-packages/plantsystem-0.0.0-py3.10.egg-info' (and everything under it)
[4.086s] Copying ../../build/plantsystem/plantsystem.egg-info to /home/pi/emli_WS/install/plantsystem/lib/python3.10/site-packages/plantsystem-0.0.0-py3.10.egg-info
[4.092s] running install_scripts
[4.176s] Installing farmer_node script to /home/pi/emli_WS/install/plantsystem/lib/plantsystem
[4.177s] Installing pi_node script to /home/pi/emli_WS/install/plantsystem/lib/plantsystem
[4.178s] Installing wateringsystem_node script to /home/pi/emli_WS/install/plantsystem/lib/plantsystem
[4.180s] writing list of installed files to '/home/pi/emli_WS/build/plantsystem/install.log'
[4.305s] Invoked command in '/home/pi/emli_WS/src/plantsystem' returned '0': PYTHONPATH=/home/pi/emli_WS/build/plantsystem/prefix_override:/home/pi/emli_WS/install/plantsystem/lib/python3.10/site-packages:${PYTHONPATH} /usr/bin/python3 setup.py egg_info --egg-base ../../build/plantsystem build --build-base /home/pi/emli_WS/build/plantsystem/build install --record /home/pi/emli_WS/build/plantsystem/install.log --single-version-externally-managed
