[3.633s] Invoking command in '/home/pi/emli5_ws/src/plantsystem': PYTHONPATH=/home/pi/emli5_ws/build/plantsystem/prefix_override:/home/pi/emli5_ws/install/plantsystem/lib/python3.10/site-packages:${PYTHONPATH} /usr/bin/python3 setup.py egg_info --egg-base ../../build/plantsystem build --build-base /home/pi/emli5_ws/build/plantsystem/build install --record /home/pi/emli5_ws/build/plantsystem/install.log --single-version-externally-managed
[4.671s] running egg_info
[4.674s] writing ../../build/plantsystem/plantsystem.egg-info/PKG-INFO
[4.675s] writing dependency_links to ../../build/plantsystem/plantsystem.egg-info/dependency_links.txt
[4.678s] writing entry points to ../../build/plantsystem/plantsystem.egg-info/entry_points.txt
[4.678s] writing requirements to ../../build/plantsystem/plantsystem.egg-info/requires.txt
[4.679s] writing top-level names to ../../build/plantsystem/plantsystem.egg-info/top_level.txt
[4.687s] reading manifest file '../../build/plantsystem/plantsystem.egg-info/SOURCES.txt'
[4.692s] writing manifest file '../../build/plantsystem/plantsystem.egg-info/SOURCES.txt'
[4.693s] running build
[4.694s] running build_py
[4.695s] copying plantsystem/pi_node.py -> /home/pi/emli5_ws/build/plantsystem/build/lib/plantsystem
[4.697s] running install
[4.697s] /usr/lib/python3/dist-packages/setuptools/command/install.py:34: SetuptoolsDeprecationWarning: setup.py install is deprecated. Use build and pip and other standards-based tools.
[4.698s]   warnings.warn(
[4.699s] running install_lib
[4.700s] copying /home/pi/emli5_ws/build/plantsystem/build/lib/plantsystem/pi_node.py -> /home/pi/emli5_ws/install/plantsystem/lib/python3.10/site-packages/plantsystem
[4.705s] byte-compiling /home/pi/emli5_ws/install/plantsystem/lib/python3.10/site-packages/plantsystem/pi_node.py to pi_node.cpython-310.pyc
[4.705s] running install_data
[4.707s] running install_egg_info
[4.714s] removing '/home/pi/emli5_ws/install/plantsystem/lib/python3.10/site-packages/plantsystem-0.0.0-py3.10.egg-info' (and everything under it)
[4.716s] Copying ../../build/plantsystem/plantsystem.egg-info to /home/pi/emli5_ws/install/plantsystem/lib/python3.10/site-packages/plantsystem-0.0.0-py3.10.egg-info
[4.723s] running install_scripts
[4.820s] writing list of installed files to '/home/pi/emli5_ws/build/plantsystem/install.log'
[5.060s] Invoked command in '/home/pi/emli5_ws/src/plantsystem' returned '0': PYTHONPATH=/home/pi/emli5_ws/build/plantsystem/prefix_override:/home/pi/emli5_ws/install/plantsystem/lib/python3.10/site-packages:${PYTHONPATH} /usr/bin/python3 setup.py egg_info --egg-base ../../build/plantsystem build --build-base /home/pi/emli5_ws/build/plantsystem/build install --record /home/pi/emli5_ws/build/plantsystem/install.log --single-version-externally-managed
