[2.465s] Invoking command in '/home/pi/emli5_ws/src/plantsystem': PYTHONPATH=/home/pi/emli5_ws/build/plantsystem/prefix_override:/home/pi/emli5_ws/install/plantsystem/lib/python3.10/site-packages:${PYTHONPATH} /usr/bin/python3 setup.py egg_info --egg-base ../../build/plantsystem build --build-base /home/pi/emli5_ws/build/plantsystem/build install --record /home/pi/emli5_ws/build/plantsystem/install.log --single-version-externally-managed
[3.394s] running egg_info
[3.397s] writing ../../build/plantsystem/plantsystem.egg-info/PKG-INFO
[3.399s] writing dependency_links to ../../build/plantsystem/plantsystem.egg-info/dependency_links.txt
[3.401s] writing entry points to ../../build/plantsystem/plantsystem.egg-info/entry_points.txt
[3.401s] writing requirements to ../../build/plantsystem/plantsystem.egg-info/requires.txt
[3.402s] writing top-level names to ../../build/plantsystem/plantsystem.egg-info/top_level.txt
[3.410s] reading manifest file '../../build/plantsystem/plantsystem.egg-info/SOURCES.txt'
[3.413s] writing manifest file '../../build/plantsystem/plantsystem.egg-info/SOURCES.txt'
[3.414s] running build
[3.415s] running build_py
[3.416s] copying plantsystem/wateringsystem_node.py -> /home/pi/emli5_ws/build/plantsystem/build/lib/plantsystem
[3.418s] running install
[3.418s] /usr/lib/python3/dist-packages/setuptools/command/install.py:34: SetuptoolsDeprecationWarning: setup.py install is deprecated. Use build and pip and other standards-based tools.
[3.419s]   warnings.warn(
[3.420s] running install_lib
[3.423s] copying /home/pi/emli5_ws/build/plantsystem/build/lib/plantsystem/wateringsystem_node.py -> /home/pi/emli5_ws/install/plantsystem/lib/python3.10/site-packages/plantsystem
[3.427s] byte-compiling /home/pi/emli5_ws/install/plantsystem/lib/python3.10/site-packages/plantsystem/wateringsystem_node.py to wateringsystem_node.cpython-310.pyc
[3.432s] running install_data
[3.433s] running install_egg_info
[3.439s] removing '/home/pi/emli5_ws/install/plantsystem/lib/python3.10/site-packages/plantsystem-0.0.0-py3.10.egg-info' (and everything under it)
[3.449s] Copying ../../build/plantsystem/plantsystem.egg-info to /home/pi/emli5_ws/install/plantsystem/lib/python3.10/site-packages/plantsystem-0.0.0-py3.10.egg-info
[3.451s] running install_scripts
[3.533s] Installing farmer_node script to /home/pi/emli5_ws/install/plantsystem/lib/plantsystem
[3.535s] Installing pi_node script to /home/pi/emli5_ws/install/plantsystem/lib/plantsystem
[3.538s] Installing wateringsystem_node script to /home/pi/emli5_ws/install/plantsystem/lib/plantsystem
[3.540s] writing list of installed files to '/home/pi/emli5_ws/build/plantsystem/install.log'
[3.657s] Invoked command in '/home/pi/emli5_ws/src/plantsystem' returned '0': PYTHONPATH=/home/pi/emli5_ws/build/plantsystem/prefix_override:/home/pi/emli5_ws/install/plantsystem/lib/python3.10/site-packages:${PYTHONPATH} /usr/bin/python3 setup.py egg_info --egg-base ../../build/plantsystem build --build-base /home/pi/emli5_ws/build/plantsystem/build install --record /home/pi/emli5_ws/build/plantsystem/install.log --single-version-externally-managed
