[2.456s] Invoking command in '/home/pi/emli5_ws/src/plantsystem': PYTHONPATH=/home/pi/emli5_ws/build/plantsystem/prefix_override:/home/pi/emli5_ws/install/plantsystem/lib/python3.10/site-packages:${PYTHONPATH} /usr/bin/python3 setup.py egg_info --egg-base ../../build/plantsystem build --build-base /home/pi/emli5_ws/build/plantsystem/build install --record /home/pi/emli5_ws/build/plantsystem/install.log --single-version-externally-managed
[3.412s] running egg_info
[3.417s] writing ../../build/plantsystem/plantsystem.egg-info/PKG-INFO
[3.418s] writing dependency_links to ../../build/plantsystem/plantsystem.egg-info/dependency_links.txt
[3.419s] writing entry points to ../../build/plantsystem/plantsystem.egg-info/entry_points.txt
[3.420s] writing requirements to ../../build/plantsystem/plantsystem.egg-info/requires.txt
[3.420s] writing top-level names to ../../build/plantsystem/plantsystem.egg-info/top_level.txt
[3.426s] reading manifest file '../../build/plantsystem/plantsystem.egg-info/SOURCES.txt'
[3.431s] writing manifest file '../../build/plantsystem/plantsystem.egg-info/SOURCES.txt'
[3.433s] running build
[3.434s] running build_py
[3.436s] running install
[3.437s] /usr/lib/python3/dist-packages/setuptools/command/install.py:34: SetuptoolsDeprecationWarning: setup.py install is deprecated. Use build and pip and other standards-based tools.
[3.439s]   warnings.warn(
[3.441s] running install_lib
[3.442s] running install_data
[3.445s] running install_egg_info
[3.460s] removing '/home/pi/emli5_ws/install/plantsystem/lib/python3.10/site-packages/plantsystem-0.0.0-py3.10.egg-info' (and everything under it)
[3.463s] Copying ../../build/plantsystem/plantsystem.egg-info to /home/pi/emli5_ws/install/plantsystem/lib/python3.10/site-packages/plantsystem-0.0.0-py3.10.egg-info
[3.464s] running install_scripts
[3.545s] Installing farmer_node script to /home/pi/emli5_ws/install/plantsystem/lib/plantsystem
[3.546s] Installing pi_node script to /home/pi/emli5_ws/install/plantsystem/lib/plantsystem
[3.547s] Installing wateringsystem_node script to /home/pi/emli5_ws/install/plantsystem/lib/plantsystem
[3.549s] writing list of installed files to '/home/pi/emli5_ws/build/plantsystem/install.log'
[3.672s] Invoked command in '/home/pi/emli5_ws/src/plantsystem' returned '0': PYTHONPATH=/home/pi/emli5_ws/build/plantsystem/prefix_override:/home/pi/emli5_ws/install/plantsystem/lib/python3.10/site-packages:${PYTHONPATH} /usr/bin/python3 setup.py egg_info --egg-base ../../build/plantsystem build --build-base /home/pi/emli5_ws/build/plantsystem/build install --record /home/pi/emli5_ws/build/plantsystem/install.log --single-version-externally-managed
