/home/pi/emli_WS/install/plantsystem/lib/python3.10/site-packages/plantsystem/pi_node.py
/home/pi/emli_WS/install/plantsystem/lib/python3.10/site-packages/plantsystem/wateringsystem_node.py
/home/pi/emli_WS/install/plantsystem/lib/python3.10/site-packages/plantsystem/__init__.py
/home/pi/emli_WS/install/plantsystem/lib/python3.10/site-packages/plantsystem/farmer_node.py
/home/pi/emli_WS/install/plantsystem/lib/python3.10/site-packages/plantsystem/__pycache__/pi_node.cpython-310.pyc
/home/pi/emli_WS/install/plantsystem/lib/python3.10/site-packages/plantsystem/__pycache__/wateringsystem_node.cpython-310.pyc
/home/pi/emli_WS/install/plantsystem/lib/python3.10/site-packages/plantsystem/__pycache__/__init__.cpython-310.pyc
/home/pi/emli_WS/install/plantsystem/lib/python3.10/site-packages/plantsystem/__pycache__/farmer_node.cpython-310.pyc
/home/pi/emli_WS/install/plantsystem/share/ament_index/resource_index/packages/plantsystem
/home/pi/emli_WS/install/plantsystem/share/plantsystem/package.xml
/home/pi/emli_WS/install/plantsystem/lib/python3.10/site-packages/plantsystem-0.0.0-py3.10.egg-info/SOURCES.txt
/home/pi/emli_WS/install/plantsystem/lib/python3.10/site-packages/plantsystem-0.0.0-py3.10.egg-info/entry_points.txt
/home/pi/emli_WS/install/plantsystem/lib/python3.10/site-packages/plantsystem-0.0.0-py3.10.egg-info/zip-safe
/home/pi/emli_WS/install/plantsystem/lib/python3.10/site-packages/plantsystem-0.0.0-py3.10.egg-info/PKG-INFO
/home/pi/emli_WS/install/plantsystem/lib/python3.10/site-packages/plantsystem-0.0.0-py3.10.egg-info/dependency_links.txt
/home/pi/emli_WS/install/plantsystem/lib/python3.10/site-packages/plantsystem-0.0.0-py3.10.egg-info/requires.txt
/home/pi/emli_WS/install/plantsystem/lib/python3.10/site-packages/plantsystem-0.0.0-py3.10.egg-info/top_level.txt
/home/pi/emli_WS/install/plantsystem/lib/plantsystem/farmer_node
/home/pi/emli_WS/install/plantsystem/lib/plantsystem/pi_node
/home/pi/emli_WS/install/plantsystem/lib/plantsystem/wateringsystem_node
