[3.079s] Invoking command in '/home/pi/emli_WS/src/plantsystem': PYTHONPATH=/home/pi/emli_WS/build/plantsystem/prefix_override:/home/pi/emli_WS/install/plantsystem/lib/python3.10/site-packages:${PYTHONPATH} /usr/bin/python3 setup.py egg_info --egg-base ../../build/plantsystem build --build-base /home/pi/emli_WS/build/plantsystem/build install --record /home/pi/emli_WS/build/plantsystem/install.log --single-version-externally-managed
[4.257s] running egg_info
[4.260s] writing ../../build/plantsystem/plantsystem.egg-info/PKG-INFO
[4.261s] writing dependency_links to ../../build/plantsystem/plantsystem.egg-info/dependency_links.txt
[4.263s] writing entry points to ../../build/plantsystem/plantsystem.egg-info/entry_points.txt
[4.264s] writing requirements to ../../build/plantsystem/plantsystem.egg-info/requires.txt
[4.264s] writing top-level names to ../../build/plantsystem/plantsystem.egg-info/top_level.txt
[4.273s] reading manifest file '../../build/plantsystem/plantsystem.egg-info/SOURCES.txt'
[4.277s] writing manifest file '../../build/plantsystem/plantsystem.egg-info/SOURCES.txt'
[4.278s] running build
[4.278s] running build_py
[4.279s] copying plantsystem/pi_node.py -> /home/pi/emli_WS/build/plantsystem/build/lib/plantsystem
[4.281s] running install
[4.282s] /usr/lib/python3/dist-packages/setuptools/command/install.py:34: SetuptoolsDeprecationWarning: setup.py install is deprecated. Use build and pip and other standards-based tools.
[4.282s]   warnings.warn(
[4.283s] running install_lib
[4.287s] copying /home/pi/emli_WS/build/plantsystem/build/lib/plantsystem/pi_node.py -> /home/pi/emli_WS/install/plantsystem/lib/python3.10/site-packages/plantsystem
[4.290s] byte-compiling /home/pi/emli_WS/install/plantsystem/lib/python3.10/site-packages/plantsystem/pi_node.py to pi_node.cpython-310.pyc
[4.294s] running install_data
[4.297s] running install_egg_info
[4.304s] removing '/home/pi/emli_WS/install/plantsystem/lib/python3.10/site-packages/plantsystem-0.0.0-py3.10.egg-info' (and everything under it)
[4.306s] Copying ../../build/plantsystem/plantsystem.egg-info to /home/pi/emli_WS/install/plantsystem/lib/python3.10/site-packages/plantsystem-0.0.0-py3.10.egg-info
[4.311s] running install_scripts
[4.396s] Installing farmer_node script to /home/pi/emli_WS/install/plantsystem/lib/plantsystem
[4.397s] Installing pi_node script to /home/pi/emli_WS/install/plantsystem/lib/plantsystem
[4.398s] Installing wateringsystem_node script to /home/pi/emli_WS/install/plantsystem/lib/plantsystem
[4.400s] writing list of installed files to '/home/pi/emli_WS/build/plantsystem/install.log'
[4.539s] Invoked command in '/home/pi/emli_WS/src/plantsystem' returned '0': PYTHONPATH=/home/pi/emli_WS/build/plantsystem/prefix_override:/home/pi/emli_WS/install/plantsystem/lib/python3.10/site-packages:${PYTHONPATH} /usr/bin/python3 setup.py egg_info --egg-base ../../build/plantsystem build --build-base /home/pi/emli_WS/build/plantsystem/build install --record /home/pi/emli_WS/build/plantsystem/install.log --single-version-externally-managed
