[1.270s] DEBUG:colcon:Command line arguments: ['/usr/bin/colcon', 'build', '--packages-select', 'plantsystem']
[1.270s] DEBUG:colcon:Parsed command line arguments: Namespace(log_base=None, log_level=None, verb_name='build', build_base='build', install_base='install', merge_install=False, symlink_install=False, test_result_base=None, continue_on_error=False, executor='parallel', parallel_workers=4, event_handlers=None, ignore_user_meta=False, metas=['./colcon.meta'], base_paths=['.'], packages_ignore=None, packages_ignore_regex=None, paths=None, packages_up_to=None, packages_up_to_regex=None, packages_above=None, packages_above_and_dependencies=None, packages_above_depth=None, packages_select_by_dep=None, packages_skip_by_dep=None, packages_skip_up_to=None, packages_select_build_failed=False, packages_skip_build_finished=False, packages_select_test_failures=False, packages_skip_test_passed=False, packages_select=['plantsystem'], packages_skip=None, packages_select_regex=None, packages_skip_regex=None, packages_start=None, packages_end=None, allow_overriding=[], cmake_args=None, cmake_target=None, cmake_target_skip_unavailable=False, cmake_clean_cache=False, cmake_clean_first=False, cmake_force_configure=False, ament_cmake_args=None, catkin_cmake_args=None, catkin_skip_building_tests=False, verb_parser=<colcon_defaults.argument_parser.defaults.DefaultArgumentsDecorator object at 0xffffb384bb80>, verb_extension=<colcon_core.verb.build.BuildVerb object at 0xffffb40cf400>, main=<bound method BuildVerb.main of <colcon_core.verb.build.BuildVerb object at 0xffffb40cf400>>)
[1.404s] Level 1:colcon.colcon_core.package_discovery:discover_packages(colcon_meta) check parameters
[1.405s] Level 1:colcon.colcon_core.package_discovery:discover_packages(recursive) check parameters
[1.405s] Level 1:colcon.colcon_core.package_discovery:discover_packages(ignore) check parameters
[1.405s] Level 1:colcon.colcon_core.package_discovery:discover_packages(path) check parameters
[1.405s] Level 1:colcon.colcon_core.package_discovery:discover_packages(colcon_meta) discover
[1.406s] Level 1:colcon.colcon_core.package_discovery:discover_packages(recursive) discover
[1.406s] INFO:colcon.colcon_core.package_discovery:Crawling recursively for packages in '/home/pi/emli5_ws'
[1.407s] Level 1:colcon.colcon_core.package_identification:_identify(.) by extensions ['ignore', 'ignore_ament_install']
[1.407s] Level 1:colcon.colcon_core.package_identification:_identify(.) by extension 'ignore'
[1.407s] Level 1:colcon.colcon_core.package_identification:_identify(.) by extension 'ignore_ament_install'
[1.408s] Level 1:colcon.colcon_core.package_identification:_identify(.) by extensions ['colcon_pkg']
[1.408s] Level 1:colcon.colcon_core.package_identification:_identify(.) by extension 'colcon_pkg'
[1.408s] Level 1:colcon.colcon_core.package_identification:_identify(.) by extensions ['colcon_meta']
[1.408s] Level 1:colcon.colcon_core.package_identification:_identify(.) by extension 'colcon_meta'
[1.409s] Level 1:colcon.colcon_core.package_identification:_identify(.) by extensions ['ros']
[1.409s] Level 1:colcon.colcon_core.package_identification:_identify(.) by extension 'ros'
[1.456s] Level 1:colcon.colcon_core.package_identification:_identify(.) by extensions ['cmake', 'python']
[1.457s] Level 1:colcon.colcon_core.package_identification:_identify(.) by extension 'cmake'
[1.457s] Level 1:colcon.colcon_core.package_identification:_identify(.) by extension 'python'
[1.457s] Level 1:colcon.colcon_core.package_identification:_identify(.) by extensions ['python_setup_py']
[1.457s] Level 1:colcon.colcon_core.package_identification:_identify(.) by extension 'python_setup_py'
[1.458s] Level 1:colcon.colcon_core.package_identification:_identify(__pycache__) by extensions ['ignore', 'ignore_ament_install']
[1.458s] Level 1:colcon.colcon_core.package_identification:_identify(__pycache__) by extension 'ignore'
[1.459s] Level 1:colcon.colcon_core.package_identification:_identify(__pycache__) by extension 'ignore_ament_install'
[1.459s] Level 1:colcon.colcon_core.package_identification:_identify(__pycache__) by extensions ['colcon_pkg']
[1.459s] Level 1:colcon.colcon_core.package_identification:_identify(__pycache__) by extension 'colcon_pkg'
[1.460s] Level 1:colcon.colcon_core.package_identification:_identify(__pycache__) by extensions ['colcon_meta']
[1.460s] Level 1:colcon.colcon_core.package_identification:_identify(__pycache__) by extension 'colcon_meta'
[1.460s] Level 1:colcon.colcon_core.package_identification:_identify(__pycache__) by extensions ['ros']
[1.460s] Level 1:colcon.colcon_core.package_identification:_identify(__pycache__) by extension 'ros'
[1.461s] Level 1:colcon.colcon_core.package_identification:_identify(__pycache__) by extensions ['cmake', 'python']
[1.461s] Level 1:colcon.colcon_core.package_identification:_identify(__pycache__) by extension 'cmake'
[1.461s] Level 1:colcon.colcon_core.package_identification:_identify(__pycache__) by extension 'python'
[1.461s] Level 1:colcon.colcon_core.package_identification:_identify(__pycache__) by extensions ['python_setup_py']
[1.462s] Level 1:colcon.colcon_core.package_identification:_identify(__pycache__) by extension 'python_setup_py'
[1.462s] Level 1:colcon.colcon_core.package_identification:_identify(boot) by extensions ['ignore', 'ignore_ament_install']
[1.462s] Level 1:colcon.colcon_core.package_identification:_identify(boot) by extension 'ignore'
[1.463s] Level 1:colcon.colcon_core.package_identification:_identify(boot) by extension 'ignore_ament_install'
[1.463s] Level 1:colcon.colcon_core.package_identification:_identify(boot) by extensions ['colcon_pkg']
[1.463s] Level 1:colcon.colcon_core.package_identification:_identify(boot) by extension 'colcon_pkg'
[1.464s] Level 1:colcon.colcon_core.package_identification:_identify(boot) by extensions ['colcon_meta']
[1.464s] Level 1:colcon.colcon_core.package_identification:_identify(boot) by extension 'colcon_meta'
[1.464s] Level 1:colcon.colcon_core.package_identification:_identify(boot) by extensions ['ros']
[1.464s] Level 1:colcon.colcon_core.package_identification:_identify(boot) by extension 'ros'
[1.465s] Level 1:colcon.colcon_core.package_identification:_identify(boot) by extensions ['cmake', 'python']
[1.465s] Level 1:colcon.colcon_core.package_identification:_identify(boot) by extension 'cmake'
[1.465s] Level 1:colcon.colcon_core.package_identification:_identify(boot) by extension 'python'
[1.465s] Level 1:colcon.colcon_core.package_identification:_identify(boot) by extensions ['python_setup_py']
[1.465s] Level 1:colcon.colcon_core.package_identification:_identify(boot) by extension 'python_setup_py'
[1.466s] Level 1:colcon.colcon_core.package_identification:_identify(build) by extensions ['ignore', 'ignore_ament_install']
[1.466s] Level 1:colcon.colcon_core.package_identification:_identify(build) by extension 'ignore'
[1.467s] Level 1:colcon.colcon_core.package_identification:_identify(build) ignored
[1.467s] Level 1:colcon.colcon_core.package_identification:_identify(grafana) by extensions ['ignore', 'ignore_ament_install']
[1.468s] Level 1:colcon.colcon_core.package_identification:_identify(grafana) by extension 'ignore'
[1.468s] Level 1:colcon.colcon_core.package_identification:_identify(grafana) by extension 'ignore_ament_install'
[1.468s] Level 1:colcon.colcon_core.package_identification:_identify(grafana) by extensions ['colcon_pkg']
[1.469s] Level 1:colcon.colcon_core.package_identification:_identify(grafana) by extension 'colcon_pkg'
[1.469s] Level 1:colcon.colcon_core.package_identification:_identify(grafana) by extensions ['colcon_meta']
[1.469s] Level 1:colcon.colcon_core.package_identification:_identify(grafana) by extension 'colcon_meta'
[1.469s] Level 1:colcon.colcon_core.package_identification:_identify(grafana) by extensions ['ros']
[1.469s] Level 1:colcon.colcon_core.package_identification:_identify(grafana) by extension 'ros'
[1.470s] Level 1:colcon.colcon_core.package_identification:_identify(grafana) by extensions ['cmake', 'python']
[1.470s] Level 1:colcon.colcon_core.package_identification:_identify(grafana) by extension 'cmake'
[1.470s] Level 1:colcon.colcon_core.package_identification:_identify(grafana) by extension 'python'
[1.470s] Level 1:colcon.colcon_core.package_identification:_identify(grafana) by extensions ['python_setup_py']
[1.471s] Level 1:colcon.colcon_core.package_identification:_identify(grafana) by extension 'python_setup_py'
[1.471s] Level 1:colcon.colcon_core.package_identification:_identify(install) by extensions ['ignore', 'ignore_ament_install']
[1.472s] Level 1:colcon.colcon_core.package_identification:_identify(install) by extension 'ignore'
[1.472s] Level 1:colcon.colcon_core.package_identification:_identify(install) ignored
[1.474s] Level 1:colcon.colcon_core.package_identification:_identify(log) by extensions ['ignore', 'ignore_ament_install']
[1.475s] Level 1:colcon.colcon_core.package_identification:_identify(log) by extension 'ignore'
[1.475s] Level 1:colcon.colcon_core.package_identification:_identify(log) ignored
[1.475s] Level 1:colcon.colcon_core.package_identification:_identify(src) by extensions ['ignore', 'ignore_ament_install']
[1.476s] Level 1:colcon.colcon_core.package_identification:_identify(src) by extension 'ignore'
[1.476s] Level 1:colcon.colcon_core.package_identification:_identify(src) by extension 'ignore_ament_install'
[1.476s] Level 1:colcon.colcon_core.package_identification:_identify(src) by extensions ['colcon_pkg']
[1.477s] Level 1:colcon.colcon_core.package_identification:_identify(src) by extension 'colcon_pkg'
[1.477s] Level 1:colcon.colcon_core.package_identification:_identify(src) by extensions ['colcon_meta']
[1.477s] Level 1:colcon.colcon_core.package_identification:_identify(src) by extension 'colcon_meta'
[1.477s] Level 1:colcon.colcon_core.package_identification:_identify(src) by extensions ['ros']
[1.477s] Level 1:colcon.colcon_core.package_identification:_identify(src) by extension 'ros'
[1.478s] Level 1:colcon.colcon_core.package_identification:_identify(src) by extensions ['cmake', 'python']
[1.478s] Level 1:colcon.colcon_core.package_identification:_identify(src) by extension 'cmake'
[1.478s] Level 1:colcon.colcon_core.package_identification:_identify(src) by extension 'python'
[1.478s] Level 1:colcon.colcon_core.package_identification:_identify(src) by extensions ['python_setup_py']
[1.479s] Level 1:colcon.colcon_core.package_identification:_identify(src) by extension 'python_setup_py'
[1.479s] Level 1:colcon.colcon_core.package_identification:_identify(src/plantsystem) by extensions ['ignore', 'ignore_ament_install']
[1.480s] Level 1:colcon.colcon_core.package_identification:_identify(src/plantsystem) by extension 'ignore'
[1.480s] Level 1:colcon.colcon_core.package_identification:_identify(src/plantsystem) by extension 'ignore_ament_install'
[1.480s] Level 1:colcon.colcon_core.package_identification:_identify(src/plantsystem) by extensions ['colcon_pkg']
[1.481s] Level 1:colcon.colcon_core.package_identification:_identify(src/plantsystem) by extension 'colcon_pkg'
[1.481s] Level 1:colcon.colcon_core.package_identification:_identify(src/plantsystem) by extensions ['colcon_meta']
[1.481s] Level 1:colcon.colcon_core.package_identification:_identify(src/plantsystem) by extension 'colcon_meta'
[1.481s] Level 1:colcon.colcon_core.package_identification:_identify(src/plantsystem) by extensions ['ros']
[1.481s] Level 1:colcon.colcon_core.package_identification:_identify(src/plantsystem) by extension 'ros'
[1.490s] DEBUG:colcon.colcon_core.package_identification:Package 'src/plantsystem' with type 'ros.ament_python' and name 'plantsystem'
[1.491s] Level 1:colcon.colcon_core.package_identification:_identify(system_info) by extensions ['ignore', 'ignore_ament_install']
[1.491s] Level 1:colcon.colcon_core.package_identification:_identify(system_info) by extension 'ignore'
[1.492s] Level 1:colcon.colcon_core.package_identification:_identify(system_info) by extension 'ignore_ament_install'
[1.492s] Level 1:colcon.colcon_core.package_identification:_identify(system_info) by extensions ['colcon_pkg']
[1.492s] Level 1:colcon.colcon_core.package_identification:_identify(system_info) by extension 'colcon_pkg'
[1.493s] Level 1:colcon.colcon_core.package_identification:_identify(system_info) by extensions ['colcon_meta']
[1.493s] Level 1:colcon.colcon_core.package_identification:_identify(system_info) by extension 'colcon_meta'
[1.493s] Level 1:colcon.colcon_core.package_identification:_identify(system_info) by extensions ['ros']
[1.493s] Level 1:colcon.colcon_core.package_identification:_identify(system_info) by extension 'ros'
[1.494s] Level 1:colcon.colcon_core.package_identification:_identify(system_info) by extensions ['cmake', 'python']
[1.494s] Level 1:colcon.colcon_core.package_identification:_identify(system_info) by extension 'cmake'
[1.494s] Level 1:colcon.colcon_core.package_identification:_identify(system_info) by extension 'python'
[1.494s] Level 1:colcon.colcon_core.package_identification:_identify(system_info) by extensions ['python_setup_py']
[1.495s] Level 1:colcon.colcon_core.package_identification:_identify(system_info) by extension 'python_setup_py'
[1.495s] Level 1:colcon.colcon_core.package_discovery:discover_packages(recursive) using defaults
[1.495s] Level 1:colcon.colcon_core.package_discovery:discover_packages(ignore) discover
[1.495s] Level 1:colcon.colcon_core.package_discovery:discover_packages(ignore) using defaults
[1.495s] Level 1:colcon.colcon_core.package_discovery:discover_packages(path) discover
[1.496s] Level 1:colcon.colcon_core.package_discovery:discover_packages(path) using defaults
[1.583s] Level 1:colcon.colcon_core.package_discovery:discover_packages(prefix_path) check parameters
[1.583s] Level 1:colcon.colcon_core.package_discovery:discover_packages(prefix_path) discover
[1.597s] DEBUG:colcon.colcon_installed_package_information.package_discovery:Found 1 installed packages in /home/pi/emli5_ws/install
[1.606s] DEBUG:colcon.colcon_installed_package_information.package_discovery:Found 181 installed packages in /opt/ros/humble
[1.610s] Level 1:colcon.colcon_core.package_discovery:discover_packages(prefix_path) using defaults
[1.787s] Level 5:colcon.colcon_core.verb:set package 'plantsystem' build argument 'cmake_args' from command line to 'None'
[1.787s] Level 5:colcon.colcon_core.verb:set package 'plantsystem' build argument 'cmake_target' from command line to 'None'
[1.787s] Level 5:colcon.colcon_core.verb:set package 'plantsystem' build argument 'cmake_target_skip_unavailable' from command line to 'False'
[1.787s] Level 5:colcon.colcon_core.verb:set package 'plantsystem' build argument 'cmake_clean_cache' from command line to 'False'
[1.788s] Level 5:colcon.colcon_core.verb:set package 'plantsystem' build argument 'cmake_clean_first' from command line to 'False'
[1.788s] Level 5:colcon.colcon_core.verb:set package 'plantsystem' build argument 'cmake_force_configure' from command line to 'False'
[1.788s] Level 5:colcon.colcon_core.verb:set package 'plantsystem' build argument 'ament_cmake_args' from command line to 'None'
[1.788s] Level 5:colcon.colcon_core.verb:set package 'plantsystem' build argument 'catkin_cmake_args' from command line to 'None'
[1.788s] Level 5:colcon.colcon_core.verb:set package 'plantsystem' build argument 'catkin_skip_building_tests' from command line to 'False'
[1.788s] DEBUG:colcon.colcon_core.verb:Building package 'plantsystem' with the following arguments: {'ament_cmake_args': None, 'build_base': '/home/pi/emli5_ws/build/plantsystem', 'catkin_cmake_args': None, 'catkin_skip_building_tests': False, 'cmake_args': None, 'cmake_clean_cache': False, 'cmake_clean_first': False, 'cmake_force_configure': False, 'cmake_target': None, 'cmake_target_skip_unavailable': False, 'install_base': '/home/pi/emli5_ws/install/plantsystem', 'merge_install': False, 'path': '/home/pi/emli5_ws/src/plantsystem', 'symlink_install': False, 'test_result_base': None}
[1.791s] INFO:colcon.colcon_core.executor:Executing jobs using 'parallel' executor
[1.803s] DEBUG:colcon.colcon_parallel_executor.executor.parallel:run_until_complete
[1.804s] INFO:colcon.colcon_ros.task.ament_python.build:Building ROS package in '/home/pi/emli5_ws/src/plantsystem' with build type 'ament_python'
[1.805s] Level 1:colcon.colcon_core.shell:create_environment_hook('plantsystem', 'ament_prefix_path')
[1.824s] INFO:colcon.colcon_core.plugin_system:Skipping extension 'colcon_core.shell.bat': Not used on non-Windows systems
[1.825s] INFO:colcon.colcon_core.shell:Creating environment hook '/home/pi/emli5_ws/install/plantsystem/share/plantsystem/hook/ament_prefix_path.ps1'
[1.827s] INFO:colcon.colcon_core.shell:Creating environment descriptor '/home/pi/emli5_ws/install/plantsystem/share/plantsystem/hook/ament_prefix_path.dsv'
[1.830s] INFO:colcon.colcon_core.shell:Creating environment hook '/home/pi/emli5_ws/install/plantsystem/share/plantsystem/hook/ament_prefix_path.sh'
[1.837s] INFO:colcon.colcon_core.shell:Skip shell extension 'powershell' for command environment: Not usable outside of PowerShell
[1.838s] DEBUG:colcon.colcon_core.shell:Skip shell extension 'dsv' for command environment
[2.908s] INFO:colcon.colcon_core.task.python.build:Building Python package in '/home/pi/emli5_ws/src/plantsystem'
[2.913s] INFO:colcon.colcon_core.shell:Skip shell extension 'powershell' for command environment: Not usable outside of PowerShell
[2.914s] DEBUG:colcon.colcon_core.shell:Skip shell extension 'dsv' for command environment
[4.273s] DEBUG:colcon.colcon_core.event_handler.log_command:Invoking command in '/home/pi/emli5_ws/src/plantsystem': PYTHONPATH=/home/pi/emli5_ws/build/plantsystem/prefix_override:/home/pi/emli5_ws/install/plantsystem/lib/python3.10/site-packages:${PYTHONPATH} /usr/bin/python3 setup.py egg_info --egg-base ../../build/plantsystem build --build-base /home/pi/emli5_ws/build/plantsystem/build install --record /home/pi/emli5_ws/build/plantsystem/install.log --single-version-externally-managed
[5.323s] DEBUG:colcon.colcon_core.event_handler.log_command:Invoked command in '/home/pi/emli5_ws/src/plantsystem' returned '1': PYTHONPATH=/home/pi/emli5_ws/build/plantsystem/prefix_override:/home/pi/emli5_ws/install/plantsystem/lib/python3.10/site-packages:${PYTHONPATH} /usr/bin/python3 setup.py egg_info --egg-base ../../build/plantsystem build --build-base /home/pi/emli5_ws/build/plantsystem/build install --record /home/pi/emli5_ws/build/plantsystem/install.log --single-version-externally-managed
[5.332s] DEBUG:colcon.colcon_parallel_executor.executor.parallel:closing loop
[5.333s] DEBUG:colcon.colcon_parallel_executor.executor.parallel:loop closed
[5.333s] DEBUG:colcon.colcon_parallel_executor.executor.parallel:run_until_complete finished with '1'
[5.333s] DEBUG:colcon.colcon_core.event_reactor:joining thread
[5.357s] INFO:colcon.colcon_core.plugin_system:Skipping extension 'colcon_notification.desktop_notification.terminal_notifier': Not used on non-Darwin systems
[5.358s] INFO:colcon.colcon_core.plugin_system:Skipping extension 'colcon_notification.desktop_notification.win32': Not used on non-Windows systems
[5.358s] INFO:colcon.colcon_notification.desktop_notification:Sending desktop notification using 'notify2'
[5.363s] DEBUG:colcon.colcon_notification.desktop_notification.notify2:Failed to initialize notify2: org.freedesktop.DBus.Error.ServiceUnknown: The name org.freedesktop.Notifications was not provided by any .service files
[5.363s] DEBUG:colcon.colcon_core.event_reactor:joined thread
[5.370s] INFO:colcon.colcon_core.shell:Creating prefix script '/home/pi/emli5_ws/install/local_setup.ps1'
[5.375s] INFO:colcon.colcon_core.shell:Creating prefix util module '/home/pi/emli5_ws/install/_local_setup_util_ps1.py'
[5.382s] INFO:colcon.colcon_core.shell:Creating prefix chain script '/home/pi/emli5_ws/install/setup.ps1'
[5.388s] INFO:colcon.colcon_core.shell:Creating prefix script '/home/pi/emli5_ws/install/local_setup.sh'
[5.391s] INFO:colcon.colcon_core.shell:Creating prefix util module '/home/pi/emli5_ws/install/_local_setup_util_sh.py'
[5.394s] INFO:colcon.colcon_core.shell:Creating prefix chain script '/home/pi/emli5_ws/install/setup.sh'
[5.399s] INFO:colcon.colcon_core.shell:Creating prefix script '/home/pi/emli5_ws/install/local_setup.bash'
[5.402s] INFO:colcon.colcon_core.shell:Creating prefix chain script '/home/pi/emli5_ws/install/setup.bash'
[5.407s] INFO:colcon.colcon_core.shell:Creating prefix script '/home/pi/emli5_ws/install/local_setup.zsh'
[5.410s] INFO:colcon.colcon_core.shell:Creating prefix chain script '/home/pi/emli5_ws/install/setup.zsh'
