[2.348s] Invoking command in '/home/pi/emli5_ws/src/plantsystem': PYTHONPATH=/home/pi/emli5_ws/build/plantsystem/prefix_override:/home/pi/emli5_ws/install/plantsystem/lib/python3.10/site-packages:${PYTHONPATH} /usr/bin/python3 setup.py egg_info --egg-base ../../build/plantsystem build --build-base /home/pi/emli5_ws/build/plantsystem/build install --record /home/pi/emli5_ws/build/plantsystem/install.log --single-version-externally-managed
[3.245s] running egg_info
[3.248s] writing ../../build/plantsystem/plantsystem.egg-info/PKG-INFO
[3.254s] writing dependency_links to ../../build/plantsystem/plantsystem.egg-info/dependency_links.txt
[3.255s] writing entry points to ../../build/plantsystem/plantsystem.egg-info/entry_points.txt
[3.256s] writing requirements to ../../build/plantsystem/plantsystem.egg-info/requires.txt
[3.256s] writing top-level names to ../../build/plantsystem/plantsystem.egg-info/top_level.txt
[3.264s] reading manifest file '../../build/plantsystem/plantsystem.egg-info/SOURCES.txt'
[3.268s] writing manifest file '../../build/plantsystem/plantsystem.egg-info/SOURCES.txt'
[3.269s] running build
[3.269s] running build_py
[3.270s] copying plantsystem/wateringsystem_node.py -> /home/pi/emli5_ws/build/plantsystem/build/lib/plantsystem
[3.272s] running install
[3.273s] /usr/lib/python3/dist-packages/setuptools/command/install.py:34: SetuptoolsDeprecationWarning: setup.py install is deprecated. Use build and pip and other standards-based tools.
[3.274s]   warnings.warn(
[3.274s] running install_lib
[3.278s] copying /home/pi/emli5_ws/build/plantsystem/build/lib/plantsystem/wateringsystem_node.py -> /home/pi/emli5_ws/install/plantsystem/lib/python3.10/site-packages/plantsystem
[3.281s] byte-compiling /home/pi/emli5_ws/install/plantsystem/lib/python3.10/site-packages/plantsystem/wateringsystem_node.py to wateringsystem_node.cpython-310.pyc
[3.284s] running install_data
[3.286s] running install_egg_info
[3.293s] removing '/home/pi/emli5_ws/install/plantsystem/lib/python3.10/site-packages/plantsystem-0.0.0-py3.10.egg-info' (and everything under it)
[3.294s] Copying ../../build/plantsystem/plantsystem.egg-info to /home/pi/emli5_ws/install/plantsystem/lib/python3.10/site-packages/plantsystem-0.0.0-py3.10.egg-info
[3.301s] running install_scripts
[3.378s] Installing farmer_node script to /home/pi/emli5_ws/install/plantsystem/lib/plantsystem
[3.379s] Installing pi_node script to /home/pi/emli5_ws/install/plantsystem/lib/plantsystem
[3.380s] Installing wateringsystem_node script to /home/pi/emli5_ws/install/plantsystem/lib/plantsystem
[3.382s] writing list of installed files to '/home/pi/emli5_ws/build/plantsystem/install.log'
[3.502s] Invoked command in '/home/pi/emli5_ws/src/plantsystem' returned '0': PYTHONPATH=/home/pi/emli5_ws/build/plantsystem/prefix_override:/home/pi/emli5_ws/install/plantsystem/lib/python3.10/site-packages:${PYTHONPATH} /usr/bin/python3 setup.py egg_info --egg-base ../../build/plantsystem build --build-base /home/pi/emli5_ws/build/plantsystem/build install --record /home/pi/emli5_ws/build/plantsystem/install.log --single-version-externally-managed
