[1.264s] DEBUG:colcon:Command line arguments: ['/usr/bin/colcon', 'build', '--packages-select', 'plantsystem']
[1.264s] DEBUG:colcon:Parsed command line arguments: Namespace(log_base=None, log_level=None, verb_name='build', build_base='build', install_base='install', merge_install=False, symlink_install=False, test_result_base=None, continue_on_error=False, executor='parallel', parallel_workers=4, event_handlers=None, ignore_user_meta=False, metas=['./colcon.meta'], base_paths=['.'], packages_ignore=None, packages_ignore_regex=None, paths=None, packages_up_to=None, packages_up_to_regex=None, packages_above=None, packages_above_and_dependencies=None, packages_above_depth=None, packages_select_by_dep=None, packages_skip_by_dep=None, packages_skip_up_to=None, packages_select_build_failed=False, packages_skip_build_finished=False, packages_select_test_failures=False, packages_skip_test_passed=False, packages_select=['plantsystem'], packages_skip=None, packages_select_regex=None, packages_skip_regex=None, packages_start=None, packages_end=None, allow_overriding=[], cmake_args=None, cmake_target=None, cmake_target_skip_unavailable=False, cmake_clean_cache=False, cmake_clean_first=False, cmake_force_configure=False, ament_cmake_args=None, catkin_cmake_args=None, catkin_skip_building_tests=False, verb_parser=<colcon_defaults.argument_parser.defaults.DefaultArgumentsDecorator object at 0xffffab76ba30>, verb_extension=<colcon_core.verb.build.BuildVerb object at 0xffffabfef400>, main=<bound method BuildVerb.main of <colcon_core.verb.build.BuildVerb object at 0xffffabfef400>>)
[1.398s] Level 1:colcon.colcon_core.package_discovery:discover_packages(colcon_meta) check parameters
[1.398s] Level 1:colcon.colcon_core.package_discovery:discover_packages(recursive) check parameters
[1.399s] Level 1:colcon.colcon_core.package_discovery:discover_packages(ignore) check parameters
[1.399s] Level 1:colcon.colcon_core.package_discovery:discover_packages(path) check parameters
[1.399s] Level 1:colcon.colcon_core.package_discovery:discover_packages(colcon_meta) discover
[1.399s] Level 1:colcon.colcon_core.package_discovery:discover_packages(recursive) discover
[1.400s] INFO:colcon.colcon_core.package_discovery:Crawling recursively for packages in '/home/pi/emli5_ws'
[1.400s] Level 1:colcon.colcon_core.package_identification:_identify(.) by extensions ['ignore', 'ignore_ament_install']
[1.401s] Level 1:colcon.colcon_core.package_identification:_identify(.) by extension 'ignore'
[1.401s] Level 1:colcon.colcon_core.package_identification:_identify(.) by extension 'ignore_ament_install'
[1.401s] Level 1:colcon.colcon_core.package_identification:_identify(.) by extensions ['colcon_pkg']
[1.401s] Level 1:colcon.colcon_core.package_identification:_identify(.) by extension 'colcon_pkg'
[1.402s] Level 1:colcon.colcon_core.package_identification:_identify(.) by extensions ['colcon_meta']
[1.402s] Level 1:colcon.colcon_core.package_identification:_identify(.) by extension 'colcon_meta'
[1.402s] Level 1:colcon.colcon_core.package_identification:_identify(.) by extensions ['ros']
[1.402s] Level 1:colcon.colcon_core.package_identification:_identify(.) by extension 'ros'
[1.449s] Level 1:colcon.colcon_core.package_identification:_identify(.) by extensions ['cmake', 'python']
[1.449s] Level 1:colcon.colcon_core.package_identification:_identify(.) by extension 'cmake'
[1.450s] Level 1:colcon.colcon_core.package_identification:_identify(.) by extension 'python'
[1.450s] Level 1:colcon.colcon_core.package_identification:_identify(.) by extensions ['python_setup_py']
[1.450s] Level 1:colcon.colcon_core.package_identification:_identify(.) by extension 'python_setup_py'
[1.451s] Level 1:colcon.colcon_core.package_identification:_identify(__pycache__) by extensions ['ignore', 'ignore_ament_install']
[1.451s] Level 1:colcon.colcon_core.package_identification:_identify(__pycache__) by extension 'ignore'
[1.451s] Level 1:colcon.colcon_core.package_identification:_identify(__pycache__) by extension 'ignore_ament_install'
[1.452s] Level 1:colcon.colcon_core.package_identification:_identify(__pycache__) by extensions ['colcon_pkg']
[1.452s] Level 1:colcon.colcon_core.package_identification:_identify(__pycache__) by extension 'colcon_pkg'
[1.452s] Level 1:colcon.colcon_core.package_identification:_identify(__pycache__) by extensions ['colcon_meta']
[1.452s] Level 1:colcon.colcon_core.package_identification:_identify(__pycache__) by extension 'colcon_meta'
[1.453s] Level 1:colcon.colcon_core.package_identification:_identify(__pycache__) by extensions ['ros']
[1.453s] Level 1:colcon.colcon_core.package_identification:_identify(__pycache__) by extension 'ros'
[1.453s] Level 1:colcon.colcon_core.package_identification:_identify(__pycache__) by extensions ['cmake', 'python']
[1.453s] Level 1:colcon.colcon_core.package_identification:_identify(__pycache__) by extension 'cmake'
[1.454s] Level 1:colcon.colcon_core.package_identification:_identify(__pycache__) by extension 'python'
[1.454s] Level 1:colcon.colcon_core.package_identification:_identify(__pycache__) by extensions ['python_setup_py']
[1.454s] Level 1:colcon.colcon_core.package_identification:_identify(__pycache__) by extension 'python_setup_py'
[1.455s] Level 1:colcon.colcon_core.package_identification:_identify(boot) by extensions ['ignore', 'ignore_ament_install']
[1.455s] Level 1:colcon.colcon_core.package_identification:_identify(boot) by extension 'ignore'
[1.455s] Level 1:colcon.colcon_core.package_identification:_identify(boot) by extension 'ignore_ament_install'
[1.456s] Level 1:colcon.colcon_core.package_identification:_identify(boot) by extensions ['colcon_pkg']
[1.456s] Level 1:colcon.colcon_core.package_identification:_identify(boot) by extension 'colcon_pkg'
[1.456s] Level 1:colcon.colcon_core.package_identification:_identify(boot) by extensions ['colcon_meta']
[1.456s] Level 1:colcon.colcon_core.package_identification:_identify(boot) by extension 'colcon_meta'
[1.456s] Level 1:colcon.colcon_core.package_identification:_identify(boot) by extensions ['ros']
[1.457s] Level 1:colcon.colcon_core.package_identification:_identify(boot) by extension 'ros'
[1.457s] Level 1:colcon.colcon_core.package_identification:_identify(boot) by extensions ['cmake', 'python']
[1.457s] Level 1:colcon.colcon_core.package_identification:_identify(boot) by extension 'cmake'
[1.457s] Level 1:colcon.colcon_core.package_identification:_identify(boot) by extension 'python'
[1.458s] Level 1:colcon.colcon_core.package_identification:_identify(boot) by extensions ['python_setup_py']
[1.458s] Level 1:colcon.colcon_core.package_identification:_identify(boot) by extension 'python_setup_py'
[1.458s] Level 1:colcon.colcon_core.package_identification:_identify(build) by extensions ['ignore', 'ignore_ament_install']
[1.459s] Level 1:colcon.colcon_core.package_identification:_identify(build) by extension 'ignore'
[1.459s] Level 1:colcon.colcon_core.package_identification:_identify(build) ignored
[1.460s] Level 1:colcon.colcon_core.package_identification:_identify(grafana) by extensions ['ignore', 'ignore_ament_install']
[1.460s] Level 1:colcon.colcon_core.package_identification:_identify(grafana) by extension 'ignore'
[1.460s] Level 1:colcon.colcon_core.package_identification:_identify(grafana) by extension 'ignore_ament_install'
[1.461s] Level 1:colcon.colcon_core.package_identification:_identify(grafana) by extensions ['colcon_pkg']
[1.461s] Level 1:colcon.colcon_core.package_identification:_identify(grafana) by extension 'colcon_pkg'
[1.461s] Level 1:colcon.colcon_core.package_identification:_identify(grafana) by extensions ['colcon_meta']
[1.461s] Level 1:colcon.colcon_core.package_identification:_identify(grafana) by extension 'colcon_meta'
[1.461s] Level 1:colcon.colcon_core.package_identification:_identify(grafana) by extensions ['ros']
[1.462s] Level 1:colcon.colcon_core.package_identification:_identify(grafana) by extension 'ros'
[1.462s] Level 1:colcon.colcon_core.package_identification:_identify(grafana) by extensions ['cmake', 'python']
[1.462s] Level 1:colcon.colcon_core.package_identification:_identify(grafana) by extension 'cmake'
[1.462s] Level 1:colcon.colcon_core.package_identification:_identify(grafana) by extension 'python'
[1.463s] Level 1:colcon.colcon_core.package_identification:_identify(grafana) by extensions ['python_setup_py']
[1.463s] Level 1:colcon.colcon_core.package_identification:_identify(grafana) by extension 'python_setup_py'
[1.464s] Level 1:colcon.colcon_core.package_identification:_identify(install) by extensions ['ignore', 'ignore_ament_install']
[1.464s] Level 1:colcon.colcon_core.package_identification:_identify(install) by extension 'ignore'
[1.464s] Level 1:colcon.colcon_core.package_identification:_identify(install) ignored
[1.466s] Level 1:colcon.colcon_core.package_identification:_identify(log) by extensions ['ignore', 'ignore_ament_install']
[1.467s] Level 1:colcon.colcon_core.package_identification:_identify(log) by extension 'ignore'
[1.467s] Level 1:colcon.colcon_core.package_identification:_identify(log) ignored
[1.467s] Level 1:colcon.colcon_core.package_identification:_identify(src) by extensions ['ignore', 'ignore_ament_install']
[1.468s] Level 1:colcon.colcon_core.package_identification:_identify(src) by extension 'ignore'
[1.468s] Level 1:colcon.colcon_core.package_identification:_identify(src) by extension 'ignore_ament_install'
[1.468s] Level 1:colcon.colcon_core.package_identification:_identify(src) by extensions ['colcon_pkg']
[1.469s] Level 1:colcon.colcon_core.package_identification:_identify(src) by extension 'colcon_pkg'
[1.469s] Level 1:colcon.colcon_core.package_identification:_identify(src) by extensions ['colcon_meta']
[1.469s] Level 1:colcon.colcon_core.package_identification:_identify(src) by extension 'colcon_meta'
[1.469s] Level 1:colcon.colcon_core.package_identification:_identify(src) by extensions ['ros']
[1.469s] Level 1:colcon.colcon_core.package_identification:_identify(src) by extension 'ros'
[1.470s] Level 1:colcon.colcon_core.package_identification:_identify(src) by extensions ['cmake', 'python']
[1.470s] Level 1:colcon.colcon_core.package_identification:_identify(src) by extension 'cmake'
[1.470s] Level 1:colcon.colcon_core.package_identification:_identify(src) by extension 'python'
[1.470s] Level 1:colcon.colcon_core.package_identification:_identify(src) by extensions ['python_setup_py']
[1.471s] Level 1:colcon.colcon_core.package_identification:_identify(src) by extension 'python_setup_py'
[1.471s] Level 1:colcon.colcon_core.package_identification:_identify(src/plantsystem) by extensions ['ignore', 'ignore_ament_install']
[1.472s] Level 1:colcon.colcon_core.package_identification:_identify(src/plantsystem) by extension 'ignore'
[1.472s] Level 1:colcon.colcon_core.package_identification:_identify(src/plantsystem) by extension 'ignore_ament_install'
[1.472s] Level 1:colcon.colcon_core.package_identification:_identify(src/plantsystem) by extensions ['colcon_pkg']
[1.472s] Level 1:colcon.colcon_core.package_identification:_identify(src/plantsystem) by extension 'colcon_pkg'
[1.473s] Level 1:colcon.colcon_core.package_identification:_identify(src/plantsystem) by extensions ['colcon_meta']
[1.473s] Level 1:colcon.colcon_core.package_identification:_identify(src/plantsystem) by extension 'colcon_meta'
[1.473s] Level 1:colcon.colcon_core.package_identification:_identify(src/plantsystem) by extensions ['ros']
[1.473s] Level 1:colcon.colcon_core.package_identification:_identify(src/plantsystem) by extension 'ros'
[1.482s] DEBUG:colcon.colcon_core.package_identification:Package 'src/plantsystem' with type 'ros.ament_python' and name 'plantsystem'
[1.483s] Level 1:colcon.colcon_core.package_identification:_identify(system_info) by extensions ['ignore', 'ignore_ament_install']
[1.483s] Level 1:colcon.colcon_core.package_identification:_identify(system_info) by extension 'ignore'
[1.484s] Level 1:colcon.colcon_core.package_identification:_identify(system_info) by extension 'ignore_ament_install'
[1.484s] Level 1:colcon.colcon_core.package_identification:_identify(system_info) by extensions ['colcon_pkg']
[1.484s] Level 1:colcon.colcon_core.package_identification:_identify(system_info) by extension 'colcon_pkg'
[1.484s] Level 1:colcon.colcon_core.package_identification:_identify(system_info) by extensions ['colcon_meta']
[1.485s] Level 1:colcon.colcon_core.package_identification:_identify(system_info) by extension 'colcon_meta'
[1.485s] Level 1:colcon.colcon_core.package_identification:_identify(system_info) by extensions ['ros']
[1.485s] Level 1:colcon.colcon_core.package_identification:_identify(system_info) by extension 'ros'
[1.485s] Level 1:colcon.colcon_core.package_identification:_identify(system_info) by extensions ['cmake', 'python']
[1.486s] Level 1:colcon.colcon_core.package_identification:_identify(system_info) by extension 'cmake'
[1.486s] Level 1:colcon.colcon_core.package_identification:_identify(system_info) by extension 'python'
[1.486s] Level 1:colcon.colcon_core.package_identification:_identify(system_info) by extensions ['python_setup_py']
[1.486s] Level 1:colcon.colcon_core.package_identification:_identify(system_info) by extension 'python_setup_py'
[1.487s] Level 1:colcon.colcon_core.package_discovery:discover_packages(recursive) using defaults
[1.487s] Level 1:colcon.colcon_core.package_discovery:discover_packages(ignore) discover
[1.487s] Level 1:colcon.colcon_core.package_discovery:discover_packages(ignore) using defaults
[1.487s] Level 1:colcon.colcon_core.package_discovery:discover_packages(path) discover
[1.487s] Level 1:colcon.colcon_core.package_discovery:discover_packages(path) using defaults
[1.575s] Level 1:colcon.colcon_core.package_discovery:discover_packages(prefix_path) check parameters
[1.576s] Level 1:colcon.colcon_core.package_discovery:discover_packages(prefix_path) discover
[1.587s] DEBUG:colcon.colcon_installed_package_information.package_discovery:Found 1 installed packages in /home/pi/emli5_ws/install
[1.595s] DEBUG:colcon.colcon_installed_package_information.package_discovery:Found 181 installed packages in /opt/ros/humble
[1.599s] Level 1:colcon.colcon_core.package_discovery:discover_packages(prefix_path) using defaults
[1.776s] Level 5:colcon.colcon_core.verb:set package 'plantsystem' build argument 'cmake_args' from command line to 'None'
[1.776s] Level 5:colcon.colcon_core.verb:set package 'plantsystem' build argument 'cmake_target' from command line to 'None'
[1.776s] Level 5:colcon.colcon_core.verb:set package 'plantsystem' build argument 'cmake_target_skip_unavailable' from command line to 'False'
[1.776s] Level 5:colcon.colcon_core.verb:set package 'plantsystem' build argument 'cmake_clean_cache' from command line to 'False'
[1.777s] Level 5:colcon.colcon_core.verb:set package 'plantsystem' build argument 'cmake_clean_first' from command line to 'False'
[1.777s] Level 5:colcon.colcon_core.verb:set package 'plantsystem' build argument 'cmake_force_configure' from command line to 'False'
[1.777s] Level 5:colcon.colcon_core.verb:set package 'plantsystem' build argument 'ament_cmake_args' from command line to 'None'
[1.777s] Level 5:colcon.colcon_core.verb:set package 'plantsystem' build argument 'catkin_cmake_args' from command line to 'None'
[1.777s] Level 5:colcon.colcon_core.verb:set package 'plantsystem' build argument 'catkin_skip_building_tests' from command line to 'False'
[1.777s] DEBUG:colcon.colcon_core.verb:Building package 'plantsystem' with the following arguments: {'ament_cmake_args': None, 'build_base': '/home/pi/emli5_ws/build/plantsystem', 'catkin_cmake_args': None, 'catkin_skip_building_tests': False, 'cmake_args': None, 'cmake_clean_cache': False, 'cmake_clean_first': False, 'cmake_force_configure': False, 'cmake_target': None, 'cmake_target_skip_unavailable': False, 'install_base': '/home/pi/emli5_ws/install/plantsystem', 'merge_install': False, 'path': '/home/pi/emli5_ws/src/plantsystem', 'symlink_install': False, 'test_result_base': None}
[1.780s] INFO:colcon.colcon_core.executor:Executing jobs using 'parallel' executor
[1.793s] DEBUG:colcon.colcon_parallel_executor.executor.parallel:run_until_complete
[1.795s] INFO:colcon.colcon_ros.task.ament_python.build:Building ROS package in '/home/pi/emli5_ws/src/plantsystem' with build type 'ament_python'
[1.795s] Level 1:colcon.colcon_core.shell:create_environment_hook('plantsystem', 'ament_prefix_path')
[1.819s] INFO:colcon.colcon_core.plugin_system:Skipping extension 'colcon_core.shell.bat': Not used on non-Windows systems
[1.821s] INFO:colcon.colcon_core.shell:Creating environment hook '/home/pi/emli5_ws/install/plantsystem/share/plantsystem/hook/ament_prefix_path.ps1'
[1.825s] INFO:colcon.colcon_core.shell:Creating environment descriptor '/home/pi/emli5_ws/install/plantsystem/share/plantsystem/hook/ament_prefix_path.dsv'
[1.827s] INFO:colcon.colcon_core.shell:Creating environment hook '/home/pi/emli5_ws/install/plantsystem/share/plantsystem/hook/ament_prefix_path.sh'
[1.836s] INFO:colcon.colcon_core.shell:Skip shell extension 'powershell' for command environment: Not usable outside of PowerShell
[1.836s] DEBUG:colcon.colcon_core.shell:Skip shell extension 'dsv' for command environment
[2.960s] INFO:colcon.colcon_core.task.python.build:Building Python package in '/home/pi/emli5_ws/src/plantsystem'
[2.965s] INFO:colcon.colcon_core.shell:Skip shell extension 'powershell' for command environment: Not usable outside of PowerShell
[2.966s] DEBUG:colcon.colcon_core.shell:Skip shell extension 'dsv' for command environment
[4.350s] DEBUG:colcon.colcon_core.event_handler.log_command:Invoking command in '/home/pi/emli5_ws/src/plantsystem': PYTHONPATH=/home/pi/emli5_ws/build/plantsystem/prefix_override:/home/pi/emli5_ws/install/plantsystem/lib/python3.10/site-packages:${PYTHONPATH} /usr/bin/python3 setup.py egg_info --egg-base ../../build/plantsystem build --build-base /home/pi/emli5_ws/build/plantsystem/build install --record /home/pi/emli5_ws/build/plantsystem/install.log --single-version-externally-managed
[5.556s] DEBUG:colcon.colcon_core.event_handler.log_command:Invoked command in '/home/pi/emli5_ws/src/plantsystem' returned '0': PYTHONPATH=/home/pi/emli5_ws/build/plantsystem/prefix_override:/home/pi/emli5_ws/install/plantsystem/lib/python3.10/site-packages:${PYTHONPATH} /usr/bin/python3 setup.py egg_info --egg-base ../../build/plantsystem build --build-base /home/pi/emli5_ws/build/plantsystem/build install --record /home/pi/emli5_ws/build/plantsystem/install.log --single-version-externally-managed
[5.573s] Level 1:colcon.colcon_core.environment:checking '/home/pi/emli5_ws/install/plantsystem' for CMake module files
[5.576s] Level 1:colcon.colcon_core.environment:checking '/home/pi/emli5_ws/install/plantsystem' for CMake config files
[5.580s] Level 1:colcon.colcon_core.environment:checking '/home/pi/emli5_ws/install/plantsystem/lib'
[5.581s] Level 1:colcon.colcon_core.environment:checking '/home/pi/emli5_ws/install/plantsystem/bin'
[5.581s] Level 1:colcon.colcon_core.environment:checking '/home/pi/emli5_ws/install/plantsystem/lib/pkgconfig/plantsystem.pc'
[5.582s] Level 1:colcon.colcon_core.environment:checking '/home/pi/emli5_ws/install/plantsystem/lib/python3.10/site-packages'
[5.583s] Level 1:colcon.colcon_core.shell:create_environment_hook('plantsystem', 'pythonpath')
[5.587s] INFO:colcon.colcon_core.shell:Creating environment hook '/home/pi/emli5_ws/install/plantsystem/share/plantsystem/hook/pythonpath.ps1'
[5.590s] INFO:colcon.colcon_core.shell:Creating environment descriptor '/home/pi/emli5_ws/install/plantsystem/share/plantsystem/hook/pythonpath.dsv'
[5.591s] INFO:colcon.colcon_core.shell:Creating environment hook '/home/pi/emli5_ws/install/plantsystem/share/plantsystem/hook/pythonpath.sh'
[5.594s] Level 1:colcon.colcon_core.environment:checking '/home/pi/emli5_ws/install/plantsystem/bin'
[5.594s] Level 1:colcon.colcon_core.environment:create_environment_scripts_only(plantsystem)
[5.600s] INFO:colcon.colcon_core.shell:Creating package script '/home/pi/emli5_ws/install/plantsystem/share/plantsystem/package.ps1'
[5.604s] INFO:colcon.colcon_core.shell:Creating package descriptor '/home/pi/emli5_ws/install/plantsystem/share/plantsystem/package.dsv'
[5.607s] INFO:colcon.colcon_core.shell:Creating package script '/home/pi/emli5_ws/install/plantsystem/share/plantsystem/package.sh'
[5.611s] INFO:colcon.colcon_core.shell:Creating package script '/home/pi/emli5_ws/install/plantsystem/share/plantsystem/package.bash'
[5.614s] INFO:colcon.colcon_core.shell:Creating package script '/home/pi/emli5_ws/install/plantsystem/share/plantsystem/package.zsh'
[5.617s] Level 1:colcon.colcon_core.environment:create_file_with_runtime_dependencies(/home/pi/emli5_ws/install/plantsystem/share/colcon-core/packages/plantsystem)
[5.619s] DEBUG:colcon.colcon_parallel_executor.executor.parallel:closing loop
[5.620s] DEBUG:colcon.colcon_parallel_executor.executor.parallel:loop closed
[5.621s] DEBUG:colcon.colcon_parallel_executor.executor.parallel:run_until_complete finished with '0'
[5.621s] DEBUG:colcon.colcon_core.event_reactor:joining thread
[5.642s] INFO:colcon.colcon_core.plugin_system:Skipping extension 'colcon_notification.desktop_notification.terminal_notifier': Not used on non-Darwin systems
[5.643s] INFO:colcon.colcon_core.plugin_system:Skipping extension 'colcon_notification.desktop_notification.win32': Not used on non-Windows systems
[5.643s] INFO:colcon.colcon_notification.desktop_notification:Sending desktop notification using 'notify2'
[5.648s] DEBUG:colcon.colcon_notification.desktop_notification.notify2:Failed to initialize notify2: org.freedesktop.DBus.Error.ServiceUnknown: The name org.freedesktop.Notifications was not provided by any .service files
[5.649s] DEBUG:colcon.colcon_core.event_reactor:joined thread
[5.654s] INFO:colcon.colcon_core.shell:Creating prefix script '/home/pi/emli5_ws/install/local_setup.ps1'
[5.658s] INFO:colcon.colcon_core.shell:Creating prefix util module '/home/pi/emli5_ws/install/_local_setup_util_ps1.py'
[5.664s] INFO:colcon.colcon_core.shell:Creating prefix chain script '/home/pi/emli5_ws/install/setup.ps1'
[5.670s] INFO:colcon.colcon_core.shell:Creating prefix script '/home/pi/emli5_ws/install/local_setup.sh'
[5.673s] INFO:colcon.colcon_core.shell:Creating prefix util module '/home/pi/emli5_ws/install/_local_setup_util_sh.py'
[5.675s] INFO:colcon.colcon_core.shell:Creating prefix chain script '/home/pi/emli5_ws/install/setup.sh'
[5.722s] INFO:colcon.colcon_core.shell:Creating prefix script '/home/pi/emli5_ws/install/local_setup.bash'
[5.727s] INFO:colcon.colcon_core.shell:Creating prefix chain script '/home/pi/emli5_ws/install/setup.bash'
[5.735s] INFO:colcon.colcon_core.shell:Creating prefix script '/home/pi/emli5_ws/install/local_setup.zsh'
[5.739s] INFO:colcon.colcon_core.shell:Creating prefix chain script '/home/pi/emli5_ws/install/setup.zsh'
