[2.432s] Invoking command in '/home/pi/emli5_ws/src/plantsystem': PYTHONPATH=/home/pi/emli5_ws/build/plantsystem/prefix_override:/home/pi/emli5_ws/install/plantsystem/lib/python3.10/site-packages:${PYTHONPATH} /usr/bin/python3 setup.py egg_info --egg-base ../../build/plantsystem build --build-base /home/pi/emli5_ws/build/plantsystem/build install --record /home/pi/emli5_ws/build/plantsystem/install.log --single-version-externally-managed
[3.383s] running egg_info
[3.385s] writing ../../build/plantsystem/plantsystem.egg-info/PKG-INFO
[3.387s] writing dependency_links to ../../build/plantsystem/plantsystem.egg-info/dependency_links.txt
[3.388s] writing entry points to ../../build/plantsystem/plantsystem.egg-info/entry_points.txt
[3.388s] writing requirements to ../../build/plantsystem/plantsystem.egg-info/requires.txt
[3.389s] writing top-level names to ../../build/plantsystem/plantsystem.egg-info/top_level.txt
[3.398s] reading manifest file '../../build/plantsystem/plantsystem.egg-info/SOURCES.txt'
[3.401s] writing manifest file '../../build/plantsystem/plantsystem.egg-info/SOURCES.txt'
[3.403s] running build
[3.403s] running build_py
[3.404s] copying plantsystem/wateringsystem_node.py -> /home/pi/emli5_ws/build/plantsystem/build/lib/plantsystem
[3.406s] running install
[3.406s] /usr/lib/python3/dist-packages/setuptools/command/install.py:34: SetuptoolsDeprecationWarning: setup.py install is deprecated. Use build and pip and other standards-based tools.
[3.407s]   warnings.warn(
[3.408s] running install_lib
[3.412s] copying /home/pi/emli5_ws/build/plantsystem/build/lib/plantsystem/wateringsystem_node.py -> /home/pi/emli5_ws/install/plantsystem/lib/python3.10/site-packages/plantsystem
[3.415s] byte-compiling /home/pi/emli5_ws/install/plantsystem/lib/python3.10/site-packages/plantsystem/wateringsystem_node.py to wateringsystem_node.cpython-310.pyc
[3.418s] running install_data
[3.421s] running install_egg_info
[3.426s] removing '/home/pi/emli5_ws/install/plantsystem/lib/python3.10/site-packages/plantsystem-0.0.0-py3.10.egg-info' (and everything under it)
[3.429s] Copying ../../build/plantsystem/plantsystem.egg-info to /home/pi/emli5_ws/install/plantsystem/lib/python3.10/site-packages/plantsystem-0.0.0-py3.10.egg-info
[3.436s] running install_scripts
[3.513s] Installing farmer_node script to /home/pi/emli5_ws/install/plantsystem/lib/plantsystem
[3.514s] Installing pi_node script to /home/pi/emli5_ws/install/plantsystem/lib/plantsystem
[3.515s] Installing wateringsystem_node script to /home/pi/emli5_ws/install/plantsystem/lib/plantsystem
[3.523s] writing list of installed files to '/home/pi/emli5_ws/build/plantsystem/install.log'
[3.643s] Invoked command in '/home/pi/emli5_ws/src/plantsystem' returned '0': PYTHONPATH=/home/pi/emli5_ws/build/plantsystem/prefix_override:/home/pi/emli5_ws/install/plantsystem/lib/python3.10/site-packages:${PYTHONPATH} /usr/bin/python3 setup.py egg_info --egg-base ../../build/plantsystem build --build-base /home/pi/emli5_ws/build/plantsystem/build install --record /home/pi/emli5_ws/build/plantsystem/install.log --single-version-externally-managed
