[2.632s] DEBUG:colcon:Command line arguments: ['/usr/bin/colcon', 'build']
[2.633s] DEBUG:colcon:Parsed command line arguments: Namespace(log_base=None, log_level=None, verb_name='build', build_base='build', install_base='install', merge_install=False, symlink_install=False, test_result_base=None, continue_on_error=False, executor='parallel', parallel_workers=4, event_handlers=None, ignore_user_meta=False, metas=['./colcon.meta'], base_paths=['.'], packages_ignore=None, packages_ignore_regex=None, paths=None, packages_up_to=None, packages_up_to_regex=None, packages_above=None, packages_above_and_dependencies=None, packages_above_depth=None, packages_select_by_dep=None, packages_skip_by_dep=None, packages_skip_up_to=None, packages_select_build_failed=False, packages_skip_build_finished=False, packages_select_test_failures=False, packages_skip_test_passed=False, packages_select=None, packages_skip=None, packages_select_regex=None, packages_skip_regex=None, packages_start=None, packages_end=None, allow_overriding=[], cmake_args=None, cmake_target=None, cmake_target_skip_unavailable=False, cmake_clean_cache=False, cmake_clean_first=False, cmake_force_configure=False, ament_cmake_args=None, catkin_cmake_args=None, catkin_skip_building_tests=False, verb_parser=<colcon_defaults.argument_parser.defaults.DefaultArgumentsDecorator object at 0xffff94b110c0>, verb_extension=<colcon_core.verb.build.BuildVerb object at 0xffff94c47b50>, main=<bound method BuildVerb.main of <colcon_core.verb.build.BuildVerb object at 0xffff94c47b50>>)
[2.947s] Level 1:colcon.colcon_core.package_discovery:discover_packages(colcon_meta) check parameters
[2.948s] Level 1:colcon.colcon_core.package_discovery:discover_packages(recursive) check parameters
[2.948s] Level 1:colcon.colcon_core.package_discovery:discover_packages(ignore) check parameters
[2.949s] Level 1:colcon.colcon_core.package_discovery:discover_packages(path) check parameters
[2.949s] Level 1:colcon.colcon_core.package_discovery:discover_packages(colcon_meta) discover
[2.949s] Level 1:colcon.colcon_core.package_discovery:discover_packages(recursive) discover
[2.950s] INFO:colcon.colcon_core.package_discovery:Crawling recursively for packages in '/home/pi/emli_WS'
[2.952s] Level 1:colcon.colcon_core.package_identification:_identify(.) by extensions ['ignore', 'ignore_ament_install']
[2.953s] Level 1:colcon.colcon_core.package_identification:_identify(.) by extension 'ignore'
[2.954s] Level 1:colcon.colcon_core.package_identification:_identify(.) by extension 'ignore_ament_install'
[2.954s] Level 1:colcon.colcon_core.package_identification:_identify(.) by extensions ['colcon_pkg']
[2.955s] Level 1:colcon.colcon_core.package_identification:_identify(.) by extension 'colcon_pkg'
[2.955s] Level 1:colcon.colcon_core.package_identification:_identify(.) by extensions ['colcon_meta']
[2.955s] Level 1:colcon.colcon_core.package_identification:_identify(.) by extension 'colcon_meta'
[2.956s] Level 1:colcon.colcon_core.package_identification:_identify(.) by extensions ['ros']
[2.956s] Level 1:colcon.colcon_core.package_identification:_identify(.) by extension 'ros'
[3.050s] Level 1:colcon.colcon_core.package_identification:_identify(.) by extensions ['cmake', 'python']
[3.053s] Level 1:colcon.colcon_core.package_identification:_identify(.) by extension 'cmake'
[3.056s] Level 1:colcon.colcon_core.package_identification:_identify(.) by extension 'python'
[3.058s] Level 1:colcon.colcon_core.package_identification:_identify(.) by extensions ['python_setup_py']
[3.060s] Level 1:colcon.colcon_core.package_identification:_identify(.) by extension 'python_setup_py'
[3.063s] Level 1:colcon.colcon_core.package_identification:_identify(build) by extensions ['ignore', 'ignore_ament_install']
[3.065s] Level 1:colcon.colcon_core.package_identification:_identify(build) by extension 'ignore'
[3.067s] Level 1:colcon.colcon_core.package_identification:_identify(build) ignored
[3.070s] Level 1:colcon.colcon_core.package_identification:_identify(install) by extensions ['ignore', 'ignore_ament_install']
[3.072s] Level 1:colcon.colcon_core.package_identification:_identify(install) by extension 'ignore'
[3.075s] Level 1:colcon.colcon_core.package_identification:_identify(install) ignored
[3.078s] Level 1:colcon.colcon_core.package_identification:_identify(log) by extensions ['ignore', 'ignore_ament_install']
[3.079s] Level 1:colcon.colcon_core.package_identification:_identify(log) by extension 'ignore'
[3.081s] Level 1:colcon.colcon_core.package_identification:_identify(log) ignored
[3.089s] Level 1:colcon.colcon_core.package_identification:_identify(src) by extensions ['ignore', 'ignore_ament_install']
[3.091s] Level 1:colcon.colcon_core.package_identification:_identify(src) by extension 'ignore'
[3.092s] Level 1:colcon.colcon_core.package_identification:_identify(src) by extension 'ignore_ament_install'
[3.094s] Level 1:colcon.colcon_core.package_identification:_identify(src) by extensions ['colcon_pkg']
[3.095s] Level 1:colcon.colcon_core.package_identification:_identify(src) by extension 'colcon_pkg'
[3.095s] Level 1:colcon.colcon_core.package_identification:_identify(src) by extensions ['colcon_meta']
[3.096s] Level 1:colcon.colcon_core.package_identification:_identify(src) by extension 'colcon_meta'
[3.096s] Level 1:colcon.colcon_core.package_identification:_identify(src) by extensions ['ros']
[3.097s] Level 1:colcon.colcon_core.package_identification:_identify(src) by extension 'ros'
[3.098s] Level 1:colcon.colcon_core.package_identification:_identify(src) by extensions ['cmake', 'python']
[3.099s] Level 1:colcon.colcon_core.package_identification:_identify(src) by extension 'cmake'
[3.099s] Level 1:colcon.colcon_core.package_identification:_identify(src) by extension 'python'
[3.100s] Level 1:colcon.colcon_core.package_identification:_identify(src) by extensions ['python_setup_py']
[3.101s] Level 1:colcon.colcon_core.package_identification:_identify(src) by extension 'python_setup_py'
[3.102s] Level 1:colcon.colcon_core.package_identification:_identify(src/plantsystem) by extensions ['ignore', 'ignore_ament_install']
[3.104s] Level 1:colcon.colcon_core.package_identification:_identify(src/plantsystem) by extension 'ignore'
[3.105s] Level 1:colcon.colcon_core.package_identification:_identify(src/plantsystem) by extension 'ignore_ament_install'
[3.106s] Level 1:colcon.colcon_core.package_identification:_identify(src/plantsystem) by extensions ['colcon_pkg']
[3.107s] Level 1:colcon.colcon_core.package_identification:_identify(src/plantsystem) by extension 'colcon_pkg'
[3.108s] Level 1:colcon.colcon_core.package_identification:_identify(src/plantsystem) by extensions ['colcon_meta']
[3.109s] Level 1:colcon.colcon_core.package_identification:_identify(src/plantsystem) by extension 'colcon_meta'
[3.110s] Level 1:colcon.colcon_core.package_identification:_identify(src/plantsystem) by extensions ['ros']
[3.111s] Level 1:colcon.colcon_core.package_identification:_identify(src/plantsystem) by extension 'ros'
[3.127s] DEBUG:colcon.colcon_core.package_identification:Package 'src/plantsystem' with type 'ros.ament_python' and name 'plantsystem'
[3.128s] Level 1:colcon.colcon_core.package_discovery:discover_packages(recursive) using defaults
[3.128s] Level 1:colcon.colcon_core.package_discovery:discover_packages(ignore) discover
[3.128s] Level 1:colcon.colcon_core.package_discovery:discover_packages(ignore) using defaults
[3.129s] Level 1:colcon.colcon_core.package_discovery:discover_packages(path) discover
[3.129s] Level 1:colcon.colcon_core.package_discovery:discover_packages(path) using defaults
[3.322s] Level 1:colcon.colcon_core.package_discovery:discover_packages(prefix_path) check parameters
[3.323s] Level 1:colcon.colcon_core.package_discovery:discover_packages(prefix_path) discover
[3.342s] DEBUG:colcon.colcon_installed_package_information.package_discovery:Found 1 installed packages in /home/pi/emli5_ws/install
[3.360s] DEBUG:colcon.colcon_installed_package_information.package_discovery:Found 198 installed packages in /opt/ros/humble
[3.372s] Level 1:colcon.colcon_core.package_discovery:discover_packages(prefix_path) using defaults
[3.806s] Level 5:colcon.colcon_core.verb:set package 'plantsystem' build argument 'cmake_args' from command line to 'None'
[3.807s] Level 5:colcon.colcon_core.verb:set package 'plantsystem' build argument 'cmake_target' from command line to 'None'
[3.807s] Level 5:colcon.colcon_core.verb:set package 'plantsystem' build argument 'cmake_target_skip_unavailable' from command line to 'False'
[3.807s] Level 5:colcon.colcon_core.verb:set package 'plantsystem' build argument 'cmake_clean_cache' from command line to 'False'
[3.807s] Level 5:colcon.colcon_core.verb:set package 'plantsystem' build argument 'cmake_clean_first' from command line to 'False'
[3.807s] Level 5:colcon.colcon_core.verb:set package 'plantsystem' build argument 'cmake_force_configure' from command line to 'False'
[3.807s] Level 5:colcon.colcon_core.verb:set package 'plantsystem' build argument 'ament_cmake_args' from command line to 'None'
[3.807s] Level 5:colcon.colcon_core.verb:set package 'plantsystem' build argument 'catkin_cmake_args' from command line to 'None'
[3.808s] Level 5:colcon.colcon_core.verb:set package 'plantsystem' build argument 'catkin_skip_building_tests' from command line to 'False'
[3.808s] DEBUG:colcon.colcon_core.verb:Building package 'plantsystem' with the following arguments: {'ament_cmake_args': None, 'build_base': '/home/pi/emli_WS/build/plantsystem', 'catkin_cmake_args': None, 'catkin_skip_building_tests': False, 'cmake_args': None, 'cmake_clean_cache': False, 'cmake_clean_first': False, 'cmake_force_configure': False, 'cmake_target': None, 'cmake_target_skip_unavailable': False, 'install_base': '/home/pi/emli_WS/install/plantsystem', 'merge_install': False, 'path': '/home/pi/emli_WS/src/plantsystem', 'symlink_install': False, 'test_result_base': None}
[3.815s] INFO:colcon.colcon_core.executor:Executing jobs using 'parallel' executor
[3.834s] DEBUG:colcon.colcon_parallel_executor.executor.parallel:run_until_complete
[3.835s] INFO:colcon.colcon_ros.task.ament_python.build:Building ROS package in '/home/pi/emli_WS/src/plantsystem' with build type 'ament_python'
[3.837s] Level 1:colcon.colcon_core.shell:create_environment_hook('plantsystem', 'ament_prefix_path')
[3.875s] INFO:colcon.colcon_core.plugin_system:Skipping extension 'colcon_core.shell.bat': Not used on non-Windows systems
[3.879s] INFO:colcon.colcon_core.shell:Creating environment hook '/home/pi/emli_WS/install/plantsystem/share/plantsystem/hook/ament_prefix_path.ps1'
[3.887s] INFO:colcon.colcon_core.shell:Creating environment descriptor '/home/pi/emli_WS/install/plantsystem/share/plantsystem/hook/ament_prefix_path.dsv'
[3.893s] INFO:colcon.colcon_core.shell:Creating environment hook '/home/pi/emli_WS/install/plantsystem/share/plantsystem/hook/ament_prefix_path.sh'
[3.905s] INFO:colcon.colcon_core.shell:Skip shell extension 'powershell' for command environment: Not usable outside of PowerShell
[3.906s] DEBUG:colcon.colcon_core.shell:Skip shell extension 'dsv' for command environment
[6.217s] INFO:colcon.colcon_core.task.python.build:Building Python package in '/home/pi/emli_WS/src/plantsystem'
[6.229s] INFO:colcon.colcon_core.shell:Skip shell extension 'powershell' for command environment: Not usable outside of PowerShell
[6.230s] DEBUG:colcon.colcon_core.shell:Skip shell extension 'dsv' for command environment
[9.141s] DEBUG:colcon.colcon_core.event_handler.log_command:Invoking command in '/home/pi/emli_WS/src/plantsystem': PYTHONPATH=/home/pi/emli_WS/build/plantsystem/prefix_override:/home/pi/emli_WS/install/plantsystem/lib/python3.10/site-packages:${PYTHONPATH} /usr/bin/python3 setup.py egg_info --egg-base ../../build/plantsystem build --build-base /home/pi/emli_WS/build/plantsystem/build install --record /home/pi/emli_WS/build/plantsystem/install.log --single-version-externally-managed
[11.845s] DEBUG:colcon.colcon_core.event_handler.log_command:Invoked command in '/home/pi/emli_WS/src/plantsystem' returned '0': PYTHONPATH=/home/pi/emli_WS/build/plantsystem/prefix_override:/home/pi/emli_WS/install/plantsystem/lib/python3.10/site-packages:${PYTHONPATH} /usr/bin/python3 setup.py egg_info --egg-base ../../build/plantsystem build --build-base /home/pi/emli_WS/build/plantsystem/build install --record /home/pi/emli_WS/build/plantsystem/install.log --single-version-externally-managed
[11.872s] Level 1:colcon.colcon_core.environment:checking '/home/pi/emli_WS/install/plantsystem' for CMake module files
[11.880s] Level 1:colcon.colcon_core.environment:checking '/home/pi/emli_WS/install/plantsystem' for CMake config files
[11.888s] Level 1:colcon.colcon_core.environment:checking '/home/pi/emli_WS/install/plantsystem/lib'
[11.891s] Level 1:colcon.colcon_core.environment:checking '/home/pi/emli_WS/install/plantsystem/bin'
[11.892s] Level 1:colcon.colcon_core.environment:checking '/home/pi/emli_WS/install/plantsystem/lib/pkgconfig/plantsystem.pc'
[11.894s] Level 1:colcon.colcon_core.environment:checking '/home/pi/emli_WS/install/plantsystem/lib/python3.10/site-packages'
[11.895s] Level 1:colcon.colcon_core.shell:create_environment_hook('plantsystem', 'pythonpath')
[11.903s] INFO:colcon.colcon_core.shell:Creating environment hook '/home/pi/emli_WS/install/plantsystem/share/plantsystem/hook/pythonpath.ps1'
[11.908s] INFO:colcon.colcon_core.shell:Creating environment descriptor '/home/pi/emli_WS/install/plantsystem/share/plantsystem/hook/pythonpath.dsv'
[11.914s] INFO:colcon.colcon_core.shell:Creating environment hook '/home/pi/emli_WS/install/plantsystem/share/plantsystem/hook/pythonpath.sh'
[11.919s] Level 1:colcon.colcon_core.environment:checking '/home/pi/emli_WS/install/plantsystem/bin'
[11.920s] Level 1:colcon.colcon_core.environment:create_environment_scripts_only(plantsystem)
[11.926s] INFO:colcon.colcon_core.shell:Creating package script '/home/pi/emli_WS/install/plantsystem/share/plantsystem/package.ps1'
[11.931s] INFO:colcon.colcon_core.shell:Creating package descriptor '/home/pi/emli_WS/install/plantsystem/share/plantsystem/package.dsv'
[11.936s] INFO:colcon.colcon_core.shell:Creating package script '/home/pi/emli_WS/install/plantsystem/share/plantsystem/package.sh'
[11.945s] INFO:colcon.colcon_core.shell:Creating package script '/home/pi/emli_WS/install/plantsystem/share/plantsystem/package.bash'
[11.951s] INFO:colcon.colcon_core.shell:Creating package script '/home/pi/emli_WS/install/plantsystem/share/plantsystem/package.zsh'
[11.956s] Level 1:colcon.colcon_core.environment:create_file_with_runtime_dependencies(/home/pi/emli_WS/install/plantsystem/share/colcon-core/packages/plantsystem)
[11.959s] DEBUG:colcon.colcon_parallel_executor.executor.parallel:closing loop
[11.960s] DEBUG:colcon.colcon_parallel_executor.executor.parallel:loop closed
[11.961s] DEBUG:colcon.colcon_parallel_executor.executor.parallel:run_until_complete finished with '0'
[11.962s] DEBUG:colcon.colcon_core.event_reactor:joining thread
[11.990s] INFO:colcon.colcon_core.plugin_system:Skipping extension 'colcon_notification.desktop_notification.terminal_notifier': Not used on non-Darwin systems
[11.991s] INFO:colcon.colcon_core.plugin_system:Skipping extension 'colcon_notification.desktop_notification.win32': Not used on non-Windows systems
[11.991s] INFO:colcon.colcon_notification.desktop_notification:Sending desktop notification using 'notify2'
[12.099s] DEBUG:colcon.colcon_core.event_reactor:joined thread
[12.106s] INFO:colcon.colcon_core.shell:Creating prefix script '/home/pi/emli_WS/install/local_setup.ps1'
[12.111s] INFO:colcon.colcon_core.shell:Creating prefix util module '/home/pi/emli_WS/install/_local_setup_util_ps1.py'
[12.118s] INFO:colcon.colcon_core.shell:Creating prefix chain script '/home/pi/emli_WS/install/setup.ps1'
[12.126s] INFO:colcon.colcon_core.shell:Creating prefix script '/home/pi/emli_WS/install/local_setup.sh'
[12.129s] INFO:colcon.colcon_core.shell:Creating prefix util module '/home/pi/emli_WS/install/_local_setup_util_sh.py'
[12.133s] INFO:colcon.colcon_core.shell:Creating prefix chain script '/home/pi/emli_WS/install/setup.sh'
[12.144s] INFO:colcon.colcon_core.shell:Creating prefix script '/home/pi/emli_WS/install/local_setup.bash'
[12.151s] INFO:colcon.colcon_core.shell:Creating prefix chain script '/home/pi/emli_WS/install/setup.bash'
[12.168s] INFO:colcon.colcon_core.shell:Creating prefix script '/home/pi/emli_WS/install/local_setup.zsh'
[12.173s] INFO:colcon.colcon_core.shell:Creating prefix chain script '/home/pi/emli_WS/install/setup.zsh'
