[2.489s] Invoking command in '/home/pi/emli5_ws/src/plantsystem': PYTHONPATH=/home/pi/emli5_ws/build/plantsystem/prefix_override:/home/pi/emli5_ws/install/plantsystem/lib/python3.10/site-packages:${PYTHONPATH} /usr/bin/python3 setup.py egg_info --egg-base ../../build/plantsystem build --build-base /home/pi/emli5_ws/build/plantsystem/build install --record /home/pi/emli5_ws/build/plantsystem/install.log --single-version-externally-managed
[3.444s] running egg_info
[3.447s] writing ../../build/plantsystem/plantsystem.egg-info/PKG-INFO
[3.448s] writing dependency_links to ../../build/plantsystem/plantsystem.egg-info/dependency_links.txt
[3.449s] writing entry points to ../../build/plantsystem/plantsystem.egg-info/entry_points.txt
[3.451s] writing requirements to ../../build/plantsystem/plantsystem.egg-info/requires.txt
[3.451s] writing top-level names to ../../build/plantsystem/plantsystem.egg-info/top_level.txt
[3.459s] reading manifest file '../../build/plantsystem/plantsystem.egg-info/SOURCES.txt'
[3.481s] writing manifest file '../../build/plantsystem/plantsystem.egg-info/SOURCES.txt'
[3.486s] running build
[3.487s] running build_py
[3.489s] copying plantsystem/pi_node.py -> /home/pi/emli5_ws/build/plantsystem/build/lib/plantsystem
[3.489s] running install
[3.490s] /usr/lib/python3/dist-packages/setuptools/command/install.py:34: SetuptoolsDeprecationWarning: setup.py install is deprecated. Use build and pip and other standards-based tools.
[3.491s]   warnings.warn(
[3.491s] running install_lib
[3.494s] copying /home/pi/emli5_ws/build/plantsystem/build/lib/plantsystem/pi_node.py -> /home/pi/emli5_ws/install/plantsystem/lib/python3.10/site-packages/plantsystem
[3.497s] byte-compiling /home/pi/emli5_ws/install/plantsystem/lib/python3.10/site-packages/plantsystem/pi_node.py to pi_node.cpython-310.pyc
[3.502s] running install_data
[3.504s] running install_egg_info
[3.510s] removing '/home/pi/emli5_ws/install/plantsystem/lib/python3.10/site-packages/plantsystem-0.0.0-py3.10.egg-info' (and everything under it)
[3.512s] Copying ../../build/plantsystem/plantsystem.egg-info to /home/pi/emli5_ws/install/plantsystem/lib/python3.10/site-packages/plantsystem-0.0.0-py3.10.egg-info
[3.522s] running install_scripts
[3.598s] Installing farmer_node script to /home/pi/emli5_ws/install/plantsystem/lib/plantsystem
[3.599s] Installing pi_node script to /home/pi/emli5_ws/install/plantsystem/lib/plantsystem
[3.600s] Installing wateringsystem_node script to /home/pi/emli5_ws/install/plantsystem/lib/plantsystem
[3.630s] writing list of installed files to '/home/pi/emli5_ws/build/plantsystem/install.log'
[3.754s] Invoked command in '/home/pi/emli5_ws/src/plantsystem' returned '0': PYTHONPATH=/home/pi/emli5_ws/build/plantsystem/prefix_override:/home/pi/emli5_ws/install/plantsystem/lib/python3.10/site-packages:${PYTHONPATH} /usr/bin/python3 setup.py egg_info --egg-base ../../build/plantsystem build --build-base /home/pi/emli5_ws/build/plantsystem/build install --record /home/pi/emli5_ws/build/plantsystem/install.log --single-version-externally-managed
