[2.416s] Invoking command in '/home/pi/emli5_ws/src/plantsystem': PYTHONPATH=/home/pi/emli5_ws/build/plantsystem/prefix_override:/home/pi/emli5_ws/install/plantsystem/lib/python3.10/site-packages:${PYTHONPATH} /usr/bin/python3 setup.py egg_info --egg-base ../../build/plantsystem build --build-base /home/pi/emli5_ws/build/plantsystem/build install --record /home/pi/emli5_ws/build/plantsystem/install.log --single-version-externally-managed
[3.321s] running egg_info
[3.323s] writing ../../build/plantsystem/plantsystem.egg-info/PKG-INFO
[3.324s] writing dependency_links to ../../build/plantsystem/plantsystem.egg-info/dependency_links.txt
[3.325s] writing entry points to ../../build/plantsystem/plantsystem.egg-info/entry_points.txt
[3.326s] writing requirements to ../../build/plantsystem/plantsystem.egg-info/requires.txt
[3.327s] writing top-level names to ../../build/plantsystem/plantsystem.egg-info/top_level.txt
[3.335s] reading manifest file '../../build/plantsystem/plantsystem.egg-info/SOURCES.txt'
[3.339s] writing manifest file '../../build/plantsystem/plantsystem.egg-info/SOURCES.txt'
[3.340s] running build
[3.340s] running build_py
[3.341s] copying plantsystem/farmer_node.py -> /home/pi/emli5_ws/build/plantsystem/build/lib/plantsystem
[3.342s] running install
[3.343s] /usr/lib/python3/dist-packages/setuptools/command/install.py:34: SetuptoolsDeprecationWarning: setup.py install is deprecated. Use build and pip and other standards-based tools.
[3.344s]   warnings.warn(
[3.345s] running install_lib
[3.348s] copying /home/pi/emli5_ws/build/plantsystem/build/lib/plantsystem/farmer_node.py -> /home/pi/emli5_ws/install/plantsystem/lib/python3.10/site-packages/plantsystem
[3.351s] byte-compiling /home/pi/emli5_ws/install/plantsystem/lib/python3.10/site-packages/plantsystem/farmer_node.py to farmer_node.cpython-310.pyc
[3.354s] running install_data
[3.356s] running install_egg_info
[3.363s] removing '/home/pi/emli5_ws/install/plantsystem/lib/python3.10/site-packages/plantsystem-0.0.0-py3.10.egg-info' (and everything under it)
[3.365s] Copying ../../build/plantsystem/plantsystem.egg-info to /home/pi/emli5_ws/install/plantsystem/lib/python3.10/site-packages/plantsystem-0.0.0-py3.10.egg-info
[3.371s] running install_scripts
[3.448s] Installing farmer_node script to /home/pi/emli5_ws/install/plantsystem/lib/plantsystem
[3.449s] Installing pi_node script to /home/pi/emli5_ws/install/plantsystem/lib/plantsystem
[3.450s] Installing wateringsystem_node script to /home/pi/emli5_ws/install/plantsystem/lib/plantsystem
[3.452s] writing list of installed files to '/home/pi/emli5_ws/build/plantsystem/install.log'
[3.569s] Invoked command in '/home/pi/emli5_ws/src/plantsystem' returned '0': PYTHONPATH=/home/pi/emli5_ws/build/plantsystem/prefix_override:/home/pi/emli5_ws/install/plantsystem/lib/python3.10/site-packages:${PYTHONPATH} /usr/bin/python3 setup.py egg_info --egg-base ../../build/plantsystem build --build-base /home/pi/emli5_ws/build/plantsystem/build install --record /home/pi/emli5_ws/build/plantsystem/install.log --single-version-externally-managed
