[1.992s] DEBUG:colcon:Command line arguments: ['/usr/bin/colcon', 'build', '--packages-select', 'plantsystem']
[1.992s] DEBUG:colcon:Parsed command line arguments: Namespace(log_base=None, log_level=None, verb_name='build', build_base='build', install_base='install', merge_install=False, symlink_install=False, test_result_base=None, continue_on_error=False, executor='parallel', parallel_workers=4, event_handlers=None, ignore_user_meta=False, metas=['./colcon.meta'], base_paths=['.'], packages_ignore=None, packages_ignore_regex=None, paths=None, packages_up_to=None, packages_up_to_regex=None, packages_above=None, packages_above_and_dependencies=None, packages_above_depth=None, packages_select_by_dep=None, packages_skip_by_dep=None, packages_skip_up_to=None, packages_select_build_failed=False, packages_skip_build_finished=False, packages_select_test_failures=False, packages_skip_test_passed=False, packages_select=['plantsystem'], packages_skip=None, packages_select_regex=None, packages_skip_regex=None, packages_start=None, packages_end=None, allow_overriding=[], cmake_args=None, cmake_target=None, cmake_target_skip_unavailable=False, cmake_clean_cache=False, cmake_clean_first=False, cmake_force_configure=False, ament_cmake_args=None, catkin_cmake_args=None, catkin_skip_building_tests=False, verb_parser=<colcon_defaults.argument_parser.defaults.DefaultArgumentsDecorator object at 0xffff9ec6baf0>, verb_extension=<colcon_core.verb.build.BuildVerb object at 0xffff9f4ef430>, main=<bound method BuildVerb.main of <colcon_core.verb.build.BuildVerb object at 0xffff9f4ef430>>)
[2.297s] Level 1:colcon.colcon_core.package_discovery:discover_packages(colcon_meta) check parameters
[2.297s] Level 1:colcon.colcon_core.package_discovery:discover_packages(recursive) check parameters
[2.298s] Level 1:colcon.colcon_core.package_discovery:discover_packages(ignore) check parameters
[2.298s] Level 1:colcon.colcon_core.package_discovery:discover_packages(path) check parameters
[2.298s] Level 1:colcon.colcon_core.package_discovery:discover_packages(colcon_meta) discover
[2.298s] Level 1:colcon.colcon_core.package_discovery:discover_packages(recursive) discover
[2.298s] INFO:colcon.colcon_core.package_discovery:Crawling recursively for packages in '/home/pi'
[2.299s] Level 1:colcon.colcon_core.package_identification:_identify(.) by extensions ['ignore', 'ignore_ament_install']
[2.300s] Level 1:colcon.colcon_core.package_identification:_identify(.) by extension 'ignore'
[2.300s] Level 1:colcon.colcon_core.package_identification:_identify(.) by extension 'ignore_ament_install'
[2.301s] Level 1:colcon.colcon_core.package_identification:_identify(.) by extensions ['colcon_pkg']
[2.301s] Level 1:colcon.colcon_core.package_identification:_identify(.) by extension 'colcon_pkg'
[2.301s] Level 1:colcon.colcon_core.package_identification:_identify(.) by extensions ['colcon_meta']
[2.301s] Level 1:colcon.colcon_core.package_identification:_identify(.) by extension 'colcon_meta'
[2.302s] Level 1:colcon.colcon_core.package_identification:_identify(.) by extensions ['ros']
[2.302s] Level 1:colcon.colcon_core.package_identification:_identify(.) by extension 'ros'
[2.384s] Level 1:colcon.colcon_core.package_identification:_identify(.) by extensions ['cmake', 'python']
[2.385s] Level 1:colcon.colcon_core.package_identification:_identify(.) by extension 'cmake'
[2.385s] Level 1:colcon.colcon_core.package_identification:_identify(.) by extension 'python'
[2.385s] Level 1:colcon.colcon_core.package_identification:_identify(.) by extensions ['python_setup_py']
[2.385s] Level 1:colcon.colcon_core.package_identification:_identify(.) by extension 'python_setup_py'
[2.386s] Level 1:colcon.colcon_core.package_identification:_identify(Desktop) by extensions ['ignore', 'ignore_ament_install']
[2.386s] Level 1:colcon.colcon_core.package_identification:_identify(Desktop) by extension 'ignore'
[2.386s] Level 1:colcon.colcon_core.package_identification:_identify(Desktop) by extension 'ignore_ament_install'
[2.386s] Level 1:colcon.colcon_core.package_identification:_identify(Desktop) by extensions ['colcon_pkg']
[2.387s] Level 1:colcon.colcon_core.package_identification:_identify(Desktop) by extension 'colcon_pkg'
[2.387s] Level 1:colcon.colcon_core.package_identification:_identify(Desktop) by extensions ['colcon_meta']
[2.387s] Level 1:colcon.colcon_core.package_identification:_identify(Desktop) by extension 'colcon_meta'
[2.387s] Level 1:colcon.colcon_core.package_identification:_identify(Desktop) by extensions ['ros']
[2.387s] Level 1:colcon.colcon_core.package_identification:_identify(Desktop) by extension 'ros'
[2.387s] Level 1:colcon.colcon_core.package_identification:_identify(Desktop) by extensions ['cmake', 'python']
[2.388s] Level 1:colcon.colcon_core.package_identification:_identify(Desktop) by extension 'cmake'
[2.388s] Level 1:colcon.colcon_core.package_identification:_identify(Desktop) by extension 'python'
[2.388s] Level 1:colcon.colcon_core.package_identification:_identify(Desktop) by extensions ['python_setup_py']
[2.388s] Level 1:colcon.colcon_core.package_identification:_identify(Desktop) by extension 'python_setup_py'
[2.388s] Level 1:colcon.colcon_core.package_identification:_identify(Documents) by extensions ['ignore', 'ignore_ament_install']
[2.389s] Level 1:colcon.colcon_core.package_identification:_identify(Documents) by extension 'ignore'
[2.389s] Level 1:colcon.colcon_core.package_identification:_identify(Documents) by extension 'ignore_ament_install'
[2.389s] Level 1:colcon.colcon_core.package_identification:_identify(Documents) by extensions ['colcon_pkg']
[2.389s] Level 1:colcon.colcon_core.package_identification:_identify(Documents) by extension 'colcon_pkg'
[2.389s] Level 1:colcon.colcon_core.package_identification:_identify(Documents) by extensions ['colcon_meta']
[2.390s] Level 1:colcon.colcon_core.package_identification:_identify(Documents) by extension 'colcon_meta'
[2.390s] Level 1:colcon.colcon_core.package_identification:_identify(Documents) by extensions ['ros']
[2.390s] Level 1:colcon.colcon_core.package_identification:_identify(Documents) by extension 'ros'
[2.390s] Level 1:colcon.colcon_core.package_identification:_identify(Documents) by extensions ['cmake', 'python']
[2.390s] Level 1:colcon.colcon_core.package_identification:_identify(Documents) by extension 'cmake'
[2.390s] Level 1:colcon.colcon_core.package_identification:_identify(Documents) by extension 'python'
[2.391s] Level 1:colcon.colcon_core.package_identification:_identify(Documents) by extensions ['python_setup_py']
[2.391s] Level 1:colcon.colcon_core.package_identification:_identify(Documents) by extension 'python_setup_py'
[2.391s] Level 1:colcon.colcon_core.package_identification:_identify(Documents/startup) by extensions ['ignore', 'ignore_ament_install']
[2.391s] Level 1:colcon.colcon_core.package_identification:_identify(Documents/startup) by extension 'ignore'
[2.392s] Level 1:colcon.colcon_core.package_identification:_identify(Documents/startup) by extension 'ignore_ament_install'
[2.392s] Level 1:colcon.colcon_core.package_identification:_identify(Documents/startup) by extensions ['colcon_pkg']
[2.392s] Level 1:colcon.colcon_core.package_identification:_identify(Documents/startup) by extension 'colcon_pkg'
[2.392s] Level 1:colcon.colcon_core.package_identification:_identify(Documents/startup) by extensions ['colcon_meta']
[2.392s] Level 1:colcon.colcon_core.package_identification:_identify(Documents/startup) by extension 'colcon_meta'
[2.392s] Level 1:colcon.colcon_core.package_identification:_identify(Documents/startup) by extensions ['ros']
[2.392s] Level 1:colcon.colcon_core.package_identification:_identify(Documents/startup) by extension 'ros'
[2.393s] Level 1:colcon.colcon_core.package_identification:_identify(Documents/startup) by extensions ['cmake', 'python']
[2.393s] Level 1:colcon.colcon_core.package_identification:_identify(Documents/startup) by extension 'cmake'
[2.393s] Level 1:colcon.colcon_core.package_identification:_identify(Documents/startup) by extension 'python'
[2.393s] Level 1:colcon.colcon_core.package_identification:_identify(Documents/startup) by extensions ['python_setup_py']
[2.393s] Level 1:colcon.colcon_core.package_identification:_identify(Documents/startup) by extension 'python_setup_py'
[2.394s] Level 1:colcon.colcon_core.package_identification:_identify(Downloads) by extensions ['ignore', 'ignore_ament_install']
[2.394s] Level 1:colcon.colcon_core.package_identification:_identify(Downloads) by extension 'ignore'
[2.394s] Level 1:colcon.colcon_core.package_identification:_identify(Downloads) by extension 'ignore_ament_install'
[2.394s] Level 1:colcon.colcon_core.package_identification:_identify(Downloads) by extensions ['colcon_pkg']
[2.395s] Level 1:colcon.colcon_core.package_identification:_identify(Downloads) by extension 'colcon_pkg'
[2.395s] Level 1:colcon.colcon_core.package_identification:_identify(Downloads) by extensions ['colcon_meta']
[2.395s] Level 1:colcon.colcon_core.package_identification:_identify(Downloads) by extension 'colcon_meta'
[2.395s] Level 1:colcon.colcon_core.package_identification:_identify(Downloads) by extensions ['ros']
[2.395s] Level 1:colcon.colcon_core.package_identification:_identify(Downloads) by extension 'ros'
[2.395s] Level 1:colcon.colcon_core.package_identification:_identify(Downloads) by extensions ['cmake', 'python']
[2.396s] Level 1:colcon.colcon_core.package_identification:_identify(Downloads) by extension 'cmake'
[2.396s] Level 1:colcon.colcon_core.package_identification:_identify(Downloads) by extension 'python'
[2.396s] Level 1:colcon.colcon_core.package_identification:_identify(Downloads) by extensions ['python_setup_py']
[2.396s] Level 1:colcon.colcon_core.package_identification:_identify(Downloads) by extension 'python_setup_py'
[2.396s] Level 1:colcon.colcon_core.package_identification:_identify(Music) by extensions ['ignore', 'ignore_ament_install']
[2.397s] Level 1:colcon.colcon_core.package_identification:_identify(Music) by extension 'ignore'
[2.397s] Level 1:colcon.colcon_core.package_identification:_identify(Music) by extension 'ignore_ament_install'
[2.397s] Level 1:colcon.colcon_core.package_identification:_identify(Music) by extensions ['colcon_pkg']
[2.397s] Level 1:colcon.colcon_core.package_identification:_identify(Music) by extension 'colcon_pkg'
[2.397s] Level 1:colcon.colcon_core.package_identification:_identify(Music) by extensions ['colcon_meta']
[2.398s] Level 1:colcon.colcon_core.package_identification:_identify(Music) by extension 'colcon_meta'
[2.398s] Level 1:colcon.colcon_core.package_identification:_identify(Music) by extensions ['ros']
[2.398s] Level 1:colcon.colcon_core.package_identification:_identify(Music) by extension 'ros'
[2.398s] Level 1:colcon.colcon_core.package_identification:_identify(Music) by extensions ['cmake', 'python']
[2.398s] Level 1:colcon.colcon_core.package_identification:_identify(Music) by extension 'cmake'
[2.398s] Level 1:colcon.colcon_core.package_identification:_identify(Music) by extension 'python'
[2.399s] Level 1:colcon.colcon_core.package_identification:_identify(Music) by extensions ['python_setup_py']
[2.399s] Level 1:colcon.colcon_core.package_identification:_identify(Music) by extension 'python_setup_py'
[2.399s] Level 1:colcon.colcon_core.package_identification:_identify(Pictures) by extensions ['ignore', 'ignore_ament_install']
[2.399s] Level 1:colcon.colcon_core.package_identification:_identify(Pictures) by extension 'ignore'
[2.400s] Level 1:colcon.colcon_core.package_identification:_identify(Pictures) by extension 'ignore_ament_install'
[2.400s] Level 1:colcon.colcon_core.package_identification:_identify(Pictures) by extensions ['colcon_pkg']
[2.400s] Level 1:colcon.colcon_core.package_identification:_identify(Pictures) by extension 'colcon_pkg'
[2.400s] Level 1:colcon.colcon_core.package_identification:_identify(Pictures) by extensions ['colcon_meta']
[2.400s] Level 1:colcon.colcon_core.package_identification:_identify(Pictures) by extension 'colcon_meta'
[2.401s] Level 1:colcon.colcon_core.package_identification:_identify(Pictures) by extensions ['ros']
[2.401s] Level 1:colcon.colcon_core.package_identification:_identify(Pictures) by extension 'ros'
[2.401s] Level 1:colcon.colcon_core.package_identification:_identify(Pictures) by extensions ['cmake', 'python']
[2.401s] Level 1:colcon.colcon_core.package_identification:_identify(Pictures) by extension 'cmake'
[2.401s] Level 1:colcon.colcon_core.package_identification:_identify(Pictures) by extension 'python'
[2.402s] Level 1:colcon.colcon_core.package_identification:_identify(Pictures) by extensions ['python_setup_py']
[2.402s] Level 1:colcon.colcon_core.package_identification:_identify(Pictures) by extension 'python_setup_py'
[2.402s] Level 1:colcon.colcon_core.package_identification:_identify(Public) by extensions ['ignore', 'ignore_ament_install']
[2.402s] Level 1:colcon.colcon_core.package_identification:_identify(Public) by extension 'ignore'
[2.402s] Level 1:colcon.colcon_core.package_identification:_identify(Public) by extension 'ignore_ament_install'
[2.403s] Level 1:colcon.colcon_core.package_identification:_identify(Public) by extensions ['colcon_pkg']
[2.403s] Level 1:colcon.colcon_core.package_identification:_identify(Public) by extension 'colcon_pkg'
[2.403s] Level 1:colcon.colcon_core.package_identification:_identify(Public) by extensions ['colcon_meta']
[2.403s] Level 1:colcon.colcon_core.package_identification:_identify(Public) by extension 'colcon_meta'
[2.403s] Level 1:colcon.colcon_core.package_identification:_identify(Public) by extensions ['ros']
[2.403s] Level 1:colcon.colcon_core.package_identification:_identify(Public) by extension 'ros'
[2.404s] Level 1:colcon.colcon_core.package_identification:_identify(Public) by extensions ['cmake', 'python']
[2.404s] Level 1:colcon.colcon_core.package_identification:_identify(Public) by extension 'cmake'
[2.404s] Level 1:colcon.colcon_core.package_identification:_identify(Public) by extension 'python'
[2.404s] Level 1:colcon.colcon_core.package_identification:_identify(Public) by extensions ['python_setup_py']
[2.404s] Level 1:colcon.colcon_core.package_identification:_identify(Public) by extension 'python_setup_py'
[2.405s] Level 1:colcon.colcon_core.package_identification:_identify(Templates) by extensions ['ignore', 'ignore_ament_install']
[2.405s] Level 1:colcon.colcon_core.package_identification:_identify(Templates) by extension 'ignore'
[2.405s] Level 1:colcon.colcon_core.package_identification:_identify(Templates) by extension 'ignore_ament_install'
[2.405s] Level 1:colcon.colcon_core.package_identification:_identify(Templates) by extensions ['colcon_pkg']
[2.405s] Level 1:colcon.colcon_core.package_identification:_identify(Templates) by extension 'colcon_pkg'
[2.405s] Level 1:colcon.colcon_core.package_identification:_identify(Templates) by extensions ['colcon_meta']
[2.406s] Level 1:colcon.colcon_core.package_identification:_identify(Templates) by extension 'colcon_meta'
[2.406s] Level 1:colcon.colcon_core.package_identification:_identify(Templates) by extensions ['ros']
[2.406s] Level 1:colcon.colcon_core.package_identification:_identify(Templates) by extension 'ros'
[2.406s] Level 1:colcon.colcon_core.package_identification:_identify(Templates) by extensions ['cmake', 'python']
[2.406s] Level 1:colcon.colcon_core.package_identification:_identify(Templates) by extension 'cmake'
[2.406s] Level 1:colcon.colcon_core.package_identification:_identify(Templates) by extension 'python'
[2.407s] Level 1:colcon.colcon_core.package_identification:_identify(Templates) by extensions ['python_setup_py']
[2.407s] Level 1:colcon.colcon_core.package_identification:_identify(Templates) by extension 'python_setup_py'
[2.407s] Level 1:colcon.colcon_core.package_identification:_identify(Videos) by extensions ['ignore', 'ignore_ament_install']
[2.407s] Level 1:colcon.colcon_core.package_identification:_identify(Videos) by extension 'ignore'
[2.408s] Level 1:colcon.colcon_core.package_identification:_identify(Videos) by extension 'ignore_ament_install'
[2.408s] Level 1:colcon.colcon_core.package_identification:_identify(Videos) by extensions ['colcon_pkg']
[2.408s] Level 1:colcon.colcon_core.package_identification:_identify(Videos) by extension 'colcon_pkg'
[2.408s] Level 1:colcon.colcon_core.package_identification:_identify(Videos) by extensions ['colcon_meta']
[2.408s] Level 1:colcon.colcon_core.package_identification:_identify(Videos) by extension 'colcon_meta'
[2.408s] Level 1:colcon.colcon_core.package_identification:_identify(Videos) by extensions ['ros']
[2.408s] Level 1:colcon.colcon_core.package_identification:_identify(Videos) by extension 'ros'
[2.409s] Level 1:colcon.colcon_core.package_identification:_identify(Videos) by extensions ['cmake', 'python']
[2.409s] Level 1:colcon.colcon_core.package_identification:_identify(Videos) by extension 'cmake'
[2.409s] Level 1:colcon.colcon_core.package_identification:_identify(Videos) by extension 'python'
[2.409s] Level 1:colcon.colcon_core.package_identification:_identify(Videos) by extensions ['python_setup_py']
[2.409s] Level 1:colcon.colcon_core.package_identification:_identify(Videos) by extension 'python_setup_py'
[2.410s] Level 1:colcon.colcon_core.package_identification:_identify(build) by extensions ['ignore', 'ignore_ament_install']
[2.410s] Level 1:colcon.colcon_core.package_identification:_identify(build) by extension 'ignore'
[2.410s] Level 1:colcon.colcon_core.package_identification:_identify(build) ignored
[2.411s] Level 1:colcon.colcon_core.package_identification:_identify(emli5_ws) by extensions ['ignore', 'ignore_ament_install']
[2.411s] Level 1:colcon.colcon_core.package_identification:_identify(emli5_ws) by extension 'ignore'
[2.411s] Level 1:colcon.colcon_core.package_identification:_identify(emli5_ws) by extension 'ignore_ament_install'
[2.411s] Level 1:colcon.colcon_core.package_identification:_identify(emli5_ws) by extensions ['colcon_pkg']
[2.412s] Level 1:colcon.colcon_core.package_identification:_identify(emli5_ws) by extension 'colcon_pkg'
[2.412s] Level 1:colcon.colcon_core.package_identification:_identify(emli5_ws) by extensions ['colcon_meta']
[2.412s] Level 1:colcon.colcon_core.package_identification:_identify(emli5_ws) by extension 'colcon_meta'
[2.412s] Level 1:colcon.colcon_core.package_identification:_identify(emli5_ws) by extensions ['ros']
[2.412s] Level 1:colcon.colcon_core.package_identification:_identify(emli5_ws) by extension 'ros'
[2.413s] Level 1:colcon.colcon_core.package_identification:_identify(emli5_ws) by extensions ['cmake', 'python']
[2.413s] Level 1:colcon.colcon_core.package_identification:_identify(emli5_ws) by extension 'cmake'
[2.413s] Level 1:colcon.colcon_core.package_identification:_identify(emli5_ws) by extension 'python'
[2.413s] Level 1:colcon.colcon_core.package_identification:_identify(emli5_ws) by extensions ['python_setup_py']
[2.413s] Level 1:colcon.colcon_core.package_identification:_identify(emli5_ws) by extension 'python_setup_py'
[2.414s] Level 1:colcon.colcon_core.package_identification:_identify(emli5_ws/__pycache__) by extensions ['ignore', 'ignore_ament_install']
[2.414s] Level 1:colcon.colcon_core.package_identification:_identify(emli5_ws/__pycache__) by extension 'ignore'
[2.414s] Level 1:colcon.colcon_core.package_identification:_identify(emli5_ws/__pycache__) by extension 'ignore_ament_install'
[2.414s] Level 1:colcon.colcon_core.package_identification:_identify(emli5_ws/__pycache__) by extensions ['colcon_pkg']
[2.414s] Level 1:colcon.colcon_core.package_identification:_identify(emli5_ws/__pycache__) by extension 'colcon_pkg'
[2.415s] Level 1:colcon.colcon_core.package_identification:_identify(emli5_ws/__pycache__) by extensions ['colcon_meta']
[2.415s] Level 1:colcon.colcon_core.package_identification:_identify(emli5_ws/__pycache__) by extension 'colcon_meta'
[2.415s] Level 1:colcon.colcon_core.package_identification:_identify(emli5_ws/__pycache__) by extensions ['ros']
[2.415s] Level 1:colcon.colcon_core.package_identification:_identify(emli5_ws/__pycache__) by extension 'ros'
[2.415s] Level 1:colcon.colcon_core.package_identification:_identify(emli5_ws/__pycache__) by extensions ['cmake', 'python']
[2.415s] Level 1:colcon.colcon_core.package_identification:_identify(emli5_ws/__pycache__) by extension 'cmake'
[2.416s] Level 1:colcon.colcon_core.package_identification:_identify(emli5_ws/__pycache__) by extension 'python'
[2.416s] Level 1:colcon.colcon_core.package_identification:_identify(emli5_ws/__pycache__) by extensions ['python_setup_py']
[2.416s] Level 1:colcon.colcon_core.package_identification:_identify(emli5_ws/__pycache__) by extension 'python_setup_py'
[2.416s] Level 1:colcon.colcon_core.package_identification:_identify(emli5_ws/boot) by extensions ['ignore', 'ignore_ament_install']
[2.417s] Level 1:colcon.colcon_core.package_identification:_identify(emli5_ws/boot) by extension 'ignore'
[2.417s] Level 1:colcon.colcon_core.package_identification:_identify(emli5_ws/boot) by extension 'ignore_ament_install'
[2.417s] Level 1:colcon.colcon_core.package_identification:_identify(emli5_ws/boot) by extensions ['colcon_pkg']
[2.417s] Level 1:colcon.colcon_core.package_identification:_identify(emli5_ws/boot) by extension 'colcon_pkg'
[2.417s] Level 1:colcon.colcon_core.package_identification:_identify(emli5_ws/boot) by extensions ['colcon_meta']
[2.417s] Level 1:colcon.colcon_core.package_identification:_identify(emli5_ws/boot) by extension 'colcon_meta'
[2.418s] Level 1:colcon.colcon_core.package_identification:_identify(emli5_ws/boot) by extensions ['ros']
[2.418s] Level 1:colcon.colcon_core.package_identification:_identify(emli5_ws/boot) by extension 'ros'
[2.418s] Level 1:colcon.colcon_core.package_identification:_identify(emli5_ws/boot) by extensions ['cmake', 'python']
[2.418s] Level 1:colcon.colcon_core.package_identification:_identify(emli5_ws/boot) by extension 'cmake'
[2.418s] Level 1:colcon.colcon_core.package_identification:_identify(emli5_ws/boot) by extension 'python'
[2.418s] Level 1:colcon.colcon_core.package_identification:_identify(emli5_ws/boot) by extensions ['python_setup_py']
[2.419s] Level 1:colcon.colcon_core.package_identification:_identify(emli5_ws/boot) by extension 'python_setup_py'
[2.419s] Level 1:colcon.colcon_core.package_identification:_identify(emli5_ws/build) by extensions ['ignore', 'ignore_ament_install']
[2.419s] Level 1:colcon.colcon_core.package_identification:_identify(emli5_ws/build) by extension 'ignore'
[2.419s] Level 1:colcon.colcon_core.package_identification:_identify(emli5_ws/build) ignored
[2.420s] Level 1:colcon.colcon_core.package_identification:_identify(emli5_ws/install) by extensions ['ignore', 'ignore_ament_install']
[2.420s] Level 1:colcon.colcon_core.package_identification:_identify(emli5_ws/install) by extension 'ignore'
[2.420s] Level 1:colcon.colcon_core.package_identification:_identify(emli5_ws/install) ignored
[2.422s] Level 1:colcon.colcon_core.package_identification:_identify(emli5_ws/log) by extensions ['ignore', 'ignore_ament_install']
[2.422s] Level 1:colcon.colcon_core.package_identification:_identify(emli5_ws/log) by extension 'ignore'
[2.423s] Level 1:colcon.colcon_core.package_identification:_identify(emli5_ws/log) ignored
[2.423s] Level 1:colcon.colcon_core.package_identification:_identify(emli5_ws/src) by extensions ['ignore', 'ignore_ament_install']
[2.423s] Level 1:colcon.colcon_core.package_identification:_identify(emli5_ws/src) by extension 'ignore'
[2.423s] Level 1:colcon.colcon_core.package_identification:_identify(emli5_ws/src) by extension 'ignore_ament_install'
[2.424s] Level 1:colcon.colcon_core.package_identification:_identify(emli5_ws/src) by extensions ['colcon_pkg']
[2.424s] Level 1:colcon.colcon_core.package_identification:_identify(emli5_ws/src) by extension 'colcon_pkg'
[2.424s] Level 1:colcon.colcon_core.package_identification:_identify(emli5_ws/src) by extensions ['colcon_meta']
[2.424s] Level 1:colcon.colcon_core.package_identification:_identify(emli5_ws/src) by extension 'colcon_meta'
[2.424s] Level 1:colcon.colcon_core.package_identification:_identify(emli5_ws/src) by extensions ['ros']
[2.424s] Level 1:colcon.colcon_core.package_identification:_identify(emli5_ws/src) by extension 'ros'
[2.425s] Level 1:colcon.colcon_core.package_identification:_identify(emli5_ws/src) by extensions ['cmake', 'python']
[2.425s] Level 1:colcon.colcon_core.package_identification:_identify(emli5_ws/src) by extension 'cmake'
[2.425s] Level 1:colcon.colcon_core.package_identification:_identify(emli5_ws/src) by extension 'python'
[2.425s] Level 1:colcon.colcon_core.package_identification:_identify(emli5_ws/src) by extensions ['python_setup_py']
[2.425s] Level 1:colcon.colcon_core.package_identification:_identify(emli5_ws/src) by extension 'python_setup_py'
[2.426s] Level 1:colcon.colcon_core.package_identification:_identify(emli5_ws/src/plantsystem) by extensions ['ignore', 'ignore_ament_install']
[2.426s] Level 1:colcon.colcon_core.package_identification:_identify(emli5_ws/src/plantsystem) by extension 'ignore'
[2.426s] Level 1:colcon.colcon_core.package_identification:_identify(emli5_ws/src/plantsystem) by extension 'ignore_ament_install'
[2.426s] Level 1:colcon.colcon_core.package_identification:_identify(emli5_ws/src/plantsystem) by extensions ['colcon_pkg']
[2.427s] Level 1:colcon.colcon_core.package_identification:_identify(emli5_ws/src/plantsystem) by extension 'colcon_pkg'
[2.427s] Level 1:colcon.colcon_core.package_identification:_identify(emli5_ws/src/plantsystem) by extensions ['colcon_meta']
[2.427s] Level 1:colcon.colcon_core.package_identification:_identify(emli5_ws/src/plantsystem) by extension 'colcon_meta'
[2.427s] Level 1:colcon.colcon_core.package_identification:_identify(emli5_ws/src/plantsystem) by extensions ['ros']
[2.427s] Level 1:colcon.colcon_core.package_identification:_identify(emli5_ws/src/plantsystem) by extension 'ros'
[2.443s] DEBUG:colcon.colcon_core.package_identification:Package 'emli5_ws/src/plantsystem' with type 'ros.ament_python' and name 'plantsystem'
[2.444s] Level 1:colcon.colcon_core.package_identification:_identify(emli5_ws/system_info) by extensions ['ignore', 'ignore_ament_install']
[2.444s] Level 1:colcon.colcon_core.package_identification:_identify(emli5_ws/system_info) by extension 'ignore'
[2.444s] Level 1:colcon.colcon_core.package_identification:_identify(emli5_ws/system_info) by extension 'ignore_ament_install'
[2.445s] Level 1:colcon.colcon_core.package_identification:_identify(emli5_ws/system_info) by extensions ['colcon_pkg']
[2.445s] Level 1:colcon.colcon_core.package_identification:_identify(emli5_ws/system_info) by extension 'colcon_pkg'
[2.445s] Level 1:colcon.colcon_core.package_identification:_identify(emli5_ws/system_info) by extensions ['colcon_meta']
[2.445s] Level 1:colcon.colcon_core.package_identification:_identify(emli5_ws/system_info) by extension 'colcon_meta'
[2.445s] Level 1:colcon.colcon_core.package_identification:_identify(emli5_ws/system_info) by extensions ['ros']
[2.445s] Level 1:colcon.colcon_core.package_identification:_identify(emli5_ws/system_info) by extension 'ros'
[2.446s] Level 1:colcon.colcon_core.package_identification:_identify(emli5_ws/system_info) by extensions ['cmake', 'python']
[2.446s] Level 1:colcon.colcon_core.package_identification:_identify(emli5_ws/system_info) by extension 'cmake'
[2.446s] Level 1:colcon.colcon_core.package_identification:_identify(emli5_ws/system_info) by extension 'python'
[2.446s] Level 1:colcon.colcon_core.package_identification:_identify(emli5_ws/system_info) by extensions ['python_setup_py']
[2.447s] Level 1:colcon.colcon_core.package_identification:_identify(emli5_ws/system_info) by extension 'python_setup_py'
[2.447s] Level 1:colcon.colcon_core.package_identification:_identify(install) by extensions ['ignore', 'ignore_ament_install']
[2.447s] Level 1:colcon.colcon_core.package_identification:_identify(install) by extension 'ignore'
[2.448s] Level 1:colcon.colcon_core.package_identification:_identify(install) ignored
[2.448s] Level 1:colcon.colcon_core.package_identification:_identify(log) by extensions ['ignore', 'ignore_ament_install']
[2.448s] Level 1:colcon.colcon_core.package_identification:_identify(log) by extension 'ignore'
[2.449s] Level 1:colcon.colcon_core.package_identification:_identify(log) ignored
[2.449s] Level 1:colcon.colcon_core.package_identification:_identify(snap) by extensions ['ignore', 'ignore_ament_install']
[2.449s] Level 1:colcon.colcon_core.package_identification:_identify(snap) by extension 'ignore'
[2.450s] Level 1:colcon.colcon_core.package_identification:_identify(snap) by extension 'ignore_ament_install'
[2.450s] Level 1:colcon.colcon_core.package_identification:_identify(snap) by extensions ['colcon_pkg']
[2.450s] Level 1:colcon.colcon_core.package_identification:_identify(snap) by extension 'colcon_pkg'
[2.450s] Level 1:colcon.colcon_core.package_identification:_identify(snap) by extensions ['colcon_meta']
[2.450s] Level 1:colcon.colcon_core.package_identification:_identify(snap) by extension 'colcon_meta'
[2.451s] Level 1:colcon.colcon_core.package_identification:_identify(snap) by extensions ['ros']
[2.451s] Level 1:colcon.colcon_core.package_identification:_identify(snap) by extension 'ros'
[2.451s] Level 1:colcon.colcon_core.package_identification:_identify(snap) by extensions ['cmake', 'python']
[2.451s] Level 1:colcon.colcon_core.package_identification:_identify(snap) by extension 'cmake'
[2.451s] Level 1:colcon.colcon_core.package_identification:_identify(snap) by extension 'python'
[2.452s] Level 1:colcon.colcon_core.package_identification:_identify(snap) by extensions ['python_setup_py']
[2.452s] Level 1:colcon.colcon_core.package_identification:_identify(snap) by extension 'python_setup_py'
[2.452s] Level 1:colcon.colcon_core.package_identification:_identify(snap/snapd-desktop-integration) by extensions ['ignore', 'ignore_ament_install']
[2.453s] Level 1:colcon.colcon_core.package_identification:_identify(snap/snapd-desktop-integration) by extension 'ignore'
[2.453s] Level 1:colcon.colcon_core.package_identification:_identify(snap/snapd-desktop-integration) by extension 'ignore_ament_install'
[2.453s] Level 1:colcon.colcon_core.package_identification:_identify(snap/snapd-desktop-integration) by extensions ['colcon_pkg']
[2.453s] Level 1:colcon.colcon_core.package_identification:_identify(snap/snapd-desktop-integration) by extension 'colcon_pkg'
[2.454s] Level 1:colcon.colcon_core.package_identification:_identify(snap/snapd-desktop-integration) by extensions ['colcon_meta']
[2.454s] Level 1:colcon.colcon_core.package_identification:_identify(snap/snapd-desktop-integration) by extension 'colcon_meta'
[2.454s] Level 1:colcon.colcon_core.package_identification:_identify(snap/snapd-desktop-integration) by extensions ['ros']
[2.454s] Level 1:colcon.colcon_core.package_identification:_identify(snap/snapd-desktop-integration) by extension 'ros'
[2.455s] Level 1:colcon.colcon_core.package_identification:_identify(snap/snapd-desktop-integration) by extensions ['cmake', 'python']
[2.455s] Level 1:colcon.colcon_core.package_identification:_identify(snap/snapd-desktop-integration) by extension 'cmake'
[2.455s] Level 1:colcon.colcon_core.package_identification:_identify(snap/snapd-desktop-integration) by extension 'python'
[2.455s] Level 1:colcon.colcon_core.package_identification:_identify(snap/snapd-desktop-integration) by extensions ['python_setup_py']
[2.455s] Level 1:colcon.colcon_core.package_identification:_identify(snap/snapd-desktop-integration) by extension 'python_setup_py'
[2.456s] Level 1:colcon.colcon_core.package_identification:_identify(snap/snapd-desktop-integration/58) by extensions ['ignore', 'ignore_ament_install']
[2.456s] Level 1:colcon.colcon_core.package_identification:_identify(snap/snapd-desktop-integration/58) by extension 'ignore'
[2.457s] Level 1:colcon.colcon_core.package_identification:_identify(snap/snapd-desktop-integration/58) by extension 'ignore_ament_install'
[2.457s] Level 1:colcon.colcon_core.package_identification:_identify(snap/snapd-desktop-integration/58) by extensions ['colcon_pkg']
[2.457s] Level 1:colcon.colcon_core.package_identification:_identify(snap/snapd-desktop-integration/58) by extension 'colcon_pkg'
[2.457s] Level 1:colcon.colcon_core.package_identification:_identify(snap/snapd-desktop-integration/58) by extensions ['colcon_meta']
[2.457s] Level 1:colcon.colcon_core.package_identification:_identify(snap/snapd-desktop-integration/58) by extension 'colcon_meta'
[2.458s] Level 1:colcon.colcon_core.package_identification:_identify(snap/snapd-desktop-integration/58) by extensions ['ros']
[2.458s] Level 1:colcon.colcon_core.package_identification:_identify(snap/snapd-desktop-integration/58) by extension 'ros'
[2.458s] Level 1:colcon.colcon_core.package_identification:_identify(snap/snapd-desktop-integration/58) by extensions ['cmake', 'python']
[2.458s] Level 1:colcon.colcon_core.package_identification:_identify(snap/snapd-desktop-integration/58) by extension 'cmake'
[2.458s] Level 1:colcon.colcon_core.package_identification:_identify(snap/snapd-desktop-integration/58) by extension 'python'
[2.458s] Level 1:colcon.colcon_core.package_identification:_identify(snap/snapd-desktop-integration/58) by extensions ['python_setup_py']
[2.459s] Level 1:colcon.colcon_core.package_identification:_identify(snap/snapd-desktop-integration/58) by extension 'python_setup_py'
[2.459s] Level 1:colcon.colcon_core.package_identification:_identify(snap/snapd-desktop-integration/58/Desktop) by extensions ['ignore', 'ignore_ament_install']
[2.459s] Level 1:colcon.colcon_core.package_identification:_identify(snap/snapd-desktop-integration/58/Desktop) by extension 'ignore'
[2.460s] Level 1:colcon.colcon_core.package_identification:_identify(snap/snapd-desktop-integration/58/Desktop) by extension 'ignore_ament_install'
[2.460s] Level 1:colcon.colcon_core.package_identification:_identify(snap/snapd-desktop-integration/58/Desktop) by extensions ['colcon_pkg']
[2.460s] Level 1:colcon.colcon_core.package_identification:_identify(snap/snapd-desktop-integration/58/Desktop) by extension 'colcon_pkg'
[2.460s] Level 1:colcon.colcon_core.package_identification:_identify(snap/snapd-desktop-integration/58/Desktop) by extensions ['colcon_meta']
[2.460s] Level 1:colcon.colcon_core.package_identification:_identify(snap/snapd-desktop-integration/58/Desktop) by extension 'colcon_meta'
[2.460s] Level 1:colcon.colcon_core.package_identification:_identify(snap/snapd-desktop-integration/58/Desktop) by extensions ['ros']
[2.461s] Level 1:colcon.colcon_core.package_identification:_identify(snap/snapd-desktop-integration/58/Desktop) by extension 'ros'
[2.461s] Level 1:colcon.colcon_core.package_identification:_identify(snap/snapd-desktop-integration/58/Desktop) by extensions ['cmake', 'python']
[2.461s] Level 1:colcon.colcon_core.package_identification:_identify(snap/snapd-desktop-integration/58/Desktop) by extension 'cmake'
[2.461s] Level 1:colcon.colcon_core.package_identification:_identify(snap/snapd-desktop-integration/58/Desktop) by extension 'python'
[2.461s] Level 1:colcon.colcon_core.package_identification:_identify(snap/snapd-desktop-integration/58/Desktop) by extensions ['python_setup_py']
[2.462s] Level 1:colcon.colcon_core.package_identification:_identify(snap/snapd-desktop-integration/58/Desktop) by extension 'python_setup_py'
[2.462s] Level 1:colcon.colcon_core.package_identification:_identify(snap/snapd-desktop-integration/58/Documents) by extensions ['ignore', 'ignore_ament_install']
[2.462s] Level 1:colcon.colcon_core.package_identification:_identify(snap/snapd-desktop-integration/58/Documents) by extension 'ignore'
[2.462s] Level 1:colcon.colcon_core.package_identification:_identify(snap/snapd-desktop-integration/58/Documents) by extension 'ignore_ament_install'
[2.463s] Level 1:colcon.colcon_core.package_identification:_identify(snap/snapd-desktop-integration/58/Documents) by extensions ['colcon_pkg']
[2.463s] Level 1:colcon.colcon_core.package_identification:_identify(snap/snapd-desktop-integration/58/Documents) by extension 'colcon_pkg'
[2.463s] Level 1:colcon.colcon_core.package_identification:_identify(snap/snapd-desktop-integration/58/Documents) by extensions ['colcon_meta']
[2.463s] Level 1:colcon.colcon_core.package_identification:_identify(snap/snapd-desktop-integration/58/Documents) by extension 'colcon_meta'
[2.463s] Level 1:colcon.colcon_core.package_identification:_identify(snap/snapd-desktop-integration/58/Documents) by extensions ['ros']
[2.463s] Level 1:colcon.colcon_core.package_identification:_identify(snap/snapd-desktop-integration/58/Documents) by extension 'ros'
[2.464s] Level 1:colcon.colcon_core.package_identification:_identify(snap/snapd-desktop-integration/58/Documents) by extensions ['cmake', 'python']
[2.464s] Level 1:colcon.colcon_core.package_identification:_identify(snap/snapd-desktop-integration/58/Documents) by extension 'cmake'
[2.464s] Level 1:colcon.colcon_core.package_identification:_identify(snap/snapd-desktop-integration/58/Documents) by extension 'python'
[2.464s] Level 1:colcon.colcon_core.package_identification:_identify(snap/snapd-desktop-integration/58/Documents) by extensions ['python_setup_py']
[2.464s] Level 1:colcon.colcon_core.package_identification:_identify(snap/snapd-desktop-integration/58/Documents) by extension 'python_setup_py'
[2.465s] Level 1:colcon.colcon_core.package_identification:_identify(snap/snapd-desktop-integration/58/Downloads) by extensions ['ignore', 'ignore_ament_install']
[2.465s] Level 1:colcon.colcon_core.package_identification:_identify(snap/snapd-desktop-integration/58/Downloads) by extension 'ignore'
[2.465s] Level 1:colcon.colcon_core.package_identification:_identify(snap/snapd-desktop-integration/58/Downloads) by extension 'ignore_ament_install'
[2.466s] Level 1:colcon.colcon_core.package_identification:_identify(snap/snapd-desktop-integration/58/Downloads) by extensions ['colcon_pkg']
[2.466s] Level 1:colcon.colcon_core.package_identification:_identify(snap/snapd-desktop-integration/58/Downloads) by extension 'colcon_pkg'
[2.466s] Level 1:colcon.colcon_core.package_identification:_identify(snap/snapd-desktop-integration/58/Downloads) by extensions ['colcon_meta']
[2.466s] Level 1:colcon.colcon_core.package_identification:_identify(snap/snapd-desktop-integration/58/Downloads) by extension 'colcon_meta'
[2.466s] Level 1:colcon.colcon_core.package_identification:_identify(snap/snapd-desktop-integration/58/Downloads) by extensions ['ros']
[2.466s] Level 1:colcon.colcon_core.package_identification:_identify(snap/snapd-desktop-integration/58/Downloads) by extension 'ros'
[2.467s] Level 1:colcon.colcon_core.package_identification:_identify(snap/snapd-desktop-integration/58/Downloads) by extensions ['cmake', 'python']
[2.467s] Level 1:colcon.colcon_core.package_identification:_identify(snap/snapd-desktop-integration/58/Downloads) by extension 'cmake'
[2.467s] Level 1:colcon.colcon_core.package_identification:_identify(snap/snapd-desktop-integration/58/Downloads) by extension 'python'
[2.467s] Level 1:colcon.colcon_core.package_identification:_identify(snap/snapd-desktop-integration/58/Downloads) by extensions ['python_setup_py']
[2.467s] Level 1:colcon.colcon_core.package_identification:_identify(snap/snapd-desktop-integration/58/Downloads) by extension 'python_setup_py'
[2.468s] Level 1:colcon.colcon_core.package_identification:_identify(snap/snapd-desktop-integration/58/Music) by extensions ['ignore', 'ignore_ament_install']
[2.468s] Level 1:colcon.colcon_core.package_identification:_identify(snap/snapd-desktop-integration/58/Music) by extension 'ignore'
[2.468s] Level 1:colcon.colcon_core.package_identification:_identify(snap/snapd-desktop-integration/58/Music) by extension 'ignore_ament_install'
[2.468s] Level 1:colcon.colcon_core.package_identification:_identify(snap/snapd-desktop-integration/58/Music) by extensions ['colcon_pkg']
[2.468s] Level 1:colcon.colcon_core.package_identification:_identify(snap/snapd-desktop-integration/58/Music) by extension 'colcon_pkg'
[2.469s] Level 1:colcon.colcon_core.package_identification:_identify(snap/snapd-desktop-integration/58/Music) by extensions ['colcon_meta']
[2.469s] Level 1:colcon.colcon_core.package_identification:_identify(snap/snapd-desktop-integration/58/Music) by extension 'colcon_meta'
[2.469s] Level 1:colcon.colcon_core.package_identification:_identify(snap/snapd-desktop-integration/58/Music) by extensions ['ros']
[2.469s] Level 1:colcon.colcon_core.package_identification:_identify(snap/snapd-desktop-integration/58/Music) by extension 'ros'
[2.469s] Level 1:colcon.colcon_core.package_identification:_identify(snap/snapd-desktop-integration/58/Music) by extensions ['cmake', 'python']
[2.470s] Level 1:colcon.colcon_core.package_identification:_identify(snap/snapd-desktop-integration/58/Music) by extension 'cmake'
[2.470s] Level 1:colcon.colcon_core.package_identification:_identify(snap/snapd-desktop-integration/58/Music) by extension 'python'
[2.470s] Level 1:colcon.colcon_core.package_identification:_identify(snap/snapd-desktop-integration/58/Music) by extensions ['python_setup_py']
[2.470s] Level 1:colcon.colcon_core.package_identification:_identify(snap/snapd-desktop-integration/58/Music) by extension 'python_setup_py'
[2.470s] Level 1:colcon.colcon_core.package_identification:_identify(snap/snapd-desktop-integration/58/Pictures) by extensions ['ignore', 'ignore_ament_install']
[2.471s] Level 1:colcon.colcon_core.package_identification:_identify(snap/snapd-desktop-integration/58/Pictures) by extension 'ignore'
[2.471s] Level 1:colcon.colcon_core.package_identification:_identify(snap/snapd-desktop-integration/58/Pictures) by extension 'ignore_ament_install'
[2.471s] Level 1:colcon.colcon_core.package_identification:_identify(snap/snapd-desktop-integration/58/Pictures) by extensions ['colcon_pkg']
[2.471s] Level 1:colcon.colcon_core.package_identification:_identify(snap/snapd-desktop-integration/58/Pictures) by extension 'colcon_pkg'
[2.471s] Level 1:colcon.colcon_core.package_identification:_identify(snap/snapd-desktop-integration/58/Pictures) by extensions ['colcon_meta']
[2.472s] Level 1:colcon.colcon_core.package_identification:_identify(snap/snapd-desktop-integration/58/Pictures) by extension 'colcon_meta'
[2.472s] Level 1:colcon.colcon_core.package_identification:_identify(snap/snapd-desktop-integration/58/Pictures) by extensions ['ros']
[2.472s] Level 1:colcon.colcon_core.package_identification:_identify(snap/snapd-desktop-integration/58/Pictures) by extension 'ros'
[2.472s] Level 1:colcon.colcon_core.package_identification:_identify(snap/snapd-desktop-integration/58/Pictures) by extensions ['cmake', 'python']
[2.472s] Level 1:colcon.colcon_core.package_identification:_identify(snap/snapd-desktop-integration/58/Pictures) by extension 'cmake'
[2.473s] Level 1:colcon.colcon_core.package_identification:_identify(snap/snapd-desktop-integration/58/Pictures) by extension 'python'
[2.473s] Level 1:colcon.colcon_core.package_identification:_identify(snap/snapd-desktop-integration/58/Pictures) by extensions ['python_setup_py']
[2.473s] Level 1:colcon.colcon_core.package_identification:_identify(snap/snapd-desktop-integration/58/Pictures) by extension 'python_setup_py'
[2.473s] Level 1:colcon.colcon_core.package_identification:_identify(snap/snapd-desktop-integration/58/Public) by extensions ['ignore', 'ignore_ament_install']
[2.474s] Level 1:colcon.colcon_core.package_identification:_identify(snap/snapd-desktop-integration/58/Public) by extension 'ignore'
[2.474s] Level 1:colcon.colcon_core.package_identification:_identify(snap/snapd-desktop-integration/58/Public) by extension 'ignore_ament_install'
[2.474s] Level 1:colcon.colcon_core.package_identification:_identify(snap/snapd-desktop-integration/58/Public) by extensions ['colcon_pkg']
[2.474s] Level 1:colcon.colcon_core.package_identification:_identify(snap/snapd-desktop-integration/58/Public) by extension 'colcon_pkg'
[2.474s] Level 1:colcon.colcon_core.package_identification:_identify(snap/snapd-desktop-integration/58/Public) by extensions ['colcon_meta']
[2.474s] Level 1:colcon.colcon_core.package_identification:_identify(snap/snapd-desktop-integration/58/Public) by extension 'colcon_meta'
[2.475s] Level 1:colcon.colcon_core.package_identification:_identify(snap/snapd-desktop-integration/58/Public) by extensions ['ros']
[2.475s] Level 1:colcon.colcon_core.package_identification:_identify(snap/snapd-desktop-integration/58/Public) by extension 'ros'
[2.475s] Level 1:colcon.colcon_core.package_identification:_identify(snap/snapd-desktop-integration/58/Public) by extensions ['cmake', 'python']
[2.475s] Level 1:colcon.colcon_core.package_identification:_identify(snap/snapd-desktop-integration/58/Public) by extension 'cmake'
[2.475s] Level 1:colcon.colcon_core.package_identification:_identify(snap/snapd-desktop-integration/58/Public) by extension 'python'
[2.476s] Level 1:colcon.colcon_core.package_identification:_identify(snap/snapd-desktop-integration/58/Public) by extensions ['python_setup_py']
[2.476s] Level 1:colcon.colcon_core.package_identification:_identify(snap/snapd-desktop-integration/58/Public) by extension 'python_setup_py'
[2.476s] Level 1:colcon.colcon_core.package_identification:_identify(snap/snapd-desktop-integration/58/Templates) by extensions ['ignore', 'ignore_ament_install']
[2.477s] Level 1:colcon.colcon_core.package_identification:_identify(snap/snapd-desktop-integration/58/Templates) by extension 'ignore'
[2.477s] Level 1:colcon.colcon_core.package_identification:_identify(snap/snapd-desktop-integration/58/Templates) by extension 'ignore_ament_install'
[2.477s] Level 1:colcon.colcon_core.package_identification:_identify(snap/snapd-desktop-integration/58/Templates) by extensions ['colcon_pkg']
[2.477s] Level 1:colcon.colcon_core.package_identification:_identify(snap/snapd-desktop-integration/58/Templates) by extension 'colcon_pkg'
[2.477s] Level 1:colcon.colcon_core.package_identification:_identify(snap/snapd-desktop-integration/58/Templates) by extensions ['colcon_meta']
[2.477s] Level 1:colcon.colcon_core.package_identification:_identify(snap/snapd-desktop-integration/58/Templates) by extension 'colcon_meta'
[2.478s] Level 1:colcon.colcon_core.package_identification:_identify(snap/snapd-desktop-integration/58/Templates) by extensions ['ros']
[2.478s] Level 1:colcon.colcon_core.package_identification:_identify(snap/snapd-desktop-integration/58/Templates) by extension 'ros'
[2.478s] Level 1:colcon.colcon_core.package_identification:_identify(snap/snapd-desktop-integration/58/Templates) by extensions ['cmake', 'python']
[2.478s] Level 1:colcon.colcon_core.package_identification:_identify(snap/snapd-desktop-integration/58/Templates) by extension 'cmake'
[2.478s] Level 1:colcon.colcon_core.package_identification:_identify(snap/snapd-desktop-integration/58/Templates) by extension 'python'
[2.479s] Level 1:colcon.colcon_core.package_identification:_identify(snap/snapd-desktop-integration/58/Templates) by extensions ['python_setup_py']
[2.479s] Level 1:colcon.colcon_core.package_identification:_identify(snap/snapd-desktop-integration/58/Templates) by extension 'python_setup_py'
[2.479s] Level 1:colcon.colcon_core.package_identification:_identify(snap/snapd-desktop-integration/58/Videos) by extensions ['ignore', 'ignore_ament_install']
[2.479s] Level 1:colcon.colcon_core.package_identification:_identify(snap/snapd-desktop-integration/58/Videos) by extension 'ignore'
[2.480s] Level 1:colcon.colcon_core.package_identification:_identify(snap/snapd-desktop-integration/58/Videos) by extension 'ignore_ament_install'
[2.480s] Level 1:colcon.colcon_core.package_identification:_identify(snap/snapd-desktop-integration/58/Videos) by extensions ['colcon_pkg']
[2.480s] Level 1:colcon.colcon_core.package_identification:_identify(snap/snapd-desktop-integration/58/Videos) by extension 'colcon_pkg'
[2.480s] Level 1:colcon.colcon_core.package_identification:_identify(snap/snapd-desktop-integration/58/Videos) by extensions ['colcon_meta']
[2.480s] Level 1:colcon.colcon_core.package_identification:_identify(snap/snapd-desktop-integration/58/Videos) by extension 'colcon_meta'
[2.480s] Level 1:colcon.colcon_core.package_identification:_identify(snap/snapd-desktop-integration/58/Videos) by extensions ['ros']
[2.481s] Level 1:colcon.colcon_core.package_identification:_identify(snap/snapd-desktop-integration/58/Videos) by extension 'ros'
[2.481s] Level 1:colcon.colcon_core.package_identification:_identify(snap/snapd-desktop-integration/58/Videos) by extensions ['cmake', 'python']
[2.481s] Level 1:colcon.colcon_core.package_identification:_identify(snap/snapd-desktop-integration/58/Videos) by extension 'cmake'
[2.481s] Level 1:colcon.colcon_core.package_identification:_identify(snap/snapd-desktop-integration/58/Videos) by extension 'python'
[2.481s] Level 1:colcon.colcon_core.package_identification:_identify(snap/snapd-desktop-integration/58/Videos) by extensions ['python_setup_py']
[2.482s] Level 1:colcon.colcon_core.package_identification:_identify(snap/snapd-desktop-integration/58/Videos) by extension 'python_setup_py'
[2.482s] Level 1:colcon.colcon_core.package_identification:_identify(snap/snapd-desktop-integration/85) by extensions ['ignore', 'ignore_ament_install']
[2.482s] Level 1:colcon.colcon_core.package_identification:_identify(snap/snapd-desktop-integration/85) by extension 'ignore'
[2.483s] Level 1:colcon.colcon_core.package_identification:_identify(snap/snapd-desktop-integration/85) by extension 'ignore_ament_install'
[2.483s] Level 1:colcon.colcon_core.package_identification:_identify(snap/snapd-desktop-integration/85) by extensions ['colcon_pkg']
[2.483s] Level 1:colcon.colcon_core.package_identification:_identify(snap/snapd-desktop-integration/85) by extension 'colcon_pkg'
[2.483s] Level 1:colcon.colcon_core.package_identification:_identify(snap/snapd-desktop-integration/85) by extensions ['colcon_meta']
[2.483s] Level 1:colcon.colcon_core.package_identification:_identify(snap/snapd-desktop-integration/85) by extension 'colcon_meta'
[2.483s] Level 1:colcon.colcon_core.package_identification:_identify(snap/snapd-desktop-integration/85) by extensions ['ros']
[2.484s] Level 1:colcon.colcon_core.package_identification:_identify(snap/snapd-desktop-integration/85) by extension 'ros'
[2.484s] Level 1:colcon.colcon_core.package_identification:_identify(snap/snapd-desktop-integration/85) by extensions ['cmake', 'python']
[2.484s] Level 1:colcon.colcon_core.package_identification:_identify(snap/snapd-desktop-integration/85) by extension 'cmake'
[2.484s] Level 1:colcon.colcon_core.package_identification:_identify(snap/snapd-desktop-integration/85) by extension 'python'
[2.484s] Level 1:colcon.colcon_core.package_identification:_identify(snap/snapd-desktop-integration/85) by extensions ['python_setup_py']
[2.484s] Level 1:colcon.colcon_core.package_identification:_identify(snap/snapd-desktop-integration/85) by extension 'python_setup_py'
[2.485s] Level 1:colcon.colcon_core.package_identification:_identify(snap/snapd-desktop-integration/85/Desktop) by extensions ['ignore', 'ignore_ament_install']
[2.485s] Level 1:colcon.colcon_core.package_identification:_identify(snap/snapd-desktop-integration/85/Desktop) by extension 'ignore'
[2.485s] Level 1:colcon.colcon_core.package_identification:_identify(snap/snapd-desktop-integration/85/Desktop) by extension 'ignore_ament_install'
[2.486s] Level 1:colcon.colcon_core.package_identification:_identify(snap/snapd-desktop-integration/85/Desktop) by extensions ['colcon_pkg']
[2.486s] Level 1:colcon.colcon_core.package_identification:_identify(snap/snapd-desktop-integration/85/Desktop) by extension 'colcon_pkg'
[2.486s] Level 1:colcon.colcon_core.package_identification:_identify(snap/snapd-desktop-integration/85/Desktop) by extensions ['colcon_meta']
[2.486s] Level 1:colcon.colcon_core.package_identification:_identify(snap/snapd-desktop-integration/85/Desktop) by extension 'colcon_meta'
[2.486s] Level 1:colcon.colcon_core.package_identification:_identify(snap/snapd-desktop-integration/85/Desktop) by extensions ['ros']
[2.486s] Level 1:colcon.colcon_core.package_identification:_identify(snap/snapd-desktop-integration/85/Desktop) by extension 'ros'
[2.487s] Level 1:colcon.colcon_core.package_identification:_identify(snap/snapd-desktop-integration/85/Desktop) by extensions ['cmake', 'python']
[2.487s] Level 1:colcon.colcon_core.package_identification:_identify(snap/snapd-desktop-integration/85/Desktop) by extension 'cmake'
[2.487s] Level 1:colcon.colcon_core.package_identification:_identify(snap/snapd-desktop-integration/85/Desktop) by extension 'python'
[2.487s] Level 1:colcon.colcon_core.package_identification:_identify(snap/snapd-desktop-integration/85/Desktop) by extensions ['python_setup_py']
[2.487s] Level 1:colcon.colcon_core.package_identification:_identify(snap/snapd-desktop-integration/85/Desktop) by extension 'python_setup_py'
[2.488s] Level 1:colcon.colcon_core.package_identification:_identify(snap/snapd-desktop-integration/85/Documents) by extensions ['ignore', 'ignore_ament_install']
[2.488s] Level 1:colcon.colcon_core.package_identification:_identify(snap/snapd-desktop-integration/85/Documents) by extension 'ignore'
[2.488s] Level 1:colcon.colcon_core.package_identification:_identify(snap/snapd-desktop-integration/85/Documents) by extension 'ignore_ament_install'
[2.488s] Level 1:colcon.colcon_core.package_identification:_identify(snap/snapd-desktop-integration/85/Documents) by extensions ['colcon_pkg']
[2.489s] Level 1:colcon.colcon_core.package_identification:_identify(snap/snapd-desktop-integration/85/Documents) by extension 'colcon_pkg'
[2.489s] Level 1:colcon.colcon_core.package_identification:_identify(snap/snapd-desktop-integration/85/Documents) by extensions ['colcon_meta']
[2.489s] Level 1:colcon.colcon_core.package_identification:_identify(snap/snapd-desktop-integration/85/Documents) by extension 'colcon_meta'
[2.489s] Level 1:colcon.colcon_core.package_identification:_identify(snap/snapd-desktop-integration/85/Documents) by extensions ['ros']
[2.489s] Level 1:colcon.colcon_core.package_identification:_identify(snap/snapd-desktop-integration/85/Documents) by extension 'ros'
[2.490s] Level 1:colcon.colcon_core.package_identification:_identify(snap/snapd-desktop-integration/85/Documents) by extensions ['cmake', 'python']
[2.490s] Level 1:colcon.colcon_core.package_identification:_identify(snap/snapd-desktop-integration/85/Documents) by extension 'cmake'
[2.490s] Level 1:colcon.colcon_core.package_identification:_identify(snap/snapd-desktop-integration/85/Documents) by extension 'python'
[2.490s] Level 1:colcon.colcon_core.package_identification:_identify(snap/snapd-desktop-integration/85/Documents) by extensions ['python_setup_py']
[2.490s] Level 1:colcon.colcon_core.package_identification:_identify(snap/snapd-desktop-integration/85/Documents) by extension 'python_setup_py'
[2.491s] Level 1:colcon.colcon_core.package_identification:_identify(snap/snapd-desktop-integration/85/Downloads) by extensions ['ignore', 'ignore_ament_install']
[2.491s] Level 1:colcon.colcon_core.package_identification:_identify(snap/snapd-desktop-integration/85/Downloads) by extension 'ignore'
[2.491s] Level 1:colcon.colcon_core.package_identification:_identify(snap/snapd-desktop-integration/85/Downloads) by extension 'ignore_ament_install'
[2.491s] Level 1:colcon.colcon_core.package_identification:_identify(snap/snapd-desktop-integration/85/Downloads) by extensions ['colcon_pkg']
[2.491s] Level 1:colcon.colcon_core.package_identification:_identify(snap/snapd-desktop-integration/85/Downloads) by extension 'colcon_pkg'
[2.492s] Level 1:colcon.colcon_core.package_identification:_identify(snap/snapd-desktop-integration/85/Downloads) by extensions ['colcon_meta']
[2.492s] Level 1:colcon.colcon_core.package_identification:_identify(snap/snapd-desktop-integration/85/Downloads) by extension 'colcon_meta'
[2.492s] Level 1:colcon.colcon_core.package_identification:_identify(snap/snapd-desktop-integration/85/Downloads) by extensions ['ros']
[2.492s] Level 1:colcon.colcon_core.package_identification:_identify(snap/snapd-desktop-integration/85/Downloads) by extension 'ros'
[2.492s] Level 1:colcon.colcon_core.package_identification:_identify(snap/snapd-desktop-integration/85/Downloads) by extensions ['cmake', 'python']
[2.492s] Level 1:colcon.colcon_core.package_identification:_identify(snap/snapd-desktop-integration/85/Downloads) by extension 'cmake'
[2.493s] Level 1:colcon.colcon_core.package_identification:_identify(snap/snapd-desktop-integration/85/Downloads) by extension 'python'
[2.493s] Level 1:colcon.colcon_core.package_identification:_identify(snap/snapd-desktop-integration/85/Downloads) by extensions ['python_setup_py']
[2.493s] Level 1:colcon.colcon_core.package_identification:_identify(snap/snapd-desktop-integration/85/Downloads) by extension 'python_setup_py'
[2.493s] Level 1:colcon.colcon_core.package_identification:_identify(snap/snapd-desktop-integration/85/Music) by extensions ['ignore', 'ignore_ament_install']
[2.494s] Level 1:colcon.colcon_core.package_identification:_identify(snap/snapd-desktop-integration/85/Music) by extension 'ignore'
[2.494s] Level 1:colcon.colcon_core.package_identification:_identify(snap/snapd-desktop-integration/85/Music) by extension 'ignore_ament_install'
[2.494s] Level 1:colcon.colcon_core.package_identification:_identify(snap/snapd-desktop-integration/85/Music) by extensions ['colcon_pkg']
[2.494s] Level 1:colcon.colcon_core.package_identification:_identify(snap/snapd-desktop-integration/85/Music) by extension 'colcon_pkg'
[2.494s] Level 1:colcon.colcon_core.package_identification:_identify(snap/snapd-desktop-integration/85/Music) by extensions ['colcon_meta']
[2.494s] Level 1:colcon.colcon_core.package_identification:_identify(snap/snapd-desktop-integration/85/Music) by extension 'colcon_meta'
[2.495s] Level 1:colcon.colcon_core.package_identification:_identify(snap/snapd-desktop-integration/85/Music) by extensions ['ros']
[2.495s] Level 1:colcon.colcon_core.package_identification:_identify(snap/snapd-desktop-integration/85/Music) by extension 'ros'
[2.495s] Level 1:colcon.colcon_core.package_identification:_identify(snap/snapd-desktop-integration/85/Music) by extensions ['cmake', 'python']
[2.495s] Level 1:colcon.colcon_core.package_identification:_identify(snap/snapd-desktop-integration/85/Music) by extension 'cmake'
[2.495s] Level 1:colcon.colcon_core.package_identification:_identify(snap/snapd-desktop-integration/85/Music) by extension 'python'
[2.496s] Level 1:colcon.colcon_core.package_identification:_identify(snap/snapd-desktop-integration/85/Music) by extensions ['python_setup_py']
[2.496s] Level 1:colcon.colcon_core.package_identification:_identify(snap/snapd-desktop-integration/85/Music) by extension 'python_setup_py'
[2.496s] Level 1:colcon.colcon_core.package_identification:_identify(snap/snapd-desktop-integration/85/Pictures) by extensions ['ignore', 'ignore_ament_install']
[2.496s] Level 1:colcon.colcon_core.package_identification:_identify(snap/snapd-desktop-integration/85/Pictures) by extension 'ignore'
[2.497s] Level 1:colcon.colcon_core.package_identification:_identify(snap/snapd-desktop-integration/85/Pictures) by extension 'ignore_ament_install'
[2.497s] Level 1:colcon.colcon_core.package_identification:_identify(snap/snapd-desktop-integration/85/Pictures) by extensions ['colcon_pkg']
[2.497s] Level 1:colcon.colcon_core.package_identification:_identify(snap/snapd-desktop-integration/85/Pictures) by extension 'colcon_pkg'
[2.497s] Level 1:colcon.colcon_core.package_identification:_identify(snap/snapd-desktop-integration/85/Pictures) by extensions ['colcon_meta']
[2.497s] Level 1:colcon.colcon_core.package_identification:_identify(snap/snapd-desktop-integration/85/Pictures) by extension 'colcon_meta'
[2.497s] Level 1:colcon.colcon_core.package_identification:_identify(snap/snapd-desktop-integration/85/Pictures) by extensions ['ros']
[2.498s] Level 1:colcon.colcon_core.package_identification:_identify(snap/snapd-desktop-integration/85/Pictures) by extension 'ros'
[2.498s] Level 1:colcon.colcon_core.package_identification:_identify(snap/snapd-desktop-integration/85/Pictures) by extensions ['cmake', 'python']
[2.498s] Level 1:colcon.colcon_core.package_identification:_identify(snap/snapd-desktop-integration/85/Pictures) by extension 'cmake'
[2.498s] Level 1:colcon.colcon_core.package_identification:_identify(snap/snapd-desktop-integration/85/Pictures) by extension 'python'
[2.498s] Level 1:colcon.colcon_core.package_identification:_identify(snap/snapd-desktop-integration/85/Pictures) by extensions ['python_setup_py']
[2.498s] Level 1:colcon.colcon_core.package_identification:_identify(snap/snapd-desktop-integration/85/Pictures) by extension 'python_setup_py'
[2.499s] Level 1:colcon.colcon_core.package_identification:_identify(snap/snapd-desktop-integration/85/Public) by extensions ['ignore', 'ignore_ament_install']
[2.499s] Level 1:colcon.colcon_core.package_identification:_identify(snap/snapd-desktop-integration/85/Public) by extension 'ignore'
[2.499s] Level 1:colcon.colcon_core.package_identification:_identify(snap/snapd-desktop-integration/85/Public) by extension 'ignore_ament_install'
[2.500s] Level 1:colcon.colcon_core.package_identification:_identify(snap/snapd-desktop-integration/85/Public) by extensions ['colcon_pkg']
[2.500s] Level 1:colcon.colcon_core.package_identification:_identify(snap/snapd-desktop-integration/85/Public) by extension 'colcon_pkg'
[2.500s] Level 1:colcon.colcon_core.package_identification:_identify(snap/snapd-desktop-integration/85/Public) by extensions ['colcon_meta']
[2.500s] Level 1:colcon.colcon_core.package_identification:_identify(snap/snapd-desktop-integration/85/Public) by extension 'colcon_meta'
[2.500s] Level 1:colcon.colcon_core.package_identification:_identify(snap/snapd-desktop-integration/85/Public) by extensions ['ros']
[2.500s] Level 1:colcon.colcon_core.package_identification:_identify(snap/snapd-desktop-integration/85/Public) by extension 'ros'
[2.501s] Level 1:colcon.colcon_core.package_identification:_identify(snap/snapd-desktop-integration/85/Public) by extensions ['cmake', 'python']
[2.501s] Level 1:colcon.colcon_core.package_identification:_identify(snap/snapd-desktop-integration/85/Public) by extension 'cmake'
[2.501s] Level 1:colcon.colcon_core.package_identification:_identify(snap/snapd-desktop-integration/85/Public) by extension 'python'
[2.501s] Level 1:colcon.colcon_core.package_identification:_identify(snap/snapd-desktop-integration/85/Public) by extensions ['python_setup_py']
[2.501s] Level 1:colcon.colcon_core.package_identification:_identify(snap/snapd-desktop-integration/85/Public) by extension 'python_setup_py'
[2.502s] Level 1:colcon.colcon_core.package_identification:_identify(snap/snapd-desktop-integration/85/Templates) by extensions ['ignore', 'ignore_ament_install']
[2.502s] Level 1:colcon.colcon_core.package_identification:_identify(snap/snapd-desktop-integration/85/Templates) by extension 'ignore'
[2.502s] Level 1:colcon.colcon_core.package_identification:_identify(snap/snapd-desktop-integration/85/Templates) by extension 'ignore_ament_install'
[2.502s] Level 1:colcon.colcon_core.package_identification:_identify(snap/snapd-desktop-integration/85/Templates) by extensions ['colcon_pkg']
[2.503s] Level 1:colcon.colcon_core.package_identification:_identify(snap/snapd-desktop-integration/85/Templates) by extension 'colcon_pkg'
[2.503s] Level 1:colcon.colcon_core.package_identification:_identify(snap/snapd-desktop-integration/85/Templates) by extensions ['colcon_meta']
[2.503s] Level 1:colcon.colcon_core.package_identification:_identify(snap/snapd-desktop-integration/85/Templates) by extension 'colcon_meta'
[2.503s] Level 1:colcon.colcon_core.package_identification:_identify(snap/snapd-desktop-integration/85/Templates) by extensions ['ros']
[2.503s] Level 1:colcon.colcon_core.package_identification:_identify(snap/snapd-desktop-integration/85/Templates) by extension 'ros'
[2.504s] Level 1:colcon.colcon_core.package_identification:_identify(snap/snapd-desktop-integration/85/Templates) by extensions ['cmake', 'python']
[2.504s] Level 1:colcon.colcon_core.package_identification:_identify(snap/snapd-desktop-integration/85/Templates) by extension 'cmake'
[2.504s] Level 1:colcon.colcon_core.package_identification:_identify(snap/snapd-desktop-integration/85/Templates) by extension 'python'
[2.504s] Level 1:colcon.colcon_core.package_identification:_identify(snap/snapd-desktop-integration/85/Templates) by extensions ['python_setup_py']
[2.504s] Level 1:colcon.colcon_core.package_identification:_identify(snap/snapd-desktop-integration/85/Templates) by extension 'python_setup_py'
[2.505s] Level 1:colcon.colcon_core.package_identification:_identify(snap/snapd-desktop-integration/85/Videos) by extensions ['ignore', 'ignore_ament_install']
[2.505s] Level 1:colcon.colcon_core.package_identification:_identify(snap/snapd-desktop-integration/85/Videos) by extension 'ignore'
[2.505s] Level 1:colcon.colcon_core.package_identification:_identify(snap/snapd-desktop-integration/85/Videos) by extension 'ignore_ament_install'
[2.505s] Level 1:colcon.colcon_core.package_identification:_identify(snap/snapd-desktop-integration/85/Videos) by extensions ['colcon_pkg']
[2.505s] Level 1:colcon.colcon_core.package_identification:_identify(snap/snapd-desktop-integration/85/Videos) by extension 'colcon_pkg'
[2.506s] Level 1:colcon.colcon_core.package_identification:_identify(snap/snapd-desktop-integration/85/Videos) by extensions ['colcon_meta']
[2.506s] Level 1:colcon.colcon_core.package_identification:_identify(snap/snapd-desktop-integration/85/Videos) by extension 'colcon_meta'
[2.506s] Level 1:colcon.colcon_core.package_identification:_identify(snap/snapd-desktop-integration/85/Videos) by extensions ['ros']
[2.506s] Level 1:colcon.colcon_core.package_identification:_identify(snap/snapd-desktop-integration/85/Videos) by extension 'ros'
[2.506s] Level 1:colcon.colcon_core.package_identification:_identify(snap/snapd-desktop-integration/85/Videos) by extensions ['cmake', 'python']
[2.506s] Level 1:colcon.colcon_core.package_identification:_identify(snap/snapd-desktop-integration/85/Videos) by extension 'cmake'
[2.507s] Level 1:colcon.colcon_core.package_identification:_identify(snap/snapd-desktop-integration/85/Videos) by extension 'python'
[2.507s] Level 1:colcon.colcon_core.package_identification:_identify(snap/snapd-desktop-integration/85/Videos) by extensions ['python_setup_py']
[2.507s] Level 1:colcon.colcon_core.package_identification:_identify(snap/snapd-desktop-integration/85/Videos) by extension 'python_setup_py'
[2.507s] Level 1:colcon.colcon_core.package_identification:_identify(snap/snapd-desktop-integration/common) by extensions ['ignore', 'ignore_ament_install']
[2.508s] Level 1:colcon.colcon_core.package_identification:_identify(snap/snapd-desktop-integration/common) by extension 'ignore'
[2.508s] Level 1:colcon.colcon_core.package_identification:_identify(snap/snapd-desktop-integration/common) by extension 'ignore_ament_install'
[2.508s] Level 1:colcon.colcon_core.package_identification:_identify(snap/snapd-desktop-integration/common) by extensions ['colcon_pkg']
[2.508s] Level 1:colcon.colcon_core.package_identification:_identify(snap/snapd-desktop-integration/common) by extension 'colcon_pkg'
[2.508s] Level 1:colcon.colcon_core.package_identification:_identify(snap/snapd-desktop-integration/common) by extensions ['colcon_meta']
[2.508s] Level 1:colcon.colcon_core.package_identification:_identify(snap/snapd-desktop-integration/common) by extension 'colcon_meta'
[2.509s] Level 1:colcon.colcon_core.package_identification:_identify(snap/snapd-desktop-integration/common) by extensions ['ros']
[2.509s] Level 1:colcon.colcon_core.package_identification:_identify(snap/snapd-desktop-integration/common) by extension 'ros'
[2.509s] Level 1:colcon.colcon_core.package_identification:_identify(snap/snapd-desktop-integration/common) by extensions ['cmake', 'python']
[2.509s] Level 1:colcon.colcon_core.package_identification:_identify(snap/snapd-desktop-integration/common) by extension 'cmake'
[2.509s] Level 1:colcon.colcon_core.package_identification:_identify(snap/snapd-desktop-integration/common) by extension 'python'
[2.509s] Level 1:colcon.colcon_core.package_identification:_identify(snap/snapd-desktop-integration/common) by extensions ['python_setup_py']
[2.510s] Level 1:colcon.colcon_core.package_identification:_identify(snap/snapd-desktop-integration/common) by extension 'python_setup_py'
[2.510s] Level 1:colcon.colcon_core.package_discovery:discover_packages(recursive) using defaults
[2.510s] Level 1:colcon.colcon_core.package_discovery:discover_packages(ignore) discover
[2.511s] Level 1:colcon.colcon_core.package_discovery:discover_packages(ignore) using defaults
[2.511s] Level 1:colcon.colcon_core.package_discovery:discover_packages(path) discover
[2.511s] Level 1:colcon.colcon_core.package_discovery:discover_packages(path) using defaults
[2.679s] Level 1:colcon.colcon_core.package_discovery:discover_packages(prefix_path) check parameters
[2.679s] Level 1:colcon.colcon_core.package_discovery:discover_packages(prefix_path) discover
[2.700s] DEBUG:colcon.colcon_installed_package_information.package_discovery:Found 1 installed packages in /home/pi/emli5_ws/install
[2.709s] DEBUG:colcon.colcon_installed_package_information.package_discovery:Found 181 installed packages in /opt/ros/humble
[2.713s] Level 1:colcon.colcon_core.package_discovery:discover_packages(prefix_path) using defaults
[2.900s] Level 5:colcon.colcon_core.verb:set package 'plantsystem' build argument 'cmake_args' from command line to 'None'
[2.900s] Level 5:colcon.colcon_core.verb:set package 'plantsystem' build argument 'cmake_target' from command line to 'None'
[2.900s] Level 5:colcon.colcon_core.verb:set package 'plantsystem' build argument 'cmake_target_skip_unavailable' from command line to 'False'
[2.900s] Level 5:colcon.colcon_core.verb:set package 'plantsystem' build argument 'cmake_clean_cache' from command line to 'False'
[2.901s] Level 5:colcon.colcon_core.verb:set package 'plantsystem' build argument 'cmake_clean_first' from command line to 'False'
[2.901s] Level 5:colcon.colcon_core.verb:set package 'plantsystem' build argument 'cmake_force_configure' from command line to 'False'
[2.901s] Level 5:colcon.colcon_core.verb:set package 'plantsystem' build argument 'ament_cmake_args' from command line to 'None'
[2.901s] Level 5:colcon.colcon_core.verb:set package 'plantsystem' build argument 'catkin_cmake_args' from command line to 'None'
[2.901s] Level 5:colcon.colcon_core.verb:set package 'plantsystem' build argument 'catkin_skip_building_tests' from command line to 'False'
[2.901s] DEBUG:colcon.colcon_core.verb:Building package 'plantsystem' with the following arguments: {'ament_cmake_args': None, 'build_base': '/home/pi/build/plantsystem', 'catkin_cmake_args': None, 'catkin_skip_building_tests': False, 'cmake_args': None, 'cmake_clean_cache': False, 'cmake_clean_first': False, 'cmake_force_configure': False, 'cmake_target': None, 'cmake_target_skip_unavailable': False, 'install_base': '/home/pi/install/plantsystem', 'merge_install': False, 'path': '/home/pi/emli5_ws/src/plantsystem', 'symlink_install': False, 'test_result_base': None}
[2.904s] INFO:colcon.colcon_core.executor:Executing jobs using 'parallel' executor
[2.915s] DEBUG:colcon.colcon_parallel_executor.executor.parallel:run_until_complete
[2.916s] INFO:colcon.colcon_ros.task.ament_python.build:Building ROS package in '/home/pi/emli5_ws/src/plantsystem' with build type 'ament_python'
[2.917s] Level 1:colcon.colcon_core.shell:create_environment_hook('plantsystem', 'ament_prefix_path')
[2.953s] INFO:colcon.colcon_core.plugin_system:Skipping extension 'colcon_core.shell.bat': Not used on non-Windows systems
[2.954s] INFO:colcon.colcon_core.shell:Creating environment hook '/home/pi/install/plantsystem/share/plantsystem/hook/ament_prefix_path.ps1'
[2.959s] INFO:colcon.colcon_core.shell:Creating environment descriptor '/home/pi/install/plantsystem/share/plantsystem/hook/ament_prefix_path.dsv'
[2.963s] INFO:colcon.colcon_core.shell:Creating environment hook '/home/pi/install/plantsystem/share/plantsystem/hook/ament_prefix_path.sh'
[2.972s] INFO:colcon.colcon_core.shell:Skip shell extension 'powershell' for command environment: Not usable outside of PowerShell
[2.972s] DEBUG:colcon.colcon_core.shell:Skip shell extension 'dsv' for command environment
[4.031s] INFO:colcon.colcon_core.task.python.build:Building Python package in '/home/pi/emli5_ws/src/plantsystem'
[4.035s] INFO:colcon.colcon_core.shell:Skip shell extension 'powershell' for command environment: Not usable outside of PowerShell
[4.036s] DEBUG:colcon.colcon_core.shell:Skip shell extension 'dsv' for command environment
[5.529s] DEBUG:colcon.colcon_core.event_handler.log_command:Invoking command in '/home/pi/emli5_ws/src/plantsystem': PYTHONPATH=/home/pi/build/plantsystem/prefix_override:/home/pi/install/plantsystem/lib/python3.10/site-packages:${PYTHONPATH} /usr/bin/python3 setup.py egg_info --egg-base ../../../build/plantsystem build --build-base /home/pi/build/plantsystem/build install --record /home/pi/build/plantsystem/install.log --single-version-externally-managed
[6.712s] DEBUG:colcon.colcon_core.event_handler.log_command:Invoked command in '/home/pi/emli5_ws/src/plantsystem' returned '0': PYTHONPATH=/home/pi/build/plantsystem/prefix_override:/home/pi/install/plantsystem/lib/python3.10/site-packages:${PYTHONPATH} /usr/bin/python3 setup.py egg_info --egg-base ../../../build/plantsystem build --build-base /home/pi/build/plantsystem/build install --record /home/pi/build/plantsystem/install.log --single-version-externally-managed
[6.753s] Level 1:colcon.colcon_core.environment:checking '/home/pi/install/plantsystem' for CMake module files
[6.756s] Level 1:colcon.colcon_core.environment:checking '/home/pi/install/plantsystem' for CMake config files
[6.760s] Level 1:colcon.colcon_core.environment:checking '/home/pi/install/plantsystem/lib'
[6.761s] Level 1:colcon.colcon_core.environment:checking '/home/pi/install/plantsystem/bin'
[6.761s] Level 1:colcon.colcon_core.environment:checking '/home/pi/install/plantsystem/lib/pkgconfig/plantsystem.pc'
[6.763s] Level 1:colcon.colcon_core.environment:checking '/home/pi/install/plantsystem/lib/python3.10/site-packages'
[6.763s] Level 1:colcon.colcon_core.shell:create_environment_hook('plantsystem', 'pythonpath')
[6.769s] INFO:colcon.colcon_core.shell:Creating environment hook '/home/pi/install/plantsystem/share/plantsystem/hook/pythonpath.ps1'
[6.770s] INFO:colcon.colcon_core.shell:Creating environment descriptor '/home/pi/install/plantsystem/share/plantsystem/hook/pythonpath.dsv'
[6.772s] INFO:colcon.colcon_core.shell:Creating environment hook '/home/pi/install/plantsystem/share/plantsystem/hook/pythonpath.sh'
[6.774s] Level 1:colcon.colcon_core.environment:checking '/home/pi/install/plantsystem/bin'
[6.774s] Level 1:colcon.colcon_core.environment:create_environment_scripts_only(plantsystem)
[6.779s] INFO:colcon.colcon_core.shell:Creating package script '/home/pi/install/plantsystem/share/plantsystem/package.ps1'
[6.786s] INFO:colcon.colcon_core.shell:Creating package descriptor '/home/pi/install/plantsystem/share/plantsystem/package.dsv'
[6.789s] INFO:colcon.colcon_core.shell:Creating package script '/home/pi/install/plantsystem/share/plantsystem/package.sh'
[6.792s] INFO:colcon.colcon_core.shell:Creating package script '/home/pi/install/plantsystem/share/plantsystem/package.bash'
[6.797s] INFO:colcon.colcon_core.shell:Creating package script '/home/pi/install/plantsystem/share/plantsystem/package.zsh'
[6.801s] Level 1:colcon.colcon_core.environment:create_file_with_runtime_dependencies(/home/pi/install/plantsystem/share/colcon-core/packages/plantsystem)
[6.803s] DEBUG:colcon.colcon_parallel_executor.executor.parallel:closing loop
[6.804s] DEBUG:colcon.colcon_parallel_executor.executor.parallel:loop closed
[6.804s] DEBUG:colcon.colcon_parallel_executor.executor.parallel:run_until_complete finished with '0'
[6.805s] DEBUG:colcon.colcon_core.event_reactor:joining thread
[6.834s] INFO:colcon.colcon_core.plugin_system:Skipping extension 'colcon_notification.desktop_notification.terminal_notifier': Not used on non-Darwin systems
[6.834s] INFO:colcon.colcon_core.plugin_system:Skipping extension 'colcon_notification.desktop_notification.win32': Not used on non-Windows systems
[6.835s] INFO:colcon.colcon_notification.desktop_notification:Sending desktop notification using 'notify2'
[6.840s] DEBUG:colcon.colcon_notification.desktop_notification.notify2:Failed to initialize notify2: org.freedesktop.DBus.Error.ServiceUnknown: The name org.freedesktop.Notifications was not provided by any .service files
[6.840s] DEBUG:colcon.colcon_core.event_reactor:joined thread
[6.845s] INFO:colcon.colcon_core.shell:Creating prefix script '/home/pi/install/local_setup.ps1'
[6.852s] INFO:colcon.colcon_core.shell:Creating prefix util module '/home/pi/install/_local_setup_util_ps1.py'
[6.860s] INFO:colcon.colcon_core.shell:Creating prefix chain script '/home/pi/install/setup.ps1'
[6.870s] INFO:colcon.colcon_core.shell:Creating prefix script '/home/pi/install/local_setup.sh'
[6.874s] INFO:colcon.colcon_core.shell:Creating prefix util module '/home/pi/install/_local_setup_util_sh.py'
[6.876s] INFO:colcon.colcon_core.shell:Creating prefix chain script '/home/pi/install/setup.sh'
[6.885s] INFO:colcon.colcon_core.shell:Creating prefix script '/home/pi/install/local_setup.bash'
[6.887s] INFO:colcon.colcon_core.shell:Creating prefix chain script '/home/pi/install/setup.bash'
[6.894s] INFO:colcon.colcon_core.shell:Creating prefix script '/home/pi/install/local_setup.zsh'
[6.897s] INFO:colcon.colcon_core.shell:Creating prefix chain script '/home/pi/install/setup.zsh'
