[3.229s] Invoking command in '/home/pi/emli_WS/src/plantsystem': PYTHONPATH=/home/pi/emli_WS/build/plantsystem/prefix_override:/home/pi/emli_WS/install/plantsystem/lib/python3.10/site-packages:${PYTHONPATH} /usr/bin/python3 setup.py egg_info --egg-base ../../build/plantsystem build --build-base /home/pi/emli_WS/build/plantsystem/build install --record /home/pi/emli_WS/build/plantsystem/install.log --single-version-externally-managed
[4.550s] running egg_info
[4.557s] writing ../../build/plantsystem/plantsystem.egg-info/PKG-INFO
[4.561s] writing dependency_links to ../../build/plantsystem/plantsystem.egg-info/dependency_links.txt
[4.566s] writing entry points to ../../build/plantsystem/plantsystem.egg-info/entry_points.txt
[4.572s] writing requirements to ../../build/plantsystem/plantsystem.egg-info/requires.txt
[4.577s] writing top-level names to ../../build/plantsystem/plantsystem.egg-info/top_level.txt
[4.582s] reading manifest file '../../build/plantsystem/plantsystem.egg-info/SOURCES.txt'
[4.594s] writing manifest file '../../build/plantsystem/plantsystem.egg-info/SOURCES.txt'
[4.601s] running build
[4.607s] running build_py
[4.609s] copying plantsystem/pi_node.py -> /home/pi/emli_WS/build/plantsystem/build/lib/plantsystem
[4.610s] running install
[4.611s] /usr/lib/python3/dist-packages/setuptools/command/install.py:34: SetuptoolsDeprecationWarning: setup.py install is deprecated. Use build and pip and other standards-based tools.
[4.612s]   warnings.warn(
[4.614s] running install_lib
[4.616s] copying /home/pi/emli_WS/build/plantsystem/build/lib/plantsystem/pi_node.py -> /home/pi/emli_WS/install/plantsystem/lib/python3.10/site-packages/plantsystem
[4.619s] byte-compiling /home/pi/emli_WS/install/plantsystem/lib/python3.10/site-packages/plantsystem/pi_node.py to pi_node.cpython-310.pyc
[4.625s] running install_data
[4.627s] running install_egg_info
[4.634s] removing '/home/pi/emli_WS/install/plantsystem/lib/python3.10/site-packages/plantsystem-0.0.0-py3.10.egg-info' (and everything under it)
[4.636s] Copying ../../build/plantsystem/plantsystem.egg-info to /home/pi/emli_WS/install/plantsystem/lib/python3.10/site-packages/plantsystem-0.0.0-py3.10.egg-info
[4.643s] running install_scripts
[4.727s] Installing farmer_node script to /home/pi/emli_WS/install/plantsystem/lib/plantsystem
[4.728s] Installing pi_node script to /home/pi/emli_WS/install/plantsystem/lib/plantsystem
[4.729s] Installing wateringsystem_node script to /home/pi/emli_WS/install/plantsystem/lib/plantsystem
[4.731s] writing list of installed files to '/home/pi/emli_WS/build/plantsystem/install.log'
[4.859s] Invoked command in '/home/pi/emli_WS/src/plantsystem' returned '0': PYTHONPATH=/home/pi/emli_WS/build/plantsystem/prefix_override:/home/pi/emli_WS/install/plantsystem/lib/python3.10/site-packages:${PYTHONPATH} /usr/bin/python3 setup.py egg_info --egg-base ../../build/plantsystem build --build-base /home/pi/emli_WS/build/plantsystem/build install --record /home/pi/emli_WS/build/plantsystem/install.log --single-version-externally-managed
