[3.263s] Invoking command in '/home/pi/emli_WS/src/plantsystem': PYTHONPATH=/home/pi/emli_WS/build/plantsystem/prefix_override:/home/pi/emli_WS/install/plantsystem/lib/python3.10/site-packages:${PYTHONPATH} /usr/bin/python3 setup.py egg_info --egg-base ../../build/plantsystem build --build-base /home/pi/emli_WS/build/plantsystem/build install --record /home/pi/emli_WS/build/plantsystem/install.log --single-version-externally-managed
[4.530s] running egg_info
[4.534s] writing ../../build/plantsystem/plantsystem.egg-info/PKG-INFO
[4.535s] writing dependency_links to ../../build/plantsystem/plantsystem.egg-info/dependency_links.txt
[4.536s] writing entry points to ../../build/plantsystem/plantsystem.egg-info/entry_points.txt
[4.537s] writing requirements to ../../build/plantsystem/plantsystem.egg-info/requires.txt
[4.539s] writing top-level names to ../../build/plantsystem/plantsystem.egg-info/top_level.txt
[4.547s] reading manifest file '../../build/plantsystem/plantsystem.egg-info/SOURCES.txt'
[4.551s] writing manifest file '../../build/plantsystem/plantsystem.egg-info/SOURCES.txt'
[4.554s] running build
[4.557s] running build_py
[4.558s] copying plantsystem/pi_node.py -> /home/pi/emli_WS/build/plantsystem/build/lib/plantsystem
[4.558s] copying plantsystem/farmer_node.py -> /home/pi/emli_WS/build/plantsystem/build/lib/plantsystem
[4.559s] running install
[4.560s] /usr/lib/python3/dist-packages/setuptools/command/install.py:34: SetuptoolsDeprecationWarning: setup.py install is deprecated. Use build and pip and other standards-based tools.
[4.560s]   warnings.warn(
[4.561s] running install_lib
[4.562s] copying /home/pi/emli_WS/build/plantsystem/build/lib/plantsystem/pi_node.py -> /home/pi/emli_WS/install/plantsystem/lib/python3.10/site-packages/plantsystem
[4.564s] copying /home/pi/emli_WS/build/plantsystem/build/lib/plantsystem/farmer_node.py -> /home/pi/emli_WS/install/plantsystem/lib/python3.10/site-packages/plantsystem
[4.567s] byte-compiling /home/pi/emli_WS/install/plantsystem/lib/python3.10/site-packages/plantsystem/pi_node.py to pi_node.cpython-310.pyc
[4.575s]   File "/home/pi/emli_WS/install/plantsystem/lib/python3.10/site-packages/plantsystem/pi_node.py", line 76
[4.577s]     if (self.Pump == True) and (self.Plant == True) and (self.Moisture = True):
[4.577s]                                                          ^^^^^^^^^^^^^
[4.578s] SyntaxError: cannot assign to attribute here. Maybe you meant '==' instead of '='?
[4.578s] 
[4.579s] byte-compiling /home/pi/emli_WS/install/plantsystem/lib/python3.10/site-packages/plantsystem/farmer_node.py to farmer_node.cpython-310.pyc
[4.580s] running install_data
[4.580s] running install_egg_info
[4.587s] removing '/home/pi/emli_WS/install/plantsystem/lib/python3.10/site-packages/plantsystem-0.0.0-py3.10.egg-info' (and everything under it)
[4.588s] Copying ../../build/plantsystem/plantsystem.egg-info to /home/pi/emli_WS/install/plantsystem/lib/python3.10/site-packages/plantsystem-0.0.0-py3.10.egg-info
[4.596s] running install_scripts
[4.683s] Installing farmer_node script to /home/pi/emli_WS/install/plantsystem/lib/plantsystem
[4.695s] Installing pi_node script to /home/pi/emli_WS/install/plantsystem/lib/plantsystem
[4.697s] Installing wateringsystem_node script to /home/pi/emli_WS/install/plantsystem/lib/plantsystem
[4.699s] writing list of installed files to '/home/pi/emli_WS/build/plantsystem/install.log'
[4.874s] Invoked command in '/home/pi/emli_WS/src/plantsystem' returned '0': PYTHONPATH=/home/pi/emli_WS/build/plantsystem/prefix_override:/home/pi/emli_WS/install/plantsystem/lib/python3.10/site-packages:${PYTHONPATH} /usr/bin/python3 setup.py egg_info --egg-base ../../build/plantsystem build --build-base /home/pi/emli_WS/build/plantsystem/build install --record /home/pi/emli_WS/build/plantsystem/install.log --single-version-externally-managed
