[3.002s] Invoking command in '/home/pi/emli_WS/src/plantsystem': PYTHONPATH=/home/pi/emli_WS/build/plantsystem/prefix_override:/home/pi/emli_WS/install/plantsystem/lib/python3.10/site-packages:${PYTHONPATH} /usr/bin/python3 setup.py egg_info --egg-base ../../build/plantsystem build --build-base /home/pi/emli_WS/build/plantsystem/build install --record /home/pi/emli_WS/build/plantsystem/install.log --single-version-externally-managed
[4.180s] running egg_info
[4.183s] writing ../../build/plantsystem/plantsystem.egg-info/PKG-INFO
[4.184s] writing dependency_links to ../../build/plantsystem/plantsystem.egg-info/dependency_links.txt
[4.185s] writing entry points to ../../build/plantsystem/plantsystem.egg-info/entry_points.txt
[4.186s] writing requirements to ../../build/plantsystem/plantsystem.egg-info/requires.txt
[4.187s] writing top-level names to ../../build/plantsystem/plantsystem.egg-info/top_level.txt
[4.195s] reading manifest file '../../build/plantsystem/plantsystem.egg-info/SOURCES.txt'
[4.200s] writing manifest file '../../build/plantsystem/plantsystem.egg-info/SOURCES.txt'
[4.201s] running build
[4.201s] running build_py
[4.202s] copying plantsystem/pi_node.py -> /home/pi/emli_WS/build/plantsystem/build/lib/plantsystem
[4.203s] copying plantsystem/wateringsystem_node.py -> /home/pi/emli_WS/build/plantsystem/build/lib/plantsystem
[4.205s] running install
[4.205s] /usr/lib/python3/dist-packages/setuptools/command/install.py:34: SetuptoolsDeprecationWarning: setup.py install is deprecated. Use build and pip and other standards-based tools.
[4.206s]   warnings.warn(
[4.206s] running install_lib
[4.210s] copying /home/pi/emli_WS/build/plantsystem/build/lib/plantsystem/pi_node.py -> /home/pi/emli_WS/install/plantsystem/lib/python3.10/site-packages/plantsystem
[4.211s] copying /home/pi/emli_WS/build/plantsystem/build/lib/plantsystem/wateringsystem_node.py -> /home/pi/emli_WS/install/plantsystem/lib/python3.10/site-packages/plantsystem
[4.215s] byte-compiling /home/pi/emli_WS/install/plantsystem/lib/python3.10/site-packages/plantsystem/pi_node.py to pi_node.cpython-310.pyc
[4.222s] byte-compiling /home/pi/emli_WS/install/plantsystem/lib/python3.10/site-packages/plantsystem/wateringsystem_node.py to wateringsystem_node.cpython-310.pyc
[4.223s] running install_data
[4.226s] running install_egg_info
[4.235s] removing '/home/pi/emli_WS/install/plantsystem/lib/python3.10/site-packages/plantsystem-0.0.0-py3.10.egg-info' (and everything under it)
[4.237s] Copying ../../build/plantsystem/plantsystem.egg-info to /home/pi/emli_WS/install/plantsystem/lib/python3.10/site-packages/plantsystem-0.0.0-py3.10.egg-info
[4.244s] running install_scripts
[4.357s] Installing farmer_node script to /home/pi/emli_WS/install/plantsystem/lib/plantsystem
[4.358s] Installing pi_node script to /home/pi/emli_WS/install/plantsystem/lib/plantsystem
[4.359s] Installing wateringsystem_node script to /home/pi/emli_WS/install/plantsystem/lib/plantsystem
[4.362s] writing list of installed files to '/home/pi/emli_WS/build/plantsystem/install.log'
[4.501s] Invoked command in '/home/pi/emli_WS/src/plantsystem' returned '0': PYTHONPATH=/home/pi/emli_WS/build/plantsystem/prefix_override:/home/pi/emli_WS/install/plantsystem/lib/python3.10/site-packages:${PYTHONPATH} /usr/bin/python3 setup.py egg_info --egg-base ../../build/plantsystem build --build-base /home/pi/emli_WS/build/plantsystem/build install --record /home/pi/emli_WS/build/plantsystem/install.log --single-version-externally-managed
