running egg_info
writing ../../build/plantsystem/plantsystem.egg-info/PKG-INFO
writing dependency_links to ../../build/plantsystem/plantsystem.egg-info/dependency_links.txt
writing entry points to ../../build/plantsystem/plantsystem.egg-info/entry_points.txt
writing requirements to ../../build/plantsystem/plantsystem.egg-info/requires.txt
writing top-level names to ../../build/plantsystem/plantsystem.egg-info/top_level.txt
reading manifest file '../../build/plantsystem/plantsystem.egg-info/SOURCES.txt'
writing manifest file '../../build/plantsystem/plantsystem.egg-info/SOURCES.txt'
running build
running build_py
copying plantsystem/pi_node.py -> /home/pi/emli_WS/build/plantsystem/build/lib/plantsystem
copying plantsystem/wateringsystem_node.py -> /home/pi/emli_WS/build/plantsystem/build/lib/plantsystem
copying plantsystem/farmer_node.py -> /home/pi/emli_WS/build/plantsystem/build/lib/plantsystem
running install
running install_lib
copying /home/pi/emli_WS/build/plantsystem/build/lib/plantsystem/pi_node.py -> /home/pi/emli_WS/install/plantsystem/lib/python3.10/site-packages/plantsystem
copying /home/pi/emli_WS/build/plantsystem/build/lib/plantsystem/wateringsystem_node.py -> /home/pi/emli_WS/install/plantsystem/lib/python3.10/site-packages/plantsystem
copying /home/pi/emli_WS/build/plantsystem/build/lib/plantsystem/farmer_node.py -> /home/pi/emli_WS/install/plantsystem/lib/python3.10/site-packages/plantsystem
byte-compiling /home/pi/emli_WS/install/plantsystem/lib/python3.10/site-packages/plantsystem/pi_node.py to pi_node.cpython-310.pyc
byte-compiling /home/pi/emli_WS/install/plantsystem/lib/python3.10/site-packages/plantsystem/wateringsystem_node.py to wateringsystem_node.cpython-310.pyc
byte-compiling /home/pi/emli_WS/install/plantsystem/lib/python3.10/site-packages/plantsystem/farmer_node.py to farmer_node.cpython-310.pyc
running install_data
running install_egg_info
removing '/home/pi/emli_WS/install/plantsystem/lib/python3.10/site-packages/plantsystem-0.0.0-py3.10.egg-info' (and everything under it)
Copying ../../build/plantsystem/plantsystem.egg-info to /home/pi/emli_WS/install/plantsystem/lib/python3.10/site-packages/plantsystem-0.0.0-py3.10.egg-info
running install_scripts
Installing farmer_node script to /home/pi/emli_WS/install/plantsystem/lib/plantsystem
Installing pi_node script to /home/pi/emli_WS/install/plantsystem/lib/plantsystem
Installing wateringsystem_node script to /home/pi/emli_WS/install/plantsystem/lib/plantsystem
writing list of installed files to '/home/pi/emli_WS/build/plantsystem/install.log'
