[2.930s] Invoking command in '/home/pi/emli_WS/src/plantsystem': PYTHONPATH=/home/pi/emli_WS/build/plantsystem/prefix_override:/home/pi/emli_WS/install/plantsystem/lib/python3.10/site-packages:${PYTHONPATH} /usr/bin/python3 setup.py egg_info --egg-base ../../build/plantsystem build --build-base /home/pi/emli_WS/build/plantsystem/build install --record /home/pi/emli_WS/build/plantsystem/install.log --single-version-externally-managed
[4.068s] running egg_info
[4.071s] writing ../../build/plantsystem/plantsystem.egg-info/PKG-INFO
[4.073s] writing dependency_links to ../../build/plantsystem/plantsystem.egg-info/dependency_links.txt
[4.074s] writing entry points to ../../build/plantsystem/plantsystem.egg-info/entry_points.txt
[4.075s] writing requirements to ../../build/plantsystem/plantsystem.egg-info/requires.txt
[4.075s] writing top-level names to ../../build/plantsystem/plantsystem.egg-info/top_level.txt
[4.084s] reading manifest file '../../build/plantsystem/plantsystem.egg-info/SOURCES.txt'
[4.088s] writing manifest file '../../build/plantsystem/plantsystem.egg-info/SOURCES.txt'
[4.089s] running build
[4.089s] running build_py
[4.090s] copying plantsystem/pi_node.py -> /home/pi/emli_WS/build/plantsystem/build/lib/plantsystem
[4.091s] copying plantsystem/wateringsystem_node.py -> /home/pi/emli_WS/build/plantsystem/build/lib/plantsystem
[4.092s] copying plantsystem/farmer_node.py -> /home/pi/emli_WS/build/plantsystem/build/lib/plantsystem
[4.094s] running install
[4.099s] /usr/lib/python3/dist-packages/setuptools/command/install.py:34: SetuptoolsDeprecationWarning: setup.py install is deprecated. Use build and pip and other standards-based tools.
[4.099s]   warnings.warn(
[4.100s] running install_lib
[4.100s] copying /home/pi/emli_WS/build/plantsystem/build/lib/plantsystem/pi_node.py -> /home/pi/emli_WS/install/plantsystem/lib/python3.10/site-packages/plantsystem
[4.101s] copying /home/pi/emli_WS/build/plantsystem/build/lib/plantsystem/wateringsystem_node.py -> /home/pi/emli_WS/install/plantsystem/lib/python3.10/site-packages/plantsystem
[4.103s] copying /home/pi/emli_WS/build/plantsystem/build/lib/plantsystem/farmer_node.py -> /home/pi/emli_WS/install/plantsystem/lib/python3.10/site-packages/plantsystem
[4.106s] byte-compiling /home/pi/emli_WS/install/plantsystem/lib/python3.10/site-packages/plantsystem/pi_node.py to pi_node.cpython-310.pyc
[4.110s] byte-compiling /home/pi/emli_WS/install/plantsystem/lib/python3.10/site-packages/plantsystem/wateringsystem_node.py to wateringsystem_node.cpython-310.pyc
[4.114s] byte-compiling /home/pi/emli_WS/install/plantsystem/lib/python3.10/site-packages/plantsystem/farmer_node.py to farmer_node.cpython-310.pyc
[4.116s] running install_data
[4.118s] running install_egg_info
[4.125s] removing '/home/pi/emli_WS/install/plantsystem/lib/python3.10/site-packages/plantsystem-0.0.0-py3.10.egg-info' (and everything under it)
[4.127s] Copying ../../build/plantsystem/plantsystem.egg-info to /home/pi/emli_WS/install/plantsystem/lib/python3.10/site-packages/plantsystem-0.0.0-py3.10.egg-info
[4.133s] running install_scripts
[4.219s] Installing farmer_node script to /home/pi/emli_WS/install/plantsystem/lib/plantsystem
[4.220s] Installing pi_node script to /home/pi/emli_WS/install/plantsystem/lib/plantsystem
[4.221s] Installing wateringsystem_node script to /home/pi/emli_WS/install/plantsystem/lib/plantsystem
[4.223s] writing list of installed files to '/home/pi/emli_WS/build/plantsystem/install.log'
[4.356s] Invoked command in '/home/pi/emli_WS/src/plantsystem' returned '0': PYTHONPATH=/home/pi/emli_WS/build/plantsystem/prefix_override:/home/pi/emli_WS/install/plantsystem/lib/python3.10/site-packages:${PYTHONPATH} /usr/bin/python3 setup.py egg_info --egg-base ../../build/plantsystem build --build-base /home/pi/emli_WS/build/plantsystem/build install --record /home/pi/emli_WS/build/plantsystem/install.log --single-version-externally-managed
