[2.628s] DEBUG:colcon:Command line arguments: ['/usr/bin/colcon', 'build']
[2.629s] DEBUG:colcon:Parsed command line arguments: Namespace(log_base=None, log_level=None, verb_name='build', build_base='build', install_base='install', merge_install=False, symlink_install=False, test_result_base=None, continue_on_error=False, executor='parallel', parallel_workers=4, event_handlers=None, ignore_user_meta=False, metas=['./colcon.meta'], base_paths=['.'], packages_ignore=None, packages_ignore_regex=None, paths=None, packages_up_to=None, packages_up_to_regex=None, packages_above=None, packages_above_and_dependencies=None, packages_above_depth=None, packages_select_by_dep=None, packages_skip_by_dep=None, packages_skip_up_to=None, packages_select_build_failed=False, packages_skip_build_finished=False, packages_select_test_failures=False, packages_skip_test_passed=False, packages_select=None, packages_skip=None, packages_select_regex=None, packages_skip_regex=None, packages_start=None, packages_end=None, allow_overriding=[], cmake_args=None, cmake_target=None, cmake_target_skip_unavailable=False, cmake_clean_cache=False, cmake_clean_first=False, cmake_force_configure=False, ament_cmake_args=None, catkin_cmake_args=None, catkin_skip_building_tests=False, verb_parser=<colcon_defaults.argument_parser.defaults.DefaultArgumentsDecorator object at 0xffffbc7d1540>, verb_extension=<colcon_core.verb.build.BuildVerb object at 0xffffbd0367a0>, main=<bound method BuildVerb.main of <colcon_core.verb.build.BuildVerb object at 0xffffbd0367a0>>)
[2.775s] Level 1:colcon.colcon_core.package_discovery:discover_packages(colcon_meta) check parameters
[2.776s] Level 1:colcon.colcon_core.package_discovery:discover_packages(recursive) check parameters
[2.776s] Level 1:colcon.colcon_core.package_discovery:discover_packages(ignore) check parameters
[2.776s] Level 1:colcon.colcon_core.package_discovery:discover_packages(path) check parameters
[2.776s] Level 1:colcon.colcon_core.package_discovery:discover_packages(colcon_meta) discover
[2.776s] Level 1:colcon.colcon_core.package_discovery:discover_packages(recursive) discover
[2.777s] INFO:colcon.colcon_core.package_discovery:Crawling recursively for packages in '/home/pi/emli_WS'
[2.777s] Level 1:colcon.colcon_core.package_identification:_identify(.) by extensions ['ignore', 'ignore_ament_install']
[2.777s] Level 1:colcon.colcon_core.package_identification:_identify(.) by extension 'ignore'
[2.778s] Level 1:colcon.colcon_core.package_identification:_identify(.) by extension 'ignore_ament_install'
[2.778s] Level 1:colcon.colcon_core.package_identification:_identify(.) by extensions ['colcon_pkg']
[2.778s] Level 1:colcon.colcon_core.package_identification:_identify(.) by extension 'colcon_pkg'
[2.778s] Level 1:colcon.colcon_core.package_identification:_identify(.) by extensions ['colcon_meta']
[2.778s] Level 1:colcon.colcon_core.package_identification:_identify(.) by extension 'colcon_meta'
[2.779s] Level 1:colcon.colcon_core.package_identification:_identify(.) by extensions ['ros']
[2.779s] Level 1:colcon.colcon_core.package_identification:_identify(.) by extension 'ros'
[2.830s] Level 1:colcon.colcon_core.package_identification:_identify(.) by extensions ['cmake', 'python']
[2.831s] Level 1:colcon.colcon_core.package_identification:_identify(.) by extension 'cmake'
[2.831s] Level 1:colcon.colcon_core.package_identification:_identify(.) by extension 'python'
[2.831s] Level 1:colcon.colcon_core.package_identification:_identify(.) by extensions ['python_setup_py']
[2.832s] Level 1:colcon.colcon_core.package_identification:_identify(.) by extension 'python_setup_py'
[2.832s] Level 1:colcon.colcon_core.package_identification:_identify(build) by extensions ['ignore', 'ignore_ament_install']
[2.833s] Level 1:colcon.colcon_core.package_identification:_identify(build) by extension 'ignore'
[2.833s] Level 1:colcon.colcon_core.package_identification:_identify(build) ignored
[2.833s] Level 1:colcon.colcon_core.package_identification:_identify(install) by extensions ['ignore', 'ignore_ament_install']
[2.834s] Level 1:colcon.colcon_core.package_identification:_identify(install) by extension 'ignore'
[2.834s] Level 1:colcon.colcon_core.package_identification:_identify(install) ignored
[2.835s] Level 1:colcon.colcon_core.package_identification:_identify(log) by extensions ['ignore', 'ignore_ament_install']
[2.835s] Level 1:colcon.colcon_core.package_identification:_identify(log) by extension 'ignore'
[2.835s] Level 1:colcon.colcon_core.package_identification:_identify(log) ignored
[2.836s] Level 1:colcon.colcon_core.package_identification:_identify(src) by extensions ['ignore', 'ignore_ament_install']
[2.836s] Level 1:colcon.colcon_core.package_identification:_identify(src) by extension 'ignore'
[2.836s] Level 1:colcon.colcon_core.package_identification:_identify(src) by extension 'ignore_ament_install'
[2.837s] Level 1:colcon.colcon_core.package_identification:_identify(src) by extensions ['colcon_pkg']
[2.837s] Level 1:colcon.colcon_core.package_identification:_identify(src) by extension 'colcon_pkg'
[2.837s] Level 1:colcon.colcon_core.package_identification:_identify(src) by extensions ['colcon_meta']
[2.837s] Level 1:colcon.colcon_core.package_identification:_identify(src) by extension 'colcon_meta'
[2.838s] Level 1:colcon.colcon_core.package_identification:_identify(src) by extensions ['ros']
[2.838s] Level 1:colcon.colcon_core.package_identification:_identify(src) by extension 'ros'
[2.838s] Level 1:colcon.colcon_core.package_identification:_identify(src) by extensions ['cmake', 'python']
[2.838s] Level 1:colcon.colcon_core.package_identification:_identify(src) by extension 'cmake'
[2.838s] Level 1:colcon.colcon_core.package_identification:_identify(src) by extension 'python'
[2.838s] Level 1:colcon.colcon_core.package_identification:_identify(src) by extensions ['python_setup_py']
[2.839s] Level 1:colcon.colcon_core.package_identification:_identify(src) by extension 'python_setup_py'
[2.839s] Level 1:colcon.colcon_core.package_identification:_identify(src/plantsystem) by extensions ['ignore', 'ignore_ament_install']
[2.840s] Level 1:colcon.colcon_core.package_identification:_identify(src/plantsystem) by extension 'ignore'
[2.840s] Level 1:colcon.colcon_core.package_identification:_identify(src/plantsystem) by extension 'ignore_ament_install'
[2.840s] Level 1:colcon.colcon_core.package_identification:_identify(src/plantsystem) by extensions ['colcon_pkg']
[2.840s] Level 1:colcon.colcon_core.package_identification:_identify(src/plantsystem) by extension 'colcon_pkg'
[2.841s] Level 1:colcon.colcon_core.package_identification:_identify(src/plantsystem) by extensions ['colcon_meta']
[2.841s] Level 1:colcon.colcon_core.package_identification:_identify(src/plantsystem) by extension 'colcon_meta'
[2.841s] Level 1:colcon.colcon_core.package_identification:_identify(src/plantsystem) by extensions ['ros']
[2.841s] Level 1:colcon.colcon_core.package_identification:_identify(src/plantsystem) by extension 'ros'
[2.851s] DEBUG:colcon.colcon_core.package_identification:Package 'src/plantsystem' with type 'ros.ament_python' and name 'plantsystem'
[2.851s] Level 1:colcon.colcon_core.package_discovery:discover_packages(recursive) using defaults
[2.852s] Level 1:colcon.colcon_core.package_discovery:discover_packages(ignore) discover
[2.852s] Level 1:colcon.colcon_core.package_discovery:discover_packages(ignore) using defaults
[2.852s] Level 1:colcon.colcon_core.package_discovery:discover_packages(path) discover
[2.852s] Level 1:colcon.colcon_core.package_discovery:discover_packages(path) using defaults
[2.949s] Level 1:colcon.colcon_core.package_discovery:discover_packages(prefix_path) check parameters
[2.949s] Level 1:colcon.colcon_core.package_discovery:discover_packages(prefix_path) discover
[2.962s] DEBUG:colcon.colcon_installed_package_information.package_discovery:Found 1 installed packages in /home/pi/emli5_ws/install
[2.971s] DEBUG:colcon.colcon_installed_package_information.package_discovery:Found 198 installed packages in /opt/ros/humble
[2.980s] Level 1:colcon.colcon_core.package_discovery:discover_packages(prefix_path) using defaults
[3.200s] Level 5:colcon.colcon_core.verb:set package 'plantsystem' build argument 'cmake_args' from command line to 'None'
[3.200s] Level 5:colcon.colcon_core.verb:set package 'plantsystem' build argument 'cmake_target' from command line to 'None'
[3.201s] Level 5:colcon.colcon_core.verb:set package 'plantsystem' build argument 'cmake_target_skip_unavailable' from command line to 'False'
[3.201s] Level 5:colcon.colcon_core.verb:set package 'plantsystem' build argument 'cmake_clean_cache' from command line to 'False'
[3.201s] Level 5:colcon.colcon_core.verb:set package 'plantsystem' build argument 'cmake_clean_first' from command line to 'False'
[3.201s] Level 5:colcon.colcon_core.verb:set package 'plantsystem' build argument 'cmake_force_configure' from command line to 'False'
[3.201s] Level 5:colcon.colcon_core.verb:set package 'plantsystem' build argument 'ament_cmake_args' from command line to 'None'
[3.201s] Level 5:colcon.colcon_core.verb:set package 'plantsystem' build argument 'catkin_cmake_args' from command line to 'None'
[3.201s] Level 5:colcon.colcon_core.verb:set package 'plantsystem' build argument 'catkin_skip_building_tests' from command line to 'False'
[3.201s] DEBUG:colcon.colcon_core.verb:Building package 'plantsystem' with the following arguments: {'ament_cmake_args': None, 'build_base': '/home/pi/emli_WS/build/plantsystem', 'catkin_cmake_args': None, 'catkin_skip_building_tests': False, 'cmake_args': None, 'cmake_clean_cache': False, 'cmake_clean_first': False, 'cmake_force_configure': False, 'cmake_target': None, 'cmake_target_skip_unavailable': False, 'install_base': '/home/pi/emli_WS/install/plantsystem', 'merge_install': False, 'path': '/home/pi/emli_WS/src/plantsystem', 'symlink_install': False, 'test_result_base': None}
[3.204s] INFO:colcon.colcon_core.executor:Executing jobs using 'parallel' executor
[3.217s] DEBUG:colcon.colcon_parallel_executor.executor.parallel:run_until_complete
[3.219s] INFO:colcon.colcon_ros.task.ament_python.build:Building ROS package in '/home/pi/emli_WS/src/plantsystem' with build type 'ament_python'
[3.220s] Level 1:colcon.colcon_core.shell:create_environment_hook('plantsystem', 'ament_prefix_path')
[3.240s] INFO:colcon.colcon_core.plugin_system:Skipping extension 'colcon_core.shell.bat': Not used on non-Windows systems
[3.241s] INFO:colcon.colcon_core.shell:Creating environment hook '/home/pi/emli_WS/install/plantsystem/share/plantsystem/hook/ament_prefix_path.ps1'
[3.243s] INFO:colcon.colcon_core.shell:Creating environment descriptor '/home/pi/emli_WS/install/plantsystem/share/plantsystem/hook/ament_prefix_path.dsv'
[3.246s] INFO:colcon.colcon_core.shell:Creating environment hook '/home/pi/emli_WS/install/plantsystem/share/plantsystem/hook/ament_prefix_path.sh'
[3.254s] INFO:colcon.colcon_core.shell:Skip shell extension 'powershell' for command environment: Not usable outside of PowerShell
[3.254s] DEBUG:colcon.colcon_core.shell:Skip shell extension 'dsv' for command environment
[4.532s] INFO:colcon.colcon_core.task.python.build:Building Python package in '/home/pi/emli_WS/src/plantsystem'
[4.539s] INFO:colcon.colcon_core.shell:Skip shell extension 'powershell' for command environment: Not usable outside of PowerShell
[4.539s] DEBUG:colcon.colcon_core.shell:Skip shell extension 'dsv' for command environment
[6.130s] DEBUG:colcon.colcon_core.event_handler.log_command:Invoking command in '/home/pi/emli_WS/src/plantsystem': PYTHONPATH=/home/pi/emli_WS/build/plantsystem/prefix_override:/home/pi/emli_WS/install/plantsystem/lib/python3.10/site-packages:${PYTHONPATH} /usr/bin/python3 setup.py egg_info --egg-base ../../build/plantsystem build --build-base /home/pi/emli_WS/build/plantsystem/build install --record /home/pi/emli_WS/build/plantsystem/install.log --single-version-externally-managed
[7.582s] DEBUG:colcon.colcon_core.event_handler.log_command:Invoked command in '/home/pi/emli_WS/src/plantsystem' returned '0': PYTHONPATH=/home/pi/emli_WS/build/plantsystem/prefix_override:/home/pi/emli_WS/install/plantsystem/lib/python3.10/site-packages:${PYTHONPATH} /usr/bin/python3 setup.py egg_info --egg-base ../../build/plantsystem build --build-base /home/pi/emli_WS/build/plantsystem/build install --record /home/pi/emli_WS/build/plantsystem/install.log --single-version-externally-managed
[7.603s] Level 1:colcon.colcon_core.environment:checking '/home/pi/emli_WS/install/plantsystem' for CMake module files
[7.606s] Level 1:colcon.colcon_core.environment:checking '/home/pi/emli_WS/install/plantsystem' for CMake config files
[7.610s] Level 1:colcon.colcon_core.environment:checking '/home/pi/emli_WS/install/plantsystem/lib'
[7.611s] Level 1:colcon.colcon_core.environment:checking '/home/pi/emli_WS/install/plantsystem/bin'
[7.611s] Level 1:colcon.colcon_core.environment:checking '/home/pi/emli_WS/install/plantsystem/lib/pkgconfig/plantsystem.pc'
[7.612s] Level 1:colcon.colcon_core.environment:checking '/home/pi/emli_WS/install/plantsystem/lib/python3.10/site-packages'
[7.613s] Level 1:colcon.colcon_core.shell:create_environment_hook('plantsystem', 'pythonpath')
[7.618s] INFO:colcon.colcon_core.shell:Creating environment hook '/home/pi/emli_WS/install/plantsystem/share/plantsystem/hook/pythonpath.ps1'
[7.620s] INFO:colcon.colcon_core.shell:Creating environment descriptor '/home/pi/emli_WS/install/plantsystem/share/plantsystem/hook/pythonpath.dsv'
[7.622s] INFO:colcon.colcon_core.shell:Creating environment hook '/home/pi/emli_WS/install/plantsystem/share/plantsystem/hook/pythonpath.sh'
[7.625s] Level 1:colcon.colcon_core.environment:checking '/home/pi/emli_WS/install/plantsystem/bin'
[7.625s] Level 1:colcon.colcon_core.environment:create_environment_scripts_only(plantsystem)
[7.631s] INFO:colcon.colcon_core.shell:Creating package script '/home/pi/emli_WS/install/plantsystem/share/plantsystem/package.ps1'
[7.635s] INFO:colcon.colcon_core.shell:Creating package descriptor '/home/pi/emli_WS/install/plantsystem/share/plantsystem/package.dsv'
[7.639s] INFO:colcon.colcon_core.shell:Creating package script '/home/pi/emli_WS/install/plantsystem/share/plantsystem/package.sh'
[7.643s] INFO:colcon.colcon_core.shell:Creating package script '/home/pi/emli_WS/install/plantsystem/share/plantsystem/package.bash'
[7.647s] INFO:colcon.colcon_core.shell:Creating package script '/home/pi/emli_WS/install/plantsystem/share/plantsystem/package.zsh'
[7.650s] Level 1:colcon.colcon_core.environment:create_file_with_runtime_dependencies(/home/pi/emli_WS/install/plantsystem/share/colcon-core/packages/plantsystem)
[7.653s] DEBUG:colcon.colcon_parallel_executor.executor.parallel:closing loop
[7.655s] DEBUG:colcon.colcon_parallel_executor.executor.parallel:loop closed
[7.655s] DEBUG:colcon.colcon_parallel_executor.executor.parallel:run_until_complete finished with '0'
[7.656s] DEBUG:colcon.colcon_core.event_reactor:joining thread
[7.682s] INFO:colcon.colcon_core.plugin_system:Skipping extension 'colcon_notification.desktop_notification.terminal_notifier': Not used on non-Darwin systems
[7.683s] INFO:colcon.colcon_core.plugin_system:Skipping extension 'colcon_notification.desktop_notification.win32': Not used on non-Windows systems
[7.683s] INFO:colcon.colcon_notification.desktop_notification:Sending desktop notification using 'notify2'
[7.767s] DEBUG:colcon.colcon_core.event_reactor:joined thread
[7.775s] INFO:colcon.colcon_core.shell:Creating prefix script '/home/pi/emli_WS/install/local_setup.ps1'
[7.783s] INFO:colcon.colcon_core.shell:Creating prefix util module '/home/pi/emli_WS/install/_local_setup_util_ps1.py'
[7.792s] INFO:colcon.colcon_core.shell:Creating prefix chain script '/home/pi/emli_WS/install/setup.ps1'
[7.803s] INFO:colcon.colcon_core.shell:Creating prefix script '/home/pi/emli_WS/install/local_setup.sh'
[7.813s] INFO:colcon.colcon_core.shell:Creating prefix util module '/home/pi/emli_WS/install/_local_setup_util_sh.py'
[7.822s] INFO:colcon.colcon_core.shell:Creating prefix chain script '/home/pi/emli_WS/install/setup.sh'
[7.837s] INFO:colcon.colcon_core.shell:Creating prefix script '/home/pi/emli_WS/install/local_setup.bash'
[7.842s] INFO:colcon.colcon_core.shell:Creating prefix chain script '/home/pi/emli_WS/install/setup.bash'
[7.853s] INFO:colcon.colcon_core.shell:Creating prefix script '/home/pi/emli_WS/install/local_setup.zsh'
[7.858s] INFO:colcon.colcon_core.shell:Creating prefix chain script '/home/pi/emli_WS/install/setup.zsh'
