[3.686s] Invoking command in '/home/pi/emli5_ws/src/my_package': PYTHONPATH=/home/pi/emli5_ws/build/my_package/prefix_override:/home/pi/emli5_ws/install/my_package/lib/python3.10/site-packages:${PYTHONPATH} /usr/bin/python3 setup.py egg_info --egg-base ../../build/my_package build --build-base /home/pi/emli5_ws/build/my_package/build install --record /home/pi/emli5_ws/build/my_package/install.log --single-version-externally-managed
[4.789s] running egg_info
[4.799s] writing ../../build/my_package/my_package.egg-info/PKG-INFO
[4.799s] writing dependency_links to ../../build/my_package/my_package.egg-info/dependency_links.txt
[4.802s] writing entry points to ../../build/my_package/my_package.egg-info/entry_points.txt
[4.807s] writing requirements to ../../build/my_package/my_package.egg-info/requires.txt
[4.808s] writing top-level names to ../../build/my_package/my_package.egg-info/top_level.txt
[4.815s] reading manifest file '../../build/my_package/my_package.egg-info/SOURCES.txt'
[4.816s] writing manifest file '../../build/my_package/my_package.egg-info/SOURCES.txt'
[4.817s] running build
[4.817s] running build_py
[4.830s] running install
[4.841s] /usr/lib/python3/dist-packages/setuptools/command/install.py:34: SetuptoolsDeprecationWarning: setup.py install is deprecated. Use build and pip and other standards-based tools.
[4.844s]   warnings.warn(
[4.847s] running install_lib
[4.852s] running install_data
[4.859s] running install_egg_info
[4.862s] removing '/home/pi/emli5_ws/install/my_package/lib/python3.10/site-packages/my_package-0.0.0-py3.10.egg-info' (and everything under it)
[4.863s] Copying ../../build/my_package/my_package.egg-info to /home/pi/emli5_ws/install/my_package/lib/python3.10/site-packages/my_package-0.0.0-py3.10.egg-info
[4.864s] running install_scripts
[4.937s] Installing my_node script to /home/pi/emli5_ws/install/my_package/lib/my_package
[4.939s] writing list of installed files to '/home/pi/emli5_ws/build/my_package/install.log'
[5.193s] Invoked command in '/home/pi/emli5_ws/src/my_package' returned '0': PYTHONPATH=/home/pi/emli5_ws/build/my_package/prefix_override:/home/pi/emli5_ws/install/my_package/lib/python3.10/site-packages:${PYTHONPATH} /usr/bin/python3 setup.py egg_info --egg-base ../../build/my_package build --build-base /home/pi/emli5_ws/build/my_package/build install --record /home/pi/emli5_ws/build/my_package/install.log --single-version-externally-managed
