[7.996s] Invoking command in '/home/pi/emli_WS/src/plantsystem': PYTHONPATH=/home/pi/emli_WS/build/plantsystem/prefix_override:/home/pi/emli_WS/install/plantsystem/lib/python3.10/site-packages:${PYTHONPATH} /usr/bin/python3 setup.py egg_info --egg-base ../../build/plantsystem build --build-base /home/pi/emli_WS/build/plantsystem/build install --record /home/pi/emli_WS/build/plantsystem/install.log --single-version-externally-managed
[11.028s] running egg_info
[11.034s] writing ../../build/plantsystem/plantsystem.egg-info/PKG-INFO
[11.041s] writing dependency_links to ../../build/plantsystem/plantsystem.egg-info/dependency_links.txt
[11.049s] writing entry points to ../../build/plantsystem/plantsystem.egg-info/entry_points.txt
[11.056s] writing requirements to ../../build/plantsystem/plantsystem.egg-info/requires.txt
[11.060s] writing top-level names to ../../build/plantsystem/plantsystem.egg-info/top_level.txt
[11.065s] reading manifest file '../../build/plantsystem/plantsystem.egg-info/SOURCES.txt'
[11.070s] writing manifest file '../../build/plantsystem/plantsystem.egg-info/SOURCES.txt'
[11.073s] running build
[11.074s] running build_py
[11.074s] copying plantsystem/pi_node.py -> /home/pi/emli_WS/build/plantsystem/build/lib/plantsystem
[11.075s] copying plantsystem/farmer_node.py -> /home/pi/emli_WS/build/plantsystem/build/lib/plantsystem
[11.077s] running install
[11.079s] /usr/lib/python3/dist-packages/setuptools/command/install.py:34: SetuptoolsDeprecationWarning: setup.py install is deprecated. Use build and pip and other standards-based tools.
[11.080s]   warnings.warn(
[11.081s] running install_lib
[11.091s] copying /home/pi/emli_WS/build/plantsystem/build/lib/plantsystem/pi_node.py -> /home/pi/emli_WS/install/plantsystem/lib/python3.10/site-packages/plantsystem
[11.098s] copying /home/pi/emli_WS/build/plantsystem/build/lib/plantsystem/farmer_node.py -> /home/pi/emli_WS/install/plantsystem/lib/python3.10/site-packages/plantsystem
[11.104s] byte-compiling /home/pi/emli_WS/install/plantsystem/lib/python3.10/site-packages/plantsystem/pi_node.py to pi_node.cpython-310.pyc
[11.116s] byte-compiling /home/pi/emli_WS/install/plantsystem/lib/python3.10/site-packages/plantsystem/farmer_node.py to farmer_node.cpython-310.pyc
[11.125s] running install_data
[11.131s] running install_egg_info
[11.149s] removing '/home/pi/emli_WS/install/plantsystem/lib/python3.10/site-packages/plantsystem-0.0.0-py3.10.egg-info' (and everything under it)
[11.166s] Copying ../../build/plantsystem/plantsystem.egg-info to /home/pi/emli_WS/install/plantsystem/lib/python3.10/site-packages/plantsystem-0.0.0-py3.10.egg-info
[11.177s] running install_scripts
[11.377s] Installing farmer_node script to /home/pi/emli_WS/install/plantsystem/lib/plantsystem
[11.379s] Installing pi_node script to /home/pi/emli_WS/install/plantsystem/lib/plantsystem
[11.385s] Installing wateringsystem_node script to /home/pi/emli_WS/install/plantsystem/lib/plantsystem
[11.391s] writing list of installed files to '/home/pi/emli_WS/build/plantsystem/install.log'
[11.686s] Invoked command in '/home/pi/emli_WS/src/plantsystem' returned '0': PYTHONPATH=/home/pi/emli_WS/build/plantsystem/prefix_override:/home/pi/emli_WS/install/plantsystem/lib/python3.10/site-packages:${PYTHONPATH} /usr/bin/python3 setup.py egg_info --egg-base ../../build/plantsystem build --build-base /home/pi/emli_WS/build/plantsystem/build install --record /home/pi/emli_WS/build/plantsystem/install.log --single-version-externally-managed
