[2.411s] Invoking command in '/home/pi/emli5_ws/src/plantsystem': PYTHONPATH=/home/pi/emli5_ws/build/plantsystem/prefix_override:/home/pi/emli5_ws/install/plantsystem/lib/python3.10/site-packages:${PYTHONPATH} /usr/bin/python3 setup.py egg_info --egg-base ../../build/plantsystem build --build-base /home/pi/emli5_ws/build/plantsystem/build install --record /home/pi/emli5_ws/build/plantsystem/install.log --single-version-externally-managed
[3.325s] running egg_info
[3.327s] writing ../../build/plantsystem/plantsystem.egg-info/PKG-INFO
[3.328s] writing dependency_links to ../../build/plantsystem/plantsystem.egg-info/dependency_links.txt
[3.329s] writing entry points to ../../build/plantsystem/plantsystem.egg-info/entry_points.txt
[3.330s] writing requirements to ../../build/plantsystem/plantsystem.egg-info/requires.txt
[3.331s] writing top-level names to ../../build/plantsystem/plantsystem.egg-info/top_level.txt
[3.339s] reading manifest file '../../build/plantsystem/plantsystem.egg-info/SOURCES.txt'
[3.343s] writing manifest file '../../build/plantsystem/plantsystem.egg-info/SOURCES.txt'
[3.344s] running build
[3.344s] running build_py
[3.345s] copying plantsystem/farmer_node.py -> /home/pi/emli5_ws/build/plantsystem/build/lib/plantsystem
[3.347s] running install
[3.348s] /usr/lib/python3/dist-packages/setuptools/command/install.py:34: SetuptoolsDeprecationWarning: setup.py install is deprecated. Use build and pip and other standards-based tools.
[3.349s]   warnings.warn(
[3.350s] running install_lib
[3.353s] copying /home/pi/emli5_ws/build/plantsystem/build/lib/plantsystem/farmer_node.py -> /home/pi/emli5_ws/install/plantsystem/lib/python3.10/site-packages/plantsystem
[3.356s] byte-compiling /home/pi/emli5_ws/install/plantsystem/lib/python3.10/site-packages/plantsystem/farmer_node.py to farmer_node.cpython-310.pyc
[3.359s] running install_data
[3.361s] running install_egg_info
[3.367s] removing '/home/pi/emli5_ws/install/plantsystem/lib/python3.10/site-packages/plantsystem-0.0.0-py3.10.egg-info' (and everything under it)
[3.369s] Copying ../../build/plantsystem/plantsystem.egg-info to /home/pi/emli5_ws/install/plantsystem/lib/python3.10/site-packages/plantsystem-0.0.0-py3.10.egg-info
[3.375s] running install_scripts
[3.451s] Installing farmer_node script to /home/pi/emli5_ws/install/plantsystem/lib/plantsystem
[3.452s] Installing pi_node script to /home/pi/emli5_ws/install/plantsystem/lib/plantsystem
[3.453s] Installing wateringsystem_node script to /home/pi/emli5_ws/install/plantsystem/lib/plantsystem
[3.455s] writing list of installed files to '/home/pi/emli5_ws/build/plantsystem/install.log'
[3.573s] Invoked command in '/home/pi/emli5_ws/src/plantsystem' returned '0': PYTHONPATH=/home/pi/emli5_ws/build/plantsystem/prefix_override:/home/pi/emli5_ws/install/plantsystem/lib/python3.10/site-packages:${PYTHONPATH} /usr/bin/python3 setup.py egg_info --egg-base ../../build/plantsystem build --build-base /home/pi/emli5_ws/build/plantsystem/build install --record /home/pi/emli5_ws/build/plantsystem/install.log --single-version-externally-managed
