[4.506s] Invoking command in '/home/pi/emli_WS/src/plantsystem': PYTHONPATH=/home/pi/emli_WS/build/plantsystem/prefix_override:/home/pi/emli_WS/install/plantsystem/lib/python3.10/site-packages:${PYTHONPATH} /usr/bin/python3 setup.py egg_info --egg-base ../../build/plantsystem build --build-base /home/pi/emli_WS/build/plantsystem/build install --record /home/pi/emli_WS/build/plantsystem/install.log --single-version-externally-managed
[6.292s] running egg_info
[6.301s] writing ../../build/plantsystem/plantsystem.egg-info/PKG-INFO
[6.302s] writing dependency_links to ../../build/plantsystem/plantsystem.egg-info/dependency_links.txt
[6.303s] writing entry points to ../../build/plantsystem/plantsystem.egg-info/entry_points.txt
[6.304s] writing requirements to ../../build/plantsystem/plantsystem.egg-info/requires.txt
[6.305s] writing top-level names to ../../build/plantsystem/plantsystem.egg-info/top_level.txt
[6.311s] reading manifest file '../../build/plantsystem/plantsystem.egg-info/SOURCES.txt'
[6.315s] writing manifest file '../../build/plantsystem/plantsystem.egg-info/SOURCES.txt'
[6.317s] running build
[6.319s] running build_py
[6.325s] copying plantsystem/pi_node.py -> /home/pi/emli_WS/build/plantsystem/build/lib/plantsystem
[6.326s] copying plantsystem/wateringsystem_node.py -> /home/pi/emli_WS/build/plantsystem/build/lib/plantsystem
[6.330s] running install
[6.333s] /usr/lib/python3/dist-packages/setuptools/command/install.py:34: SetuptoolsDeprecationWarning: setup.py install is deprecated. Use build and pip and other standards-based tools.
[6.334s]   warnings.warn(
[6.335s] running install_lib
[6.336s] copying /home/pi/emli_WS/build/plantsystem/build/lib/plantsystem/pi_node.py -> /home/pi/emli_WS/install/plantsystem/lib/python3.10/site-packages/plantsystem
[6.338s] copying /home/pi/emli_WS/build/plantsystem/build/lib/plantsystem/wateringsystem_node.py -> /home/pi/emli_WS/install/plantsystem/lib/python3.10/site-packages/plantsystem
[6.339s] byte-compiling /home/pi/emli_WS/install/plantsystem/lib/python3.10/site-packages/plantsystem/pi_node.py to pi_node.cpython-310.pyc
[6.353s] byte-compiling /home/pi/emli_WS/install/plantsystem/lib/python3.10/site-packages/plantsystem/wateringsystem_node.py to wateringsystem_node.cpython-310.pyc
[6.354s] running install_data
[6.357s] running install_egg_info
[6.372s] removing '/home/pi/emli_WS/install/plantsystem/lib/python3.10/site-packages/plantsystem-0.0.0-py3.10.egg-info' (and everything under it)
[6.375s] Copying ../../build/plantsystem/plantsystem.egg-info to /home/pi/emli_WS/install/plantsystem/lib/python3.10/site-packages/plantsystem-0.0.0-py3.10.egg-info
[6.384s] running install_scripts
[6.510s] Installing farmer_node script to /home/pi/emli_WS/install/plantsystem/lib/plantsystem
[6.511s] Installing pi_node script to /home/pi/emli_WS/install/plantsystem/lib/plantsystem
[6.512s] Installing wateringsystem_node script to /home/pi/emli_WS/install/plantsystem/lib/plantsystem
[6.515s] writing list of installed files to '/home/pi/emli_WS/build/plantsystem/install.log'
[6.715s] Invoked command in '/home/pi/emli_WS/src/plantsystem' returned '0': PYTHONPATH=/home/pi/emli_WS/build/plantsystem/prefix_override:/home/pi/emli_WS/install/plantsystem/lib/python3.10/site-packages:${PYTHONPATH} /usr/bin/python3 setup.py egg_info --egg-base ../../build/plantsystem build --build-base /home/pi/emli_WS/build/plantsystem/build install --record /home/pi/emli_WS/build/plantsystem/install.log --single-version-externally-managed
