[2.441s] Invoking command in '/home/pi/emli5_ws/src/plantsystem': PYTHONPATH=/home/pi/emli5_ws/build/plantsystem/prefix_override:/home/pi/emli5_ws/install/plantsystem/lib/python3.10/site-packages:${PYTHONPATH} /usr/bin/python3 setup.py egg_info --egg-base ../../build/plantsystem build --build-base /home/pi/emli5_ws/build/plantsystem/build install --record /home/pi/emli5_ws/build/plantsystem/install.log --single-version-externally-managed
[3.397s] running egg_info
[3.399s] writing ../../build/plantsystem/plantsystem.egg-info/PKG-INFO
[3.400s] writing dependency_links to ../../build/plantsystem/plantsystem.egg-info/dependency_links.txt
[3.402s] writing entry points to ../../build/plantsystem/plantsystem.egg-info/entry_points.txt
[3.402s] writing requirements to ../../build/plantsystem/plantsystem.egg-info/requires.txt
[3.403s] writing top-level names to ../../build/plantsystem/plantsystem.egg-info/top_level.txt
[3.411s] reading manifest file '../../build/plantsystem/plantsystem.egg-info/SOURCES.txt'
[3.415s] writing manifest file '../../build/plantsystem/plantsystem.egg-info/SOURCES.txt'
[3.417s] running build
[3.419s] running build_py
[3.420s] copying plantsystem/wateringsystem_node.py -> /home/pi/emli5_ws/build/plantsystem/build/lib/plantsystem
[3.422s] running install
[3.422s] /usr/lib/python3/dist-packages/setuptools/command/install.py:34: SetuptoolsDeprecationWarning: setup.py install is deprecated. Use build and pip and other standards-based tools.
[3.423s]   warnings.warn(
[3.423s] running install_lib
[3.425s] copying /home/pi/emli5_ws/build/plantsystem/build/lib/plantsystem/wateringsystem_node.py -> /home/pi/emli5_ws/install/plantsystem/lib/python3.10/site-packages/plantsystem
[3.429s] byte-compiling /home/pi/emli5_ws/install/plantsystem/lib/python3.10/site-packages/plantsystem/wateringsystem_node.py to wateringsystem_node.cpython-310.pyc
[3.433s] running install_data
[3.435s] running install_egg_info
[3.441s] removing '/home/pi/emli5_ws/install/plantsystem/lib/python3.10/site-packages/plantsystem-0.0.0-py3.10.egg-info' (and everything under it)
[3.445s] Copying ../../build/plantsystem/plantsystem.egg-info to /home/pi/emli5_ws/install/plantsystem/lib/python3.10/site-packages/plantsystem-0.0.0-py3.10.egg-info
[3.450s] running install_scripts
[3.530s] Installing farmer_node script to /home/pi/emli5_ws/install/plantsystem/lib/plantsystem
[3.532s] Installing pi_node script to /home/pi/emli5_ws/install/plantsystem/lib/plantsystem
[3.533s] Installing wateringsystem_node script to /home/pi/emli5_ws/install/plantsystem/lib/plantsystem
[3.536s] writing list of installed files to '/home/pi/emli5_ws/build/plantsystem/install.log'
[3.653s] Invoked command in '/home/pi/emli5_ws/src/plantsystem' returned '0': PYTHONPATH=/home/pi/emli5_ws/build/plantsystem/prefix_override:/home/pi/emli5_ws/install/plantsystem/lib/python3.10/site-packages:${PYTHONPATH} /usr/bin/python3 setup.py egg_info --egg-base ../../build/plantsystem build --build-base /home/pi/emli5_ws/build/plantsystem/build install --record /home/pi/emli5_ws/build/plantsystem/install.log --single-version-externally-managed
