[2.751s] Invoking command in '/home/pi/emli5_ws/src/plantsystem': PYTHONPATH=/home/pi/emli5_ws/build/plantsystem/prefix_override:/home/pi/emli5_ws/install/plantsystem/lib/python3.10/site-packages:${PYTHONPATH} /usr/bin/python3 setup.py egg_info --egg-base ../../build/plantsystem build --build-base /home/pi/emli5_ws/build/plantsystem/build install --record /home/pi/emli5_ws/build/plantsystem/install.log --single-version-externally-managed
[3.927s] running egg_info
[3.929s] writing ../../build/plantsystem/plantsystem.egg-info/PKG-INFO
[3.931s] writing dependency_links to ../../build/plantsystem/plantsystem.egg-info/dependency_links.txt
[3.934s] writing entry points to ../../build/plantsystem/plantsystem.egg-info/entry_points.txt
[3.935s] writing requirements to ../../build/plantsystem/plantsystem.egg-info/requires.txt
[3.936s] writing top-level names to ../../build/plantsystem/plantsystem.egg-info/top_level.txt
[3.942s] reading manifest file '../../build/plantsystem/plantsystem.egg-info/SOURCES.txt'
[3.946s] writing manifest file '../../build/plantsystem/plantsystem.egg-info/SOURCES.txt'
[3.947s] running build
[3.947s] running build_py
[3.949s] running install
[3.951s] /usr/lib/python3/dist-packages/setuptools/command/install.py:34: SetuptoolsDeprecationWarning: setup.py install is deprecated. Use build and pip and other standards-based tools.
[3.952s]   warnings.warn(
[3.953s] running install_lib
[3.958s] running install_data
[3.962s] running install_egg_info
[3.969s] removing '/home/pi/emli5_ws/install/plantsystem/lib/python3.10/site-packages/plantsystem-0.0.0-py3.10.egg-info' (and everything under it)
[3.971s] Copying ../../build/plantsystem/plantsystem.egg-info to /home/pi/emli5_ws/install/plantsystem/lib/python3.10/site-packages/plantsystem-0.0.0-py3.10.egg-info
[3.979s] running install_scripts
[4.065s] Installing farmer_node script to /home/pi/emli5_ws/install/plantsystem/lib/plantsystem
[4.066s] Installing pi_node script to /home/pi/emli5_ws/install/plantsystem/lib/plantsystem
[4.067s] Installing wateringsystem_node script to /home/pi/emli5_ws/install/plantsystem/lib/plantsystem
[4.068s] writing list of installed files to '/home/pi/emli5_ws/build/plantsystem/install.log'
[4.210s] Invoked command in '/home/pi/emli5_ws/src/plantsystem' returned '0': PYTHONPATH=/home/pi/emli5_ws/build/plantsystem/prefix_override:/home/pi/emli5_ws/install/plantsystem/lib/python3.10/site-packages:${PYTHONPATH} /usr/bin/python3 setup.py egg_info --egg-base ../../build/plantsystem build --build-base /home/pi/emli5_ws/build/plantsystem/build install --record /home/pi/emli5_ws/build/plantsystem/install.log --single-version-externally-managed
