[4.967s] Invoking command in '/home/pi/emli_WS/src/plantsystem': PYTHONPATH=/home/pi/emli_WS/build/plantsystem/prefix_override:/home/pi/emli_WS/install/plantsystem/lib/python3.10/site-packages:${PYTHONPATH} /usr/bin/python3 setup.py egg_info --egg-base ../../build/plantsystem build --build-base /home/pi/emli_WS/build/plantsystem/build install --record /home/pi/emli_WS/build/plantsystem/install.log --single-version-externally-managed
[6.861s] running egg_info
[6.862s] writing ../../build/plantsystem/plantsystem.egg-info/PKG-INFO
[6.869s] writing dependency_links to ../../build/plantsystem/plantsystem.egg-info/dependency_links.txt
[6.874s] writing entry points to ../../build/plantsystem/plantsystem.egg-info/entry_points.txt
[6.879s] writing requirements to ../../build/plantsystem/plantsystem.egg-info/requires.txt
[6.880s] writing top-level names to ../../build/plantsystem/plantsystem.egg-info/top_level.txt
[6.891s] reading manifest file '../../build/plantsystem/plantsystem.egg-info/SOURCES.txt'
[6.901s] writing manifest file '../../build/plantsystem/plantsystem.egg-info/SOURCES.txt'
[6.904s] running build
[6.908s] running build_py
[6.913s] copying plantsystem/wateringsystem_node.py -> /home/pi/emli_WS/build/plantsystem/build/lib/plantsystem
[6.917s] running install
[6.922s] /usr/lib/python3/dist-packages/setuptools/command/install.py:34: SetuptoolsDeprecationWarning: setup.py install is deprecated. Use build and pip and other standards-based tools.
[6.924s]   warnings.warn(
[6.926s] running install_lib
[6.928s] copying /home/pi/emli_WS/build/plantsystem/build/lib/plantsystem/wateringsystem_node.py -> /home/pi/emli_WS/install/plantsystem/lib/python3.10/site-packages/plantsystem
[6.932s] byte-compiling /home/pi/emli_WS/install/plantsystem/lib/python3.10/site-packages/plantsystem/wateringsystem_node.py to wateringsystem_node.cpython-310.pyc
[6.933s] running install_data
[6.936s] running install_egg_info
[6.943s] removing '/home/pi/emli_WS/install/plantsystem/lib/python3.10/site-packages/plantsystem-0.0.0-py3.10.egg-info' (and everything under it)
[6.947s] Copying ../../build/plantsystem/plantsystem.egg-info to /home/pi/emli_WS/install/plantsystem/lib/python3.10/site-packages/plantsystem-0.0.0-py3.10.egg-info
[6.951s] running install_scripts
[7.086s] Installing farmer_node script to /home/pi/emli_WS/install/plantsystem/lib/plantsystem
[7.096s] Installing pi_node script to /home/pi/emli_WS/install/plantsystem/lib/plantsystem
[7.096s] Installing wateringsystem_node script to /home/pi/emli_WS/install/plantsystem/lib/plantsystem
[7.097s] writing list of installed files to '/home/pi/emli_WS/build/plantsystem/install.log'
[7.303s] Invoked command in '/home/pi/emli_WS/src/plantsystem' returned '0': PYTHONPATH=/home/pi/emli_WS/build/plantsystem/prefix_override:/home/pi/emli_WS/install/plantsystem/lib/python3.10/site-packages:${PYTHONPATH} /usr/bin/python3 setup.py egg_info --egg-base ../../build/plantsystem build --build-base /home/pi/emli_WS/build/plantsystem/build install --record /home/pi/emli_WS/build/plantsystem/install.log --single-version-externally-managed
