[3.659s] Invoking command in '/home/pi/emli5_ws/src/my_package': PYTHONPATH=/home/pi/emli5_ws/build/my_package/prefix_override:/home/pi/emli5_ws/install/my_package/lib/python3.10/site-packages:${PYTHONPATH} /usr/bin/python3 setup.py egg_info --egg-base ../../build/my_package build --build-base /home/pi/emli5_ws/build/my_package/build install --record /home/pi/emli5_ws/build/my_package/install.log --single-version-externally-managed
[4.709s] running egg_info
[4.712s] writing ../../build/my_package/my_package.egg-info/PKG-INFO
[4.713s] writing dependency_links to ../../build/my_package/my_package.egg-info/dependency_links.txt
[4.714s] writing entry points to ../../build/my_package/my_package.egg-info/entry_points.txt
[4.716s] writing requirements to ../../build/my_package/my_package.egg-info/requires.txt
[4.717s] writing top-level names to ../../build/my_package/my_package.egg-info/top_level.txt
[4.726s] reading manifest file '../../build/my_package/my_package.egg-info/SOURCES.txt'
[4.730s] writing manifest file '../../build/my_package/my_package.egg-info/SOURCES.txt'
[4.731s] running build
[4.732s] running build_py
[4.733s] running install
[4.734s] /usr/lib/python3/dist-packages/setuptools/command/install.py:34: SetuptoolsDeprecationWarning: setup.py install is deprecated. Use build and pip and other standards-based tools.
[4.735s]   warnings.warn(
[4.735s] running install_lib
[4.741s] running install_data
[4.745s] running install_egg_info
[4.751s] removing '/home/pi/emli5_ws/install/my_package/lib/python3.10/site-packages/my_package-0.0.0-py3.10.egg-info' (and everything under it)
[4.753s] Copying ../../build/my_package/my_package.egg-info to /home/pi/emli5_ws/install/my_package/lib/python3.10/site-packages/my_package-0.0.0-py3.10.egg-info
[4.759s] running install_scripts
[4.849s] Installing my_node script to /home/pi/emli5_ws/install/my_package/lib/my_package
[4.850s] writing list of installed files to '/home/pi/emli5_ws/build/my_package/install.log'
[5.032s] Invoked command in '/home/pi/emli5_ws/src/my_package' returned '0': PYTHONPATH=/home/pi/emli5_ws/build/my_package/prefix_override:/home/pi/emli5_ws/install/my_package/lib/python3.10/site-packages:${PYTHONPATH} /usr/bin/python3 setup.py egg_info --egg-base ../../build/my_package build --build-base /home/pi/emli5_ws/build/my_package/build install --record /home/pi/emli5_ws/build/my_package/install.log --single-version-externally-managed
