[1.499s] DEBUG:colcon:Command line arguments: ['/usr/bin/colcon', 'build']
[1.499s] DEBUG:colcon:Parsed command line arguments: Namespace(log_base=None, log_level=None, verb_name='build', build_base='build', install_base='install', merge_install=False, symlink_install=False, test_result_base=None, continue_on_error=False, executor='parallel', parallel_workers=4, event_handlers=None, ignore_user_meta=False, metas=['./colcon.meta'], base_paths=['.'], packages_ignore=None, packages_ignore_regex=None, paths=None, packages_up_to=None, packages_up_to_regex=None, packages_above=None, packages_above_and_dependencies=None, packages_above_depth=None, packages_select_by_dep=None, packages_skip_by_dep=None, packages_skip_up_to=None, packages_select_build_failed=False, packages_skip_build_finished=False, packages_select_test_failures=False, packages_skip_test_passed=False, packages_select=None, packages_skip=None, packages_select_regex=None, packages_skip_regex=None, packages_start=None, packages_end=None, allow_overriding=[], cmake_args=None, cmake_target=None, cmake_target_skip_unavailable=False, cmake_clean_cache=False, cmake_clean_first=False, cmake_force_configure=False, ament_cmake_args=None, catkin_cmake_args=None, catkin_skip_building_tests=False, verb_parser=<colcon_defaults.argument_parser.defaults.DefaultArgumentsDecorator object at 0xffffa1901480>, verb_extension=<colcon_core.verb.build.BuildVerb object at 0xffffa21653f0>, main=<bound method BuildVerb.main of <colcon_core.verb.build.BuildVerb object at 0xffffa21653f0>>)
[1.645s] Level 1:colcon.colcon_core.package_discovery:discover_packages(colcon_meta) check parameters
[1.645s] Level 1:colcon.colcon_core.package_discovery:discover_packages(recursive) check parameters
[1.646s] Level 1:colcon.colcon_core.package_discovery:discover_packages(ignore) check parameters
[1.646s] Level 1:colcon.colcon_core.package_discovery:discover_packages(path) check parameters
[1.646s] Level 1:colcon.colcon_core.package_discovery:discover_packages(colcon_meta) discover
[1.646s] Level 1:colcon.colcon_core.package_discovery:discover_packages(recursive) discover
[1.646s] INFO:colcon.colcon_core.package_discovery:Crawling recursively for packages in '/home/pi/emli_WS'
[1.647s] Level 1:colcon.colcon_core.package_identification:_identify(.) by extensions ['ignore', 'ignore_ament_install']
[1.647s] Level 1:colcon.colcon_core.package_identification:_identify(.) by extension 'ignore'
[1.648s] Level 1:colcon.colcon_core.package_identification:_identify(.) by extension 'ignore_ament_install'
[1.648s] Level 1:colcon.colcon_core.package_identification:_identify(.) by extensions ['colcon_pkg']
[1.648s] Level 1:colcon.colcon_core.package_identification:_identify(.) by extension 'colcon_pkg'
[1.649s] Level 1:colcon.colcon_core.package_identification:_identify(.) by extensions ['colcon_meta']
[1.649s] Level 1:colcon.colcon_core.package_identification:_identify(.) by extension 'colcon_meta'
[1.649s] Level 1:colcon.colcon_core.package_identification:_identify(.) by extensions ['ros']
[1.649s] Level 1:colcon.colcon_core.package_identification:_identify(.) by extension 'ros'
[1.700s] Level 1:colcon.colcon_core.package_identification:_identify(.) by extensions ['cmake', 'python']
[1.700s] Level 1:colcon.colcon_core.package_identification:_identify(.) by extension 'cmake'
[1.700s] Level 1:colcon.colcon_core.package_identification:_identify(.) by extension 'python'
[1.701s] Level 1:colcon.colcon_core.package_identification:_identify(.) by extensions ['python_setup_py']
[1.701s] Level 1:colcon.colcon_core.package_identification:_identify(.) by extension 'python_setup_py'
[1.701s] Level 1:colcon.colcon_core.package_identification:_identify(build) by extensions ['ignore', 'ignore_ament_install']
[1.702s] Level 1:colcon.colcon_core.package_identification:_identify(build) by extension 'ignore'
[1.702s] Level 1:colcon.colcon_core.package_identification:_identify(build) ignored
[1.703s] Level 1:colcon.colcon_core.package_identification:_identify(install) by extensions ['ignore', 'ignore_ament_install']
[1.703s] Level 1:colcon.colcon_core.package_identification:_identify(install) by extension 'ignore'
[1.703s] Level 1:colcon.colcon_core.package_identification:_identify(install) ignored
[1.704s] Level 1:colcon.colcon_core.package_identification:_identify(log) by extensions ['ignore', 'ignore_ament_install']
[1.704s] Level 1:colcon.colcon_core.package_identification:_identify(log) by extension 'ignore'
[1.705s] Level 1:colcon.colcon_core.package_identification:_identify(log) ignored
[1.705s] Level 1:colcon.colcon_core.package_identification:_identify(src) by extensions ['ignore', 'ignore_ament_install']
[1.706s] Level 1:colcon.colcon_core.package_identification:_identify(src) by extension 'ignore'
[1.706s] Level 1:colcon.colcon_core.package_identification:_identify(src) by extension 'ignore_ament_install'
[1.707s] Level 1:colcon.colcon_core.package_identification:_identify(src) by extensions ['colcon_pkg']
[1.707s] Level 1:colcon.colcon_core.package_identification:_identify(src) by extension 'colcon_pkg'
[1.707s] Level 1:colcon.colcon_core.package_identification:_identify(src) by extensions ['colcon_meta']
[1.707s] Level 1:colcon.colcon_core.package_identification:_identify(src) by extension 'colcon_meta'
[1.708s] Level 1:colcon.colcon_core.package_identification:_identify(src) by extensions ['ros']
[1.708s] Level 1:colcon.colcon_core.package_identification:_identify(src) by extension 'ros'
[1.708s] Level 1:colcon.colcon_core.package_identification:_identify(src) by extensions ['cmake', 'python']
[1.708s] Level 1:colcon.colcon_core.package_identification:_identify(src) by extension 'cmake'
[1.709s] Level 1:colcon.colcon_core.package_identification:_identify(src) by extension 'python'
[1.709s] Level 1:colcon.colcon_core.package_identification:_identify(src) by extensions ['python_setup_py']
[1.709s] Level 1:colcon.colcon_core.package_identification:_identify(src) by extension 'python_setup_py'
[1.709s] Level 1:colcon.colcon_core.package_identification:_identify(src/plantsystem) by extensions ['ignore', 'ignore_ament_install']
[1.710s] Level 1:colcon.colcon_core.package_identification:_identify(src/plantsystem) by extension 'ignore'
[1.710s] Level 1:colcon.colcon_core.package_identification:_identify(src/plantsystem) by extension 'ignore_ament_install'
[1.710s] Level 1:colcon.colcon_core.package_identification:_identify(src/plantsystem) by extensions ['colcon_pkg']
[1.710s] Level 1:colcon.colcon_core.package_identification:_identify(src/plantsystem) by extension 'colcon_pkg'
[1.711s] Level 1:colcon.colcon_core.package_identification:_identify(src/plantsystem) by extensions ['colcon_meta']
[1.711s] Level 1:colcon.colcon_core.package_identification:_identify(src/plantsystem) by extension 'colcon_meta'
[1.711s] Level 1:colcon.colcon_core.package_identification:_identify(src/plantsystem) by extensions ['ros']
[1.711s] Level 1:colcon.colcon_core.package_identification:_identify(src/plantsystem) by extension 'ros'
[1.720s] DEBUG:colcon.colcon_core.package_identification:Package 'src/plantsystem' with type 'ros.ament_python' and name 'plantsystem'
[1.721s] Level 1:colcon.colcon_core.package_discovery:discover_packages(recursive) using defaults
[1.721s] Level 1:colcon.colcon_core.package_discovery:discover_packages(ignore) discover
[1.721s] Level 1:colcon.colcon_core.package_discovery:discover_packages(ignore) using defaults
[1.721s] Level 1:colcon.colcon_core.package_discovery:discover_packages(path) discover
[1.721s] Level 1:colcon.colcon_core.package_discovery:discover_packages(path) using defaults
[1.822s] Level 1:colcon.colcon_core.package_discovery:discover_packages(prefix_path) check parameters
[1.822s] Level 1:colcon.colcon_core.package_discovery:discover_packages(prefix_path) discover
[1.835s] DEBUG:colcon.colcon_installed_package_information.package_discovery:Found 1 installed packages in /home/pi/emli5_ws/install
[1.843s] DEBUG:colcon.colcon_installed_package_information.package_discovery:Found 198 installed packages in /opt/ros/humble
[1.852s] Level 1:colcon.colcon_core.package_discovery:discover_packages(prefix_path) using defaults
[2.059s] Level 5:colcon.colcon_core.verb:set package 'plantsystem' build argument 'cmake_args' from command line to 'None'
[2.060s] Level 5:colcon.colcon_core.verb:set package 'plantsystem' build argument 'cmake_target' from command line to 'None'
[2.060s] Level 5:colcon.colcon_core.verb:set package 'plantsystem' build argument 'cmake_target_skip_unavailable' from command line to 'False'
[2.060s] Level 5:colcon.colcon_core.verb:set package 'plantsystem' build argument 'cmake_clean_cache' from command line to 'False'
[2.060s] Level 5:colcon.colcon_core.verb:set package 'plantsystem' build argument 'cmake_clean_first' from command line to 'False'
[2.060s] Level 5:colcon.colcon_core.verb:set package 'plantsystem' build argument 'cmake_force_configure' from command line to 'False'
[2.060s] Level 5:colcon.colcon_core.verb:set package 'plantsystem' build argument 'ament_cmake_args' from command line to 'None'
[2.060s] Level 5:colcon.colcon_core.verb:set package 'plantsystem' build argument 'catkin_cmake_args' from command line to 'None'
[2.060s] Level 5:colcon.colcon_core.verb:set package 'plantsystem' build argument 'catkin_skip_building_tests' from command line to 'False'
[2.061s] DEBUG:colcon.colcon_core.verb:Building package 'plantsystem' with the following arguments: {'ament_cmake_args': None, 'build_base': '/home/pi/emli_WS/build/plantsystem', 'catkin_cmake_args': None, 'catkin_skip_building_tests': False, 'cmake_args': None, 'cmake_clean_cache': False, 'cmake_clean_first': False, 'cmake_force_configure': False, 'cmake_target': None, 'cmake_target_skip_unavailable': False, 'install_base': '/home/pi/emli_WS/install/plantsystem', 'merge_install': False, 'path': '/home/pi/emli_WS/src/plantsystem', 'symlink_install': False, 'test_result_base': None}
[2.063s] INFO:colcon.colcon_core.executor:Executing jobs using 'parallel' executor
[2.076s] DEBUG:colcon.colcon_parallel_executor.executor.parallel:run_until_complete
[2.078s] INFO:colcon.colcon_ros.task.ament_python.build:Building ROS package in '/home/pi/emli_WS/src/plantsystem' with build type 'ament_python'
[2.078s] Level 1:colcon.colcon_core.shell:create_environment_hook('plantsystem', 'ament_prefix_path')
[2.098s] INFO:colcon.colcon_core.plugin_system:Skipping extension 'colcon_core.shell.bat': Not used on non-Windows systems
[2.099s] INFO:colcon.colcon_core.shell:Creating environment hook '/home/pi/emli_WS/install/plantsystem/share/plantsystem/hook/ament_prefix_path.ps1'
[2.102s] INFO:colcon.colcon_core.shell:Creating environment descriptor '/home/pi/emli_WS/install/plantsystem/share/plantsystem/hook/ament_prefix_path.dsv'
[2.104s] INFO:colcon.colcon_core.shell:Creating environment hook '/home/pi/emli_WS/install/plantsystem/share/plantsystem/hook/ament_prefix_path.sh'
[2.112s] INFO:colcon.colcon_core.shell:Skip shell extension 'powershell' for command environment: Not usable outside of PowerShell
[2.112s] DEBUG:colcon.colcon_core.shell:Skip shell extension 'dsv' for command environment
[3.368s] INFO:colcon.colcon_core.task.python.build:Building Python package in '/home/pi/emli_WS/src/plantsystem'
[3.373s] INFO:colcon.colcon_core.shell:Skip shell extension 'powershell' for command environment: Not usable outside of PowerShell
[3.373s] DEBUG:colcon.colcon_core.shell:Skip shell extension 'dsv' for command environment
[5.071s] DEBUG:colcon.colcon_core.event_handler.log_command:Invoking command in '/home/pi/emli_WS/src/plantsystem': PYTHONPATH=/home/pi/emli_WS/build/plantsystem/prefix_override:/home/pi/emli_WS/install/plantsystem/lib/python3.10/site-packages:${PYTHONPATH} /usr/bin/python3 setup.py egg_info --egg-base ../../build/plantsystem build --build-base /home/pi/emli_WS/build/plantsystem/build install --record /home/pi/emli_WS/build/plantsystem/install.log --single-version-externally-managed
[6.495s] DEBUG:colcon.colcon_core.event_handler.log_command:Invoked command in '/home/pi/emli_WS/src/plantsystem' returned '0': PYTHONPATH=/home/pi/emli_WS/build/plantsystem/prefix_override:/home/pi/emli_WS/install/plantsystem/lib/python3.10/site-packages:${PYTHONPATH} /usr/bin/python3 setup.py egg_info --egg-base ../../build/plantsystem build --build-base /home/pi/emli_WS/build/plantsystem/build install --record /home/pi/emli_WS/build/plantsystem/install.log --single-version-externally-managed
[6.516s] Level 1:colcon.colcon_core.environment:checking '/home/pi/emli_WS/install/plantsystem' for CMake module files
[6.519s] Level 1:colcon.colcon_core.environment:checking '/home/pi/emli_WS/install/plantsystem' for CMake config files
[6.523s] Level 1:colcon.colcon_core.environment:checking '/home/pi/emli_WS/install/plantsystem/lib'
[6.523s] Level 1:colcon.colcon_core.environment:checking '/home/pi/emli_WS/install/plantsystem/bin'
[6.524s] Level 1:colcon.colcon_core.environment:checking '/home/pi/emli_WS/install/plantsystem/lib/pkgconfig/plantsystem.pc'
[6.525s] Level 1:colcon.colcon_core.environment:checking '/home/pi/emli_WS/install/plantsystem/lib/python3.10/site-packages'
[6.526s] Level 1:colcon.colcon_core.shell:create_environment_hook('plantsystem', 'pythonpath')
[6.531s] INFO:colcon.colcon_core.shell:Creating environment hook '/home/pi/emli_WS/install/plantsystem/share/plantsystem/hook/pythonpath.ps1'
[6.533s] INFO:colcon.colcon_core.shell:Creating environment descriptor '/home/pi/emli_WS/install/plantsystem/share/plantsystem/hook/pythonpath.dsv'
[6.535s] INFO:colcon.colcon_core.shell:Creating environment hook '/home/pi/emli_WS/install/plantsystem/share/plantsystem/hook/pythonpath.sh'
[6.538s] Level 1:colcon.colcon_core.environment:checking '/home/pi/emli_WS/install/plantsystem/bin'
[6.538s] Level 1:colcon.colcon_core.environment:create_environment_scripts_only(plantsystem)
[6.544s] INFO:colcon.colcon_core.shell:Creating package script '/home/pi/emli_WS/install/plantsystem/share/plantsystem/package.ps1'
[6.548s] INFO:colcon.colcon_core.shell:Creating package descriptor '/home/pi/emli_WS/install/plantsystem/share/plantsystem/package.dsv'
[6.552s] INFO:colcon.colcon_core.shell:Creating package script '/home/pi/emli_WS/install/plantsystem/share/plantsystem/package.sh'
[6.555s] INFO:colcon.colcon_core.shell:Creating package script '/home/pi/emli_WS/install/plantsystem/share/plantsystem/package.bash'
[6.559s] INFO:colcon.colcon_core.shell:Creating package script '/home/pi/emli_WS/install/plantsystem/share/plantsystem/package.zsh'
[6.563s] Level 1:colcon.colcon_core.environment:create_file_with_runtime_dependencies(/home/pi/emli_WS/install/plantsystem/share/colcon-core/packages/plantsystem)
[6.565s] DEBUG:colcon.colcon_parallel_executor.executor.parallel:closing loop
[6.566s] DEBUG:colcon.colcon_parallel_executor.executor.parallel:loop closed
[6.567s] DEBUG:colcon.colcon_parallel_executor.executor.parallel:run_until_complete finished with '0'
[6.567s] DEBUG:colcon.colcon_core.event_reactor:joining thread
[6.591s] INFO:colcon.colcon_core.plugin_system:Skipping extension 'colcon_notification.desktop_notification.terminal_notifier': Not used on non-Darwin systems
[6.591s] INFO:colcon.colcon_core.plugin_system:Skipping extension 'colcon_notification.desktop_notification.win32': Not used on non-Windows systems
[6.592s] INFO:colcon.colcon_notification.desktop_notification:Sending desktop notification using 'notify2'
[6.640s] DEBUG:colcon.colcon_core.event_reactor:joined thread
[6.646s] INFO:colcon.colcon_core.shell:Creating prefix script '/home/pi/emli_WS/install/local_setup.ps1'
[6.650s] INFO:colcon.colcon_core.shell:Creating prefix util module '/home/pi/emli_WS/install/_local_setup_util_ps1.py'
[6.656s] INFO:colcon.colcon_core.shell:Creating prefix chain script '/home/pi/emli_WS/install/setup.ps1'
[6.663s] INFO:colcon.colcon_core.shell:Creating prefix script '/home/pi/emli_WS/install/local_setup.sh'
[6.667s] INFO:colcon.colcon_core.shell:Creating prefix util module '/home/pi/emli_WS/install/_local_setup_util_sh.py'
[6.669s] INFO:colcon.colcon_core.shell:Creating prefix chain script '/home/pi/emli_WS/install/setup.sh'
[6.676s] INFO:colcon.colcon_core.shell:Creating prefix script '/home/pi/emli_WS/install/local_setup.bash'
[6.679s] INFO:colcon.colcon_core.shell:Creating prefix chain script '/home/pi/emli_WS/install/setup.bash'
[6.686s] INFO:colcon.colcon_core.shell:Creating prefix script '/home/pi/emli_WS/install/local_setup.zsh'
[6.688s] INFO:colcon.colcon_core.shell:Creating prefix chain script '/home/pi/emli_WS/install/setup.zsh'
