[3.648s] Invoking command in '/home/pi/emli5_ws/src/my_package': PYTHONPATH=/home/pi/emli5_ws/build/my_package/prefix_override:/home/pi/emli5_ws/install/my_package/lib/python3.10/site-packages:${PYTHONPATH} /usr/bin/python3 setup.py egg_info --egg-base ../../build/my_package build --build-base /home/pi/emli5_ws/build/my_package/build install --record /home/pi/emli5_ws/build/my_package/install.log --single-version-externally-managed
[4.687s] running egg_info
[4.690s] writing ../../build/my_package/my_package.egg-info/PKG-INFO
[4.693s] writing dependency_links to ../../build/my_package/my_package.egg-info/dependency_links.txt
[4.694s] writing entry points to ../../build/my_package/my_package.egg-info/entry_points.txt
[4.695s] writing requirements to ../../build/my_package/my_package.egg-info/requires.txt
[4.695s] writing top-level names to ../../build/my_package/my_package.egg-info/top_level.txt
[4.705s] reading manifest file '../../build/my_package/my_package.egg-info/SOURCES.txt'
[4.710s] writing manifest file '../../build/my_package/my_package.egg-info/SOURCES.txt'
[4.710s] running build
[4.711s] running build_py
[4.713s] running install
[4.714s] /usr/lib/python3/dist-packages/setuptools/command/install.py:34: SetuptoolsDeprecationWarning: setup.py install is deprecated. Use build and pip and other standards-based tools.
[4.714s]   warnings.warn(
[4.716s] running install_lib
[4.720s] running install_data
[4.722s] running install_egg_info
[4.729s] removing '/home/pi/emli5_ws/install/my_package/lib/python3.10/site-packages/my_package-0.0.0-py3.10.egg-info' (and everything under it)
[4.733s] Copying ../../build/my_package/my_package.egg-info to /home/pi/emli5_ws/install/my_package/lib/python3.10/site-packages/my_package-0.0.0-py3.10.egg-info
[4.738s] running install_scripts
[4.826s] Installing my_node script to /home/pi/emli5_ws/install/my_package/lib/my_package
[4.828s] writing list of installed files to '/home/pi/emli5_ws/build/my_package/install.log'
[5.000s] Invoked command in '/home/pi/emli5_ws/src/my_package' returned '0': PYTHONPATH=/home/pi/emli5_ws/build/my_package/prefix_override:/home/pi/emli5_ws/install/my_package/lib/python3.10/site-packages:${PYTHONPATH} /usr/bin/python3 setup.py egg_info --egg-base ../../build/my_package build --build-base /home/pi/emli5_ws/build/my_package/build install --record /home/pi/emli5_ws/build/my_package/install.log --single-version-externally-managed
