[2.525s] Invoking command in '/home/pi/emli5_ws/src/plantsystem': PYTHONPATH=/home/pi/emli5_ws/build/plantsystem/prefix_override:/home/pi/emli5_ws/install/plantsystem/lib/python3.10/site-packages:${PYTHONPATH} /usr/bin/python3 setup.py egg_info --egg-base ../../build/plantsystem build --build-base /home/pi/emli5_ws/build/plantsystem/build install --record /home/pi/emli5_ws/build/plantsystem/install.log --single-version-externally-managed
[3.505s] running egg_info
[3.508s] writing ../../build/plantsystem/plantsystem.egg-info/PKG-INFO
[3.509s] writing dependency_links to ../../build/plantsystem/plantsystem.egg-info/dependency_links.txt
[3.510s] writing entry points to ../../build/plantsystem/plantsystem.egg-info/entry_points.txt
[3.512s] writing requirements to ../../build/plantsystem/plantsystem.egg-info/requires.txt
[3.514s] writing top-level names to ../../build/plantsystem/plantsystem.egg-info/top_level.txt
[3.520s] reading manifest file '../../build/plantsystem/plantsystem.egg-info/SOURCES.txt'
[3.525s] writing manifest file '../../build/plantsystem/plantsystem.egg-info/SOURCES.txt'
[3.528s] running build
[3.529s] running build_py
[3.530s] copying plantsystem/pi_node.py -> /home/pi/emli5_ws/build/plantsystem/build/lib/plantsystem
[3.532s] copying plantsystem/wateringsystem_node.py -> /home/pi/emli5_ws/build/plantsystem/build/lib/plantsystem
[3.534s] running install
[3.536s] /usr/lib/python3/dist-packages/setuptools/command/install.py:34: SetuptoolsDeprecationWarning: setup.py install is deprecated. Use build and pip and other standards-based tools.
[3.538s]   warnings.warn(
[3.539s] running install_lib
[3.540s] copying /home/pi/emli5_ws/build/plantsystem/build/lib/plantsystem/pi_node.py -> /home/pi/emli5_ws/install/plantsystem/lib/python3.10/site-packages/plantsystem
[3.541s] copying /home/pi/emli5_ws/build/plantsystem/build/lib/plantsystem/wateringsystem_node.py -> /home/pi/emli5_ws/install/plantsystem/lib/python3.10/site-packages/plantsystem
[3.541s] byte-compiling /home/pi/emli5_ws/install/plantsystem/lib/python3.10/site-packages/plantsystem/pi_node.py to pi_node.cpython-310.pyc
[3.543s] byte-compiling /home/pi/emli5_ws/install/plantsystem/lib/python3.10/site-packages/plantsystem/wateringsystem_node.py to wateringsystem_node.cpython-310.pyc
[3.547s] running install_data
[3.549s] running install_egg_info
[3.555s] removing '/home/pi/emli5_ws/install/plantsystem/lib/python3.10/site-packages/plantsystem-0.0.0-py3.10.egg-info' (and everything under it)
[3.557s] Copying ../../build/plantsystem/plantsystem.egg-info to /home/pi/emli5_ws/install/plantsystem/lib/python3.10/site-packages/plantsystem-0.0.0-py3.10.egg-info
[3.565s] running install_scripts
[3.647s] Installing farmer_node script to /home/pi/emli5_ws/install/plantsystem/lib/plantsystem
[3.648s] Installing pi_node script to /home/pi/emli5_ws/install/plantsystem/lib/plantsystem
[3.649s] Installing wateringsystem_node script to /home/pi/emli5_ws/install/plantsystem/lib/plantsystem
[3.651s] writing list of installed files to '/home/pi/emli5_ws/build/plantsystem/install.log'
[3.773s] Invoked command in '/home/pi/emli5_ws/src/plantsystem' returned '0': PYTHONPATH=/home/pi/emli5_ws/build/plantsystem/prefix_override:/home/pi/emli5_ws/install/plantsystem/lib/python3.10/site-packages:${PYTHONPATH} /usr/bin/python3 setup.py egg_info --egg-base ../../build/plantsystem build --build-base /home/pi/emli5_ws/build/plantsystem/build install --record /home/pi/emli5_ws/build/plantsystem/install.log --single-version-externally-managed
