[2.484s] Invoking command in '/home/pi/emli5_ws/src/plantsystem': PYTHONPATH=/home/pi/emli5_ws/build/plantsystem/prefix_override:/home/pi/emli5_ws/install/plantsystem/lib/python3.10/site-packages:${PYTHONPATH} /usr/bin/python3 setup.py egg_info --egg-base ../../build/plantsystem build --build-base /home/pi/emli5_ws/build/plantsystem/build install --record /home/pi/emli5_ws/build/plantsystem/install.log --single-version-externally-managed
[3.421s] running egg_info
[3.423s] writing ../../build/plantsystem/plantsystem.egg-info/PKG-INFO
[3.424s] writing dependency_links to ../../build/plantsystem/plantsystem.egg-info/dependency_links.txt
[3.425s] writing entry points to ../../build/plantsystem/plantsystem.egg-info/entry_points.txt
[3.427s] writing requirements to ../../build/plantsystem/plantsystem.egg-info/requires.txt
[3.428s] writing top-level names to ../../build/plantsystem/plantsystem.egg-info/top_level.txt
[3.436s] reading manifest file '../../build/plantsystem/plantsystem.egg-info/SOURCES.txt'
[3.439s] writing manifest file '../../build/plantsystem/plantsystem.egg-info/SOURCES.txt'
[3.441s] running build
[3.441s] running build_py
[3.444s] running install
[3.445s] /usr/lib/python3/dist-packages/setuptools/command/install.py:34: SetuptoolsDeprecationWarning: setup.py install is deprecated. Use build and pip and other standards-based tools.
[3.446s]   warnings.warn(
[3.447s] running install_lib
[3.452s] running install_data
[3.454s] running install_egg_info
[3.463s] removing '/home/pi/emli5_ws/install/plantsystem/lib/python3.10/site-packages/plantsystem-0.0.0-py3.10.egg-info' (and everything under it)
[3.468s] Copying ../../build/plantsystem/plantsystem.egg-info to /home/pi/emli5_ws/install/plantsystem/lib/python3.10/site-packages/plantsystem-0.0.0-py3.10.egg-info
[3.471s] running install_scripts
[3.550s] Installing farmer_node script to /home/pi/emli5_ws/install/plantsystem/lib/plantsystem
[3.551s] Installing pi_node script to /home/pi/emli5_ws/install/plantsystem/lib/plantsystem
[3.552s] Installing wateringsystem_node script to /home/pi/emli5_ws/install/plantsystem/lib/plantsystem
[3.554s] writing list of installed files to '/home/pi/emli5_ws/build/plantsystem/install.log'
[3.674s] Invoked command in '/home/pi/emli5_ws/src/plantsystem' returned '0': PYTHONPATH=/home/pi/emli5_ws/build/plantsystem/prefix_override:/home/pi/emli5_ws/install/plantsystem/lib/python3.10/site-packages:${PYTHONPATH} /usr/bin/python3 setup.py egg_info --egg-base ../../build/plantsystem build --build-base /home/pi/emli5_ws/build/plantsystem/build install --record /home/pi/emli5_ws/build/plantsystem/install.log --single-version-externally-managed
