[2.416s] Invoking command in '/home/pi/emli5_ws/src/plantsystem': PYTHONPATH=/home/pi/emli5_ws/build/plantsystem/prefix_override:/home/pi/emli5_ws/install/plantsystem/lib/python3.10/site-packages:${PYTHONPATH} /usr/bin/python3 setup.py egg_info --egg-base ../../build/plantsystem build --build-base /home/pi/emli5_ws/build/plantsystem/build install --record /home/pi/emli5_ws/build/plantsystem/install.log --single-version-externally-managed
[3.332s] running egg_info
[3.334s] writing ../../build/plantsystem/plantsystem.egg-info/PKG-INFO
[3.335s] writing dependency_links to ../../build/plantsystem/plantsystem.egg-info/dependency_links.txt
[3.336s] writing entry points to ../../build/plantsystem/plantsystem.egg-info/entry_points.txt
[3.337s] writing requirements to ../../build/plantsystem/plantsystem.egg-info/requires.txt
[3.338s] writing top-level names to ../../build/plantsystem/plantsystem.egg-info/top_level.txt
[3.346s] reading manifest file '../../build/plantsystem/plantsystem.egg-info/SOURCES.txt'
[3.350s] writing manifest file '../../build/plantsystem/plantsystem.egg-info/SOURCES.txt'
[3.351s] running build
[3.351s] running build_py
[3.352s] copying plantsystem/farmer_node.py -> /home/pi/emli5_ws/build/plantsystem/build/lib/plantsystem
[3.354s] running install
[3.355s] /usr/lib/python3/dist-packages/setuptools/command/install.py:34: SetuptoolsDeprecationWarning: setup.py install is deprecated. Use build and pip and other standards-based tools.
[3.355s]   warnings.warn(
[3.357s] running install_lib
[3.360s] copying /home/pi/emli5_ws/build/plantsystem/build/lib/plantsystem/farmer_node.py -> /home/pi/emli5_ws/install/plantsystem/lib/python3.10/site-packages/plantsystem
[3.363s] byte-compiling /home/pi/emli5_ws/install/plantsystem/lib/python3.10/site-packages/plantsystem/farmer_node.py to farmer_node.cpython-310.pyc
[3.366s] running install_data
[3.368s] running install_egg_info
[3.374s] removing '/home/pi/emli5_ws/install/plantsystem/lib/python3.10/site-packages/plantsystem-0.0.0-py3.10.egg-info' (and everything under it)
[3.376s] Copying ../../build/plantsystem/plantsystem.egg-info to /home/pi/emli5_ws/install/plantsystem/lib/python3.10/site-packages/plantsystem-0.0.0-py3.10.egg-info
[3.382s] running install_scripts
[3.457s] Installing farmer_node script to /home/pi/emli5_ws/install/plantsystem/lib/plantsystem
[3.458s] Installing pi_node script to /home/pi/emli5_ws/install/plantsystem/lib/plantsystem
[3.459s] Installing wateringsystem_node script to /home/pi/emli5_ws/install/plantsystem/lib/plantsystem
[3.461s] writing list of installed files to '/home/pi/emli5_ws/build/plantsystem/install.log'
[3.578s] Invoked command in '/home/pi/emli5_ws/src/plantsystem' returned '0': PYTHONPATH=/home/pi/emli5_ws/build/plantsystem/prefix_override:/home/pi/emli5_ws/install/plantsystem/lib/python3.10/site-packages:${PYTHONPATH} /usr/bin/python3 setup.py egg_info --egg-base ../../build/plantsystem build --build-base /home/pi/emli5_ws/build/plantsystem/build install --record /home/pi/emli5_ws/build/plantsystem/install.log --single-version-externally-managed
