running egg_info
creating ../../../build/plantsystem/plantsystem.egg-info
writing ../../../build/plantsystem/plantsystem.egg-info/PKG-INFO
writing dependency_links to ../../../build/plantsystem/plantsystem.egg-info/dependency_links.txt
writing entry points to ../../../build/plantsystem/plantsystem.egg-info/entry_points.txt
writing requirements to ../../../build/plantsystem/plantsystem.egg-info/requires.txt
writing top-level names to ../../../build/plantsystem/plantsystem.egg-info/top_level.txt
writing manifest file '../../../build/plantsystem/plantsystem.egg-info/SOURCES.txt'
reading manifest file '../../../build/plantsystem/plantsystem.egg-info/SOURCES.txt'
writing manifest file '../../../build/plantsystem/plantsystem.egg-info/SOURCES.txt'
running build
running build_py
creating /home/pi/build/plantsystem/build
creating /home/pi/build/plantsystem/build/lib
creating /home/pi/build/plantsystem/build/lib/plantsystem
copying plantsystem/pi_node.py -> /home/pi/build/plantsystem/build/lib/plantsystem
copying plantsystem/wateringsystem_node.py -> /home/pi/build/plantsystem/build/lib/plantsystem
copying plantsystem/__init__.py -> /home/pi/build/plantsystem/build/lib/plantsystem
copying plantsystem/farmer_node.py -> /home/pi/build/plantsystem/build/lib/plantsystem
running install
running install_lib
creating /home/pi/install/plantsystem/lib/python3.10/site-packages/plantsystem
copying /home/pi/build/plantsystem/build/lib/plantsystem/pi_node.py -> /home/pi/install/plantsystem/lib/python3.10/site-packages/plantsystem
copying /home/pi/build/plantsystem/build/lib/plantsystem/wateringsystem_node.py -> /home/pi/install/plantsystem/lib/python3.10/site-packages/plantsystem
copying /home/pi/build/plantsystem/build/lib/plantsystem/__init__.py -> /home/pi/install/plantsystem/lib/python3.10/site-packages/plantsystem
copying /home/pi/build/plantsystem/build/lib/plantsystem/farmer_node.py -> /home/pi/install/plantsystem/lib/python3.10/site-packages/plantsystem
byte-compiling /home/pi/install/plantsystem/lib/python3.10/site-packages/plantsystem/pi_node.py to pi_node.cpython-310.pyc
byte-compiling /home/pi/install/plantsystem/lib/python3.10/site-packages/plantsystem/wateringsystem_node.py to wateringsystem_node.cpython-310.pyc
byte-compiling /home/pi/install/plantsystem/lib/python3.10/site-packages/plantsystem/__init__.py to __init__.cpython-310.pyc
byte-compiling /home/pi/install/plantsystem/lib/python3.10/site-packages/plantsystem/farmer_node.py to farmer_node.cpython-310.pyc
running install_data
creating /home/pi/install/plantsystem/share/ament_index
creating /home/pi/install/plantsystem/share/ament_index/resource_index
creating /home/pi/install/plantsystem/share/ament_index/resource_index/packages
copying resource/plantsystem -> /home/pi/install/plantsystem/share/ament_index/resource_index/packages
copying package.xml -> /home/pi/install/plantsystem/share/plantsystem
running install_egg_info
Copying ../../../build/plantsystem/plantsystem.egg-info to /home/pi/install/plantsystem/lib/python3.10/site-packages/plantsystem-0.0.0-py3.10.egg-info
running install_scripts
Installing farmer_node script to /home/pi/install/plantsystem/lib/plantsystem
Installing pi_node script to /home/pi/install/plantsystem/lib/plantsystem
Installing wateringsystem_node script to /home/pi/install/plantsystem/lib/plantsystem
writing list of installed files to '/home/pi/build/plantsystem/install.log'
