[2.611s] Invoking command in '/home/pi/emli5_ws/src/plantsystem': PYTHONPATH=/home/pi/build/plantsystem/prefix_override:/home/pi/install/plantsystem/lib/python3.10/site-packages:${PYTHONPATH} /usr/bin/python3 setup.py egg_info --egg-base ../../../build/plantsystem build --build-base /home/pi/build/plantsystem/build install --record /home/pi/build/plantsystem/install.log --single-version-externally-managed
[3.536s] running egg_info
[3.539s] creating ../../../build/plantsystem/plantsystem.egg-info
[3.540s] writing ../../../build/plantsystem/plantsystem.egg-info/PKG-INFO
[3.541s] writing dependency_links to ../../../build/plantsystem/plantsystem.egg-info/dependency_links.txt
[3.542s] writing entry points to ../../../build/plantsystem/plantsystem.egg-info/entry_points.txt
[3.543s] writing requirements to ../../../build/plantsystem/plantsystem.egg-info/requires.txt
[3.543s] writing top-level names to ../../../build/plantsystem/plantsystem.egg-info/top_level.txt
[3.544s] writing manifest file '../../../build/plantsystem/plantsystem.egg-info/SOURCES.txt'
[3.550s] reading manifest file '../../../build/plantsystem/plantsystem.egg-info/SOURCES.txt'
[3.553s] writing manifest file '../../../build/plantsystem/plantsystem.egg-info/SOURCES.txt'
[3.554s] running build
[3.554s] running build_py
[3.555s] creating /home/pi/build/plantsystem/build
[3.556s] creating /home/pi/build/plantsystem/build/lib
[3.556s] creating /home/pi/build/plantsystem/build/lib/plantsystem
[3.556s] copying plantsystem/pi_node.py -> /home/pi/build/plantsystem/build/lib/plantsystem
[3.557s] copying plantsystem/wateringsystem_node.py -> /home/pi/build/plantsystem/build/lib/plantsystem
[3.558s] copying plantsystem/__init__.py -> /home/pi/build/plantsystem/build/lib/plantsystem
[3.559s] copying plantsystem/farmer_node.py -> /home/pi/build/plantsystem/build/lib/plantsystem
[3.561s] running install
[3.562s] /usr/lib/python3/dist-packages/setuptools/command/install.py:34: SetuptoolsDeprecationWarning: setup.py install is deprecated. Use build and pip and other standards-based tools.
[3.563s]   warnings.warn(
[3.564s] running install_lib
[3.568s] creating /home/pi/install/plantsystem/lib/python3.10/site-packages/plantsystem
[3.568s] copying /home/pi/build/plantsystem/build/lib/plantsystem/pi_node.py -> /home/pi/install/plantsystem/lib/python3.10/site-packages/plantsystem
[3.569s] copying /home/pi/build/plantsystem/build/lib/plantsystem/wateringsystem_node.py -> /home/pi/install/plantsystem/lib/python3.10/site-packages/plantsystem
[3.570s] copying /home/pi/build/plantsystem/build/lib/plantsystem/__init__.py -> /home/pi/install/plantsystem/lib/python3.10/site-packages/plantsystem
[3.571s] copying /home/pi/build/plantsystem/build/lib/plantsystem/farmer_node.py -> /home/pi/install/plantsystem/lib/python3.10/site-packages/plantsystem
[3.574s] byte-compiling /home/pi/install/plantsystem/lib/python3.10/site-packages/plantsystem/pi_node.py to pi_node.cpython-310.pyc
[3.578s] byte-compiling /home/pi/install/plantsystem/lib/python3.10/site-packages/plantsystem/wateringsystem_node.py to wateringsystem_node.cpython-310.pyc
[3.580s] byte-compiling /home/pi/install/plantsystem/lib/python3.10/site-packages/plantsystem/__init__.py to __init__.cpython-310.pyc
[3.581s] byte-compiling /home/pi/install/plantsystem/lib/python3.10/site-packages/plantsystem/farmer_node.py to farmer_node.cpython-310.pyc
[3.583s] running install_data
[3.586s] creating /home/pi/install/plantsystem/share/ament_index
[3.586s] creating /home/pi/install/plantsystem/share/ament_index/resource_index
[3.586s] creating /home/pi/install/plantsystem/share/ament_index/resource_index/packages
[3.587s] copying resource/plantsystem -> /home/pi/install/plantsystem/share/ament_index/resource_index/packages
[3.587s] copying package.xml -> /home/pi/install/plantsystem/share/plantsystem
[3.588s] running install_egg_info
[3.593s] Copying ../../../build/plantsystem/plantsystem.egg-info to /home/pi/install/plantsystem/lib/python3.10/site-packages/plantsystem-0.0.0-py3.10.egg-info
[3.598s] running install_scripts
[3.675s] Installing farmer_node script to /home/pi/install/plantsystem/lib/plantsystem
[3.676s] Installing pi_node script to /home/pi/install/plantsystem/lib/plantsystem
[3.676s] Installing wateringsystem_node script to /home/pi/install/plantsystem/lib/plantsystem
[3.678s] writing list of installed files to '/home/pi/build/plantsystem/install.log'
[3.794s] Invoked command in '/home/pi/emli5_ws/src/plantsystem' returned '0': PYTHONPATH=/home/pi/build/plantsystem/prefix_override:/home/pi/install/plantsystem/lib/python3.10/site-packages:${PYTHONPATH} /usr/bin/python3 setup.py egg_info --egg-base ../../../build/plantsystem build --build-base /home/pi/build/plantsystem/build install --record /home/pi/build/plantsystem/install.log --single-version-externally-managed
