[2.443s] Invoking command in '/home/pi/emli5_ws/src/plantsystem': PYTHONPATH=/home/pi/emli5_ws/build/plantsystem/prefix_override:/home/pi/emli5_ws/install/plantsystem/lib/python3.10/site-packages:${PYTHONPATH} /usr/bin/python3 setup.py egg_info --egg-base ../../build/plantsystem build --build-base /home/pi/emli5_ws/build/plantsystem/build install --record /home/pi/emli5_ws/build/plantsystem/install.log --single-version-externally-managed
[3.364s] running egg_info
[3.367s] writing ../../build/plantsystem/plantsystem.egg-info/PKG-INFO
[3.369s] writing dependency_links to ../../build/plantsystem/plantsystem.egg-info/dependency_links.txt
[3.371s] writing entry points to ../../build/plantsystem/plantsystem.egg-info/entry_points.txt
[3.371s] writing requirements to ../../build/plantsystem/plantsystem.egg-info/requires.txt
[3.372s] writing top-level names to ../../build/plantsystem/plantsystem.egg-info/top_level.txt
[3.379s] reading manifest file '../../build/plantsystem/plantsystem.egg-info/SOURCES.txt'
[3.383s] writing manifest file '../../build/plantsystem/plantsystem.egg-info/SOURCES.txt'
[3.384s] running build
[3.384s] running build_py
[3.385s] copying plantsystem/pi_node.py -> /home/pi/emli5_ws/build/plantsystem/build/lib/plantsystem
[3.386s] copying plantsystem/wateringsystem_node.py -> /home/pi/emli5_ws/build/plantsystem/build/lib/plantsystem
[3.388s] running install
[3.390s] running install_lib
[3.391s] /usr/lib/python3/dist-packages/setuptools/command/install.py:34: SetuptoolsDeprecationWarning: setup.py install is deprecated. Use build and pip and other standards-based tools.
[3.392s]   warnings.warn(
[3.395s] copying /home/pi/emli5_ws/build/plantsystem/build/lib/plantsystem/pi_node.py -> /home/pi/emli5_ws/install/plantsystem/lib/python3.10/site-packages/plantsystem
[3.396s] copying /home/pi/emli5_ws/build/plantsystem/build/lib/plantsystem/wateringsystem_node.py -> /home/pi/emli5_ws/install/plantsystem/lib/python3.10/site-packages/plantsystem
[3.398s] byte-compiling /home/pi/emli5_ws/install/plantsystem/lib/python3.10/site-packages/plantsystem/pi_node.py to pi_node.cpython-310.pyc
[3.401s] byte-compiling /home/pi/emli5_ws/install/plantsystem/lib/python3.10/site-packages/plantsystem/wateringsystem_node.py to wateringsystem_node.cpython-310.pyc
[3.403s] Sorry: IndentationError: expected an indented block after 'else' statement on line 31 (wateringsystem_node.py, line 35)
[3.405s] running install_data
[3.407s] running install_egg_info
[3.412s] removing '/home/pi/emli5_ws/install/plantsystem/lib/python3.10/site-packages/plantsystem-0.0.0-py3.10.egg-info' (and everything under it)
[3.417s] Copying ../../build/plantsystem/plantsystem.egg-info to /home/pi/emli5_ws/install/plantsystem/lib/python3.10/site-packages/plantsystem-0.0.0-py3.10.egg-info
[3.422s] running install_scripts
[3.501s] Installing farmer_node script to /home/pi/emli5_ws/install/plantsystem/lib/plantsystem
[3.502s] Installing pi_node script to /home/pi/emli5_ws/install/plantsystem/lib/plantsystem
[3.503s] Installing wateringsystem_node script to /home/pi/emli5_ws/install/plantsystem/lib/plantsystem
[3.505s] writing list of installed files to '/home/pi/emli5_ws/build/plantsystem/install.log'
[3.627s] Invoked command in '/home/pi/emli5_ws/src/plantsystem' returned '0': PYTHONPATH=/home/pi/emli5_ws/build/plantsystem/prefix_override:/home/pi/emli5_ws/install/plantsystem/lib/python3.10/site-packages:${PYTHONPATH} /usr/bin/python3 setup.py egg_info --egg-base ../../build/plantsystem build --build-base /home/pi/emli5_ws/build/plantsystem/build install --record /home/pi/emli5_ws/build/plantsystem/install.log --single-version-externally-managed
