[2.894s] Invoking command in '/home/pi/emli_WS/src/plantsystem': PYTHONPATH=/home/pi/emli_WS/build/plantsystem/prefix_override:/home/pi/emli_WS/install/plantsystem/lib/python3.10/site-packages:${PYTHONPATH} /usr/bin/python3 setup.py egg_info --egg-base ../../build/plantsystem build --build-base /home/pi/emli_WS/build/plantsystem/build install --record /home/pi/emli_WS/build/plantsystem/install.log --single-version-externally-managed
[4.055s] running egg_info
[4.060s] writing ../../build/plantsystem/plantsystem.egg-info/PKG-INFO
[4.061s] writing dependency_links to ../../build/plantsystem/plantsystem.egg-info/dependency_links.txt
[4.062s] writing entry points to ../../build/plantsystem/plantsystem.egg-info/entry_points.txt
[4.063s] writing requirements to ../../build/plantsystem/plantsystem.egg-info/requires.txt
[4.065s] writing top-level names to ../../build/plantsystem/plantsystem.egg-info/top_level.txt
[4.075s] reading manifest file '../../build/plantsystem/plantsystem.egg-info/SOURCES.txt'
[4.080s] writing manifest file '../../build/plantsystem/plantsystem.egg-info/SOURCES.txt'
[4.081s] running build
[4.082s] running build_py
[4.085s] copying plantsystem/pi_node.py -> /home/pi/emli_WS/build/plantsystem/build/lib/plantsystem
[4.087s] copying plantsystem/wateringsystem_node.py -> /home/pi/emli_WS/build/plantsystem/build/lib/plantsystem
[4.088s] running install
[4.090s] /usr/lib/python3/dist-packages/setuptools/command/install.py:34: SetuptoolsDeprecationWarning: setup.py install is deprecated. Use build and pip and other standards-based tools.
[4.091s]   warnings.warn(
[4.091s] running install_lib
[4.092s] copying /home/pi/emli_WS/build/plantsystem/build/lib/plantsystem/pi_node.py -> /home/pi/emli_WS/install/plantsystem/lib/python3.10/site-packages/plantsystem
[4.094s] copying /home/pi/emli_WS/build/plantsystem/build/lib/plantsystem/wateringsystem_node.py -> /home/pi/emli_WS/install/plantsystem/lib/python3.10/site-packages/plantsystem
[4.099s] byte-compiling /home/pi/emli_WS/install/plantsystem/lib/python3.10/site-packages/plantsystem/pi_node.py to pi_node.cpython-310.pyc
[4.103s] byte-compiling /home/pi/emli_WS/install/plantsystem/lib/python3.10/site-packages/plantsystem/wateringsystem_node.py to wateringsystem_node.cpython-310.pyc
[4.108s] running install_data
[4.111s] running install_egg_info
[4.118s] removing '/home/pi/emli_WS/install/plantsystem/lib/python3.10/site-packages/plantsystem-0.0.0-py3.10.egg-info' (and everything under it)
[4.120s] Copying ../../build/plantsystem/plantsystem.egg-info to /home/pi/emli_WS/install/plantsystem/lib/python3.10/site-packages/plantsystem-0.0.0-py3.10.egg-info
[4.125s] running install_scripts
[4.211s] Installing farmer_node script to /home/pi/emli_WS/install/plantsystem/lib/plantsystem
[4.212s] Installing pi_node script to /home/pi/emli_WS/install/plantsystem/lib/plantsystem
[4.213s] Installing wateringsystem_node script to /home/pi/emli_WS/install/plantsystem/lib/plantsystem
[4.215s] writing list of installed files to '/home/pi/emli_WS/build/plantsystem/install.log'
[4.349s] Invoked command in '/home/pi/emli_WS/src/plantsystem' returned '0': PYTHONPATH=/home/pi/emli_WS/build/plantsystem/prefix_override:/home/pi/emli_WS/install/plantsystem/lib/python3.10/site-packages:${PYTHONPATH} /usr/bin/python3 setup.py egg_info --egg-base ../../build/plantsystem build --build-base /home/pi/emli_WS/build/plantsystem/build install --record /home/pi/emli_WS/build/plantsystem/install.log --single-version-externally-managed
