[2.427s] Invoking command in '/home/pi/emli5_ws/src/plantsystem': PYTHONPATH=/home/pi/emli5_ws/build/plantsystem/prefix_override:/home/pi/emli5_ws/install/plantsystem/lib/python3.10/site-packages:${PYTHONPATH} /usr/bin/python3 setup.py egg_info --egg-base ../../build/plantsystem build --build-base /home/pi/emli5_ws/build/plantsystem/build install --record /home/pi/emli5_ws/build/plantsystem/install.log --single-version-externally-managed
[3.343s] running egg_info
[3.345s] writing ../../build/plantsystem/plantsystem.egg-info/PKG-INFO
[3.347s] writing dependency_links to ../../build/plantsystem/plantsystem.egg-info/dependency_links.txt
[3.348s] writing entry points to ../../build/plantsystem/plantsystem.egg-info/entry_points.txt
[3.349s] writing requirements to ../../build/plantsystem/plantsystem.egg-info/requires.txt
[3.349s] writing top-level names to ../../build/plantsystem/plantsystem.egg-info/top_level.txt
[3.357s] reading manifest file '../../build/plantsystem/plantsystem.egg-info/SOURCES.txt'
[3.361s] writing manifest file '../../build/plantsystem/plantsystem.egg-info/SOURCES.txt'
[3.362s] running build
[3.363s] running build_py
[3.363s] copying plantsystem/pi_node.py -> /home/pi/emli5_ws/build/plantsystem/build/lib/plantsystem
[3.365s] copying plantsystem/farmer_node.py -> /home/pi/emli5_ws/build/plantsystem/build/lib/plantsystem
[3.366s] running install
[3.367s] /usr/lib/python3/dist-packages/setuptools/command/install.py:34: SetuptoolsDeprecationWarning: setup.py install is deprecated. Use build and pip and other standards-based tools.
[3.368s]   warnings.warn(
[3.369s] running install_lib
[3.372s] copying /home/pi/emli5_ws/build/plantsystem/build/lib/plantsystem/pi_node.py -> /home/pi/emli5_ws/install/plantsystem/lib/python3.10/site-packages/plantsystem
[3.375s] copying /home/pi/emli5_ws/build/plantsystem/build/lib/plantsystem/farmer_node.py -> /home/pi/emli5_ws/install/plantsystem/lib/python3.10/site-packages/plantsystem
[3.376s] byte-compiling /home/pi/emli5_ws/install/plantsystem/lib/python3.10/site-packages/plantsystem/pi_node.py to pi_node.cpython-310.pyc
[3.378s] byte-compiling /home/pi/emli5_ws/install/plantsystem/lib/python3.10/site-packages/plantsystem/farmer_node.py to farmer_node.cpython-310.pyc
[3.380s] running install_data
[3.383s] running install_egg_info
[3.389s] removing '/home/pi/emli5_ws/install/plantsystem/lib/python3.10/site-packages/plantsystem-0.0.0-py3.10.egg-info' (and everything under it)
[3.391s] Copying ../../build/plantsystem/plantsystem.egg-info to /home/pi/emli5_ws/install/plantsystem/lib/python3.10/site-packages/plantsystem-0.0.0-py3.10.egg-info
[3.396s] running install_scripts
[3.472s] Installing farmer_node script to /home/pi/emli5_ws/install/plantsystem/lib/plantsystem
[3.473s] Installing pi_node script to /home/pi/emli5_ws/install/plantsystem/lib/plantsystem
[3.474s] Installing wateringsystem_node script to /home/pi/emli5_ws/install/plantsystem/lib/plantsystem
[3.476s] writing list of installed files to '/home/pi/emli5_ws/build/plantsystem/install.log'
[3.596s] Invoked command in '/home/pi/emli5_ws/src/plantsystem' returned '0': PYTHONPATH=/home/pi/emli5_ws/build/plantsystem/prefix_override:/home/pi/emli5_ws/install/plantsystem/lib/python3.10/site-packages:${PYTHONPATH} /usr/bin/python3 setup.py egg_info --egg-base ../../build/plantsystem build --build-base /home/pi/emli5_ws/build/plantsystem/build install --record /home/pi/emli5_ws/build/plantsystem/install.log --single-version-externally-managed
