[2.542s] Invoking command in '/home/pi/emli5_ws/src/plantsystem': PYTHONPATH=/home/pi/emli5_ws/build/plantsystem/prefix_override:/home/pi/emli5_ws/install/plantsystem/lib/python3.10/site-packages:${PYTHONPATH} /usr/bin/python3 setup.py egg_info --egg-base ../../build/plantsystem build --build-base /home/pi/emli5_ws/build/plantsystem/build install --record /home/pi/emli5_ws/build/plantsystem/install.log --single-version-externally-managed
[3.496s] running egg_info
[3.500s] writing ../../build/plantsystem/plantsystem.egg-info/PKG-INFO
[3.503s] writing dependency_links to ../../build/plantsystem/plantsystem.egg-info/dependency_links.txt
[3.504s] writing entry points to ../../build/plantsystem/plantsystem.egg-info/entry_points.txt
[3.505s] writing requirements to ../../build/plantsystem/plantsystem.egg-info/requires.txt
[3.505s] writing top-level names to ../../build/plantsystem/plantsystem.egg-info/top_level.txt
[3.512s] reading manifest file '../../build/plantsystem/plantsystem.egg-info/SOURCES.txt'
[3.516s] writing manifest file '../../build/plantsystem/plantsystem.egg-info/SOURCES.txt'
[3.516s] running build
[3.517s] running build_py
[3.519s] copying plantsystem/pi_node.py -> /home/pi/emli5_ws/build/plantsystem/build/lib/plantsystem
[3.520s] running install
[3.521s] running install_lib
[3.523s] /usr/lib/python3/dist-packages/setuptools/command/install.py:34: SetuptoolsDeprecationWarning: setup.py install is deprecated. Use build and pip and other standards-based tools.
[3.524s]   warnings.warn(
[3.525s] copying /home/pi/emli5_ws/build/plantsystem/build/lib/plantsystem/pi_node.py -> /home/pi/emli5_ws/install/plantsystem/lib/python3.10/site-packages/plantsystem
[3.529s] byte-compiling /home/pi/emli5_ws/install/plantsystem/lib/python3.10/site-packages/plantsystem/pi_node.py to pi_node.cpython-310.pyc
[3.530s] running install_data
[3.531s]   File "/home/pi/emli5_ws/install/plantsystem/lib/python3.10/site-packages/plantsystem/pi_node.py", line 4
[3.532s]     from plantsystems
[3.532s]                      ^
[3.533s] SyntaxError: invalid syntax
[3.535s] 
[3.536s] running install_egg_info
[3.541s] removing '/home/pi/emli5_ws/install/plantsystem/lib/python3.10/site-packages/plantsystem-0.0.0-py3.10.egg-info' (and everything under it)
[3.548s] Copying ../../build/plantsystem/plantsystem.egg-info to /home/pi/emli5_ws/install/plantsystem/lib/python3.10/site-packages/plantsystem-0.0.0-py3.10.egg-info
[3.552s] running install_scripts
[3.635s] Installing farmer_node script to /home/pi/emli5_ws/install/plantsystem/lib/plantsystem
[3.637s] Installing pi_node script to /home/pi/emli5_ws/install/plantsystem/lib/plantsystem
[3.640s] Installing wateringsystem_node script to /home/pi/emli5_ws/install/plantsystem/lib/plantsystem
[3.643s] writing list of installed files to '/home/pi/emli5_ws/build/plantsystem/install.log'
[3.763s] Invoked command in '/home/pi/emli5_ws/src/plantsystem' returned '0': PYTHONPATH=/home/pi/emli5_ws/build/plantsystem/prefix_override:/home/pi/emli5_ws/install/plantsystem/lib/python3.10/site-packages:${PYTHONPATH} /usr/bin/python3 setup.py egg_info --egg-base ../../build/plantsystem build --build-base /home/pi/emli5_ws/build/plantsystem/build install --record /home/pi/emli5_ws/build/plantsystem/install.log --single-version-externally-managed
