[3.642s] Invoking command in '/home/pi/emli5_ws/src/my_package': PYTHONPATH=/home/pi/emli5_ws/build/my_package/prefix_override:/home/pi/emli5_ws/install/my_package/lib/python3.10/site-packages:${PYTHONPATH} /usr/bin/python3 setup.py egg_info --egg-base ../../build/my_package build --build-base /home/pi/emli5_ws/build/my_package/build install --record /home/pi/emli5_ws/build/my_package/install.log --single-version-externally-managed
[4.659s] running egg_info
[4.666s] creating ../../build/my_package/my_package.egg-info
[4.667s] writing ../../build/my_package/my_package.egg-info/PKG-INFO
[4.667s] writing dependency_links to ../../build/my_package/my_package.egg-info/dependency_links.txt
[4.668s] writing entry points to ../../build/my_package/my_package.egg-info/entry_points.txt
[4.669s] writing requirements to ../../build/my_package/my_package.egg-info/requires.txt
[4.670s] writing top-level names to ../../build/my_package/my_package.egg-info/top_level.txt
[4.671s] writing manifest file '../../build/my_package/my_package.egg-info/SOURCES.txt'
[4.675s] reading manifest file '../../build/my_package/my_package.egg-info/SOURCES.txt'
[4.684s] writing manifest file '../../build/my_package/my_package.egg-info/SOURCES.txt'
[4.685s] running build
[4.686s] running build_py
[4.687s] creating /home/pi/emli5_ws/build/my_package/build
[4.687s] creating /home/pi/emli5_ws/build/my_package/build/lib
[4.693s] creating /home/pi/emli5_ws/build/my_package/build/lib/my_package
[4.694s] copying my_package/__init__.py -> /home/pi/emli5_ws/build/my_package/build/lib/my_package
[4.695s] copying my_package/my_node.py -> /home/pi/emli5_ws/build/my_package/build/lib/my_package
[4.696s] running install
[4.697s] /usr/lib/python3/dist-packages/setuptools/command/install.py:34: SetuptoolsDeprecationWarning: setup.py install is deprecated. Use build and pip and other standards-based tools.
[4.698s]   warnings.warn(
[4.698s] running install_lib
[4.700s] creating /home/pi/emli5_ws/install/my_package/lib/python3.10/site-packages/my_package
[4.701s] copying /home/pi/emli5_ws/build/my_package/build/lib/my_package/__init__.py -> /home/pi/emli5_ws/install/my_package/lib/python3.10/site-packages/my_package
[4.702s] copying /home/pi/emli5_ws/build/my_package/build/lib/my_package/my_node.py -> /home/pi/emli5_ws/install/my_package/lib/python3.10/site-packages/my_package
[4.703s] byte-compiling /home/pi/emli5_ws/install/my_package/lib/python3.10/site-packages/my_package/__init__.py to __init__.cpython-310.pyc
[4.703s] byte-compiling /home/pi/emli5_ws/install/my_package/lib/python3.10/site-packages/my_package/my_node.py to my_node.cpython-310.pyc
[4.704s] running install_data
[4.704s] creating /home/pi/emli5_ws/install/my_package/share/ament_index
[4.705s] creating /home/pi/emli5_ws/install/my_package/share/ament_index/resource_index
[4.706s] creating /home/pi/emli5_ws/install/my_package/share/ament_index/resource_index/packages
[4.707s] copying resource/my_package -> /home/pi/emli5_ws/install/my_package/share/ament_index/resource_index/packages
[4.708s] copying package.xml -> /home/pi/emli5_ws/install/my_package/share/my_package
[4.708s] running install_egg_info
[4.710s] Copying ../../build/my_package/my_package.egg-info to /home/pi/emli5_ws/install/my_package/lib/python3.10/site-packages/my_package-0.0.0-py3.10.egg-info
[4.717s] running install_scripts
[4.811s] Installing my_node script to /home/pi/emli5_ws/install/my_package/lib/my_package
[4.814s] writing list of installed files to '/home/pi/emli5_ws/build/my_package/install.log'
[5.057s] Invoked command in '/home/pi/emli5_ws/src/my_package' returned '0': PYTHONPATH=/home/pi/emli5_ws/build/my_package/prefix_override:/home/pi/emli5_ws/install/my_package/lib/python3.10/site-packages:${PYTHONPATH} /usr/bin/python3 setup.py egg_info --egg-base ../../build/my_package build --build-base /home/pi/emli5_ws/build/my_package/build install --record /home/pi/emli5_ws/build/my_package/install.log --single-version-externally-managed
