[2.483s] Invoking command in '/home/pi/emli5_ws/src/plantsystem': PYTHONPATH=/home/pi/emli5_ws/build/plantsystem/prefix_override:/home/pi/emli5_ws/install/plantsystem/lib/python3.10/site-packages:${PYTHONPATH} /usr/bin/python3 setup.py egg_info --egg-base ../../build/plantsystem build --build-base /home/pi/emli5_ws/build/plantsystem/build install --record /home/pi/emli5_ws/build/plantsystem/install.log --single-version-externally-managed
[3.456s] running egg_info
[3.458s] writing ../../build/plantsystem/plantsystem.egg-info/PKG-INFO
[3.459s] writing dependency_links to ../../build/plantsystem/plantsystem.egg-info/dependency_links.txt
[3.460s] writing entry points to ../../build/plantsystem/plantsystem.egg-info/entry_points.txt
[3.461s] writing requirements to ../../build/plantsystem/plantsystem.egg-info/requires.txt
[3.462s] writing top-level names to ../../build/plantsystem/plantsystem.egg-info/top_level.txt
[3.470s] reading manifest file '../../build/plantsystem/plantsystem.egg-info/SOURCES.txt'
[3.474s] writing manifest file '../../build/plantsystem/plantsystem.egg-info/SOURCES.txt'
[3.475s] running build
[3.475s] running build_py
[3.477s] running install
[3.479s] /usr/lib/python3/dist-packages/setuptools/command/install.py:34: SetuptoolsDeprecationWarning: setup.py install is deprecated. Use build and pip and other standards-based tools.
[3.479s]   warnings.warn(
[3.481s] running install_lib
[3.486s] running install_data
[3.488s] running install_egg_info
[3.494s] removing '/home/pi/emli5_ws/install/plantsystem/lib/python3.10/site-packages/plantsystem-0.0.0-py3.10.egg-info' (and everything under it)
[3.500s] Copying ../../build/plantsystem/plantsystem.egg-info to /home/pi/emli5_ws/install/plantsystem/lib/python3.10/site-packages/plantsystem-0.0.0-py3.10.egg-info
[3.507s] running install_scripts
[3.582s] Installing farmer_node script to /home/pi/emli5_ws/install/plantsystem/lib/plantsystem
[3.583s] Installing pi_node script to /home/pi/emli5_ws/install/plantsystem/lib/plantsystem
[3.584s] Installing wateringsystem_node script to /home/pi/emli5_ws/install/plantsystem/lib/plantsystem
[3.588s] writing list of installed files to '/home/pi/emli5_ws/build/plantsystem/install.log'
[3.713s] Invoked command in '/home/pi/emli5_ws/src/plantsystem' returned '0': PYTHONPATH=/home/pi/emli5_ws/build/plantsystem/prefix_override:/home/pi/emli5_ws/install/plantsystem/lib/python3.10/site-packages:${PYTHONPATH} /usr/bin/python3 setup.py egg_info --egg-base ../../build/plantsystem build --build-base /home/pi/emli5_ws/build/plantsystem/build install --record /home/pi/emli5_ws/build/plantsystem/install.log --single-version-externally-managed
