[2.386s] Invoking command in '/home/pi/emli5_ws/src/plantsystem': PYTHONPATH=/home/pi/emli5_ws/build/plantsystem/prefix_override:/home/pi/emli5_ws/install/plantsystem/lib/python3.10/site-packages:${PYTHONPATH} /usr/bin/python3 setup.py egg_info --egg-base ../../build/plantsystem build --build-base /home/pi/emli5_ws/build/plantsystem/build install --record /home/pi/emli5_ws/build/plantsystem/install.log --single-version-externally-managed
[3.304s] running egg_info
[3.306s] writing ../../build/plantsystem/plantsystem.egg-info/PKG-INFO
[3.307s] writing dependency_links to ../../build/plantsystem/plantsystem.egg-info/dependency_links.txt
[3.308s] writing entry points to ../../build/plantsystem/plantsystem.egg-info/entry_points.txt
[3.309s] writing requirements to ../../build/plantsystem/plantsystem.egg-info/requires.txt
[3.311s] writing top-level names to ../../build/plantsystem/plantsystem.egg-info/top_level.txt
[3.319s] reading manifest file '../../build/plantsystem/plantsystem.egg-info/SOURCES.txt'
[3.323s] writing manifest file '../../build/plantsystem/plantsystem.egg-info/SOURCES.txt'
[3.324s] running build
[3.324s] running build_py
[3.326s] running install
[3.328s] /usr/lib/python3/dist-packages/setuptools/command/install.py:34: SetuptoolsDeprecationWarning: setup.py install is deprecated. Use build and pip and other standards-based tools.
[3.329s]   warnings.warn(
[3.329s] running install_lib
[3.335s] running install_data
[3.337s] running install_egg_info
[3.343s] removing '/home/pi/emli5_ws/install/plantsystem/lib/python3.10/site-packages/plantsystem-0.0.0-py3.10.egg-info' (and everything under it)
[3.345s] Copying ../../build/plantsystem/plantsystem.egg-info to /home/pi/emli5_ws/install/plantsystem/lib/python3.10/site-packages/plantsystem-0.0.0-py3.10.egg-info
[3.354s] running install_scripts
[3.432s] Installing farmer_node script to /home/pi/emli5_ws/install/plantsystem/lib/plantsystem
[3.433s] Installing pi_node script to /home/pi/emli5_ws/install/plantsystem/lib/plantsystem
[3.434s] Installing wateringsystem_node script to /home/pi/emli5_ws/install/plantsystem/lib/plantsystem
[3.436s] writing list of installed files to '/home/pi/emli5_ws/build/plantsystem/install.log'
[3.555s] Invoked command in '/home/pi/emli5_ws/src/plantsystem' returned '0': PYTHONPATH=/home/pi/emli5_ws/build/plantsystem/prefix_override:/home/pi/emli5_ws/install/plantsystem/lib/python3.10/site-packages:${PYTHONPATH} /usr/bin/python3 setup.py egg_info --egg-base ../../build/plantsystem build --build-base /home/pi/emli5_ws/build/plantsystem/build install --record /home/pi/emli5_ws/build/plantsystem/install.log --single-version-externally-managed
