[2.464s] Invoking command in '/home/pi/emli5_ws/src/plantsystem': PYTHONPATH=/home/pi/emli5_ws/build/plantsystem/prefix_override:/home/pi/emli5_ws/install/plantsystem/lib/python3.10/site-packages:${PYTHONPATH} /usr/bin/python3 setup.py egg_info --egg-base ../../build/plantsystem build --build-base /home/pi/emli5_ws/build/plantsystem/build install --record /home/pi/emli5_ws/build/plantsystem/install.log --single-version-externally-managed
[3.474s] running egg_info
[3.476s] writing ../../build/plantsystem/plantsystem.egg-info/PKG-INFO
[3.477s] writing dependency_links to ../../build/plantsystem/plantsystem.egg-info/dependency_links.txt
[3.479s] writing entry points to ../../build/plantsystem/plantsystem.egg-info/entry_points.txt
[3.480s] writing requirements to ../../build/plantsystem/plantsystem.egg-info/requires.txt
[3.482s] writing top-level names to ../../build/plantsystem/plantsystem.egg-info/top_level.txt
[3.490s] reading manifest file '../../build/plantsystem/plantsystem.egg-info/SOURCES.txt'
[3.494s] writing manifest file '../../build/plantsystem/plantsystem.egg-info/SOURCES.txt'
[3.497s] running build
[3.501s] running build_py
[3.507s] copying plantsystem/wateringsystem_node.py -> /home/pi/emli5_ws/build/plantsystem/build/lib/plantsystem
[3.513s] running install
[3.516s] /usr/lib/python3/dist-packages/setuptools/command/install.py:34: SetuptoolsDeprecationWarning: setup.py install is deprecated. Use build and pip and other standards-based tools.
[3.521s]   warnings.warn(
[3.525s] running install_lib
[3.526s] copying /home/pi/emli5_ws/build/plantsystem/build/lib/plantsystem/wateringsystem_node.py -> /home/pi/emli5_ws/install/plantsystem/lib/python3.10/site-packages/plantsystem
[3.527s] byte-compiling /home/pi/emli5_ws/install/plantsystem/lib/python3.10/site-packages/plantsystem/wateringsystem_node.py to wateringsystem_node.cpython-310.pyc
[3.528s] running install_data
[3.528s] running install_egg_info
[3.545s] removing '/home/pi/emli5_ws/install/plantsystem/lib/python3.10/site-packages/plantsystem-0.0.0-py3.10.egg-info' (and everything under it)
[3.547s] Copying ../../build/plantsystem/plantsystem.egg-info to /home/pi/emli5_ws/install/plantsystem/lib/python3.10/site-packages/plantsystem-0.0.0-py3.10.egg-info
[3.550s] running install_scripts
[3.632s] Installing farmer_node script to /home/pi/emli5_ws/install/plantsystem/lib/plantsystem
[3.637s] Installing pi_node script to /home/pi/emli5_ws/install/plantsystem/lib/plantsystem
[3.641s] Installing wateringsystem_node script to /home/pi/emli5_ws/install/plantsystem/lib/plantsystem
[3.645s] writing list of installed files to '/home/pi/emli5_ws/build/plantsystem/install.log'
[3.787s] Invoked command in '/home/pi/emli5_ws/src/plantsystem' returned '0': PYTHONPATH=/home/pi/emli5_ws/build/plantsystem/prefix_override:/home/pi/emli5_ws/install/plantsystem/lib/python3.10/site-packages:${PYTHONPATH} /usr/bin/python3 setup.py egg_info --egg-base ../../build/plantsystem build --build-base /home/pi/emli5_ws/build/plantsystem/build install --record /home/pi/emli5_ws/build/plantsystem/install.log --single-version-externally-managed
