[5.037s] Invoking command in '/home/pi/emli_WS/src/plantsystem': PYTHONPATH=/home/pi/emli_WS/build/plantsystem/prefix_override:/home/pi/emli_WS/install/plantsystem/lib/python3.10/site-packages:${PYTHONPATH} /usr/bin/python3 setup.py egg_info --egg-base ../../build/plantsystem build --build-base /home/pi/emli_WS/build/plantsystem/build install --record /home/pi/emli_WS/build/plantsystem/install.log --single-version-externally-managed
[7.051s] running egg_info
[7.056s] writing ../../build/plantsystem/plantsystem.egg-info/PKG-INFO
[7.058s] writing dependency_links to ../../build/plantsystem/plantsystem.egg-info/dependency_links.txt
[7.060s] writing entry points to ../../build/plantsystem/plantsystem.egg-info/entry_points.txt
[7.061s] writing requirements to ../../build/plantsystem/plantsystem.egg-info/requires.txt
[7.062s] writing top-level names to ../../build/plantsystem/plantsystem.egg-info/top_level.txt
[7.071s] reading manifest file '../../build/plantsystem/plantsystem.egg-info/SOURCES.txt'
[7.077s] writing manifest file '../../build/plantsystem/plantsystem.egg-info/SOURCES.txt'
[7.080s] running build
[7.081s] running build_py
[7.082s] copying plantsystem/wateringsystem_node.py -> /home/pi/emli_WS/build/plantsystem/build/lib/plantsystem
[7.083s] running install
[7.085s] /usr/lib/python3/dist-packages/setuptools/command/install.py:34: SetuptoolsDeprecationWarning: setup.py install is deprecated. Use build and pip and other standards-based tools.
[7.085s]   warnings.warn(
[7.086s] running install_lib
[7.095s] copying /home/pi/emli_WS/build/plantsystem/build/lib/plantsystem/wateringsystem_node.py -> /home/pi/emli_WS/install/plantsystem/lib/python3.10/site-packages/plantsystem
[7.101s] byte-compiling /home/pi/emli_WS/install/plantsystem/lib/python3.10/site-packages/plantsystem/wateringsystem_node.py to wateringsystem_node.cpython-310.pyc
[7.110s] running install_data
[7.118s] running install_egg_info
[7.133s] removing '/home/pi/emli_WS/install/plantsystem/lib/python3.10/site-packages/plantsystem-0.0.0-py3.10.egg-info' (and everything under it)
[7.141s] Copying ../../build/plantsystem/plantsystem.egg-info to /home/pi/emli_WS/install/plantsystem/lib/python3.10/site-packages/plantsystem-0.0.0-py3.10.egg-info
[7.151s] running install_scripts
[7.285s] Installing farmer_node script to /home/pi/emli_WS/install/plantsystem/lib/plantsystem
[7.288s] Installing pi_node script to /home/pi/emli_WS/install/plantsystem/lib/plantsystem
[7.292s] Installing wateringsystem_node script to /home/pi/emli_WS/install/plantsystem/lib/plantsystem
[7.294s] writing list of installed files to '/home/pi/emli_WS/build/plantsystem/install.log'
[7.494s] Invoked command in '/home/pi/emli_WS/src/plantsystem' returned '0': PYTHONPATH=/home/pi/emli_WS/build/plantsystem/prefix_override:/home/pi/emli_WS/install/plantsystem/lib/python3.10/site-packages:${PYTHONPATH} /usr/bin/python3 setup.py egg_info --egg-base ../../build/plantsystem build --build-base /home/pi/emli_WS/build/plantsystem/build install --record /home/pi/emli_WS/build/plantsystem/install.log --single-version-externally-managed
