[2.555s] Invoking command in '/home/pi/emli5_ws/src/plantsystem': PYTHONPATH=/home/pi/emli5_ws/build/plantsystem/prefix_override:/home/pi/emli5_ws/install/plantsystem/lib/python3.10/site-packages:${PYTHONPATH} /usr/bin/python3 setup.py egg_info --egg-base ../../build/plantsystem build --build-base /home/pi/emli5_ws/build/plantsystem/build install --record /home/pi/emli5_ws/build/plantsystem/install.log --single-version-externally-managed
[3.589s] running egg_info
[3.592s] writing ../../build/plantsystem/plantsystem.egg-info/PKG-INFO
[3.593s] writing dependency_links to ../../build/plantsystem/plantsystem.egg-info/dependency_links.txt
[3.594s] writing entry points to ../../build/plantsystem/plantsystem.egg-info/entry_points.txt
[3.594s] writing requirements to ../../build/plantsystem/plantsystem.egg-info/requires.txt
[3.595s] writing top-level names to ../../build/plantsystem/plantsystem.egg-info/top_level.txt
[3.603s] reading manifest file '../../build/plantsystem/plantsystem.egg-info/SOURCES.txt'
[3.607s] writing manifest file '../../build/plantsystem/plantsystem.egg-info/SOURCES.txt'
[3.608s] running build
[3.608s] running build_py
[3.610s] running install
[3.611s] /usr/lib/python3/dist-packages/setuptools/command/install.py:34: SetuptoolsDeprecationWarning: setup.py install is deprecated. Use build and pip and other standards-based tools.
[3.611s]   warnings.warn(
[3.612s] running install_lib
[3.618s] running install_data
[3.620s] running install_egg_info
[3.626s] removing '/home/pi/emli5_ws/install/plantsystem/lib/python3.10/site-packages/plantsystem-0.0.0-py3.10.egg-info' (and everything under it)
[3.628s] Copying ../../build/plantsystem/plantsystem.egg-info to /home/pi/emli5_ws/install/plantsystem/lib/python3.10/site-packages/plantsystem-0.0.0-py3.10.egg-info
[3.634s] running install_scripts
[3.712s] Installing farmer_node script to /home/pi/emli5_ws/install/plantsystem/lib/plantsystem
[3.713s] Installing pi_node script to /home/pi/emli5_ws/install/plantsystem/lib/plantsystem
[3.713s] Installing wateringsystem_node script to /home/pi/emli5_ws/install/plantsystem/lib/plantsystem
[3.715s] writing list of installed files to '/home/pi/emli5_ws/build/plantsystem/install.log'
[3.833s] Invoked command in '/home/pi/emli5_ws/src/plantsystem' returned '0': PYTHONPATH=/home/pi/emli5_ws/build/plantsystem/prefix_override:/home/pi/emli5_ws/install/plantsystem/lib/python3.10/site-packages:${PYTHONPATH} /usr/bin/python3 setup.py egg_info --egg-base ../../build/plantsystem build --build-base /home/pi/emli5_ws/build/plantsystem/build install --record /home/pi/emli5_ws/build/plantsystem/install.log --single-version-externally-managed
