[2.963s] Invoking command in '/home/pi/emli_WS/src/plantsystem': PYTHONPATH=/home/pi/emli_WS/build/plantsystem/prefix_override:/home/pi/emli_WS/install/plantsystem/lib/python3.10/site-packages:${PYTHONPATH} /usr/bin/python3 setup.py egg_info --egg-base ../../build/plantsystem build --build-base /home/pi/emli_WS/build/plantsystem/build install --record /home/pi/emli_WS/build/plantsystem/install.log --single-version-externally-managed
[4.095s] running egg_info
[4.099s] writing ../../build/plantsystem/plantsystem.egg-info/PKG-INFO
[4.100s] writing dependency_links to ../../build/plantsystem/plantsystem.egg-info/dependency_links.txt
[4.101s] writing entry points to ../../build/plantsystem/plantsystem.egg-info/entry_points.txt
[4.102s] writing requirements to ../../build/plantsystem/plantsystem.egg-info/requires.txt
[4.103s] writing top-level names to ../../build/plantsystem/plantsystem.egg-info/top_level.txt
[4.112s] reading manifest file '../../build/plantsystem/plantsystem.egg-info/SOURCES.txt'
[4.116s] writing manifest file '../../build/plantsystem/plantsystem.egg-info/SOURCES.txt'
[4.117s] running build
[4.117s] running build_py
[4.118s] copying plantsystem/wateringsystem_node.py -> /home/pi/emli_WS/build/plantsystem/build/lib/plantsystem
[4.120s] running install
[4.121s] /usr/lib/python3/dist-packages/setuptools/command/install.py:34: SetuptoolsDeprecationWarning: setup.py install is deprecated. Use build and pip and other standards-based tools.
[4.121s]   warnings.warn(
[4.122s] running install_lib
[4.125s] copying /home/pi/emli_WS/build/plantsystem/build/lib/plantsystem/wateringsystem_node.py -> /home/pi/emli_WS/install/plantsystem/lib/python3.10/site-packages/plantsystem
[4.133s] byte-compiling /home/pi/emli_WS/install/plantsystem/lib/python3.10/site-packages/plantsystem/wateringsystem_node.py to wateringsystem_node.cpython-310.pyc
[4.136s] running install_data
[4.137s] running install_egg_info
[4.145s] removing '/home/pi/emli_WS/install/plantsystem/lib/python3.10/site-packages/plantsystem-0.0.0-py3.10.egg-info' (and everything under it)
[4.147s] Copying ../../build/plantsystem/plantsystem.egg-info to /home/pi/emli_WS/install/plantsystem/lib/python3.10/site-packages/plantsystem-0.0.0-py3.10.egg-info
[4.154s] running install_scripts
[4.258s] Installing farmer_node script to /home/pi/emli_WS/install/plantsystem/lib/plantsystem
[4.261s] Installing pi_node script to /home/pi/emli_WS/install/plantsystem/lib/plantsystem
[4.261s] Installing wateringsystem_node script to /home/pi/emli_WS/install/plantsystem/lib/plantsystem
[4.263s] writing list of installed files to '/home/pi/emli_WS/build/plantsystem/install.log'
[4.391s] Invoked command in '/home/pi/emli_WS/src/plantsystem' returned '0': PYTHONPATH=/home/pi/emli_WS/build/plantsystem/prefix_override:/home/pi/emli_WS/install/plantsystem/lib/python3.10/site-packages:${PYTHONPATH} /usr/bin/python3 setup.py egg_info --egg-base ../../build/plantsystem build --build-base /home/pi/emli_WS/build/plantsystem/build install --record /home/pi/emli_WS/build/plantsystem/install.log --single-version-externally-managed
